[INFO ] 2023-08-03 15:39:49.660 [main] GROStepDefinition - Crelio Automation Script Run In :  MicrosoftEdge Browser
[INFO ] 2023-08-03 15:40:02.107 [main] GROStepDefinition - Patient ID : 1763
[INFO ] 2023-08-03 15:40:02.706 [main] GROStepDefinition - Select Patient Type : Direct
[INFO ] 2023-08-03 15:40:03.614 [main] GROStepDefinition - Patient Name :Toxo IgM
[INFO ] 2023-08-03 15:40:04.206 [main] GROStepDefinition - Gender : Female
[INFO ] 2023-08-03 15:40:04.981 [main] GROStepDefinition - Age : 25
[INFO ] 2023-08-03 15:40:46.973 [main] GROStepDefinition - Crelio Automation Script Run In :  MicrosoftEdge Browser
[INFO ] 2023-08-03 15:40:58.286 [main] GROStepDefinition - Patient ID : 1763
[INFO ] 2023-08-03 15:40:58.740 [main] GROStepDefinition - Select Patient Type : Direct
[INFO ] 2023-08-03 15:40:59.729 [main] GROStepDefinition - Patient Name :Toxo IgM
[INFO ] 2023-08-03 15:41:00.366 [main] GROStepDefinition - Gender : Female
[INFO ] 2023-08-03 15:41:01.101 [main] GROStepDefinition - Age : 25
[INFO ] 2023-08-03 15:41:12.484 [main] GROStepDefinition - Crelio Automation Script Run In :  MicrosoftEdge Browser
[INFO ] 2023-08-03 15:41:29.124 [main] GROStepDefinition - Crelio Automation Script Run In :  MicrosoftEdge Browser
[INFO ] 2023-08-03 15:41:39.925 [main] GROStepDefinition - Patient ID : 1763
[INFO ] 2023-08-03 15:41:40.390 [main] GROStepDefinition - Select Patient Type : Direct
[INFO ] 2023-08-03 15:41:41.376 [main] GROStepDefinition - Patient Name :Toxo IgM
[INFO ] 2023-08-03 15:41:42.005 [main] GROStepDefinition - Gender : Female
[INFO ] 2023-08-03 15:41:42.773 [main] GROStepDefinition - Age : 25
[INFO ] 2023-08-03 15:42:16.800 [main] GROStepDefinition - Crelio Automation Script Run In :  MicrosoftEdge Browser
[INFO ] 2023-08-03 15:42:27.995 [main] GROStepDefinition - Patient ID : 1763
[INFO ] 2023-08-03 15:42:28.558 [main] GROStepDefinition - Select Patient Type : Direct
[INFO ] 2023-08-03 15:42:29.501 [main] GROStepDefinition - Patient Name :Toxo IgM
[INFO ] 2023-08-03 15:42:30.122 [main] GROStepDefinition - Gender : Female
[INFO ] 2023-08-03 15:42:30.906 [main] GROStepDefinition - Age : 25
[INFO ] 2023-08-03 15:42:38.250 [main] GROStepDefinition - Test Name :Toxo IgM
[INFO ] 2023-08-03 15:42:41.676 [main] GROStepDefinition - Amount : ₱ 0
[INFO ] 2023-08-03 15:43:55.374 [main] GROStepDefinition - Crelio Automation Script Run In :  MicrosoftEdge Browser
[INFO ] 2023-08-03 15:44:05.863 [main] GROStepDefinition - Patient ID : 1764
[INFO ] 2023-08-03 15:44:06.380 [main] GROStepDefinition - Select Patient Type : Direct
[INFO ] 2023-08-03 15:44:07.359 [main] GROStepDefinition - Patient Name :Troponin-I
[INFO ] 2023-08-03 15:44:07.958 [main] GROStepDefinition - Gender : Female
[INFO ] 2023-08-03 15:44:08.740 [main] GROStepDefinition - Age : 25
[INFO ] 2023-08-03 15:44:23.493 [main] GROStepDefinition - Crelio Automation Script Run In :  MicrosoftEdge Browser
[INFO ] 2023-08-03 15:44:33.875 [main] GROStepDefinition - Patient ID : 1764
[INFO ] 2023-08-03 15:44:34.341 [main] GROStepDefinition - Select Patient Type : Direct
[INFO ] 2023-08-03 15:44:35.338 [main] GROStepDefinition - Patient Name :Troponin-I
[INFO ] 2023-08-03 15:44:35.942 [main] GROStepDefinition - Gender : Female
[INFO ] 2023-08-03 15:44:36.708 [main] GROStepDefinition - Age : 25
[INFO ] 2023-08-03 15:44:49.303 [main] GROStepDefinition - Crelio Automation Script Run In :  MicrosoftEdge Browser
[INFO ] 2023-08-03 15:45:00.040 [main] GROStepDefinition - Patient ID : 1764
[INFO ] 2023-08-03 15:45:00.567 [main] GROStepDefinition - Select Patient Type : Direct
[INFO ] 2023-08-03 15:45:01.600 [main] GROStepDefinition - Patient Name :Troponin-I
[INFO ] 2023-08-03 15:45:02.224 [main] GROStepDefinition - Gender : Female
[INFO ] 2023-08-03 15:45:03.003 [main] GROStepDefinition - Age : 25
[INFO ] 2023-08-03 15:46:10.200 [main] GROStepDefinition - Crelio Automation Script Run In :  MicrosoftEdge Browser
[INFO ] 2023-08-03 15:46:21.210 [main] GROStepDefinition - Patient ID : 1764
[INFO ] 2023-08-03 15:46:21.812 [main] GROStepDefinition - Select Patient Type : Direct
[INFO ] 2023-08-03 15:46:22.849 [main] GROStepDefinition - Patient Name :Troponin-I
[INFO ] 2023-08-03 15:46:23.465 [main] GROStepDefinition - Gender : Female
[INFO ] 2023-08-03 15:46:24.247 [main] GROStepDefinition - Age : 25
[INFO ] 2023-08-03 15:46:29.281 [main] GROStepDefinition - Test Name :Troponin-I
[INFO ] 2023-08-03 15:47:29.407 [main] GROStepDefinition - Crelio Automation Script Run In :  MicrosoftEdge Browser
[INFO ] 2023-08-03 15:47:40.385 [main] GROStepDefinition - Patient ID : 1765
[INFO ] 2023-08-03 15:47:40.983 [main] GROStepDefinition - Select Patient Type : Direct
[INFO ] 2023-08-03 15:47:42.028 [main] GROStepDefinition - Patient Name :Urine Amylase
[INFO ] 2023-08-03 15:47:42.639 [main] GROStepDefinition - Gender : Female
[INFO ] 2023-08-03 15:47:43.411 [main] GROStepDefinition - Age : 25
[INFO ] 2023-08-03 15:47:48.519 [main] GROStepDefinition - Test Name :Urine Amylase
[INFO ] 2023-08-03 15:48:19.909 [main] GROStepDefinition - Crelio Automation Script Run In :  MicrosoftEdge Browser
[INFO ] 2023-08-03 15:48:31.188 [main] GROStepDefinition - Patient ID : 1766
[INFO ] 2023-08-03 15:52:24.038 [main] GROStepDefinition - Crelio Automation Script Run In :  Chrome Browser
[INFO ] 2023-08-03 15:52:34.534 [main] GROStepDefinition - Patient ID : 1766
[INFO ] 2023-08-03 15:52:35.142 [main] GROStepDefinition - Select Patient Type : Direct
[INFO ] 2023-08-03 15:52:36.150 [main] GROStepDefinition - Patient Name :Urine Amylase
[INFO ] 2023-08-03 15:52:36.742 [main] GROStepDefinition - Gender : Female
[INFO ] 2023-08-03 15:52:37.459 [main] GROStepDefinition - Age : 25
[INFO ] 2023-08-03 15:52:42.326 [main] GROStepDefinition - Test Name :Urine Amylase
[INFO ] 2023-08-03 15:52:45.969 [main] GROStepDefinition - Amount : ₱ 0
[INFO ] 2023-08-03 15:55:49.275 [main] GROStepDefinition - Crelio Automation Script Run In :  Chrome Browser
[INFO ] 2023-08-03 15:55:59.267 [main] GROStepDefinition - Patient ID : 1767
[INFO ] 2023-08-03 15:55:59.880 [main] GROStepDefinition - Select Patient Type : Direct
[INFO ] 2023-08-03 15:56:00.903 [main] GROStepDefinition - Patient Name :Urine Amylase
[INFO ] 2023-08-03 15:56:01.499 [main] GROStepDefinition - Gender : Female
[INFO ] 2023-08-03 15:56:02.215 [main] GROStepDefinition - Age : 25
[INFO ] 2023-08-03 15:56:07.187 [main] GROStepDefinition - Test Name :Urine Amylase
[INFO ] 2023-08-03 15:56:19.076 [main] GROStepDefinition - Crelio Automation Script Run In :  Chrome Browser
[INFO ] 2023-08-03 15:56:29.081 [main] GROStepDefinition - Patient ID : 1768
[INFO ] 2023-08-03 15:56:29.646 [main] GROStepDefinition - Select Patient Type : Direct
[INFO ] 2023-08-03 15:56:30.669 [main] GROStepDefinition - Patient Name :Urine Amylase
[INFO ] 2023-08-03 15:56:31.260 [main] GROStepDefinition - Gender : Female
[INFO ] 2023-08-03 15:56:31.969 [main] GROStepDefinition - Age : 25
[INFO ] 2023-08-03 15:56:36.971 [main] GROStepDefinition - Test Name :Urine Amylase
[INFO ] 2023-08-03 15:56:40.581 [main] GROStepDefinition - Amount : ₱ 0
[INFO ] 2023-08-03 15:59:01.305 [main] GROStepDefinition - Crelio Automation Script Run In :  Chrome Browser
[INFO ] 2023-08-03 15:59:11.565 [main] GROStepDefinition - Patient ID : 1769
[INFO ] 2023-08-03 15:59:12.164 [main] GROStepDefinition - Select Patient Type : Direct
[INFO ] 2023-08-03 15:59:13.250 [main] GROStepDefinition - Patient Name :Urine Amylase
[INFO ] 2023-08-03 15:59:13.874 [main] GROStepDefinition - Gender : Female
[INFO ] 2023-08-03 15:59:14.681 [main] GROStepDefinition - Age : 25
[INFO ] 2023-08-03 15:59:19.616 [main] GROStepDefinition - Test Name :Urine Amylase
[INFO ] 2023-08-03 15:59:23.254 [main] GROStepDefinition - Amount : ₱ 0
[INFO ] 2023-08-03 16:06:35.578 [main] GROStepDefinition - Crelio Automation Script Run In :  Chrome Browser
[INFO ] 2023-08-03 16:07:05.846 [main] GROStepDefinition - Crelio Automation Script Run In :  Chrome Browser
[INFO ] 2023-08-03 16:07:16.199 [main] GROStepDefinition - Patient ID : 1770
[INFO ] 2023-08-03 16:07:16.764 [main] GROStepDefinition - Select Patient Type : Direct
[INFO ] 2023-08-03 16:07:17.807 [main] GROStepDefinition - Patient Name :Urine Amylase
[INFO ] 2023-08-03 16:07:18.397 [main] GROStepDefinition - Gender : Female
[INFO ] 2023-08-03 16:07:19.108 [main] GROStepDefinition - Age : 25
[INFO ] 2023-08-03 16:07:24.145 [main] GROStepDefinition - Test Name :Urine Amylase
[INFO ] 2023-08-03 16:07:27.781 [main] GROStepDefinition - Amount : ₱ 0
[INFO ] 2023-08-03 16:09:09.584 [main] GROStepDefinition - Crelio Automation Script Run In :  Chrome Browser
[INFO ] 2023-08-03 16:09:20.079 [main] GROStepDefinition - Patient ID : 1771
[INFO ] 2023-08-03 16:09:20.657 [main] GROStepDefinition - Select Patient Type : Direct
[INFO ] 2023-08-03 16:09:21.654 [main] GROStepDefinition - Patient Name :Urine Amylase
[INFO ] 2023-08-03 16:09:22.243 [main] GROStepDefinition - Gender : Female
[INFO ] 2023-08-03 16:09:22.995 [main] GROStepDefinition - Age : 25
[INFO ] 2023-08-03 16:09:28.115 [main] GROStepDefinition - Test Name :Urine Amylase
[INFO ] 2023-08-03 16:09:40.336 [main] GROStepDefinition - Crelio Automation Script Run In :  Chrome Browser
[INFO ] 2023-08-03 16:09:50.740 [main] GROStepDefinition - Patient ID : 1772
[INFO ] 2023-08-03 16:09:51.363 [main] GROStepDefinition - Select Patient Type : Direct
[INFO ] 2023-08-03 16:09:52.456 [main] GROStepDefinition - Patient Name :Urine Amylase
[INFO ] 2023-08-03 16:09:53.078 [main] GROStepDefinition - Gender : Female
[INFO ] 2023-08-03 16:09:53.902 [main] GROStepDefinition - Age : 25
[INFO ] 2023-08-03 16:09:58.841 [main] GROStepDefinition - Test Name :Urine Amylase
[INFO ] 2023-08-03 16:10:02.475 [main] GROStepDefinition - Amount : ₱ 0
[INFO ] 2023-08-03 16:10:30.391 [main] GROStepDefinition - Report Updated Successfully 
[INFO ] 2023-08-03 16:13:17.072 [main] GROStepDefinition - Crelio Automation Script Run In :  Chrome Browser
[INFO ] 2023-08-03 16:13:27.474 [main] GROStepDefinition - Patient ID : 1773
[INFO ] 2023-08-03 16:13:28.088 [main] GROStepDefinition - Select Patient Type : Direct
[INFO ] 2023-08-03 16:13:29.097 [main] GROStepDefinition - Patient Name :Urine Amylase
[INFO ] 2023-08-03 16:13:29.693 [main] GROStepDefinition - Gender : Female
[INFO ] 2023-08-03 16:13:30.389 [main] GROStepDefinition - Age : 25
[INFO ] 2023-08-03 16:13:35.353 [main] GROStepDefinition - Test Name :Urine Amylase
[INFO ] 2023-08-03 16:13:39.018 [main] GROStepDefinition - Amount : ₱ 0
[INFO ] 2023-08-03 16:14:15.204 [main] GROStepDefinition - Crelio Automation Script Run In :  Chrome Browser
[INFO ] 2023-08-03 16:14:34.935 [main] GROStepDefinition - Crelio Automation Script Run In :  Chrome Browser
[INFO ] 2023-08-03 16:14:45.148 [main] GROStepDefinition - Patient ID : 1774
[INFO ] 2023-08-03 16:14:45.760 [main] GROStepDefinition - Select Patient Type : Direct
[INFO ] 2023-08-03 16:14:46.777 [main] GROStepDefinition - Patient Name :Urine Amylase
[INFO ] 2023-08-03 16:14:47.371 [main] GROStepDefinition - Gender : Female
[INFO ] 2023-08-03 16:14:48.080 [main] GROStepDefinition - Age : 25
[INFO ] 2023-08-03 16:14:52.984 [main] GROStepDefinition - Test Name :Urine Amylase
[INFO ] 2023-08-03 16:14:56.673 [main] GROStepDefinition - Amount : ₱ 0
[INFO ] 2023-08-03 17:09:11.289 [main] GROStepDefinition - Crelio Automation Script Run In :  Chrome Browser
[INFO ] 2023-08-03 17:09:21.645 [main] GROStepDefinition - Crelio Automation Script Run In :  Chrome Browser
[INFO ] 2023-08-03 17:09:32.597 [main] GROStepDefinition - Patient ID : 
[INFO ] 2023-08-03 17:09:33.164 [main] GROStepDefinition - Select Patient Type : Direct
[INFO ] 2023-08-03 17:09:34.212 [main] GROStepDefinition - Patient Name :Urine Amylase
[INFO ] 2023-08-03 17:09:34.816 [main] GROStepDefinition - Gender : Female
[INFO ] 2023-08-03 17:09:43.233 [main] GROStepDefinition - Crelio Automation Script Run In :  Chrome Browser
[INFO ] 2023-08-03 17:09:54.171 [main] GROStepDefinition - Patient ID : 1775
[INFO ] 2023-08-03 17:09:54.773 [main] GROStepDefinition - Select Patient Type : Direct
[INFO ] 2023-08-03 17:09:55.879 [main] GROStepDefinition - Patient Name :Urine Amylase
[INFO ] 2023-08-03 17:09:56.480 [main] GROStepDefinition - Gender : Female
[INFO ] 2023-08-03 17:09:57.204 [main] GROStepDefinition - Age : 25
[INFO ] 2023-08-03 17:10:02.140 [main] GROStepDefinition - Test Name :Urine Amylase
[INFO ] 2023-08-03 17:10:21.511 [main] GROStepDefinition - Crelio Automation Script Run In :  Chrome Browser
