[INFO ] 2023-07-21 15:28:32.223 [main] GROStepDefinition - Glosys Automation Script 2.0 Run In :  null Browser
[INFO ] 2023-07-21 15:28:32.227 [main] GROStepDefinition - null
[INFO ] 2023-07-21 15:28:32.254 [main] NurseModuleStepDefinition - Nurse Module
[INFO ] 2023-07-21 15:28:32.298 [main] LabJuniorStepDefinition - Start Time  = 1689933512298
[INFO ] 2023-07-21 15:28:32.345 [main] LabSeniorStepDefinition - Start Time  = 1689933512345
[INFO ] 2023-07-21 15:28:32.355 [main] LabSupervisorStepDefinition - Start Time  = 1689933512355
[INFO ] 2023-07-21 15:28:59.191 [main] GROStepDefinition - Glosys Automation Script 2.0 Run In :  MicrosoftEdge Browser
[INFO ] 2023-07-21 15:28:59.195 [main] GROStepDefinition - 
[INFO ] 2023-07-21 15:34:53.057 [main] GROStepDefinition - Glosys Automation Script 2.0 Run In :  MicrosoftEdge Browser
[INFO ] 2023-07-21 15:34:53.079 [main] GROStepDefinition - 
[INFO ] 2023-07-21 15:34:53.238 [main] NurseModuleStepDefinition - Nurse Module
[INFO ] 2023-07-21 15:34:53.321 [main] LabJuniorStepDefinition - Start Time  = 1689933893321
[INFO ] 2023-07-21 15:34:53.345 [main] LabSeniorStepDefinition - Start Time  = 1689933893345
[INFO ] 2023-07-21 15:34:53.368 [main] LabSupervisorStepDefinition - Start Time  = 1689933893368
[INFO ] 2023-07-21 15:37:56.959 [main] GROStepDefinition - Crelio Automation Script Run In :  MicrosoftEdge Browser
[INFO ] 2023-07-21 15:38:47.284 [main] GROStepDefinition - Crelio Automation Script Run In :  Firefox Browser
[INFO ] 2023-07-21 15:38:50.768 [main] NurseModuleStepDefinition - Nurse Module
[INFO ] 2023-07-21 15:38:50.877 [main] LabJuniorStepDefinition - Start Time  = 1689934130877
[INFO ] 2023-07-21 15:38:50.893 [main] LabSeniorStepDefinition - Start Time  = 1689934130893
[INFO ] 2023-07-21 15:38:50.906 [main] LabSupervisorStepDefinition - Start Time  = 1689934130906
[INFO ] 2023-07-21 15:39:47.767 [main] GROStepDefinition - Crelio Automation Script Run In :  Firefox Browser
[INFO ] 2023-07-21 15:39:51.607 [main] NurseModuleStepDefinition - Nurse Module
[INFO ] 2023-07-21 15:39:51.787 [main] LabJuniorStepDefinition - Start Time  = 1689934191787
[INFO ] 2023-07-21 15:39:51.798 [main] LabSeniorStepDefinition - Start Time  = 1689934191798
[INFO ] 2023-07-21 15:39:51.814 [main] LabSupervisorStepDefinition - Start Time  = 1689934191814
[INFO ] 2023-07-21 15:41:13.180 [main] GROStepDefinition - Crelio Automation Script Run In :  Firefox Browser
[INFO ] 2023-07-21 15:41:17.591 [main] NurseModuleStepDefinition - Nurse Module
[INFO ] 2023-07-21 15:41:17.617 [main] LabJuniorStepDefinition - Start Time  = 1689934277616
[INFO ] 2023-07-21 15:41:17.631 [main] LabSeniorStepDefinition - Start Time  = 1689934277631
[INFO ] 2023-07-21 15:41:17.641 [main] LabSupervisorStepDefinition - Start Time  = 1689934277641
[INFO ] 2023-07-21 15:42:12.846 [main] GROStepDefinition - Crelio Automation Script Run In :  Firefox Browser
[INFO ] 2023-07-21 15:44:08.047 [main] GROStepDefinition - Crelio Automation Script Run In :  Firefox Browser
[INFO ] 2023-07-21 15:48:49.693 [main] GROStepDefinition - Crelio Automation Script Run In :  Firefox Browser
[INFO ] 2023-07-21 15:49:05.245 [main] GROStepDefinition - Registration : 
[INFO ] 2023-07-21 15:49:23.615 [main] GROStepDefinition - Crelio Automation Script Run In :  Firefox Browser
[INFO ] 2023-07-21 15:49:39.863 [main] GROStepDefinition - Registration : 
[INFO ] 2023-07-21 15:49:46.410 [main] GROStepDefinition - Patient ID : 249
[INFO ] 2023-07-21 15:49:47.172 [main] GROStepDefinition - Select Patient Type : Direct
[INFO ] 2023-07-21 15:49:48.082 [main] GROStepDefinition - Patient Name :Stemz Dev
[INFO ] 2023-07-21 15:49:48.876 [main] GROStepDefinition - Gender : Female
[INFO ] 2023-07-21 15:49:49.579 [main] GROStepDefinition - Age : 18
[INFO ] 2023-07-21 15:49:56.533 [main] GROStepDefinition - Test Name :SHBG- Sex Hormone Binding Globulin
[INFO ] 2023-07-21 15:50:00.555 [main] GROStepDefinition - Amount : ₹ 5,560
[INFO ] 2023-07-21 15:50:37.385 [main] NurseModuleStepDefinition - Nurse Module
[INFO ] 2023-07-21 15:50:37.406 [main] LabJuniorStepDefinition - Start Time  = 1689934837405
[INFO ] 2023-07-21 15:50:37.418 [main] LabSeniorStepDefinition - Start Time  = 1689934837418
[INFO ] 2023-07-21 15:50:37.430 [main] LabSupervisorStepDefinition - Start Time  = 1689934837430
[INFO ] 2023-07-21 15:51:11.241 [main] GROStepDefinition - Crelio Automation Script Run In :  Firefox Browser
[INFO ] 2023-07-21 15:51:29.561 [main] GROStepDefinition - Registration : 
[INFO ] 2023-07-21 15:51:35.849 [main] GROStepDefinition - Patient ID : 250
[INFO ] 2023-07-21 15:51:36.593 [main] GROStepDefinition - Select Patient Type : Direct
[INFO ] 2023-07-21 15:51:37.573 [main] GROStepDefinition - Patient Name :Stemz Dev
[INFO ] 2023-07-21 15:51:38.379 [main] GROStepDefinition - Gender : Female
[INFO ] 2023-07-21 15:51:39.116 [main] GROStepDefinition - Age : 18
[INFO ] 2023-07-21 15:51:46.624 [main] GROStepDefinition - Test Name :VLDL - Very Low Density Lipoprotein
[INFO ] 2023-07-21 15:51:50.580 [main] GROStepDefinition - Amount : ₹ 0
[INFO ] 2023-07-21 15:52:25.215 [main] NurseModuleStepDefinition - Nurse Module
[INFO ] 2023-07-21 15:52:25.233 [main] LabJuniorStepDefinition - Start Time  = 1689934945233
[INFO ] 2023-07-21 15:52:25.241 [main] LabSeniorStepDefinition - Start Time  = 1689934945241
[INFO ] 2023-07-21 15:52:25.248 [main] LabSupervisorStepDefinition - Start Time  = 1689934945248
[INFO ] 2023-07-21 15:53:01.436 [main] GROStepDefinition - Crelio Automation Script Run In :  Firefox Browser
[INFO ] 2023-07-21 15:53:17.416 [main] GROStepDefinition - Registration : 
[INFO ] 2023-07-21 15:53:24.670 [main] GROStepDefinition - Patient ID : 251
[INFO ] 2023-07-21 15:53:25.425 [main] GROStepDefinition - Select Patient Type : Direct
[INFO ] 2023-07-21 15:53:26.362 [main] GROStepDefinition - Patient Name :Stemz Dev
[INFO ] 2023-07-21 15:53:27.144 [main] GROStepDefinition - Gender : Female
[INFO ] 2023-07-21 15:53:27.943 [main] GROStepDefinition - Age : 18
[INFO ] 2023-07-21 15:53:35.006 [main] GROStepDefinition - Test Name :Hemogram (CBC with ESR)
[INFO ] 2023-07-21 15:53:39.098 [main] GROStepDefinition - Amount : ₹ 350
[INFO ] 2023-07-21 15:54:13.786 [main] NurseModuleStepDefinition - Nurse Module
[INFO ] 2023-07-21 15:54:13.809 [main] LabJuniorStepDefinition - Start Time  = 1689935053809
[INFO ] 2023-07-21 15:54:13.816 [main] LabSeniorStepDefinition - Start Time  = 1689935053816
[INFO ] 2023-07-21 15:54:13.823 [main] LabSupervisorStepDefinition - Start Time  = 1689935053823
[INFO ] 2023-07-21 15:55:29.731 [main] GROStepDefinition - Crelio Automation Script Run In :  Firefox Browser
[INFO ] 2023-07-21 15:55:45.174 [main] GROStepDefinition - Registration : 
[INFO ] 2023-07-21 15:55:51.448 [main] GROStepDefinition - Patient ID : 252
[INFO ] 2023-07-21 15:55:52.184 [main] GROStepDefinition - Select Patient Type : Direct
[INFO ] 2023-07-21 15:55:53.168 [main] GROStepDefinition - Patient Name :Stemz Dev
[INFO ] 2023-07-21 15:55:53.941 [main] GROStepDefinition - Gender : Female
[INFO ] 2023-07-21 15:55:54.658 [main] GROStepDefinition - Age : 18
[INFO ] 2023-07-21 15:56:01.769 [main] GROStepDefinition - Test Name :Hemogram (CBC with ESR)
[INFO ] 2023-07-21 15:56:05.900 [main] GROStepDefinition - Amount : ₹ 350
[INFO ] 2023-07-21 15:56:40.578 [main] NurseModuleStepDefinition - Nurse Module
[INFO ] 2023-07-21 15:56:40.596 [main] LabJuniorStepDefinition - Start Time  = 1689935200596
[INFO ] 2023-07-21 15:56:40.605 [main] LabSeniorStepDefinition - Start Time  = 1689935200605
[INFO ] 2023-07-21 15:56:40.612 [main] LabSupervisorStepDefinition - Start Time  = 1689935200612
[INFO ] 2023-07-21 15:57:59.088 [main] GROStepDefinition - Crelio Automation Script Run In :  Firefox Browser
[INFO ] 2023-07-21 15:58:15.204 [main] GROStepDefinition - Registration : 
[INFO ] 2023-07-21 15:58:21.705 [main] NurseModuleStepDefinition - Nurse Module
[INFO ] 2023-07-21 15:58:21.722 [main] LabJuniorStepDefinition - Start Time  = 1689935301721
[INFO ] 2023-07-21 15:58:21.731 [main] LabSeniorStepDefinition - Start Time  = 1689935301730
[INFO ] 2023-07-21 15:58:21.739 [main] LabSupervisorStepDefinition - Start Time  = 1689935301739
[INFO ] 2023-07-21 15:58:55.988 [main] GROStepDefinition - Crelio Automation Script Run In :  Firefox Browser
[INFO ] 2023-07-21 15:59:11.676 [main] GROStepDefinition - Registration : 
[INFO ] 2023-07-21 15:59:17.833 [main] GROStepDefinition - Patient ID : 253
[INFO ] 2023-07-21 15:59:18.626 [main] GROStepDefinition - Select Patient Type : Direct
[INFO ] 2023-07-21 15:59:19.616 [main] GROStepDefinition - Patient Name :Stemz Dev
[INFO ] 2023-07-21 15:59:20.413 [main] GROStepDefinition - Gender : Female
[INFO ] 2023-07-21 15:59:21.109 [main] GROStepDefinition - Age : 18
[INFO ] 2023-07-21 15:59:28.012 [main] GROStepDefinition - Test Name :Lymphocyte
[INFO ] 2023-07-21 15:59:32.183 [main] GROStepDefinition - Amount : ₹ 265
[INFO ] 2023-07-21 16:00:06.899 [main] NurseModuleStepDefinition - Nurse Module
[INFO ] 2023-07-21 16:00:06.916 [main] LabJuniorStepDefinition - Start Time  = 1689935406916
[INFO ] 2023-07-21 16:00:06.926 [main] LabSeniorStepDefinition - Start Time  = 1689935406926
[INFO ] 2023-07-21 16:00:06.933 [main] LabSupervisorStepDefinition - Start Time  = 1689935406933
[INFO ] 2023-07-21 16:01:28.960 [main] GROStepDefinition - Crelio Automation Script Run In :  Firefox Browser
[INFO ] 2023-07-21 16:01:46.432 [main] GROStepDefinition - Registration : 
[INFO ] 2023-07-21 16:01:47.988 [main] NurseModuleStepDefinition - Nurse Module
[INFO ] 2023-07-21 16:01:48.010 [main] LabJuniorStepDefinition - Start Time  = 1689935508010
[INFO ] 2023-07-21 16:01:48.032 [main] LabSeniorStepDefinition - Start Time  = 1689935508032
[INFO ] 2023-07-21 16:01:48.046 [main] LabSupervisorStepDefinition - Start Time  = 1689935508045
[INFO ] 2023-07-21 16:02:15.668 [main] GROStepDefinition - Crelio Automation Script Run In :  Firefox Browser
[INFO ] 2023-07-21 16:02:32.821 [main] GROStepDefinition - Registration : 
[INFO ] 2023-07-21 16:02:38.831 [main] GROStepDefinition - Patient ID : 254
[INFO ] 2023-07-21 16:02:39.573 [main] GROStepDefinition - Select Patient Type : Direct
[INFO ] 2023-07-21 16:02:40.497 [main] GROStepDefinition - Patient Name :Stemz Dev
[INFO ] 2023-07-21 16:02:41.312 [main] GROStepDefinition - Gender : Female
[INFO ] 2023-07-21 16:02:42.193 [main] GROStepDefinition - Age : 18
[INFO ] 2023-07-21 16:02:48.962 [main] GROStepDefinition - Test Name :Lymphocyte
[INFO ] 2023-07-21 16:02:52.916 [main] GROStepDefinition - Amount : ₹ 265
[INFO ] 2023-07-21 16:03:29.811 [main] NurseModuleStepDefinition - Nurse Module
[INFO ] 2023-07-21 16:03:29.829 [main] LabJuniorStepDefinition - Start Time  = 1689935609829
[INFO ] 2023-07-21 16:03:29.838 [main] LabSeniorStepDefinition - Start Time  = 1689935609838
[INFO ] 2023-07-21 16:03:29.845 [main] LabSupervisorStepDefinition - Start Time  = 1689935609845
[INFO ] 2023-07-21 16:05:37.870 [main] GROStepDefinition - Crelio Automation Script Run In :  Firefox Browser
[INFO ] 2023-07-21 16:05:54.328 [main] GROStepDefinition - Registration : 
[INFO ] 2023-07-21 16:06:00.851 [main] GROStepDefinition - Patient ID : 255
[INFO ] 2023-07-21 16:06:01.595 [main] GROStepDefinition - Select Patient Type : Direct
[INFO ] 2023-07-21 16:06:02.512 [main] GROStepDefinition - Patient Name :Stemz Dev
[INFO ] 2023-07-21 16:06:03.304 [main] GROStepDefinition - Gender : Female
[INFO ] 2023-07-21 16:06:04.012 [main] GROStepDefinition - Age : 18
[INFO ] 2023-07-21 16:06:10.929 [main] GROStepDefinition - Test Name :Lymphocyte
[INFO ] 2023-07-21 16:06:15.003 [main] GROStepDefinition - Amount : ₹ 265
[INFO ] 2023-07-21 16:06:51.680 [main] NurseModuleStepDefinition - Nurse Module
[INFO ] 2023-07-21 16:06:51.696 [main] LabJuniorStepDefinition - Start Time  = 1689935811696
[INFO ] 2023-07-21 16:06:51.703 [main] LabSeniorStepDefinition - Start Time  = 1689935811703
[INFO ] 2023-07-21 16:06:51.710 [main] LabSupervisorStepDefinition - Start Time  = 1689935811710
[INFO ] 2023-07-21 16:08:49.708 [main] GROStepDefinition - Crelio Automation Script Run In :  Firefox Browser
[INFO ] 2023-07-21 16:09:06.196 [main] GROStepDefinition - Registration : 
[INFO ] 2023-07-21 16:09:13.260 [main] GROStepDefinition - Patient ID : 256
[INFO ] 2023-07-21 16:09:14.073 [main] GROStepDefinition - Select Patient Type : Direct
[INFO ] 2023-07-21 16:09:15.039 [main] GROStepDefinition - Patient Name :Stemz Dev
[INFO ] 2023-07-21 16:09:15.819 [main] GROStepDefinition - Gender : Female
[INFO ] 2023-07-21 16:09:16.582 [main] GROStepDefinition - Age : 18
[INFO ] 2023-07-21 16:09:23.370 [main] GROStepDefinition - Test Name :Lymphocyte
[INFO ] 2023-07-21 16:09:27.336 [main] NurseModuleStepDefinition - Nurse Module
[INFO ] 2023-07-21 16:09:27.361 [main] LabJuniorStepDefinition - Start Time  = 1689935967361
[INFO ] 2023-07-21 16:09:27.371 [main] LabSeniorStepDefinition - Start Time  = 1689935967371
[INFO ] 2023-07-21 16:09:27.380 [main] LabSupervisorStepDefinition - Start Time  = 1689935967380
[INFO ] 2023-07-21 16:09:54.469 [main] GROStepDefinition - Crelio Automation Script Run In :  Firefox Browser
[INFO ] 2023-07-21 16:10:10.107 [main] GROStepDefinition - Registration : 
[INFO ] 2023-07-21 16:10:16.790 [main] GROStepDefinition - Patient ID : 257
[INFO ] 2023-07-21 16:10:17.587 [main] GROStepDefinition - Select Patient Type : Direct
[INFO ] 2023-07-21 16:10:18.581 [main] GROStepDefinition - Patient Name :Stemz Dev
[INFO ] 2023-07-21 16:10:19.372 [main] GROStepDefinition - Gender : Female
[INFO ] 2023-07-21 16:10:20.085 [main] GROStepDefinition - Age : 18
[INFO ] 2023-07-21 16:10:26.985 [main] GROStepDefinition - Test Name :Lymphocyte
[INFO ] 2023-07-21 16:10:31.031 [main] GROStepDefinition - Amount : ₹ 265
[INFO ] 2023-07-21 16:10:50.462 [main] NurseModuleStepDefinition - Nurse Module
[INFO ] 2023-07-21 16:10:50.479 [main] LabJuniorStepDefinition - Start Time  = 1689936050479
[INFO ] 2023-07-21 16:10:50.485 [main] LabSeniorStepDefinition - Start Time  = 1689936050485
[INFO ] 2023-07-21 16:10:50.495 [main] LabSupervisorStepDefinition - Start Time  = 1689936050495
[INFO ] 2023-07-21 16:11:14.441 [main] GROStepDefinition - Crelio Automation Script Run In :  Firefox Browser
[INFO ] 2023-07-21 16:11:33.255 [main] GROStepDefinition - Registration : 
[INFO ] 2023-07-21 16:11:40.332 [main] GROStepDefinition - Patient ID : 258
[INFO ] 2023-07-21 16:11:41.077 [main] GROStepDefinition - Select Patient Type : Direct
[INFO ] 2023-07-21 16:11:42.021 [main] GROStepDefinition - Patient Name :Stemz Dev
[INFO ] 2023-07-21 16:11:42.797 [main] GROStepDefinition - Gender : Female
[INFO ] 2023-07-21 16:11:43.536 [main] GROStepDefinition - Age : 18
[INFO ] 2023-07-21 16:11:50.403 [main] GROStepDefinition - Test Name :Lymphocyte
[INFO ] 2023-07-21 16:11:54.425 [main] GROStepDefinition - Amount : ₹ 265
[INFO ] 2023-07-21 16:12:10.238 [main] NurseModuleStepDefinition - Nurse Module
[INFO ] 2023-07-21 16:12:10.260 [main] LabJuniorStepDefinition - Start Time  = 1689936130260
[INFO ] 2023-07-21 16:12:10.267 [main] LabSeniorStepDefinition - Start Time  = 1689936130267
[INFO ] 2023-07-21 16:12:10.274 [main] LabSupervisorStepDefinition - Start Time  = 1689936130274
[INFO ] 2023-07-21 16:12:47.806 [main] GROStepDefinition - Crelio Automation Script Run In :  Firefox Browser
[INFO ] 2023-07-21 16:13:05.992 [main] GROStepDefinition - Registration : 
[INFO ] 2023-07-21 16:13:12.184 [main] NurseModuleStepDefinition - Nurse Module
[INFO ] 2023-07-21 16:13:12.204 [main] LabJuniorStepDefinition - Start Time  = 1689936192204
[INFO ] 2023-07-21 16:13:12.212 [main] LabSeniorStepDefinition - Start Time  = 1689936192212
[INFO ] 2023-07-21 16:13:12.222 [main] LabSupervisorStepDefinition - Start Time  = 1689936192222
[INFO ] 2023-07-21 16:14:49.459 [main] GROStepDefinition - Crelio Automation Script Run In :  Firefox Browser
[INFO ] 2023-07-21 16:15:05.396 [main] GROStepDefinition - Registration : 
[INFO ] 2023-07-21 16:15:12.019 [main] GROStepDefinition - Patient ID : 259
[INFO ] 2023-07-21 16:15:12.828 [main] GROStepDefinition - Select Patient Type : Direct
[INFO ] 2023-07-21 16:15:13.750 [main] GROStepDefinition - Patient Name :Stemz Dev
[INFO ] 2023-07-21 16:15:14.529 [main] GROStepDefinition - Gender : Female
[INFO ] 2023-07-21 16:15:15.225 [main] GROStepDefinition - Age : 18
[INFO ] 2023-07-21 16:15:22.205 [main] GROStepDefinition - Test Name :Lymphocyte
[INFO ] 2023-07-21 16:15:26.137 [main] GROStepDefinition - Amount : ₹ 265
[INFO ] 2023-07-21 16:16:10.083 [main] GROStepDefinition - Crelio Automation Script Run In :  Firefox Browser
[INFO ] 2023-07-21 16:16:26.180 [main] GROStepDefinition - Registration : 
[INFO ] 2023-07-21 16:16:32.687 [main] GROStepDefinition - Patient ID : 260
[INFO ] 2023-07-21 16:16:33.455 [main] GROStepDefinition - Select Patient Type : Direct
[INFO ] 2023-07-21 16:16:34.375 [main] GROStepDefinition - Patient Name :Stemz Dev
[INFO ] 2023-07-21 16:16:35.163 [main] GROStepDefinition - Gender : Female
[INFO ] 2023-07-21 16:16:35.867 [main] GROStepDefinition - Age : 18
[INFO ] 2023-07-21 16:16:42.704 [main] GROStepDefinition - Test Name :Lymphocyte
[INFO ] 2023-07-21 16:16:46.670 [main] GROStepDefinition - Amount : ₹ 265
[INFO ] 2023-07-21 16:23:35.981 [main] GROStepDefinition - Crelio Automation Script Run In :  Firefox Browser
[INFO ] 2023-07-21 16:23:52.610 [main] GROStepDefinition - Registration : 
[INFO ] 2023-07-21 16:23:59.650 [main] GROStepDefinition - Patient ID : 261
[INFO ] 2023-07-21 16:24:00.433 [main] GROStepDefinition - Select Patient Type : Direct
[INFO ] 2023-07-21 16:24:01.541 [main] GROStepDefinition - Patient Name :Stemz Dev
[INFO ] 2023-07-21 16:24:02.332 [main] GROStepDefinition - Gender : Female
[INFO ] 2023-07-21 16:24:03.228 [main] GROStepDefinition - Age : 18
[INFO ] 2023-07-21 16:24:10.198 [main] GROStepDefinition - Test Name :Lymphocyte
[INFO ] 2023-07-21 16:24:14.552 [main] GROStepDefinition - Amount : ₹ 265
[INFO ] 2023-07-21 16:25:49.318 [main] GROStepDefinition - Crelio Automation Script Run In :  Firefox Browser
[INFO ] 2023-07-21 16:26:05.887 [main] GROStepDefinition - Registration : 
[INFO ] 2023-07-21 16:26:12.036 [main] GROStepDefinition - Patient ID : 262
[INFO ] 2023-07-21 16:26:12.814 [main] GROStepDefinition - Select Patient Type : Direct
[INFO ] 2023-07-21 16:26:13.843 [main] GROStepDefinition - Patient Name :Stemz Dev
[INFO ] 2023-07-21 16:26:14.669 [main] GROStepDefinition - Gender : Female
[INFO ] 2023-07-21 16:26:15.429 [main] GROStepDefinition - Age : 18
[INFO ] 2023-07-21 16:26:22.360 [main] GROStepDefinition - Test Name :Lymphocyte
[INFO ] 2023-07-21 16:26:26.617 [main] GROStepDefinition - Amount : ₹ 265
[INFO ] 2023-07-21 16:28:28.927 [main] GROStepDefinition - Crelio Automation Script Run In :  Firefox Browser
[INFO ] 2023-07-21 16:28:46.957 [main] GROStepDefinition - Registration : 
[INFO ] 2023-07-21 16:28:53.094 [main] GROStepDefinition - Patient ID : 263
[INFO ] 2023-07-21 16:28:53.845 [main] GROStepDefinition - Select Patient Type : Direct
[INFO ] 2023-07-21 16:28:54.794 [main] GROStepDefinition - Patient Name :Stemz Dev
[INFO ] 2023-07-21 16:28:55.591 [main] GROStepDefinition - Gender : Female
[INFO ] 2023-07-21 16:28:56.293 [main] GROStepDefinition - Age : 18
[INFO ] 2023-07-21 16:29:03.346 [main] GROStepDefinition - Test Name :Lymphocyte
[INFO ] 2023-07-21 16:29:07.418 [main] GROStepDefinition - Amount : ₹ 265
[INFO ] 2023-07-21 16:29:42.370 [main] TestResult - Lymphocyte Test Value : 17
[INFO ] 2023-07-21 16:29:45.691 [main] GROStepDefinition - Report Updated Successfully 
[INFO ] 2023-07-21 16:29:48.231 [main] GROStepDefinition - Report has been submitted Successfully 
[INFO ] 2023-07-21 17:19:28.668 [main] GROStepDefinition - Crelio Automation Script Run In :  Firefox Browser
[INFO ] 2023-07-21 17:20:11.659 [main] GROStepDefinition - Crelio Automation Script Run In :  Firefox Browser
[INFO ] 2023-07-21 17:20:52.147 [main] GROStepDefinition - Crelio Automation Script Run In :  Firefox Browser
[INFO ] 2023-07-21 17:25:02.121 [main] GROStepDefinition - Crelio Automation Script Run In :  Firefox Browser
[INFO ] 2023-07-21 17:25:29.068 [main] GROStepDefinition - Crelio Automation Script Run In :  MicrosoftEdge Browser
[INFO ] 2023-07-21 17:25:46.302 [main] GROStepDefinition - Registration : 
[INFO ] 2023-07-21 17:26:05.055 [main] GROStepDefinition - Crelio Automation Script Run In :  MicrosoftEdge Browser
[INFO ] 2023-07-21 17:26:23.790 [main] GROStepDefinition - Registration : 
[INFO ] 2023-07-21 17:26:36.592 [main] GROStepDefinition - Crelio Automation Script Run In :  MicrosoftEdge Browser
[INFO ] 2023-07-21 17:26:54.184 [main] GROStepDefinition - Registration : 
[INFO ] 2023-07-21 17:27:00.978 [main] GROStepDefinition - Patient ID : 265
[INFO ] 2023-07-21 17:27:01.635 [main] GROStepDefinition - Select Patient Type : Direct
[INFO ] 2023-07-21 17:27:02.648 [main] GROStepDefinition - Patient Name :Stemz Dev
[INFO ] 2023-07-21 17:27:03.306 [main] GROStepDefinition - Gender : Female
[INFO ] 2023-07-21 17:27:04.111 [main] GROStepDefinition - Age : 18
[INFO ] 2023-07-21 17:27:10.397 [main] GROStepDefinition - Test Name :Hemogram (CBC with ESR)
[INFO ] 2023-07-21 17:27:14.486 [main] GROStepDefinition - Amount : ₹ 350
[INFO ] 2023-07-21 17:27:49.272 [main] TestResult - Test Value : 17
[INFO ] 2023-07-21 17:27:49.907 [main] TestResult - Test Value : 5
[INFO ] 2023-07-21 17:27:50.222 [main] TestResult - Test Value : 40
[INFO ] 2023-07-21 17:27:50.547 [main] TestResult - Test Value : 83
[INFO ] 2023-07-21 17:27:50.858 [main] TestResult - Test Value : 27
[INFO ] 2023-07-21 17:27:51.243 [main] TestResult - Test Value : 32
[INFO ] 2023-07-21 17:27:51.549 [main] TestResult - Test Value : 14
[INFO ] 2023-07-21 17:27:51.848 [main] TestResult - Test Value : 4
[INFO ] 2023-07-21 17:27:52.184 [main] TestResult - Test Value : 42
[INFO ] 2023-07-21 17:27:52.512 [main] TestResult - Test Value : 22
[INFO ] 2023-07-21 17:27:52.828 [main] TestResult - Test Value : 8
[INFO ] 2023-07-21 17:27:53.128 [main] TestResult - Test Value : 2
[INFO ] 2023-07-21 17:27:53.490 [main] TestResult - Test Value : 2
[INFO ] 2023-07-21 17:27:53.805 [main] TestResult - Test Value : 5
[INFO ] 2023-07-21 17:27:54.138 [main] TestResult - Test Value : 40
[INFO ] 2023-07-21 17:27:54.499 [main] TestResult - Test Value : 2
[INFO ] 2023-07-21 17:27:54.843 [main] TestResult - Test Value : 0.2
[INFO ] 2023-07-21 17:27:55.177 [main] TestResult - Test Value : 0.1
[INFO ] 2023-07-21 17:27:55.474 [main] TestResult - Test Value : 200
[INFO ] 2023-07-21 17:27:55.796 [main] TestResult - Test Value : 8
[INFO ] 2023-07-21 17:27:56.158 [main] TestResult - Test Value : 22
[INFO ] 2023-07-21 17:27:59.516 [main] GROStepDefinition - Report Updated Successfully 
[INFO ] 2023-07-21 17:28:01.759 [main] GROStepDefinition - Report has been submitted Successfully 
[INFO ] 2023-07-21 20:02:12.098 [main] GROStepDefinition - Crelio Automation Script Run In :  MicrosoftEdge Browser
[INFO ] 2023-07-21 20:02:40.273 [main] GROStepDefinition - Crelio Automation Script Run In :  MicrosoftEdge Browser
[INFO ] 2023-07-21 20:03:35.306 [main] GROStepDefinition - Registration : 
[INFO ] 2023-07-21 20:03:58.425 [main] GROStepDefinition - Patient ID : 266
[INFO ] 2023-07-21 20:03:59.030 [main] GROStepDefinition - Select Patient Type : Direct
[INFO ] 2023-07-21 20:04:00.179 [main] GROStepDefinition - Patient Name :Stemz Dev
[INFO ] 2023-07-21 20:04:00.812 [main] GROStepDefinition - Gender : Female
[INFO ] 2023-07-21 20:04:01.619 [main] GROStepDefinition - Age : 18
[INFO ] 2023-07-21 20:04:07.910 [main] GROStepDefinition - Test Name :Hemogram (CBC with ESR)
[INFO ] 2023-07-21 20:04:11.764 [main] GROStepDefinition - Amount : ₹ 350
[INFO ] 2023-07-21 20:04:51.404 [main] GROStepDefinition - Crelio Automation Script Run In :  MicrosoftEdge Browser
[INFO ] 2023-07-21 20:05:23.729 [main] GROStepDefinition - Registration : 
[INFO ] 2023-07-21 20:05:38.930 [main] GROStepDefinition - Patient ID : 267
[INFO ] 2023-07-21 20:05:39.553 [main] GROStepDefinition - Select Patient Type : Direct
[INFO ] 2023-07-21 20:05:40.620 [main] GROStepDefinition - Patient Name :Stemz Dev
[INFO ] 2023-07-21 20:05:41.249 [main] GROStepDefinition - Gender : Female
[INFO ] 2023-07-21 20:05:42.096 [main] GROStepDefinition - Age : 18
[INFO ] 2023-07-21 20:05:48.429 [main] GROStepDefinition - Test Name :Hemogram (CBC with ESR)
[INFO ] 2023-07-21 20:05:52.418 [main] GROStepDefinition - Amount : ₹ 350
[INFO ] 2023-07-21 20:06:39.744 [main] GROStepDefinition - Crelio Automation Script Run In :  MicrosoftEdge Browser
[INFO ] 2023-07-21 20:07:05.089 [main] GROStepDefinition - Registration : 
[INFO ] 2023-07-21 20:13:22.311 [main] GROStepDefinition - Crelio Automation Script Run In :  MicrosoftEdge Browser
[INFO ] 2023-07-21 20:13:53.548 [main] GROStepDefinition - Crelio Automation Script Run In :  MicrosoftEdge Browser
[INFO ] 2023-07-21 20:15:53.697 [main] GROStepDefinition - Crelio Automation Script Run In :  MicrosoftEdge Browser
[INFO ] 2023-07-21 20:16:40.739 [main] GROStepDefinition - Registration : 
[INFO ] 2023-07-21 20:16:53.506 [main] GROStepDefinition - Crelio Automation Script Run In :  MicrosoftEdge Browser
[INFO ] 2023-07-21 20:17:33.769 [main] GROStepDefinition - Registration : 
[INFO ] 2023-07-21 20:17:47.351 [main] GROStepDefiniMicrosoftEdgetion - Patient ID : 
[INFO ] 2023-07-21 20:17:48.039 [main] GROStepDefinition - Select Patient Type : Direct
[INFO ] 2023-07-21 20:17:49.342 [main] GROStepDefinition - Patient Name :Stemz Dev
[INFO ] 2023-07-21 20:17:50.052 [main] GROStepDefinition - Gender : Female
[INFO ] 2023-07-21 20:17:50.913 [main] GROStepDefinition - Age : 18
[INFO ] 2023-07-21 20:18:49.786 [main] GROStepDefinition - Crelio Automation Script Run In :  MicrosoftEdge Browser
[INFO ] 2023-07-21 20:19:09.357 [main] GROStepDefinition - Registration : 
[INFO ] 2023-07-21 20:19:17.487 [main] GROStepDefinition - Patient ID : 268
[INFO ] 2023-07-21 20:19:18.102 [main] GROStepDefinition - Select Patient Type : Direct
[INFO ] 2023-07-21 20:19:19.142 [main] GROStepDefinition - Patient Name :Stemz Dev
[INFO ] 2023-07-21 20:19:19.803 [main] GROStepDefinition - Gender : Female
[INFO ] 2023-07-21 20:19:20.610 [main] GROStepDefinition - Age : 18
[INFO ] 2023-07-21 20:19:27.072 [main] GROStepDefinition - Test Name :Hemogram (CBC with ESR)
[INFO ] 2023-07-21 20:19:30.970 [main] GROStepDefinition - Amount : ₹ 350
[INFO ] 2023-07-21 20:20:06.238 [main] TestResult - Test Value : 17
[INFO ] 2023-07-21 20:20:06.884 [main] TestResult - Test Value : 5
[INFO ] 2023-07-21 20:20:07.217 [main] TestResult - Test Value : 40
[INFO ] 2023-07-21 20:20:07.576 [main] TestResult - Test Value : 83
[INFO ] 2023-07-21 20:20:07.921 [main] TestResult - Test Value : 27
[INFO ] 2023-07-21 20:20:08.242 [main] TestResult - Test Value : 32
[INFO ] 2023-07-21 20:20:08.564 [main] TestResult - Test Value : 14
[INFO ] 2023-07-21 20:20:08.896 [main] TestResult - Test Value : 4
[INFO ] 2023-07-21 20:20:09.231 [main] TestResult - Test Value : 42
[INFO ] 2023-07-21 20:20:09.556 [main] TestResult - Test Value : 22
[INFO ] 2023-07-21 20:20:09.892 [main] TestResult - Test Value : 8
[INFO ] 2023-07-21 20:20:10.214 [main] TestResult - Test Value : 2
[INFO ] 2023-07-21 20:20:10.548 [main] TestResult - Test Value : 2
[INFO ] 2023-07-21 20:20:10.878 [main] TestResult - Test Value : 5
[INFO ] 2023-07-21 20:20:11.210 [main] TestResult - Test Value : 40
[INFO ] 2023-07-21 20:20:11.557 [main] TestResult - Test Value : 2
[INFO ] 2023-07-21 20:20:11.900 [main] TestResult - Test Value : 0.2
[INFO ] 2023-07-21 20:20:12.244 [main] TestResult - Test Value : 0.1
[INFO ] 2023-07-21 20:20:12.607 [main] TestResult - Test Value : 200
[INFO ] 2023-07-21 20:20:12.909 [main] TestResult - Test Value : 8
[INFO ] 2023-07-21 20:20:13.249 [main] TestResult - Test Value : 22
[INFO ] 2023-07-21 20:20:16.578 [main] GROStepDefinition - Report Updated Successfully 
[INFO ] 2023-07-21 20:20:18.855 [main] GROStepDefinition - Report has been submitted Successfully 
[INFO ] 2023-07-21 20:22:29.367 [main] GROStepDefinition - Crelio Automation Script Run In :  MicrosoftEdge Browser
[INFO ] 2023-07-21 20:22:49.543 [main] GROStepDefinition - Registration : 
[INFO ] 2023-07-21 20:22:56.651 [main] GROStepDefinition - Patient ID : 269
[INFO ] 2023-07-21 20:22:57.315 [main] GROStepDefinition - Select Patient Type : Direct
[INFO ] 2023-07-21 20:22:58.418 [main] GROStepDefinition - Patient Name :Stemz Dev
[INFO ] 2023-07-21 20:22:59.059 [main] GROStepDefinition - Gender : Male
[INFO ] 2023-07-21 20:22:59.904 [main] GROStepDefinition - Age : 18
[INFO ] 2023-07-21 20:23:06.429 [main] GROStepDefinition - Test Name :Hemogram (CBC with ESR)
[INFO ] 2023-07-21 20:23:10.315 [main] GROStepDefinition - Amount : ₹ 350
[INFO ] 2023-07-21 20:23:45.262 [main] TestResult - Test Value : 17
[INFO ] 2023-07-21 20:23:45.891 [main] TestResult - Test Value : 5
[INFO ] 2023-07-21 20:23:46.207 [main] TestResult - Test Value : 40
[INFO ] 2023-07-21 20:23:46.554 [main] TestResult - Test Value : 83
[INFO ] 2023-07-21 20:23:46.854 [main] TestResult - Test Value : 27
[INFO ] 2023-07-21 20:23:47.188 [main] TestResult - Test Value : 32
[INFO ] 2023-07-21 20:23:47.530 [main] TestResult - Test Value : 14
[INFO ] 2023-07-21 20:23:47.862 [main] TestResult - Test Value : 4
[INFO ] 2023-07-21 20:23:48.231 [main] TestResult - Test Value : 42
[INFO ] 2023-07-21 20:23:48.575 [main] TestResult - Test Value : 22
[INFO ] 2023-07-21 20:23:48.887 [main] TestResult - Test Value : 8
[INFO ] 2023-07-21 20:23:49.188 [main] TestResult - Test Value : 2
[INFO ] 2023-07-21 20:23:49.502 [main] TestResult - Test Value : 2
[INFO ] 2023-07-21 20:23:49.821 [main] TestResult - Test Value : 5
[INFO ] 2023-07-21 20:23:50.135 [main] TestResult - Test Value : 40
[INFO ] 2023-07-21 20:23:50.443 [main] TestResult - Test Value : 2
[INFO ] 2023-07-21 20:23:50.789 [main] TestResult - Test Value : 0.2
[INFO ] 2023-07-21 20:23:51.126 [main] TestResult - Test Value : 0.1
[INFO ] 2023-07-21 20:23:51.442 [main] TestResult - Test Value : 200
[INFO ] 2023-07-21 20:23:51.838 [main] TestResult - Test Value : 8
[INFO ] 2023-07-21 20:23:52.212 [main] TestResult - Test Value : 22
[INFO ] 2023-07-21 20:23:55.537 [main] GROStepDefinition - Report Updated Successfully 
[INFO ] 2023-07-21 20:23:57.783 [main] GROStepDefinition - Report has been submitted Successfully 
[INFO ] 2023-07-21 20:26:40.280 [main] GROStepDefinition - Crelio Automation Script Run In :  MicrosoftEdge Browser
[INFO ] 2023-07-21 20:27:00.012 [main] GROStepDefinition - Registration : 
[INFO ] 2023-07-21 20:27:06.918 [main] GROStepDefinition - Patient ID : 270
[INFO ] 2023-07-21 20:27:07.554 [main] GROStepDefinition - Select Patient Type : Direct
[INFO ] 2023-07-21 20:27:08.663 [main] GROStepDefinition - Patient Name :Stemz Dev
[INFO ] 2023-07-21 20:27:09.301 [main] GROStepDefinition - Gender : Male
[INFO ] 2023-07-21 20:27:10.138 [main] GROStepDefinition - Age : 18
[INFO ] 2023-07-21 20:27:16.529 [main] GROStepDefinition - Test Name :Hemogram (CBC with ESR)
[INFO ] 2023-07-21 20:27:20.382 [main] GROStepDefinition - Amount : ₹ 350
[INFO ] 2023-07-21 20:27:54.955 [main] TestResult - Test Value : 17
[INFO ] 2023-07-21 20:27:55.587 [main] TestResult - Test Value : 5
[INFO ] 2023-07-21 20:27:55.934 [main] TestResult - Test Value : 40
[INFO ] 2023-07-21 20:27:56.262 [main] TestResult - Test Value : 83
[INFO ] 2023-07-21 20:27:56.607 [main] TestResult - Test Value : 27
[INFO ] 2023-07-21 20:27:56.952 [main] TestResult - Test Value : 32
[INFO ] 2023-07-21 20:27:57.281 [main] TestResult - Test Value : 14
[INFO ] 2023-07-21 20:27:57.600 [main] TestResult - Test Value : 4
[INFO ] 2023-07-21 20:27:57.932 [main] TestResult - Test Value : 42
[INFO ] 2023-07-21 20:27:58.263 [main] TestResult - Test Value : 22
[INFO ] 2023-07-21 20:27:58.584 [main] TestResult - Test Value : 8
[INFO ] 2023-07-21 20:27:58.893 [main] TestResult - Test Value : 2
[INFO ] 2023-07-21 20:27:59.220 [main] TestResult - Test Value : 2
[INFO ] 2023-07-21 20:27:59.596 [main] TestResult - Test Value : 5
[INFO ] 2023-07-21 20:28:00.035 [main] TestResult - Test Value : 40
[INFO ] 2023-07-21 20:28:00.366 [main] TestResult - Test Value : 2
[INFO ] 2023-07-21 20:28:00.761 [main] TestResult - Test Value : 0.2
[INFO ] 2023-07-21 20:28:01.078 [main] TestResult - Test Value : 0.1
[INFO ] 2023-07-21 20:28:01.445 [main] TestResult - Test Value : 200
[INFO ] 2023-07-21 20:28:01.795 [main] TestResult - Test Value : 8
[INFO ] 2023-07-21 20:28:02.157 [main] TestResult - Test Value : 22
[INFO ] 2023-07-21 20:28:05.465 [main] GROStepDefinition - Report Updated Successfully 
