[INFO ] 2023-08-23 11:54:01.642 [main] GROStepDefinition - Crelio Automation Script Run In :  null Browser
[INFO ] 2023-08-23 11:54:37.955 [main] GROStepDefinition - Crelio Automation Script Run In :  Chrome Browser
[INFO ] 2023-08-23 11:55:38.783 [main] GROStepDefinition - Crelio Automation Script Run In :  Chrome Browser
[INFO ] 2023-08-23 11:56:18.450 [main] GROStepDefinition - Crelio Automation Script Run In :  MicrosoftEdge Browser
[INFO ] 2023-08-23 11:56:28.390 [main] GROStepDefinition - Patient ID : 1840
[INFO ] 2023-08-23 11:56:28.980 [main] GROStepDefinition - Select Patient Type : Direct
[INFO ] 2023-08-23 11:56:30.316 [main] GROStepDefinition - Patient Name :Hemogram (CBC with ESR)
[INFO ] 2023-08-23 11:56:30.915 [main] GROStepDefinition - Gender : Female
[INFO ] 2023-08-23 11:56:31.646 [main] GROStepDefinition - Age : 25
[INFO ] 2023-08-23 11:56:36.614 [main] GROStepDefinition - Test Name :Hemogram (CBC with ESR)
[INFO ] 2023-08-23 11:57:23.127 [main] GROStepDefinition - Crelio Automation Script Run In :  MicrosoftEdge Browser
[INFO ] 2023-08-23 11:57:36.296 [main] GROStepDefinition - Patient ID : 1842
[INFO ] 2023-08-23 11:58:11.564 [main] GROStepDefinition - Crelio Automation Script Run In :  MicrosoftEdge Browser
[INFO ] 2023-08-23 11:58:22.198 [main] GROStepDefinition - Patient ID : 1842
[INFO ] 2023-08-23 11:58:22.774 [main] GROStepDefinition - Select Patient Type : Direct
[INFO ] 2023-08-23 11:58:24.139 [main] GROStepDefinition - Patient Name :Hemogram (CBC with ESR)
[INFO ] 2023-08-23 11:58:24.747 [main] GROStepDefinition - Gender : Female
[INFO ] 2023-08-23 11:58:25.465 [main] GROStepDefinition - Age : 25
[INFO ] 2023-08-23 11:58:30.429 [main] GROStepDefinition - Test Name :Hemogram (CBC with ESR)
[INFO ] 2023-08-23 12:02:31.916 [main] GROStepDefinition - Crelio Automation Script Run In :  MicrosoftEdge Browser
[INFO ] 2023-08-23 12:03:34.860 [main] GROStepDefinition - Crelio Automation Script Run In :  MicrosoftEdge Browser
[INFO ] 2023-08-23 12:03:46.283 [main] GROStepDefinition - Patient ID : 1843
[INFO ] 2023-08-23 12:03:46.859 [main] GROStepDefinition - Select Patient Type : Direct
[INFO ] 2023-08-23 12:03:48.507 [main] GROStepDefinition - Patient Name :Hemogram (CBC with ESR)
[INFO ] 2023-08-23 12:03:49.098 [main] GROStepDefinition - Gender : Female
[INFO ] 2023-08-23 12:03:49.827 [main] GROStepDefinition - Age : 25
[INFO ] 2023-08-23 12:03:54.793 [main] GROStepDefinition - Test Name :Hemogram (CBC with ESR)
[INFO ] 2023-08-23 12:06:11.425 [main] GROStepDefinition - Crelio Automation Script Run In :  MicrosoftEdge Browser
[INFO ] 2023-08-23 12:06:21.940 [main] GROStepDefinition - Patient ID : 1844
[INFO ] 2023-08-23 12:06:44.191 [main] GROStepDefinition - Crelio Automation Script Run In :  MicrosoftEdge Browser
[INFO ] 2023-08-23 12:06:56.073 [main] GROStepDefinition - Patient ID : 1844
[INFO ] 2023-08-23 12:06:56.656 [main] GROStepDefinition - Select Patient Type : Direct
[INFO ] 2023-08-23 12:06:58.207 [main] GROStepDefinition - Patient Name :Hemogram (CBC with ESR)
[INFO ] 2023-08-23 12:06:58.795 [main] GROStepDefinition - Gender : Female
[INFO ] 2023-08-23 12:06:59.518 [main] GROStepDefinition - Age : 25
[INFO ] 2023-08-23 12:07:04.487 [main] GROStepDefinition - Test Name :Hemogram (CBC with ESR)
[INFO ] 2023-08-23 12:08:06.705 [main] GROStepDefinition - Crelio Automation Script Run In :  MicrosoftEdge Browser
[INFO ] 2023-08-23 12:08:19.303 [main] GROStepDefinition - Patient ID : 1845
[INFO ] 2023-08-23 12:08:36.056 [main] GROStepDefinition - Crelio Automation Script Run In :  MicrosoftEdge Browser
[INFO ] 2023-08-23 12:08:48.833 [main] GROStepDefinition - Patient ID : 1845
[INFO ] 2023-08-23 12:08:49.407 [main] GROStepDefinition - Select Patient Type : Direct
[INFO ] 2023-08-23 12:08:50.719 [main] GROStepDefinition - Patient Name :Hemogram (CBC with ESR)
[INFO ] 2023-08-23 12:08:51.321 [main] GROStepDefinition - Gender : Female
[INFO ] 2023-08-23 12:08:52.040 [main] GROStepDefinition - Age : 25
[INFO ] 2023-08-23 12:08:56.994 [main] GROStepDefinition - Test Name :Hemogram (CBC with ESR)
[INFO ] 2023-08-23 12:10:35.996 [main] GROStepDefinition - Crelio Automation Script Run In :  MicrosoftEdge Browser
[INFO ] 2023-08-23 12:10:48.802 [main] GROStepDefinition - Patient ID : 1846
[INFO ] 2023-08-23 12:10:49.382 [main] GROStepDefinition - Select Patient Type : Direct
[INFO ] 2023-08-23 12:10:50.721 [main] GROStepDefinition - Patient Name :Hemogram (CBC with ESR)
[INFO ] 2023-08-23 12:10:51.318 [main] GROStepDefinition - Gender : Female
[INFO ] 2023-08-23 12:10:52.037 [main] GROStepDefinition - Age : 25
[INFO ] 2023-08-23 12:11:15.555 [main] GROStepDefinition - Crelio Automation Script Run In :  MicrosoftEdge Browser
[INFO ] 2023-08-23 12:11:27.899 [main] GROStepDefinition - Patient ID : 1846
[INFO ] 2023-08-23 12:11:28.473 [main] GROStepDefinition - Select Patient Type : Direct
[INFO ] 2023-08-23 12:11:29.775 [main] GROStepDefinition - Patient Name :Hemogram (CBC with ESR)
[INFO ] 2023-08-23 12:11:30.366 [main] GROStepDefinition - Gender : Female
[INFO ] 2023-08-23 12:11:31.095 [main] GROStepDefinition - Age : 25
[INFO ] 2023-08-23 12:11:36.091 [main] GROStepDefinition - Test Name :Hemogram (CBC with ESR)
[INFO ] 2023-08-23 12:36:14.421 [main] GROStepDefinition - Crelio Automation Script Run In :  MicrosoftEdge Browser
[INFO ] 2023-08-23 12:36:26.161 [main] GROStepDefinition - Patient ID : 1849
[INFO ] 2023-08-23 12:36:26.755 [main] GROStepDefinition - Select Patient Type : Direct
[INFO ] 2023-08-23 12:36:28.304 [main] GROStepDefinition - Patient Name :Hemogram (CBC with ESR)
[INFO ] 2023-08-23 12:36:28.934 [main] GROStepDefinition - Gender : Female
[INFO ] 2023-08-23 12:36:29.713 [main] GROStepDefinition - Age : 25
[INFO ] 2023-08-23 12:36:34.975 [main] GROStepDefinition - Test Name :Hemogram (CBC with ESR)
[INFO ] 2023-08-23 12:38:12.071 [main] GROStepDefinition - Crelio Automation Script Run In :  MicrosoftEdge Browser
[INFO ] 2023-08-23 12:38:22.556 [main] GROStepDefinition - Patient ID : 1850
[INFO ] 2023-08-23 12:38:23.163 [main] GROStepDefinition - Select Patient Type : Direct
[INFO ] 2023-08-23 12:38:24.590 [main] GROStepDefinition - Patient Name :Hemogram (CBC with ESR)
[INFO ] 2023-08-23 12:38:25.259 [main] GROStepDefinition - Gender : Female
[INFO ] 2023-08-23 12:38:26.045 [main] GROStepDefinition - Age : 25
[INFO ] 2023-08-23 12:38:45.724 [main] GROStepDefinition - Crelio Automation Script Run In :  MicrosoftEdge Browser
[INFO ] 2023-08-23 12:39:01.155 [main] GROStepDefinition - Patient ID : 1850
[INFO ] 2023-08-23 12:39:01.813 [main] GROStepDefinition - Select Patient Type : Direct
[INFO ] 2023-08-23 12:39:03.951 [main] GROStepDefinition - Patient Name :Hemogram (CBC with ESR)
[INFO ] 2023-08-23 12:39:04.658 [main] GROStepDefinition - Gender : Female
[INFO ] 2023-08-23 12:39:05.526 [main] GROStepDefinition - Age : 25
[INFO ] 2023-08-23 12:39:11.295 [main] GROStepDefinition - Test Name :Hemogram (CBC with ESR)
[INFO ] 2023-08-23 12:44:02.516 [main] GROStepDefinition - Crelio Automation Script Run In :  MicrosoftEdge Browser
[INFO ] 2023-08-23 12:44:14.616 [main] GROStepDefinition - Patient ID : 1852
[INFO ] 2023-08-23 12:44:15.261 [main] GROStepDefinition - Select Patient Type : Direct
[INFO ] 2023-08-23 12:44:16.956 [main] GROStepDefinition - Patient Name :Hemogram (CBC with ESR)
[INFO ] 2023-08-23 12:44:17.607 [main] GROStepDefinition - Gender : Female
[INFO ] 2023-08-23 12:44:18.387 [main] GROStepDefinition - Age : 25
[INFO ] 2023-08-23 12:44:24.023 [main] GROStepDefinition - Test Name :Hemogram (CBC with ESR)
[INFO ] 2023-08-23 12:45:58.236 [main] GROStepDefinition - Crelio Automation Script Run In :  MicrosoftEdge Browser
[INFO ] 2023-08-23 12:46:11.597 [main] GROStepDefinition - Patient ID : 1853
[INFO ] 2023-08-23 12:46:12.289 [main] GROStepDefinition - Select Patient Type : Direct
[INFO ] 2023-08-23 12:46:14.395 [main] GROStepDefinition - Patient Name :Hemogram (CBC with ESR)
[INFO ] 2023-08-23 12:46:15.085 [main] GROStepDefinition - Gender : Female
[INFO ] 2023-08-23 12:46:15.928 [main] GROStepDefinition - Age : 25
[INFO ] 2023-08-23 12:46:31.125 [main] GROStepDefinition - Crelio Automation Script Run In :  MicrosoftEdge Browser
[INFO ] 2023-08-23 12:46:42.016 [main] GROStepDefinition - Patient ID : 1853
[INFO ] 2023-08-23 12:46:42.626 [main] GROStepDefinition - Select Patient Type : Direct
[INFO ] 2023-08-23 12:46:44.031 [main] GROStepDefinition - Patient Name :Hemogram (CBC with ESR)
[INFO ] 2023-08-23 12:46:44.693 [main] GROStepDefinition - Gender : Female
[INFO ] 2023-08-23 12:46:45.458 [main] GROStepDefinition - Age : 25
[INFO ] 2023-08-23 12:46:50.721 [main] GROStepDefinition - Test Name :Hemogram (CBC with ESR)
[INFO ] 2023-08-23 13:01:48.559 [main] GROStepDefinition - Crelio Automation Script Run In :  MicrosoftEdge Browser
[INFO ] 2023-08-23 13:01:58.984 [main] GROStepDefinition - Patient ID : 1856
[INFO ] 2023-08-23 13:01:59.641 [main] GROStepDefinition - Select Patient Type : Direct
[INFO ] 2023-08-23 13:02:01.322 [main] GROStepDefinition - Patient Name :Hemogram (CBC with ESR)
[INFO ] 2023-08-23 13:02:01.948 [main] GROStepDefinition - Gender : Female
[INFO ] 2023-08-23 13:02:02.742 [main] GROStepDefinition - Age : 25
[INFO ] 2023-08-23 13:02:07.871 [main] GROStepDefinition - Test Name :Hemogram (CBC with ESR)
[INFO ] 2023-08-23 13:02:27.576 [main] GROStepDefinition - Crelio Automation Script Run In :  MicrosoftEdge Browser
[INFO ] 2023-08-23 13:02:39.642 [main] GROStepDefinition - Patient ID : 1857
[INFO ] 2023-08-23 13:02:40.277 [main] GROStepDefinition - Select Patient Type : Direct
[INFO ] 2023-08-23 13:02:41.735 [main] GROStepDefinition - Patient Name :Hemogram (CBC with ESR)
[INFO ] 2023-08-23 13:02:42.380 [main] GROStepDefinition - Gender : Female
[INFO ] 2023-08-23 13:02:43.142 [main] GROStepDefinition - Age : 25
[INFO ] 2023-08-23 13:02:48.637 [main] GROStepDefinition - Test Name :Hemogram (CBC with ESR)
[INFO ] 2023-08-23 13:10:07.353 [main] GROStepDefinition - Crelio Automation Script Run In :  MicrosoftEdge Browser
[INFO ] 2023-08-23 13:13:17.715 [main] GROStepDefinition - Crelio Automation Script Run In :  MicrosoftEdge Browser
[INFO ] 2023-08-23 13:13:36.493 [main] GROStepDefinition - Patient ID : 1859
[INFO ] 2023-08-23 13:13:37.107 [main] GROStepDefinition - Select Patient Type : Direct
[INFO ] 2023-08-23 13:13:38.590 [main] GROStepDefinition - Patient Name :Hemogram (CBC with ESR)
[INFO ] 2023-08-23 13:13:39.239 [main] GROStepDefinition - Gender : Female
[INFO ] 2023-08-23 13:13:40.018 [main] GROStepDefinition - Age : 25
[INFO ] 2023-08-23 13:13:45.612 [main] GROStepDefinition - Test Name :Hemogram (CBC with ESR)
[INFO ] 2023-08-23 13:47:23.457 [main] GROStepDefinition - Crelio Automation Script Run In :  MicrosoftEdge Browser
[INFO ] 2023-08-23 13:47:35.084 [main] GROStepDefinition - Patient ID : 1862
[INFO ] 2023-08-23 13:47:48.924 [main] GROStepDefinition - Crelio Automation Script Run In :  MicrosoftEdge Browser
[INFO ] 2023-08-23 13:48:00.423 [main] GROStepDefinition - Patient ID : 1862
[INFO ] 2023-08-23 13:48:00.995 [main] GROStepDefinition - Select Patient Type : Direct
[INFO ] 2023-08-23 13:48:02.571 [main] GROStepDefinition - Patient Name :Hemogram (CBC with ESR)
[INFO ] 2023-08-23 13:48:03.170 [main] GROStepDefinition - Gender : Female
[INFO ] 2023-08-23 13:48:03.899 [main] GROStepDefinition - Age : 25
[INFO ] 2023-08-23 13:48:09.051 [main] GROStepDefinition - Test Name :Hemogram (CBC with ESR)
[INFO ] 2023-08-23 13:50:32.570 [main] GROStepDefinition - Crelio Automation Script Run In :  MicrosoftEdge Browser
[INFO ] 2023-08-23 13:50:45.908 [main] GROStepDefinition - Patient ID : 1863
[INFO ] 2023-08-23 13:50:46.477 [main] GROStepDefinition - Select Patient Type : Direct
[INFO ] 2023-08-23 13:50:48.169 [main] GROStepDefinition - Patient Name :Hemogram (CBC with ESR)
[INFO ] 2023-08-23 13:50:48.764 [main] GROStepDefinition - Gender : Female
[INFO ] 2023-08-23 13:50:49.476 [main] GROStepDefinition - Age : 25
[INFO ] 2023-08-23 13:50:54.641 [main] GROStepDefinition - Test Name :Hemogram (CBC with ESR)
[INFO ] 2023-08-23 13:50:58.613 [main] GROStepDefinition - Amount : ₱ 350
[INFO ] 2023-08-23 13:51:15.697 [main] GROStepDefinition - Crelio Automation Script Run In :  MicrosoftEdge Browser
[INFO ] 2023-08-23 13:51:27.366 [main] GROStepDefinition - Patient ID : 1864
[INFO ] 2023-08-23 13:51:40.343 [main] GROStepDefinition - Crelio Automation Script Run In :  MicrosoftEdge Browser
[INFO ] 2023-08-23 13:51:51.872 [main] GROStepDefinition - Patient ID : 1864
[INFO ] 2023-08-23 13:52:13.963 [main] GROStepDefinition - Crelio Automation Script Run In :  MicrosoftEdge Browser
[INFO ] 2023-08-23 13:52:26.220 [main] GROStepDefinition - Patient ID : 1864
[INFO ] 2023-08-23 13:52:26.823 [main] GROStepDefinition - Select Patient Type : Direct
[INFO ] 2023-08-23 13:52:28.435 [main] GROStepDefinition - Patient Name :Hemogram (CBC with ESR)
[INFO ] 2023-08-23 13:52:29.023 [main] GROStepDefinition - Gender : Female
[INFO ] 2023-08-23 13:52:29.756 [main] GROStepDefinition - Age : 25
[INFO ] 2023-08-23 13:52:34.934 [main] GROStepDefinition - Test Name :Hemogram (CBC with ESR)
[INFO ] 2023-08-23 13:52:37.894 [main] GROStepDefinition - Amount : ₱ 350
[INFO ] 2023-08-23 13:55:20.407 [main] GROStepDefinition - Crelio Automation Script Run In :  MicrosoftEdge Browser
[INFO ] 2023-08-23 13:55:33.856 [main] GROStepDefinition - Patient ID : 1865
[INFO ] 2023-08-23 13:56:01.356 [main] GROStepDefinition - Crelio Automation Script Run In :  MicrosoftEdge Browser
[INFO ] 2023-08-23 13:56:13.937 [main] GROStepDefinition - Patient ID : 1865
[INFO ] 2023-08-23 13:56:14.508 [main] GROStepDefinition - Select Patient Type : Direct
[INFO ] 2023-08-23 13:56:15.851 [main] GROStepDefinition - Patient Name :Hemogram (CBC with ESR)
[INFO ] 2023-08-23 13:56:16.446 [main] GROStepDefinition - Gender : Female
[INFO ] 2023-08-23 13:56:17.168 [main] GROStepDefinition - Age : 25
[INFO ] 2023-08-23 13:56:32.222 [main] GROStepDefinition - Crelio Automation Script Run In :  MicrosoftEdge Browser
[INFO ] 2023-08-23 13:56:44.622 [main] GROStepDefinition - Patient ID : 1865
[INFO ] 2023-08-23 13:57:03.334 [main] GROStepDefinition - Crelio Automation Script Run In :  MicrosoftEdge Browser
[INFO ] 2023-08-23 13:57:15.241 [main] GROStepDefinition - Patient ID : 1865
[INFO ] 2023-08-23 13:57:35.828 [main] GROStepDefinition - Crelio Automation Script Run In :  Chrome Browser
[INFO ] 2023-08-23 13:58:01.513 [main] GROStepDefinition - Crelio Automation Script Run In :  Firefox Browser
[INFO ] 2023-08-23 13:58:22.322 [main] GROStepDefinition - Crelio Automation Script Run In :  MicrosoftEdge Browser
[INFO ] 2023-08-23 13:58:33.713 [main] GROStepDefinition - Patient ID : 1865
[INFO ] 2023-08-23 13:59:06.096 [main] GROStepDefinition - Crelio Automation Script Run In :  MicrosoftEdge Browser
[INFO ] 2023-08-23 13:59:17.626 [main] GROStepDefinition - Patient ID : 1865
[INFO ] 2023-08-23 13:59:54.417 [main] GROStepDefinition - Crelio Automation Script Run In :  MicrosoftEdge Browser
[INFO ] 2023-08-23 14:00:06.091 [main] GROStepDefinition - Patient ID : 1865
[INFO ] 2023-08-23 14:00:06.701 [main] GROStepDefinition - Select Patient Type : Direct
[INFO ] 2023-08-23 14:00:08.190 [main] GROStepDefinition - Patient Name :Hemogram (CBC with ESR)
[INFO ] 2023-08-23 14:00:08.799 [main] GROStepDefinition - Gender : Female
[INFO ] 2023-08-23 14:00:09.535 [main] GROStepDefinition - Age : 25
[INFO ] 2023-08-23 14:00:28.005 [main] GROStepDefinition - Crelio Automation Script Run In :  MicrosoftEdge Browser
[INFO ] 2023-08-23 14:00:41.012 [main] GROStepDefinition - Patient ID : 1865
[INFO ] 2023-08-23 14:00:41.595 [main] GROStepDefinition - Select Patient Type : Direct
[INFO ] 2023-08-23 14:00:43.118 [main] GROStepDefinition - Patient Name :Hemogram (CBC with ESR)
[INFO ] 2023-08-23 14:00:43.716 [main] GROStepDefinition - Gender : Female
[INFO ] 2023-08-23 14:00:44.444 [main] GROStepDefinition - Age : 25
[INFO ] 2023-08-23 14:00:49.646 [main] GROStepDefinition - Test Name :Hemogram (CBC with ESR)
[INFO ] 2023-08-23 14:00:52.634 [main] GROStepDefinition - Amount : ₱ 350
[INFO ] 2023-08-23 14:01:06.396 [main] GROStepDefinition - Patient ID : 1866
[INFO ] 2023-08-23 14:01:06.952 [main] GROStepDefinition - Select Patient Type : Direct
[INFO ] 2023-08-23 14:01:08.197 [main] GROStepDefinition - Patient Name :Albumin 24 hr Urine
[INFO ] 2023-08-23 14:01:08.789 [main] GROStepDefinition - Gender : Female
[INFO ] 2023-08-23 14:01:09.504 [main] GROStepDefinition - Age : 25
[INFO ] 2023-08-23 14:01:14.695 [main] GROStepDefinition - Test Name :Albumin 24 hr Urine
[INFO ] 2023-08-23 14:01:17.598 [main] GROStepDefinition - Amount : ₱ 0
[INFO ] 2023-08-23 14:01:31.360 [main] GROStepDefinition - Patient ID : 1867
[INFO ] 2023-08-23 14:01:31.943 [main] GROStepDefinition - Select Patient Type : Direct
[INFO ] 2023-08-23 14:01:33.133 [main] GROStepDefinition - Patient Name :Neutrophils Count
[INFO ] 2023-08-23 14:01:33.729 [main] GROStepDefinition - Gender : Female
[INFO ] 2023-08-23 14:01:34.481 [main] GROStepDefinition - Age : 25
[INFO ] 2023-08-23 14:01:39.562 [main] GROStepDefinition - Test Name :Neutrophils Count
[INFO ] 2023-08-23 14:01:42.467 [main] GROStepDefinition - Amount : ₱ 265
[INFO ] 2023-08-23 14:01:56.241 [main] GROStepDefinition - Patient ID : 1868
[INFO ] 2023-08-23 14:01:56.802 [main] GROStepDefinition - Select Patient Type : Direct
[INFO ] 2023-08-23 14:01:57.793 [main] GROStepDefinition - Patient Name :Eosinophil
[INFO ] 2023-08-23 14:01:58.371 [main] GROStepDefinition - Gender : Female
[INFO ] 2023-08-23 14:01:59.109 [main] GROStepDefinition - Age : 25
[INFO ] 2023-08-23 14:02:04.103 [main] GROStepDefinition - Test Name :Eosinophil
[INFO ] 2023-08-23 14:02:07.007 [main] GROStepDefinition - Amount : ₱ 265
[INFO ] 2023-08-23 14:02:20.764 [main] GROStepDefinition - Patient ID : 1869
[INFO ] 2023-08-23 14:02:21.315 [main] GROStepDefinition - Select Patient Type : Direct
[INFO ] 2023-08-23 14:02:22.388 [main] GROStepDefinition - Patient Name :Monocyte Count
[INFO ] 2023-08-23 14:02:22.980 [main] GROStepDefinition - Gender : Female
[INFO ] 2023-08-23 14:02:23.725 [main] GROStepDefinition - Age : 25
[INFO ] 2023-08-23 14:02:28.744 [main] GROStepDefinition - Test Name :Monocyte Count
[INFO ] 2023-08-23 14:02:31.676 [main] GROStepDefinition - Amount : ₱ 265
[INFO ] 2023-08-23 14:02:45.438 [main] GROStepDefinition - Patient ID : 1870
[INFO ] 2023-08-23 14:02:45.999 [main] GROStepDefinition - Select Patient Type : Direct
[INFO ] 2023-08-23 14:02:46.947 [main] GROStepDefinition - Patient Name :Lymphocyte
[INFO ] 2023-08-23 14:02:47.532 [main] GROStepDefinition - Gender : Female
[INFO ] 2023-08-23 14:02:48.279 [main] GROStepDefinition - Age : 25
[INFO ] 2023-08-23 14:02:53.243 [main] GROStepDefinition - Test Name :Lymphocyte
[INFO ] 2023-08-23 14:02:56.141 [main] GROStepDefinition - Amount : ₱ 265
[INFO ] 2023-08-23 14:05:58.103 [main] GROStepDefinition - Crelio Automation Script Run In :  MicrosoftEdge Browser
[INFO ] 2023-08-23 14:06:08.765 [main] GROStepDefinition - Patient ID : 1871
[INFO ] 2023-08-23 14:06:40.694 [main] GROStepDefinition - Crelio Automation Script Run In :  MicrosoftEdge Browser
[INFO ] 2023-08-23 14:06:53.099 [main] GROStepDefinition - Patient ID : 1871
[INFO ] 2023-08-23 14:06:53.683 [main] GROStepDefinition - Select Patient Type : Direct
[INFO ] 2023-08-23 14:06:55.079 [main] GROStepDefinition - Patient Name :Absolute Basophils Count
[INFO ] 2023-08-23 14:06:55.688 [main] GROStepDefinition - Gender : Female
[INFO ] 2023-08-23 14:06:56.417 [main] GROStepDefinition - Age : 25
[INFO ] 2023-08-23 14:07:01.657 [main] GROStepDefinition - Test Name :Absolute Basophils Count
[INFO ] 2023-08-23 14:07:04.650 [main] GROStepDefinition - Amount : ₱ 265
[INFO ] 2023-08-23 14:07:19.443 [main] GROStepDefinition - Patient ID : 1872
[INFO ] 2023-08-23 14:07:20.013 [main] GROStepDefinition - Select Patient Type : Direct
[INFO ] 2023-08-23 14:07:21.411 [main] GROStepDefinition - Patient Name :Thyroid Screening Panel
[INFO ] 2023-08-23 14:07:22.011 [main] GROStepDefinition - Gender : Female
[INFO ] 2023-08-23 14:07:22.751 [main] GROStepDefinition - Age : 25
[INFO ] 2023-08-23 14:07:27.949 [main] GROStepDefinition - Test Name :Thyroid Screening Panel
[INFO ] 2023-08-23 14:07:30.875 [main] GROStepDefinition - Amount : ₱ 1,750
[INFO ] 2023-08-23 14:07:45.642 [main] GROStepDefinition - Patient ID : 1873
[INFO ] 2023-08-23 14:07:46.209 [main] GROStepDefinition - Select Patient Type : Direct
[INFO ] 2023-08-23 14:07:47.362 [main] GROStepDefinition - Patient Name :Thyroid Panel II
[INFO ] 2023-08-23 14:07:47.952 [main] GROStepDefinition - Gender : Female
[INFO ] 2023-08-23 14:07:48.745 [main] GROStepDefinition - Age : 25
[INFO ] 2023-08-23 14:07:53.816 [main] GROStepDefinition - Test Name :Thyroid Panel II
[INFO ] 2023-08-23 14:07:56.726 [main] GROStepDefinition - Amount : ₱ 1,000
[INFO ] 2023-08-23 14:08:11.573 [main] GROStepDefinition - Patient ID : 1874
[INFO ] 2023-08-23 14:08:12.134 [main] GROStepDefinition - Select Patient Type : Direct
[INFO ] 2023-08-23 14:08:13.160 [main] GROStepDefinition - Patient Name :Thyroid Panel
[INFO ] 2023-08-23 14:08:13.754 [main] GROStepDefinition - Gender : Female
[INFO ] 2023-08-23 14:08:14.514 [main] GROStepDefinition - Age : 25
[INFO ] 2023-08-23 14:08:19.536 [main] GROStepDefinition - Test Name :Thyroid Panel
[INFO ] 2023-08-23 14:08:22.441 [main] GROStepDefinition - Amount : ₱ 550
[INFO ] 2023-08-23 14:08:37.223 [main] GROStepDefinition - Patient ID : 1875
[INFO ] 2023-08-23 14:08:37.799 [main] GROStepDefinition - Select Patient Type : Direct
[INFO ] 2023-08-23 14:08:39.607 [main] GROStepDefinition - Patient Name :Drugs of Abuse screen- 10 Drug Panel
[INFO ] 2023-08-23 14:08:40.202 [main] GROStepDefinition - Gender : Female
[INFO ] 2023-08-23 14:08:40.956 [main] GROStepDefinition - Age : 25
[INFO ] 2023-08-23 14:08:46.259 [main] GROStepDefinition - Test Name :Drugs of Abuse screen- 10 Drug Panel
[INFO ] 2023-08-23 14:08:49.189 [main] GROStepDefinition - Amount : ₱ 9,000
[INFO ] 2023-08-23 14:09:04.054 [main] GROStepDefinition - Patient ID : 1876
[INFO ] 2023-08-23 14:09:04.642 [main] GROStepDefinition - Select Patient Type : Direct
[INFO ] 2023-08-23 14:09:05.628 [main] GROStepDefinition - Patient Name :INSULIN- PP
[INFO ] 2023-08-23 14:09:06.221 [main] GROStepDefinition - Gender : Female
[INFO ] 2023-08-23 14:09:06.976 [main] GROStepDefinition - Age : 25
[INFO ] 2023-08-23 14:09:11.964 [main] GROStepDefinition - Test Name :INSULIN- PP
[INFO ] 2023-08-23 14:09:14.887 [main] GROStepDefinition - Amount : ₱ 1,400
[INFO ] 2023-08-23 14:09:29.821 [main] GROStepDefinition - Patient ID : 1877
[INFO ] 2023-08-23 14:09:30.382 [main] GROStepDefinition - Select Patient Type : Direct
[INFO ] 2023-08-23 14:09:31.822 [main] GROStepDefinition - Patient Name :Absolute Neutrophils Count
[INFO ] 2023-08-23 14:09:32.415 [main] GROStepDefinition - Gender : Female
[INFO ] 2023-08-23 14:09:33.157 [main] GROStepDefinition - Age : 25
[INFO ] 2023-08-23 14:09:38.360 [main] GROStepDefinition - Test Name :Absolute Neutrophils Count
[INFO ] 2023-08-23 14:09:41.321 [main] GROStepDefinition - Amount : ₱ 265
[INFO ] 2023-08-23 14:09:56.102 [main] GROStepDefinition - Patient ID : 1878
[INFO ] 2023-08-23 14:09:56.690 [main] GROStepDefinition - Select Patient Type : Direct
[INFO ] 2023-08-23 14:09:57.949 [main] GROStepDefinition - Patient Name :Creatinine in Urine
[INFO ] 2023-08-23 14:09:58.528 [main] GROStepDefinition - Gender : Female
[INFO ] 2023-08-23 14:09:59.290 [main] GROStepDefinition - Age : 25
[INFO ] 2023-08-23 14:10:04.378 [main] GROStepDefinition - Test Name :Creatinine in Urine
[INFO ] 2023-08-23 14:10:07.303 [main] GROStepDefinition - Amount : ₱ 0
[INFO ] 2023-08-23 15:25:29.146 [main] GROStepDefinition - Crelio Automation Script Run In :  MicrosoftEdge Browser
[INFO ] 2023-08-23 15:26:18.739 [main] GROStepDefinition - Crelio Automation Script Run In :  MicrosoftEdge Browser
[INFO ] 2023-08-23 15:26:30.955 [main] GROStepDefinition - Patient ID : 1882
[INFO ] 2023-08-23 15:26:31.523 [main] GROStepDefinition - Select Patient Type : Direct
[INFO ] 2023-08-23 15:26:32.583 [main] GROStepDefinition - Patient Name :Urea in Urine
[INFO ] 2023-08-23 15:26:33.168 [main] GROStepDefinition - Gender : Female
[INFO ] 2023-08-23 15:26:33.905 [main] GROStepDefinition - Age : 25
[INFO ] 2023-08-23 15:26:38.992 [main] GROStepDefinition - Test Name :Urea in Urine
[INFO ] 2023-08-23 15:27:07.256 [main] GROStepDefinition - Crelio Automation Script Run In :  MicrosoftEdge Browser
[INFO ] 2023-08-23 15:27:20.167 [main] GROStepDefinition - Patient ID : 1883
[INFO ] 2023-08-23 15:27:40.874 [main] GROStepDefinition - Crelio Automation Script Run In :  MicrosoftEdge Browser
[INFO ] 2023-08-23 15:27:53.712 [main] GROStepDefinition - Patient ID : 1883
[INFO ] 2023-08-23 15:27:54.292 [main] GROStepDefinition - Select Patient Type : Direct
[INFO ] 2023-08-23 15:27:55.411 [main] GROStepDefinition - Patient Name :Urea in Urine
[INFO ] 2023-08-23 15:27:56.013 [main] GROStepDefinition - Gender : Female
[INFO ] 2023-08-23 15:27:56.768 [main] GROStepDefinition - Age : 25
[INFO ] 2023-08-23 15:28:01.882 [main] GROStepDefinition - Test Name :Urea in Urine
[INFO ] 2023-08-23 15:28:31.023 [main] GROStepDefinition - Crelio Automation Script Run In :  MicrosoftEdge Browser
[INFO ] 2023-08-23 15:28:47.678 [main] GROStepDefinition - Patient ID : 1885
[INFO ] 2023-08-23 15:28:48.254 [main] GROStepDefinition - Select Patient Type : Direct
[INFO ] 2023-08-23 15:28:49.318 [main] GROStepDefinition - Patient Name :Urea in Urine
[INFO ] 2023-08-23 15:28:49.921 [main] GROStepDefinition - Gender : Female
[INFO ] 2023-08-23 15:28:50.656 [main] GROStepDefinition - Age : 25
[INFO ] 2023-08-23 15:28:55.781 [main] GROStepDefinition - Test Name :Urea in Urine
[INFO ] 2023-08-23 15:29:40.153 [main] GROStepDefinition - Crelio Automation Script Run In :  MicrosoftEdge Browser
[INFO ] 2023-08-23 15:29:52.763 [main] GROStepDefinition - Patient ID : 1886
[INFO ] 2023-08-23 15:29:53.348 [main] GROStepDefinition - Select Patient Type : Direct
[INFO ] 2023-08-23 15:29:54.378 [main] GROStepDefinition - Patient Name :Urea in Urine
[INFO ] 2023-08-23 15:29:54.968 [main] GROStepDefinition - Gender : Female
[INFO ] 2023-08-23 15:29:55.694 [main] GROStepDefinition - Age : 25
[INFO ] 2023-08-23 15:30:00.760 [main] GROStepDefinition - Test Name :Urea in Urine
[INFO ] 2023-08-23 15:30:35.914 [main] GROStepDefinition - Crelio Automation Script Run In :  MicrosoftEdge Browser
[INFO ] 2023-08-23 15:30:48.182 [main] GROStepDefinition - Patient ID : 1887
[INFO ] 2023-08-23 15:30:48.752 [main] GROStepDefinition - Select Patient Type : Direct
[INFO ] 2023-08-23 15:30:49.768 [main] GROStepDefinition - Patient Name :Albumin CSF
[INFO ] 2023-08-23 15:30:50.357 [main] GROStepDefinition - Gender : Female
[INFO ] 2023-08-23 15:30:51.089 [main] GROStepDefinition - Age : 25
[INFO ] 2023-08-23 15:30:56.167 [main] GROStepDefinition - Test Name :Albumin CSF
[INFO ] 2023-08-23 15:30:59.656 [main] GROStepDefinition - Amount : ₱ 0
[INFO ] 2023-08-23 15:31:35.137 [main] GROStepDefinition - Crelio Automation Script Run In :  MicrosoftEdge Browser
[INFO ] 2023-08-23 15:31:47.482 [main] GROStepDefinition - Patient ID : 1888
[INFO ] 2023-08-23 15:31:48.055 [main] GROStepDefinition - Select Patient Type : Direct
[INFO ] 2023-08-23 15:31:49.183 [main] GROStepDefinition - Patient Name :Basophils Count
[INFO ] 2023-08-23 15:31:49.793 [main] GROStepDefinition - Gender : Female
[INFO ] 2023-08-23 15:31:50.524 [main] GROStepDefinition - Age : 25
[INFO ] 2023-08-23 15:31:55.651 [main] GROStepDefinition - Test Name :Basophils Count
[INFO ] 2023-08-23 15:31:59.130 [main] GROStepDefinition - Amount : ₱ 265
[INFO ] 2023-08-23 15:32:13.918 [main] GROStepDefinition - Patient ID : 1889
[INFO ] 2023-08-23 15:32:14.482 [main] GROStepDefinition - Select Patient Type : Direct
[INFO ] 2023-08-23 15:32:15.936 [main] GROStepDefinition - Patient Name :Absolute Eosinophils Count
[INFO ] 2023-08-23 15:32:16.525 [main] GROStepDefinition - Gender : Female
[INFO ] 2023-08-23 15:32:17.241 [main] GROStepDefinition - Age : 25
[INFO ] 2023-08-23 15:32:22.465 [main] GROStepDefinition - Test Name :Absolute Eosinophils Count
[INFO ] 2023-08-23 15:32:25.874 [main] GROStepDefinition - Amount : ₱ 265
[INFO ] 2023-08-23 15:32:40.579 [main] GROStepDefinition - Patient ID : 1890
[INFO ] 2023-08-23 15:32:41.150 [main] GROStepDefinition - Select Patient Type : Direct
[INFO ] 2023-08-23 15:32:43.159 [main] GROStepDefinition - Patient Name :Mean Cell Haemoglobin Concentration (MCHC)
[INFO ] 2023-08-23 15:32:43.771 [main] GROStepDefinition - Gender : Female
[INFO ] 2023-08-23 15:32:44.515 [main] GROStepDefinition - Age : 25
[INFO ] 2023-08-23 15:32:49.958 [main] GROStepDefinition - Test Name :Mean Cell Haemoglobin Concentration (MCHC)
[INFO ] 2023-08-23 15:32:53.353 [main] GROStepDefinition - Amount : ₱ 265
[INFO ] 2023-08-23 15:33:08.111 [main] GROStepDefinition - Patient ID : 1891
[INFO ] 2023-08-23 15:33:08.671 [main] GROStepDefinition - Select Patient Type : Direct
[INFO ] 2023-08-23 15:33:10.136 [main] GROStepDefinition - Patient Name :Mean Cell Haemoglobin (MCH)
[INFO ] 2023-08-23 15:33:10.718 [main] GROStepDefinition - Gender : Female
[INFO ] 2023-08-23 15:33:11.442 [main] GROStepDefinition - Age : 25
[INFO ] 2023-08-23 15:33:16.710 [main] GROStepDefinition - Test Name :Mean Cell Haemoglobin (MCH)
[INFO ] 2023-08-23 15:33:20.108 [main] GROStepDefinition - Amount : ₱ 265
[INFO ] 2023-08-23 15:33:34.854 [main] GROStepDefinition - Patient ID : 1892
[INFO ] 2023-08-23 15:33:35.416 [main] GROStepDefinition - Select Patient Type : Direct
[INFO ] 2023-08-23 15:33:36.735 [main] GROStepDefinition - Patient Name :Mean Cell Volume (MCV)
[INFO ] 2023-08-23 15:33:37.322 [main] GROStepDefinition - Gender : Female
[INFO ] 2023-08-23 15:33:38.041 [main] GROStepDefinition - Age : 25
[INFO ] 2023-08-23 15:33:43.188 [main] GROStepDefinition - Test Name :Mean Cell Volume (MCV)
[INFO ] 2023-08-23 15:33:46.574 [main] GROStepDefinition - Amount : ₱ 265
[INFO ] 2023-08-23 15:34:49.926 [main] GROStepDefinition - Crelio Automation Script Run In :  MicrosoftEdge Browser
[INFO ] 2023-08-23 15:35:04.052 [main] GROStepDefinition - Patient ID : 1893
[INFO ] 2023-08-23 15:35:04.627 [main] GROStepDefinition - Select Patient Type : Direct
[INFO ] 2023-08-23 15:35:06.060 [main] GROStepDefinition - Patient Name :Absolute Monocytes Count
[INFO ] 2023-08-23 15:35:06.653 [main] GROStepDefinition - Gender : Female
[INFO ] 2023-08-23 15:35:07.375 [main] GROStepDefinition - Age : 25
[INFO ] 2023-08-23 15:35:12.647 [main] GROStepDefinition - Test Name :Absolute Monocytes Count
[INFO ] 2023-08-23 15:35:16.128 [main] GROStepDefinition - Amount : ₱ 265
[INFO ] 2023-08-23 15:35:30.892 [main] GROStepDefinition - Patient ID : 1894
[INFO ] 2023-08-23 15:35:31.457 [main] GROStepDefinition - Select Patient Type : Direct
[INFO ] 2023-08-23 15:35:32.862 [main] GROStepDefinition - Patient Name :Mean platelet Volume (MPV)
[INFO ] 2023-08-23 15:35:33.454 [main] GROStepDefinition - Gender : Female
[INFO ] 2023-08-23 15:35:34.161 [main] GROStepDefinition - Age : 25
[INFO ] 2023-08-23 15:35:39.431 [main] GROStepDefinition - Test Name :Mean platelet Volume (MPV)
[INFO ] 2023-08-23 15:35:42.817 [main] GROStepDefinition - Amount : ₱ 265
[INFO ] 2023-08-23 15:45:21.366 [main] GROStepDefinition - Crelio Automation Script Run In :  MicrosoftEdge Browser
[INFO ] 2023-08-23 15:45:33.296 [main] GROStepDefinition - Patient ID : 1896
[INFO ] 2023-08-23 15:45:33.901 [main] GROStepDefinition - Select Patient Type : Direct
[INFO ] 2023-08-23 15:45:35.370 [main] GROStepDefinition - Patient Name :HDL/LDL Cholesterol Ratio
[INFO ] 2023-08-23 15:45:35.963 [main] GROStepDefinition - Gender : Female
[INFO ] 2023-08-23 15:45:36.717 [main] GROStepDefinition - Age : 25
[INFO ] 2023-08-23 15:45:41.948 [main] GROStepDefinition - Test Name :HDL/LDL Cholesterol Ratio
[INFO ] 2023-08-23 15:45:45.436 [main] GROStepDefinition - Amount : ₱ 0
[INFO ] 2023-08-23 15:46:00.258 [main] GROStepDefinition - Patient ID : 1897
[INFO ] 2023-08-23 15:46:00.821 [main] GROStepDefinition - Select Patient Type : Direct
[INFO ] 2023-08-23 15:46:01.860 [main] GROStepDefinition - Patient Name :AST/ALT Ratio
[INFO ] 2023-08-23 15:46:02.450 [main] GROStepDefinition - Gender : Female
[INFO ] 2023-08-23 15:46:03.169 [main] GROStepDefinition - Age : 25
[INFO ] 2023-08-23 15:46:08.213 [main] GROStepDefinition - Test Name :AST/ALT Ratio
[INFO ] 2023-08-23 15:46:11.657 [main] GROStepDefinition - Amount : ₱ 0
[INFO ] 2023-08-23 15:46:48.773 [main] GROStepDefinition - Crelio Automation Script Run In :  MicrosoftEdge Browser
[INFO ] 2023-08-23 15:47:03.260 [main] GROStepDefinition - Patient ID : 1898
[INFO ] 2023-08-23 15:47:03.854 [main] GROStepDefinition - Select Patient Type : Direct
[INFO ] 2023-08-23 15:47:05.124 [main] GROStepDefinition - Patient Name :In-Direct Bilirubin
[INFO ] 2023-08-23 15:47:05.725 [main] GROStepDefinition - Gender : Female
[INFO ] 2023-08-23 15:47:06.458 [main] GROStepDefinition - Age : 25
[INFO ] 2023-08-23 15:47:11.658 [main] GROStepDefinition - Test Name :In-Direct Bilirubin
[INFO ] 2023-08-23 15:47:15.160 [main] GROStepDefinition - Amount : ₱ 240
[INFO ] 2023-08-23 15:47:29.930 [main] GROStepDefinition - Patient ID : 1899
[INFO ] 2023-08-23 15:47:30.499 [main] GROStepDefinition - Select Patient Type : Direct
[INFO ] 2023-08-23 15:47:36.028 [main] GROStepDefinition - Patient Name :Albumin / Globulin Ration (A:G Ratio)
[INFO ] 2023-08-23 15:47:36.635 [main] GROStepDefinition - Gender : Female
[INFO ] 2023-08-23 15:47:37.381 [main] GROStepDefinition - Age : 25
[INFO ] 2023-08-23 15:48:09.277 [main] GROStepDefinition - Crelio Automation Script Run In :  MicrosoftEdge Browser
[INFO ] 2023-08-23 15:48:21.159 [main] GROStepDefinition - Patient ID : 1899
[INFO ] 2023-08-23 15:48:21.745 [main] GROStepDefinition - Select Patient Type : Direct
[INFO ] 2023-08-23 15:48:22.888 [main] GROStepDefinition - Patient Name :Amphetamine(AMP)
[INFO ] 2023-08-23 15:48:23.488 [main] GROStepDefinition - Gender : Female
[INFO ] 2023-08-23 15:48:24.234 [main] GROStepDefinition - Age : 25
[INFO ] 2023-08-23 15:48:29.358 [main] GROStepDefinition - Test Name :Amphetamine(AMP)
[INFO ] 2023-08-23 15:48:32.856 [main] GROStepDefinition - Amount : ₱ 0
[INFO ] 2023-08-23 15:48:47.585 [main] GROStepDefinition - Patient ID : 1900
[INFO ] 2023-08-23 15:48:48.155 [main] GROStepDefinition - Select Patient Type : Direct
[INFO ] 2023-08-23 15:48:49.035 [main] GROStepDefinition - Patient Name :Globulin
[INFO ] 2023-08-23 15:48:49.621 [main] GROStepDefinition - Gender : Female
[INFO ] 2023-08-23 15:48:50.363 [main] GROStepDefinition - Age : 25
[INFO ] 2023-08-23 15:48:55.351 [main] GROStepDefinition - Test Name :Globulin
[INFO ] 2023-08-23 15:48:58.751 [main] GROStepDefinition - Amount : ₱ 0
[INFO ] 2023-08-23 15:49:31.443 [main] GROStepDefinition - Crelio Automation Script Run In :  MicrosoftEdge Browser
[INFO ] 2023-08-23 15:49:45.247 [main] GROStepDefinition - Patient ID : 1902
[INFO ] 2023-08-23 15:49:45.858 [main] GROStepDefinition - Select Patient Type : Direct
[INFO ] 2023-08-23 15:49:47.179 [main] GROStepDefinition - Patient Name :BUN/Creatinine Ratio
[INFO ] 2023-08-23 15:49:47.783 [main] GROStepDefinition - Gender : Female
[INFO ] 2023-08-23 15:49:48.530 [main] GROStepDefinition - Age : 25
[INFO ] 2023-08-23 15:49:53.739 [main] GROStepDefinition - Test Name :BUN/Creatinine Ratio
[INFO ] 2023-08-23 15:49:57.216 [main] GROStepDefinition - Amount : ₱ 0
[INFO ] 2023-08-23 15:50:11.959 [main] GROStepDefinition - Patient ID : 1903
[INFO ] 2023-08-23 15:50:12.533 [main] GROStepDefinition - Select Patient Type : Direct
[INFO ] 2023-08-23 15:50:14.383 [main] GROStepDefinition - Patient Name :VLDL - Very Low Density Lipoprotein
[INFO ] 2023-08-23 15:50:14.978 [main] GROStepDefinition - Gender : Female
[INFO ] 2023-08-23 15:50:15.696 [main] GROStepDefinition - Age : 25
[INFO ] 2023-08-23 15:50:21.105 [main] GROStepDefinition - Test Name :VLDL - Very Low Density Lipoprotein
[INFO ] 2023-08-23 15:50:24.508 [main] GROStepDefinition - Amount : ₱ 0
[INFO ] 2023-08-23 15:50:39.210 [main] GROStepDefinition - Patient ID : 1904
[INFO ] 2023-08-23 15:50:39.783 [main] GROStepDefinition - Select Patient Type : Direct
[INFO ] 2023-08-23 15:50:40.698 [main] GROStepDefinition - Patient Name :Torch IgG
[INFO ] 2023-08-23 15:50:41.283 [main] GROStepDefinition - Gender : Female
[INFO ] 2023-08-23 15:50:42.022 [main] GROStepDefinition - Age : 25
[INFO ] 2023-08-23 15:50:47.000 [main] GROStepDefinition - Test Name :Torch IgG
[INFO ] 2023-08-23 15:50:50.460 [main] GROStepDefinition - Amount : ₱ 0
[INFO ] 2023-08-23 15:52:06.530 [main] GROStepDefinition - Crelio Automation Script Run In :  MicrosoftEdge Browser
[INFO ] 2023-08-23 15:52:32.365 [main] GROStepDefinition - Crelio Automation Script Run In :  MicrosoftEdge Browser
[INFO ] 2023-08-23 15:53:24.564 [main] GROStepDefinition - Crelio Automation Script Run In :  MicrosoftEdge Browser
[INFO ] 2023-08-23 15:53:40.129 [main] GROStepDefinition - Patient ID : 1905
[INFO ] 2023-08-23 15:53:40.708 [main] GROStepDefinition - Select Patient Type : Direct
[INFO ] 2023-08-23 15:53:42.114 [main] GROStepDefinition - Patient Name :Glucose in 24 hr Urine
[INFO ] 2023-08-23 15:53:42.709 [main] GROStepDefinition - Gender : Female
[INFO ] 2023-08-23 15:53:43.444 [main] GROStepDefinition - Age : 25
[INFO ] 2023-08-23 15:53:48.676 [main] GROStepDefinition - Test Name :Glucose in 24 hr Urine
[INFO ] 2023-08-23 15:53:52.156 [main] GROStepDefinition - Amount : ₱ 0
[INFO ] 2023-08-23 15:54:07.277 [main] GROStepDefinition - Patient ID : 1906
[INFO ] 2023-08-23 15:54:07.851 [main] GROStepDefinition - Select Patient Type : Direct
[INFO ] 2023-08-23 15:54:08.855 [main] GROStepDefinition - Patient Name :Opiates(OPI)
[INFO ] 2023-08-23 15:54:09.446 [main] GROStepDefinition - Gender : Female
[INFO ] 2023-08-23 15:54:10.163 [main] GROStepDefinition - Age : 25
[INFO ] 2023-08-23 15:54:15.190 [main] GROStepDefinition - Test Name :Opiates(OPI)
[INFO ] 2023-08-23 15:54:18.622 [main] GROStepDefinition - Amount : ₱ 0
[INFO ] 2023-08-23 16:02:30.635 [main] GROStepDefinition - Crelio Automation Script Run In :  MicrosoftEdge Browser
[INFO ] 2023-08-23 16:02:42.608 [main] GROStepDefinition - Patient ID : 1908
[INFO ] 2023-08-23 16:02:52.549 [main] GROStepDefinition - Crelio Automation Script Run In :  MicrosoftEdge Browser
[INFO ] 2023-08-23 16:03:20.746 [main] GROStepDefinition - Crelio Automation Script Run In :  MicrosoftEdge Browser
[INFO ] 2023-08-23 16:03:33.502 [main] GROStepDefinition - Patient ID : 1908
[INFO ] 2023-08-23 16:03:45.755 [main] GROStepDefinition - Crelio Automation Script Run In :  MicrosoftEdge Browser
[INFO ] 2023-08-23 16:03:58.839 [main] GROStepDefinition - Patient ID : 1908
[INFO ] 2023-08-23 16:04:10.375 [main] GROStepDefinition - Crelio Automation Script Run In :  MicrosoftEdge Browser
[INFO ] 2023-08-23 16:04:31.582 [main] GROStepDefinition - Crelio Automation Script Run In :  MicrosoftEdge Browser
[INFO ] 2023-08-23 16:04:43.921 [main] GROStepDefinition - Patient ID : 1908
[INFO ] 2023-08-23 16:04:57.433 [main] GROStepDefinition - Crelio Automation Script Run In :  MicrosoftEdge Browser
[INFO ] 2023-08-23 16:05:09.860 [main] GROStepDefinition - Patient ID : 1908
[INFO ] 2023-08-23 16:06:00.905 [main] GROStepDefinition - Crelio Automation Script Run In :  MicrosoftEdge Browser
[INFO ] 2023-08-23 16:06:13.826 [main] GROStepDefinition - Patient ID : 1908
[INFO ] 2023-08-23 16:06:14.401 [main] GROStepDefinition - Select Patient Type : Direct
[INFO ] 2023-08-23 16:06:15.454 [main] GROStepDefinition - Patient Name :URINE Sodium
[INFO ] 2023-08-23 16:06:16.046 [main] GROStepDefinition - Gender : Female
[INFO ] 2023-08-23 16:06:16.767 [main] GROStepDefinition - Age : 25
[INFO ] 2023-08-23 16:07:34.399 [main] GROStepDefinition - Crelio Automation Script Run In :  MicrosoftEdge Browser
[INFO ] 2023-08-23 16:07:47.647 [main] GROStepDefinition - Patient ID : 1908
[INFO ] 2023-08-23 16:07:48.224 [main] GROStepDefinition - Select Patient Type : Direct
[INFO ] 2023-08-23 16:07:49.339 [main] GROStepDefinition - Patient Name :URINE Sodium
[INFO ] 2023-08-23 16:07:49.930 [main] GROStepDefinition - Gender : Female
[INFO ] 2023-08-23 16:07:50.669 [main] GROStepDefinition - Age : 25
[INFO ] 2023-08-23 16:07:55.751 [main] GROStepDefinition - Test Name :URINE Sodium
[INFO ] 2023-08-23 16:07:59.234 [main] GROStepDefinition - Amount : ₱ 0
[INFO ] 2023-08-23 16:08:14.343 [main] GROStepDefinition - Patient ID : 1909
[INFO ] 2023-08-23 16:08:14.913 [main] GROStepDefinition - Select Patient Type : Direct
[INFO ] 2023-08-23 16:08:16.219 [main] GROStepDefinition - Patient Name :24 hr Urine Magnesium
[INFO ] 2023-08-23 16:08:16.803 [main] GROStepDefinition - Gender : Female
[INFO ] 2023-08-23 16:08:17.519 [main] GROStepDefinition - Age : 25
[INFO ] 2023-08-23 16:08:22.681 [main] GROStepDefinition - Test Name :24 hr Urine Magnesium
[INFO ] 2023-08-23 16:08:26.059 [main] GROStepDefinition - Amount : ₱ 0
[INFO ] 2023-08-23 16:08:41.126 [main] GROStepDefinition - Patient ID : 1910
[INFO ] 2023-08-23 16:08:41.688 [main] GROStepDefinition - Select Patient Type : Direct
[INFO ] 2023-08-23 16:08:42.822 [main] GROStepDefinition - Patient Name :Methadone (MTD)
[INFO ] 2023-08-23 16:08:43.419 [main] GROStepDefinition - Gender : Female
[INFO ] 2023-08-23 16:08:44.157 [main] GROStepDefinition - Age : 25
[INFO ] 2023-08-23 16:08:49.262 [main] GROStepDefinition - Test Name :Methadone (MTD)
[INFO ] 2023-08-23 16:08:52.661 [main] GROStepDefinition - Amount : ₱ 0
[INFO ] 2023-08-23 16:09:07.721 [main] GROStepDefinition - Patient ID : 1911
[INFO ] 2023-08-23 16:09:08.287 [main] GROStepDefinition - Select Patient Type : Direct
[INFO ] 2023-08-23 16:09:09.367 [main] GROStepDefinition - Patient Name :Cocaine (COC)
[INFO ] 2023-08-23 16:09:09.961 [main] GROStepDefinition - Gender : Female
[INFO ] 2023-08-23 16:09:10.694 [main] GROStepDefinition - Age : 25
[INFO ] 2023-08-23 16:09:15.731 [main] GROStepDefinition - Test Name :Cocaine (COC)
[INFO ] 2023-08-23 16:09:19.143 [main] GROStepDefinition - Amount : ₱ 0
[INFO ] 2023-08-23 16:09:34.256 [main] GROStepDefinition - Patient ID : 1912
[INFO ] 2023-08-23 16:09:34.818 [main] GROStepDefinition - Select Patient Type : Direct
[INFO ] 2023-08-23 16:09:35.566 [main] GROStepDefinition - Patient Name :AMF
[INFO ] 2023-08-23 16:09:36.146 [main] GROStepDefinition - Gender : Female
[INFO ] 2023-08-23 16:09:36.894 [main] GROStepDefinition - Age : 25
[INFO ] 2023-08-23 16:09:41.797 [main] GROStepDefinition - Test Name :AMF
[INFO ] 2023-08-23 16:09:45.212 [main] GROStepDefinition - Amount : ₱ 0
[INFO ] 2023-08-23 16:10:00.354 [main] GROStepDefinition - Patient ID : 1913
[INFO ] 2023-08-23 16:10:00.912 [main] GROStepDefinition - Select Patient Type : Direct
[INFO ] 2023-08-23 16:10:02.110 [main] GROStepDefinition - Patient Name :Cannabinoids (THC)
[INFO ] 2023-08-23 16:10:02.698 [main] GROStepDefinition - Gender : Female
[INFO ] 2023-08-23 16:10:03.424 [main] GROStepDefinition - Age : 25
[INFO ] 2023-08-23 16:10:08.555 [main] GROStepDefinition - Test Name :Cannabinoids (THC)
[INFO ] 2023-08-23 16:10:11.941 [main] GROStepDefinition - Amount : ₱ 0
[INFO ] 2023-08-23 16:10:27.002 [main] GROStepDefinition - Patient ID : 1914
[INFO ] 2023-08-23 16:10:27.565 [main] GROStepDefinition - Select Patient Type : Direct
[INFO ] 2023-08-23 16:10:28.748 [main] GROStepDefinition - Patient Name :Barbiturates (BAR)
[INFO ] 2023-08-23 16:10:29.332 [main] GROStepDefinition - Gender : Female
[INFO ] 2023-08-23 16:10:30.057 [main] GROStepDefinition - Age : 25
[INFO ] 2023-08-23 16:10:35.186 [main] GROStepDefinition - Test Name :Barbiturates (BAR)
[INFO ] 2023-08-23 16:10:38.603 [main] GROStepDefinition - Amount : ₱ 0
[INFO ] 2023-08-23 16:10:53.702 [main] GROStepDefinition - Patient ID : 1915
[INFO ] 2023-08-23 16:10:54.268 [main] GROStepDefinition - Select Patient Type : Direct
[INFO ] 2023-08-23 16:10:55.486 [main] GROStepDefinition - Patient Name :Phencyclidine (PCP)
[INFO ] 2023-08-23 16:10:56.079 [main] GROStepDefinition - Gender : Female
[INFO ] 2023-08-23 16:10:56.811 [main] GROStepDefinition - Age : 25
[INFO ] 2023-08-23 16:11:01.946 [main] GROStepDefinition - Test Name :Phencyclidine (PCP)
[INFO ] 2023-08-23 16:11:05.352 [main] GROStepDefinition - Amount : ₱ 0
[INFO ] 2023-08-23 16:11:20.437 [main] GROStepDefinition - Patient ID : 1916
[INFO ] 2023-08-23 16:11:20.989 [main] GROStepDefinition - Select Patient Type : Direct
[INFO ] 2023-08-23 16:11:21.857 [main] GROStepDefinition - Patient Name :Chagas
[INFO ] 2023-08-23 16:11:22.469 [main] GROStepDefinition - Gender : Female
[INFO ] 2023-08-23 16:11:23.199 [main] GROStepDefinition - Age : 25
[INFO ] 2023-08-23 16:11:28.172 [main] GROStepDefinition - Test Name :Chagas
[INFO ] 2023-08-23 16:11:31.565 [main] GROStepDefinition - Amount : ₱ 0
[INFO ] 2023-08-23 16:11:46.718 [main] GROStepDefinition - Patient ID : 1917
[INFO ] 2023-08-23 16:11:47.294 [main] GROStepDefinition - Select Patient Type : Direct
[INFO ] 2023-08-23 16:11:48.333 [main] GROStepDefinition - Patient Name :Ova and cyst
[INFO ] 2023-08-23 16:11:48.924 [main] GROStepDefinition - Gender : Female
[INFO ] 2023-08-23 16:11:49.645 [main] GROStepDefinition - Age : 25
[INFO ] 2023-08-23 16:11:54.681 [main] GROStepDefinition - Test Name :Ova and cyst
[INFO ] 2023-08-23 16:11:58.086 [main] GROStepDefinition - Amount : ₱ 0
[INFO ] 2023-08-23 16:12:13.200 [main] GROStepDefinition - Patient ID : 1918
[INFO ] 2023-08-23 16:12:13.784 [main] GROStepDefinition - Select Patient Type : Direct
[INFO ] 2023-08-23 16:12:14.501 [main] GROStepDefinition - Patient Name :PH
[INFO ] 2023-08-23 16:12:15.094 [main] GROStepDefinition - Gender : Female
[INFO ] 2023-08-23 16:12:15.830 [main] GROStepDefinition - Age : 25
[INFO ] 2023-08-23 16:12:20.736 [main] GROStepDefinition - Test Name :PH
[INFO ] 2023-08-23 16:12:24.113 [main] GROStepDefinition - Amount : ₱ 0
[INFO ] 2023-08-23 16:12:39.363 [main] GROStepDefinition - Patient ID : 1919
[INFO ] 2023-08-23 16:12:39.924 [main] GROStepDefinition - Select Patient Type : Direct
[INFO ] 2023-08-23 16:12:41.172 [main] GROStepDefinition - Patient Name :24 hr Urine Cortisol
[INFO ] 2023-08-23 16:12:41.760 [main] GROStepDefinition - Gender : Female
[INFO ] 2023-08-23 16:12:42.484 [main] GROStepDefinition - Age : 25
[INFO ] 2023-08-23 16:12:47.635 [main] GROStepDefinition - Test Name :24 hr Urine Cortisol
[INFO ] 2023-08-23 16:12:51.026 [main] GROStepDefinition - Amount : ₱ 0
[INFO ] 2023-08-23 16:13:06.198 [main] GROStepDefinition - Patient ID : 1920
[INFO ] 2023-08-23 16:13:06.757 [main] GROStepDefinition - Select Patient Type : Direct
[INFO ] 2023-08-23 16:13:08.047 [main] GROStepDefinition - Patient Name :24 hr Urine C peptide
[INFO ] 2023-08-23 16:13:08.634 [main] GROStepDefinition - Gender : Female
[INFO ] 2023-08-23 16:13:09.372 [main] GROStepDefinition - Age : 25
[INFO ] 2023-08-23 16:13:14.540 [main] GROStepDefinition - Test Name :24 hr Urine C peptide
[INFO ] 2023-08-23 16:13:17.947 [main] GROStepDefinition - Amount : ₱ 0
[INFO ] 2023-08-23 16:13:33.024 [main] GROStepDefinition - Patient ID : 1921
[INFO ] 2023-08-23 16:13:33.588 [main] GROStepDefinition - Select Patient Type : Direct
[INFO ] 2023-08-23 16:13:34.652 [main] GROStepDefinition - Patient Name :LDL Calculated
[INFO ] 2023-08-23 16:13:35.227 [main] GROStepDefinition - Gender : Female
[INFO ] 2023-08-23 16:13:35.963 [main] GROStepDefinition - Age : 25
[INFO ] 2023-08-23 16:13:41.023 [main] GROStepDefinition - Test Name :LDL Calculated
[INFO ] 2023-08-23 16:38:44.760 [main] GROStepDefinition - Crelio Automation Script Run In :  MicrosoftEdge Browser
[INFO ] 2023-08-23 16:38:58.447 [main] GROStepDefinition - Patient ID : 1924
[INFO ] 2023-08-23 16:38:59.071 [main] GROStepDefinition - Select Patient Type : Direct
[INFO ] 2023-08-23 16:39:00.224 [main] GROStepDefinition - Patient Name :Semen Analysis
[INFO ] 2023-08-23 16:39:00.833 [main] GROStepDefinition - Gender : Female
[INFO ] 2023-08-23 16:39:01.617 [main] GROStepDefinition - Age : 25
[INFO ] 2023-08-23 16:39:06.991 [main] GROStepDefinition - Test Name :Semen Analysis
[INFO ] 2023-08-23 16:39:10.631 [main] GROStepDefinition - Amount : ₱ 710
[INFO ] 2023-08-23 16:39:26.138 [main] GROStepDefinition - Patient ID : 1925
[INFO ] 2023-08-23 16:39:26.766 [main] GROStepDefinition - Select Patient Type : Direct
[INFO ] 2023-08-23 16:39:27.899 [main] GROStepDefinition - Patient Name :Urine Analysis
[INFO ] 2023-08-23 16:39:28.531 [main] GROStepDefinition - Gender : Female
[INFO ] 2023-08-23 16:39:29.283 [main] GROStepDefinition - Age : 25
[INFO ] 2023-08-23 16:39:34.582 [main] GROStepDefinition - Test Name :Urine Analysis
[INFO ] 2023-08-23 16:39:38.054 [main] GROStepDefinition - Amount : ₱ 105
[INFO ] 2023-08-23 16:39:53.508 [main] GROStepDefinition - Patient ID : 1926
[INFO ] 2023-08-23 16:39:54.096 [main] GROStepDefinition - Select Patient Type : Direct
[INFO ] 2023-08-23 16:39:56.060 [main] GROStepDefinition - Patient Name :Blood Group (ABO&RH) by (Reverse& Forward)
[INFO ] 2023-08-23 16:39:56.669 [main] GROStepDefinition - Gender : Female
[INFO ] 2023-08-23 16:39:57.449 [main] GROStepDefinition - Age : 25
[INFO ] 2023-08-23 16:40:03.153 [main] GROStepDefinition - Test Name :Blood Group (ABO&RH) by (Reverse& Forward)
[INFO ] 2023-08-23 16:40:06.639 [main] GROStepDefinition - Amount : ₱ 265
[INFO ] 2023-08-23 16:40:21.999 [main] GROStepDefinition - Patient ID : 1927
[INFO ] 2023-08-23 16:40:22.613 [main] GROStepDefinition - Select Patient Type : Direct
[INFO ] 2023-08-23 16:40:23.894 [main] GROStepDefinition - Patient Name :CERULOPLASMIN (CER)
[INFO ] 2023-08-23 16:40:24.480 [main] GROStepDefinition - Gender : Female
[INFO ] 2023-08-23 16:40:25.254 [main] GROStepDefinition - Age : 25
[INFO ] 2023-08-23 16:40:30.592 [main] GROStepDefinition - Test Name :CERULOPLASMIN (CER)
[INFO ] 2023-08-23 16:40:34.064 [main] GROStepDefinition - Amount : ₱ 3,800
[INFO ] 2023-08-23 16:40:49.429 [main] GROStepDefinition - Patient ID : 1928
[INFO ] 2023-08-23 16:40:50.041 [main] GROStepDefinition - Select Patient Type : Direct
[INFO ] 2023-08-23 16:40:51.786 [main] GROStepDefinition - Patient Name :HBSAG - Qualitative (Screening Test)
[INFO ] 2023-08-23 16:40:52.418 [main] GROStepDefinition - Gender : Female
[INFO ] 2023-08-23 16:40:53.214 [main] GROStepDefinition - Age : 25
[INFO ] 2023-08-23 16:40:58.838 [main] GROStepDefinition - Test Name :HBSAG - Qualitative (Screening Test)
[INFO ] 2023-08-23 16:41:02.305 [main] GROStepDefinition - Amount : ₱ 190
[INFO ] 2023-08-23 16:41:17.663 [main] GROStepDefinition - Patient ID : 1929
[INFO ] 2023-08-23 16:41:18.262 [main] GROStepDefinition - Select Patient Type : Direct
[INFO ] 2023-08-23 16:41:20.350 [main] GROStepDefinition - Patient Name :Serum UIBC (unsaturated iron-binding capacity )
[INFO ] 2023-08-23 16:41:20.991 [main] GROStepDefinition - Gender : Female
[INFO ] 2023-08-23 16:41:21.752 [main] GROStepDefinition - Age : 25
[INFO ] 2023-08-23 16:41:27.528 [main] GROStepDefinition - Test Name :Serum UIBC (unsaturated iron-binding capacity )
[INFO ] 2023-08-23 16:41:30.992 [main] GROStepDefinition - Amount : ₱ 300
