[INFO ] 2023-01-04 14:13:58.869 [main] GROStepDefinition - Glosys Automation Script 2.0 Run In :  MicrosoftEdge Browser
[INFO ] 2023-01-04 14:14:04.213 [main] GROStepDefinition - Start Time  = 1672821844213
[INFO ] 2023-01-04 14:14:04.217 [main] GROStepDefinition - Case:5: Enter The Correct Username And Password
[INFO ] 2023-01-04 14:14:04.369 [main] GROStepDefinition - Username: venkat
[INFO ] 2023-01-04 14:14:04.461 [main] GROStepDefinition - Password: xOET6k1gUY
[INFO ] 2023-01-04 14:14:09.332 [main] GROStepDefinition - Role Section: GRO
[INFO ] 2023-01-04 14:14:22.375 [main] GROStepDefinition - Choose The Counter is: Counter - 01
[INFO ] 2023-01-04 14:14:24.155 [main] GROStepDefinition - Signed into the counter successfully
[INFO ] 2023-01-04 14:14:29.262 [main] GpModuleStepDefinition - Start Time  = 1672821869262
[INFO ] 2023-01-04 14:14:30.294 [main] LabJuniorStepDefinition - Start Time  = 1672821870293
[INFO ] 2023-01-04 14:14:32.340 [main] LabSeniorStepDefinition - Start Time  = 1672821872340
[INFO ] 2023-01-04 14:14:34.393 [main] LabSupervisorStepDefinition - Start Time  = 1672821874393
[INFO ] 2023-01-04 15:00:04.711 [main] GROStepDefinition - Glosys Automation Script 2.0 Run In :  MicrosoftEdge Browser
[INFO ] 2023-01-04 15:00:08.601 [main] GROStepDefinition - Start Time  = 1672824608601
[INFO ] 2023-01-04 15:00:08.607 [main] GROStepDefinition - Case:5: Enter The Correct Username And Password
[INFO ] 2023-01-04 15:00:08.897 [main] GROStepDefinition - Username: venkat
[INFO ] 2023-01-04 15:00:08.985 [main] GROStepDefinition - Password: xOET6k1gUY
[INFO ] 2023-01-04 15:00:13.561 [main] GROStepDefinition - Role Section: GRO
[INFO ] 2023-01-04 15:00:26.473 [main] GROStepDefinition - Choose The Counter is: Counter - 02
[INFO ] 2023-01-04 15:01:13.336 [main] GpModuleStepDefinition - Start Time  = 1672824673336
[INFO ] 2023-01-04 15:01:34.463 [main] LabJuniorStepDefinition - Start Time  = 1672824694463
[INFO ] 2023-01-04 15:01:56.558 [main] LabSeniorStepDefinition - Start Time  = 1672824716558
[INFO ] 2023-01-04 15:02:18.632 [main] LabSupervisorStepDefinition - Start Time  = 1672824738632
[INFO ] 2023-01-04 15:17:19.798 [main] GROStepDefinition - Glosys Automation Script 2.0 Run In :  MicrosoftEdge Browser
[INFO ] 2023-01-04 15:17:24.759 [main] GROStepDefinition - Start Time  = 1672825644759
[INFO ] 2023-01-04 15:17:24.769 [main] GROStepDefinition - Case:5: Enter The Correct Username And Password
[INFO ] 2023-01-04 15:17:24.888 [main] GROStepDefinition - Username: venkat
[INFO ] 2023-01-04 15:17:24.974 [main] GROStepDefinition - Password: xOET6k1gUY
[INFO ] 2023-01-04 15:17:29.436 [main] GROStepDefinition - Role Section: GRO
[INFO ] 2023-01-04 15:17:42.153 [main] GROStepDefinition - Choose The Counter is: Counter - 02
[INFO ] 2023-01-04 15:17:43.868 [main] GROStepDefinition - Signed into the counter successfully
[INFO ] 2023-01-04 15:17:48.774 [main] GROStepDefinition - Visa Number: 998090981186
[INFO ] 2023-01-04 15:17:50.920 [main] GROStepDefinition - Biometric skip request sent successfully
[INFO ] 2023-01-04 15:17:54.976 [main] GROStepDefinition - Patient Profile Page
[INFO ] 2023-01-04 15:17:54.976 [main] GROStepDefinition - Personal Details: 
[INFO ] 2023-01-04 15:17:54.976 [main] GROStepDefinition - Visa Gender Type: Female
[INFO ] 2023-01-04 15:18:00.853 [main] GROStepDefinition - Applicant Believes Pregnant?: Maybe
[INFO ] 2023-01-04 15:18:00.853 [main] GROStepDefinition - Successfully enter the Personal information details
[INFO ] 2023-01-04 15:18:00.854 [main] GROStepDefinition - Communcation Details: 
[INFO ] 2023-01-04 15:18:01.957 [main] GROStepDefinition - Country: India
[INFO ] 2023-01-04 15:18:04.294 [main] GROStepDefinition - Preferred Language to Speak: Tamil
[INFO ] 2023-01-04 15:18:05.286 [main] GROStepDefinition - Preferred Language to Read: Tamil
[INFO ] 2023-01-04 15:18:08.980 [main] GROStepDefinition - Preferred Location for Referral: Chennai
[INFO ] 2023-01-04 15:18:11.108 [main] GROStepDefinition - Preferred Hospital: Apollo Hospital
[INFO ] 2023-01-04 15:18:11.109 [main] GROStepDefinition - Successfully enter The Communication Details
[INFO ] 2023-01-04 15:18:11.109 [main] GROStepDefinition - Encounter Details: 
[INFO ] 2023-01-04 15:18:14.396 [main] GROStepDefinition - SMS Alert Number: 9790000000
[INFO ] 2023-01-04 15:18:14.428 [main] GROStepDefinition - Job Position : Pharmacist
[INFO ] 2023-01-04 15:18:14.457 [main] GROStepDefinition - Is Job applicable of Driving: false
[INFO ] 2023-01-04 15:18:14.458 [main] GROStepDefinition - Successfully enter The Encounter details
[INFO ] 2023-01-04 15:18:24.648 [main] GROStepDefinition - APPLICANT CONSENT AND DECLARATION FORM
[INFO ] 2023-01-04 15:18:24.649 [main] GROStepDefinition - Applicant Details Created Successflly
[INFO ] 2023-01-04 15:18:24.649 [main] GROStepDefinition - Place Order Page
[INFO ] 2023-01-04 15:18:24.748 [main] GROStepDefinition - Token Genarated :   Token no (NND015) generated successfully
[INFO ] 2023-01-04 15:18:24.749 [main] GROStepDefinition - Visa Gender Type: Female - MaybeXray Page Not Allowed
[INFO ] 2023-01-04 15:18:24.749 [main] GROStepDefinition - Token : NND015
[INFO ] 2023-01-04 15:18:29.895 [main] GROStepDefinition -  Generate Service Recipt
[INFO ] 2023-01-04 15:18:29.903 [main] GROStepDefinition - Capture Identify Page:
[INFO ] 2023-01-04 15:18:29.903 [main] GROStepDefinition - Vaccination Document Status Condition is: No
[INFO ] 2023-01-04 15:18:29.904 [main] GROStepDefinition - Referral Document Status Condition is: No
[INFO ] 2023-01-04 15:18:33.065 [main] GROStepDefinition - Applicant identity details updated successfully
[INFO ] 2023-01-04 15:18:35.238 [main] GROStepDefinition - GRO Module Feedback Collected
[INFO ] 2023-01-04 15:18:47.778 [main] CommonDefinition - Logout Successfully
[INFO ] 2023-01-04 15:18:49.788 [main] GROStepDefinition - GRO Runing Time:
[INFO ] 2023-01-04 15:18:49.789 [main] CommonDefinition - Total Time Mints = Mints: 1 mints  25 seconds
[INFO ] 2023-01-04 15:18:49.790 [main] CommonDefinition -  Total Time  Seconds = 85 seconds
[INFO ] 2023-01-04 15:18:52.952 [main] NurseModuleStepDefinition - Start Time  = 1672825729843
[INFO ] 2023-01-04 15:18:54.113 [main] NurseModuleStepDefinition - Nurse Module
[INFO ] 2023-01-04 15:18:59.327 [main] NurseModuleStepDefinition - Role Section: Nurse
[INFO ] 2023-01-04 15:19:08.420 [main] NurseModuleStepDefinition - Choose The Counter Is: Male Nurse Room counter 2
[INFO ] 2023-01-04 15:19:19.025 [main] NurseTokenVerify - Nurse Module Token : NND015
[INFO ] 2023-01-04 15:19:19.025 [main] NurseTokenVerify - Token Lenght For Nurse String : 15
[INFO ] 2023-01-04 15:19:19.025 [main] NurseTokenVerify -  Nurse Current Token Number Next Token In Last Two Number 15
[INFO ] 2023-01-04 15:19:19.026 [main] NurseTokenVerify - Gro Token for String 15
[INFO ] 2023-01-04 15:19:19.026 [main] NurseTokenVerify - Gro Token Last Two Number  In Int: 15
[INFO ] 2023-01-04 15:19:20.251 [main] NurseTokenVerify - Successfully Verified The Token
[INFO ] 2023-01-04 15:19:22.398 [main] NurseModuleStepDefinition - Record Vitals:
[INFO ] 2023-01-04 15:19:25.988 [main] NurseModuleStepDefinition - Height: 160
[INFO ] 2023-01-04 15:19:26.274 [main] NurseModuleStepDefinition - Weight: 60
[INFO ] 2023-01-04 15:19:27.789 [main] NurseModuleStepDefinition - Successfully enter the Body Mass Index
[INFO ] 2023-01-04 15:19:32.383 [main] NurseModuleStepDefinition - AbNormal Vision (R): 6/36
[INFO ] 2023-01-04 15:19:34.915 [main] NurseModuleStepDefinition - AbNormal Vision (L): 6/36
[INFO ] 2023-01-04 15:19:34.915 [main] NurseModuleStepDefinition - Successfully enter the Vision Module
[INFO ] 2023-01-04 15:19:36.921 [main] NurseModuleStepDefinition - Job Describtion : Pharmacist
[INFO ] 2023-01-04 15:19:37.809 [main] NurseModuleStepDefinition -  Nurse Assign The Systolic Pressure Value: 120
[INFO ] 2023-01-04 15:19:38.606 [main] NurseModuleStepDefinition -  Nurse Assign The Diastolic Pressure Value: 80
[INFO ] 2023-01-04 15:19:39.852 [main] NurseModuleStepDefinition - Successfully enter the Other Module
[INFO ] 2023-01-04 15:19:39.852 [main] NurseModuleStepDefinition - New applicant vitals details created successfully
[INFO ] 2023-01-04 15:19:39.852 [main] NurseModuleStepDefinition - Speciman Genaration :
[INFO ] 2023-01-04 15:19:43.151 [main] NurseModuleStepDefinition - Order ID : 3413
[INFO ] 2023-01-04 15:19:43.152 [main] NurseModuleStepDefinition - Plasma Specimen Number: Yet to be Generated
[INFO ] 2023-01-04 15:19:43.152 [main] NurseModuleStepDefinition - Serum Specimen Number: Yet to be Generated
[INFO ] 2023-01-04 15:19:43.152 [main] NurseModuleStepDefinition - Whole Blood Specimen Number: Yet to be Generated
[INFO ] 2023-01-04 15:19:59.382 [main] NurseModuleStepDefinition - Speciman Genarated Successfully
[INFO ] 2023-01-04 15:19:59.382 [main] NurseModuleStepDefinition - Speciman Collection :
[INFO ] 2023-01-04 15:20:01.026 [main] NurseModuleStepDefinition - Plasma Specimen Number: BLP1418862432: Generated
[INFO ] 2023-01-04 15:20:01.026 [main] NurseModuleStepDefinition - Serum Specimen Number: BLS1422006184: Generated
[INFO ] 2023-01-04 15:20:01.026 [main] NurseModuleStepDefinition - Whole Blood Specimen Number: WBL1457820443: Generated
[INFO ] 2023-01-04 15:20:03.480 [main] NurseModuleStepDefinition - Speciman Collected Successfully
[INFO ] 2023-01-04 15:20:03.481 [main] NurseModuleStepDefinition - Vaccination: 
[INFO ] 2023-01-04 15:20:07.648 [main] NurseModuleStepDefinition - Nurse Module Feedback collected successfully
[INFO ] 2023-01-04 15:20:13.652 [main] NurseModuleStepDefinition - Sample Outgoing
[INFO ] 2023-01-04 15:20:22.253 [main] NurseModuleStepDefinition - Plasma Specimen Number: BLP1418862432
[INFO ] 2023-01-04 15:20:22.253 [main] NurseModuleStepDefinition - Serum Specimen Number: BLS1422006184
[INFO ] 2023-01-04 15:20:22.253 [main] NurseModuleStepDefinition - Whole Blood Specimen Number: WBL1457820443
[INFO ] 2023-01-04 15:20:22.253 [main] NurseModuleStepDefinition - Scan Specimen Number
[INFO ] 2023-01-04 15:20:24.785 [main] NurseModuleStepDefinition - Successfully scan the Plasma Specimen Number: BLP1418862432
[INFO ] 2023-01-04 15:20:26.988 [main] NurseModuleStepDefinition - Successfully scan the Serum Specimen Number: BLS1422006184
[INFO ] 2023-01-04 15:20:29.246 [main] NurseModuleStepDefinition - Suceessfully scan the Whole Blood Specimen Number: WBL1457820443
[INFO ] 2023-01-04 15:20:29.247 [main] NurseModuleStepDefinition - Lab Technician and GRO Information
[INFO ] 2023-01-04 15:20:33.145 [main] NurseModuleStepDefinition - Lab Tech Name: Lab Technician Glossys
[INFO ] 2023-01-04 15:20:34.937 [main] NurseModuleStepDefinition - GRO Name: GRO Glossys
[INFO ] 2023-01-04 15:20:36.121 [main] NurseModuleStepDefinition -  Sample's Sent to LAB successfully
[INFO ] 2023-01-04 15:20:44.867 [main] CommonDefinition - Logout Successfully
[INFO ] 2023-01-04 15:20:46.876 [main] NurseModuleStepDefinition - Nurse Runing Time:
[INFO ] 2023-01-04 15:20:46.877 [main] CommonDefinition - Total Time Mints = Mints: 1 mints  57 seconds
[INFO ] 2023-01-04 15:20:46.878 [main] CommonDefinition -  Total Time  Seconds = 117 seconds
[INFO ] 2023-01-04 15:20:46.902 [main] GpModuleStepDefinition - Start Time  = 1672825846902
[INFO ] 2023-01-04 15:20:47.984 [main] GpModuleStepDefinition - Username: venkat
[INFO ] 2023-01-04 15:20:49.067 [main] GpModuleStepDefinition - Password: xOET6k1gUY
[INFO ] 2023-01-04 15:20:50.167 [main] GpModuleStepDefinition - Stemz GP Module
[INFO ] 2023-01-04 15:20:53.351 [main] GpModuleStepDefinition - Role Section: STEMZ GP
[INFO ] 2023-01-04 15:21:00.769 [main] GpModuleStepDefinition - Choose The Counter Is: 
[INFO ] 2023-01-04 15:21:11.957 [main] NurseTokenVerify - Nurse Module Token : NNDX002
[INFO ] 2023-01-04 15:21:11.958 [main] NurseTokenVerify - Token Lenght For Nurse String : 02
[INFO ] 2023-01-04 15:21:11.958 [main] NurseTokenVerify -  Nurse Current Token Number Next Token In Last Two Number 2
[INFO ] 2023-01-04 15:21:11.958 [main] NurseTokenVerify - Gro Token for String 15
[INFO ] 2023-01-04 15:21:11.958 [main] NurseTokenVerify - Gro Token Last Two Number  In Int: 15
[INFO ] 2023-01-04 15:21:11.958 [main] NurseTokenVerify - Nurse Token : 2 -- Gro Token  :15
[INFO ] 2023-01-04 15:21:20.106 [main] NurseTokenVerify - Nurse Module  Loop Token : ND013
[INFO ] 2023-01-04 15:21:20.106 [main] NurseTokenVerify - Get The Loop Next Token For Nurse  13
[INFO ] 2023-01-04 15:21:20.107 [main] NurseTokenVerify - Nurse Token : 13-- Gro Token  :15
[INFO ] 2023-01-04 15:21:28.140 [main] NurseTokenVerify - Nurse Module  Loop Token : NND015
[INFO ] 2023-01-04 15:21:28.140 [main] NurseTokenVerify - Get The Loop Next Token For Nurse  15
[INFO ] 2023-01-04 15:21:28.140 [main] NurseTokenVerify - Nurse Token : 15-- Gro Token  :15
[INFO ] 2023-01-04 15:21:29.284 [main] NurseTokenVerify - Successfully Verified The Token
[INFO ] 2023-01-04 15:21:31.390 [main] GpModuleStepDefinition - Gp Consulation Process
[INFO ] 2023-01-04 15:21:41.466 [main] GpModuleStepDefinition - Stemz Gp Assign The AbNormal Blood Pressure Value: 120
[INFO ] 2023-01-04 15:21:42.809 [main] GpModuleStepDefinition -  Stemz Gp Assign The Diastolic Pressure Value: 80
[INFO ] 2023-01-04 15:21:43.816 [main] GpModuleStepDefinition - Consulation
[INFO ] 2023-01-04 15:21:49.384 [main] GpModuleStepDefinition - Preset: Normal
[INFO ] 2023-01-04 15:21:49.384 [main] GpModuleStepDefinition - CardiologyProblem
[INFO ] 2023-01-04 15:22:02.815 [main] ExternalSpeciality - Successfully Cardilogy Referral Created
[INFO ] 2023-01-04 15:22:02.815 [main] GpModuleStepDefinition - DeformityProblem
[INFO ] 2023-01-04 15:22:19.162 [main] ExternalSpeciality - Successfully Deformity Referral Created
[INFO ] 2023-01-04 15:22:21.240 [main] GpModuleStepDefinition - Medical History: No
[INFO ] 2023-01-04 15:22:22.381 [main] GpModuleStepDefinition - Pervious Illness: No
[INFO ] 2023-01-04 15:22:23.577 [main] GpModuleStepDefinition - Your Meals In Last 10 Hours: No
[INFO ] 2023-01-04 15:22:24.814 [main] GpModuleStepDefinition - Psychiatric Or Neurological Disorder: No
[INFO ] 2023-01-04 15:22:27.140 [main] GpModuleStepDefinition - Comments: Okay
[INFO ] 2023-01-04 15:22:43.825 [main] GpModuleStepDefinition - Consultation details updated successfully
[INFO ] 2023-01-04 15:22:51.363 [main] GpModuleStepDefinition - Stemz GP Feedback collected successfully
[INFO ] 2023-01-04 15:23:04.867 [main] CommonDefinition - Logout Successfully
[INFO ] 2023-01-04 15:23:06.877 [main] GpModuleStepDefinition - Stemz Gp Run Time : 
[INFO ] 2023-01-04 15:23:06.877 [main] CommonDefinition - Total Time Mints = Mints: 2 mints  19 seconds
[INFO ] 2023-01-04 15:23:06.877 [main] CommonDefinition -  Total Time  Seconds = 139 seconds
[INFO ] 2023-01-04 15:23:06.880 [main] GpModuleStepDefinition - 85029
[INFO ] 2023-01-04 15:23:06.882 [main] GpModuleStepDefinition - 117033
[INFO ] 2023-01-04 15:23:06.882 [main] GpModuleStepDefinition - Female Applicant & Pregnant :Maybe
[INFO ] 2023-01-04 15:23:06.908 [main] LabJuniorStepDefinition - Start Time  = 1672825986908
[INFO ] 2023-01-04 15:23:11.193 [main] LabJuniorStepDefinition - Lab Junior Module
[INFO ] 2023-01-04 15:23:14.435 [main] LabJuniorStepDefinition - Role Section: Lab Junior
[INFO ] 2023-01-04 15:23:18.718 [main] LabJuniorStepDefinition - Specimen Inscan Process
[INFO ] 2023-01-04 15:23:34.180 [main] LabJuniorStepDefinition - Plasma Specimen Number: BLP1418862432
[INFO ] 2023-01-04 15:23:34.884 [main] LabJuniorStepDefinition - Successfully Scan Plasma Specimen Number
[INFO ] 2023-01-04 15:23:36.722 [main] LabJuniorStepDefinition - Serum Specimen Number: BLS1422006184
[INFO ] 2023-01-04 15:23:37.386 [main] LabJuniorStepDefinition - Successfully Scan Serum Specimen Number
[INFO ] 2023-01-04 15:23:39.185 [main] LabJuniorStepDefinition - Whole Blood Specimen Number: WBL1457820443
[INFO ] 2023-01-04 15:23:39.888 [main] LabJuniorStepDefinition - Successfully Scan Whole Blood Number
[INFO ] 2023-01-04 15:23:40.943 [main] LabJuniorStepDefinition - Lab ID: 1095
[INFO ] 2023-01-04 15:23:44.633 [main] LabJuniorStepDefinition - Specimen inscan details saved successfully
[INFO ] 2023-01-04 15:23:44.634 [main] LabJuniorStepDefinition - Lab Work List
[INFO ] 2023-01-04 15:23:44.634 [main] LabJuniorStepDefinition - Gender Type: Female
[INFO ] 2023-01-04 15:24:07.328 [main] LabJuniorWorkList - Haemoglobin: 11
[INFO ] 2023-01-04 15:24:13.995 [main] LabJuniorWorkList - Blood Group: O Positive
[INFO ] 2023-01-04 15:24:20.559 [main] LabJuniorWorkList - HIV: Negative
[INFO ] 2023-01-04 15:24:27.162 [main] LabJuniorWorkList - Anti HCV: Negative
[INFO ] 2023-01-04 15:24:31.830 [main] LabJuniorWorkList - HBsAg: Negative
[INFO ] 2023-01-04 15:24:35.365 [main] LabJuniorWorkList - SGOT: 22
[INFO ] 2023-01-04 15:24:38.912 [main] LabJuniorWorkList - SGPT: 44
[INFO ] 2023-01-04 15:24:45.394 [main] LabJuniorWorkList - Creatinine: 1
[INFO ] 2023-01-04 15:24:49.953 [main] LabJuniorWorkList - RPR: NonReactive
[INFO ] 2023-01-04 15:24:54.543 [main] LabJuniorWorkList - BEta HC: Negative
[INFO ] 2023-01-04 15:24:56.821 [main] LabJuniorWorkList - Glucose: 80
[INFO ] 2023-01-04 15:25:01.241 [main] LabJuniorWorkList - Result submitted for authorization successfully
[INFO ] 2023-01-04 15:25:12.738 [main] CommonDefinition - Logout Successfully
[INFO ] 2023-01-04 15:25:14.742 [main] LabJuniorStepDefinition - Lab Junior Runing Time:
[INFO ] 2023-01-04 15:25:14.742 [main] CommonDefinition - Total Time Mints = Mints: 2 mints  7 seconds
[INFO ] 2023-01-04 15:25:14.743 [main] CommonDefinition -  Total Time  Seconds = 127 seconds
[INFO ] 2023-01-04 15:25:14.785 [main] LabSeniorStepDefinition - Start Time  = 1672826114785
[INFO ] 2023-01-04 15:25:19.118 [main] LabSeniorStepDefinition - Lab Senior Module
[INFO ] 2023-01-04 15:25:22.339 [main] LabSeniorStepDefinition - Role Section: Lab Senior
[INFO ] 2023-01-04 15:25:27.677 [main] LabSeniorStepDefinition - Result Entry Review
[INFO ] 2023-01-04 15:25:33.315 [main] LabSeniorStepDefinition - Lab ID: 1095
[INFO ] 2023-01-04 15:25:46.544 [main] LabSeniorStepDefinition - Lab Senior First Review
[INFO ] 2023-01-04 15:25:46.544 [main] LabSeniorStepDefinition - Gender Type: Female
[INFO ] 2023-01-04 15:25:47.664 [main] LabSeniorStepDefinition - Haemoglobin: 11 = Reviewed
[INFO ] 2023-01-04 15:25:48.315 [main] LabSeniorStepDefinition - Blood Group: O Positive = Reviewed
[INFO ] 2023-01-04 15:25:48.969 [main] LabSeniorStepDefinition - HIV: Negative = Reviewed
[INFO ] 2023-01-04 15:25:49.638 [main] LabSeniorStepDefinition - Anti HCV: Negative = Reviewed
[INFO ] 2023-01-04 15:25:50.290 [main] LabSeniorStepDefinition - HBsAg: Negative = Reviewed
[INFO ] 2023-01-04 15:25:50.936 [main] LabSeniorStepDefinition - SGOT: 22 = Reviewed
[INFO ] 2023-01-04 15:25:53.320 [main] LabSeniorStepDefinition - SGPT: 44 = Reviewed
[INFO ] 2023-01-04 15:25:53.978 [main] LabSeniorStepDefinition - Creatinine: 1 = Reviewed
[INFO ] 2023-01-04 15:25:54.624 [main] LabSeniorStepDefinition - RPR: NonReactive = Reviewed
[INFO ] 2023-01-04 15:25:55.310 [main] LabSeniorStepDefinition - BEta HC: Negative = Reviewed
[INFO ] 2023-01-04 15:25:56.091 [main] LabSeniorStepDefinition - Glucose: 80 = Reviewed
[INFO ] 2023-01-04 15:25:57.544 [main] LabSeniorStepDefinition - Result submitted for authorization successfully
[INFO ] 2023-01-04 15:26:04.061 [main] CommonDefinition - Logout Successfully
[INFO ] 2023-01-04 15:26:06.072 [main] LabSeniorStepDefinition - Lab Senior Runing Time:
[INFO ] 2023-01-04 15:26:06.072 [main] CommonDefinition - Total Time Mints = Mints: 0 mints  51 seconds
[INFO ] 2023-01-04 15:26:06.073 [main] CommonDefinition -  Total Time  Seconds = 51 seconds
[INFO ] 2023-01-04 15:26:06.098 [main] LabSupervisorStepDefinition - Start Time  = 1672826166098
[INFO ] 2023-01-04 15:26:10.433 [main] LabSupervisorStepDefinition - Lab Supervisor Module
[INFO ] 2023-01-04 15:26:13.917 [main] LabSupervisorStepDefinition - Role Section: Lab Supervisor
[INFO ] 2023-01-04 15:26:18.235 [main] LabSupervisorStepDefinition - Pathalogist Worklist :
[INFO ] 2023-01-04 15:26:23.848 [main] LabSupervisorStepDefinition - Lab ID: 1095
[INFO ] 2023-01-04 15:26:33.403 [main] LabSupervisorStepDefinition - Result Entry :
[INFO ] 2023-01-04 15:26:34.412 [main] LabSupervisorStepDefinition - Lab Supervisor Authorize in Result Entry :
[INFO ] 2023-01-04 15:26:34.412 [main] LabSupervisorStepDefinition - Gender Type: Female
[INFO ] 2023-01-04 15:26:34.413 [main] LabSupervisorStepDefinition - Hemoglobin: 11 = Authorized
[INFO ] 2023-01-04 15:26:34.413 [main] LabSupervisorStepDefinition - Blood Group: O Positive = Authorized
[INFO ] 2023-01-04 15:26:34.414 [main] LabSupervisorStepDefinition - HIV: Negative = Authorized
[INFO ] 2023-01-04 15:26:34.414 [main] LabSupervisorStepDefinition - Anti HCV: Negative = Authorized
[INFO ] 2023-01-04 15:26:34.414 [main] LabSupervisorStepDefinition - HBsAg: Negative = Authorized
[INFO ] 2023-01-04 15:26:36.448 [main] LabSupervisorStepDefinition - SGOT: 22 = Authorized
[INFO ] 2023-01-04 15:26:36.448 [main] LabSupervisorStepDefinition - SGPT: 44 = Authorized
[INFO ] 2023-01-04 15:26:36.448 [main] LabSupervisorStepDefinition - Creatinine: 1 = Authorized
[INFO ] 2023-01-04 15:26:36.449 [main] LabSupervisorStepDefinition - RPR: NonReactive = Authorized
[INFO ] 2023-01-04 15:26:36.449 [main] LabSupervisorStepDefinition - BEta HC: Negative = Authorized
[INFO ] 2023-01-04 15:26:36.449 [main] LabSupervisorStepDefinition - Glucose: 80 = Authorized
[INFO ] 2023-01-04 15:26:39.627 [main] LabSupervisorStepDefinition - Results authorized successfully!
[INFO ] 2023-01-04 15:26:46.278 [main] CommonDefinition - Logout Successfully
[INFO ] 2023-01-04 15:26:48.289 [main] LabSupervisorStepDefinition - Log out For Supervisor
[INFO ] 2023-01-04 15:26:48.289 [main] LabSupervisorStepDefinition - Lab Supervisor Runing Time:
[INFO ] 2023-01-04 15:26:48.290 [main] CommonDefinition - Total Time Mints = Mints: 0 mints  42 seconds
[INFO ] 2023-01-04 15:26:48.290 [main] CommonDefinition -  Total Time  Seconds = 42 seconds
[INFO ] 2023-01-04 15:26:57.064 [main] GROStepDefinition - Role Section: GRO
[INFO ] 2023-01-04 15:27:09.545 [main] GROStepDefinition - Choose The Counter is: Counter - 01
[INFO ] 2023-01-04 15:27:11.149 [main] GROStepDefinition - Signed into the counter successfully
[INFO ] 2023-01-04 15:27:17.560 [main] UploadReferralLetter - Total Referral Count And Details : 5
[INFO ] 2023-01-04 15:27:17.560 [main] UploadReferralLetter - How Many Referrals Details And Count : {SGOT : =0, Glucose : =0, Cardilogy : =1, Beta HCG=1, RPR : =0, Color Vision : =0, Stemz BP : =0, AntiHCV : =0, SGPT : =0, BMI : =0, HBsAg : =0, Deformatory : =1, HIV : =0, Xray=0, Creatinine : =0, Vision : =2, Hamoglobin : =0}
[INFO ] 2023-01-04 15:27:22.586 [main] PrintReferralLetter - Print Referral Letter Page: 
[INFO ] 2023-01-04 15:27:23.647 [main] PrintReferralLetter - Referral: External Speciality
Speciality: Cardiology, Orthopedic, Ophthalmologist, Vision Recheck, Gynaecology
[INFO ] 2023-01-04 15:27:24.748 [main] PrintReferralLetter - Document Type: Cardiology
[INFO ] 2023-01-04 15:27:30.104 [main] PrintReferralLetter - Cardiology Print Referral Letter saved Successfully
[INFO ] 2023-01-04 15:27:30.236 [main] PrintReferralLetter - Document Type : Orthopedic
[INFO ] 2023-01-04 15:27:34.459 [main] PrintReferralLetter - Orthopedic Print Referral Letter saved Successfully
[INFO ] 2023-01-04 15:28:55.433 [main] GROStepDefinition - Glosys Automation Script 2.0 Run In :  MicrosoftEdge Browser
[INFO ] 2023-01-04 15:28:59.643 [main] GROStepDefinition - Start Time  = 1672826339643
[INFO ] 2023-01-04 15:28:59.655 [main] GROStepDefinition - Case:5: Enter The Correct Username And Password
[INFO ] 2023-01-04 15:28:59.760 [main] GROStepDefinition - Username: venkat
[INFO ] 2023-01-04 15:28:59.849 [main] GROStepDefinition - Password: xOET6k1gUY
[INFO ] 2023-01-04 15:29:04.300 [main] GROStepDefinition - Role Section: GRO
[INFO ] 2023-01-04 15:29:17.006 [main] GROStepDefinition - Choose The Counter is: Counter - 02
[INFO ] 2023-01-04 15:29:18.691 [main] GROStepDefinition - Signed into the counter successfully
[INFO ] 2023-01-04 15:29:23.521 [main] GROStepDefinition - Visa Number: 998090981187
[INFO ] 2023-01-04 15:29:25.695 [main] GROStepDefinition - Biometric skip request sent successfully
[INFO ] 2023-01-04 15:29:29.734 [main] GROStepDefinition - Patient Profile Page
[INFO ] 2023-01-04 15:29:29.734 [main] GROStepDefinition - Personal Details: 
[INFO ] 2023-01-04 15:29:29.734 [main] GROStepDefinition - Visa Gender Type: Female
[INFO ] 2023-01-04 15:29:35.636 [main] GROStepDefinition - Applicant Believes Pregnant?: Maybe
[INFO ] 2023-01-04 15:29:35.636 [main] GROStepDefinition - Successfully enter the Personal information details
[INFO ] 2023-01-04 15:29:35.636 [main] GROStepDefinition - Communcation Details: 
[INFO ] 2023-01-04 15:29:36.716 [main] GROStepDefinition - Country: India
[INFO ] 2023-01-04 15:29:39.039 [main] GROStepDefinition - Preferred Language to Speak: Tamil
[INFO ] 2023-01-04 15:29:40.049 [main] GROStepDefinition - Preferred Language to Read: Tamil
[INFO ] 2023-01-04 15:29:43.695 [main] GROStepDefinition - Preferred Location for Referral: Chennai
[INFO ] 2023-01-04 15:29:45.814 [main] GROStepDefinition - Preferred Hospital: Apollo Hospital
[INFO ] 2023-01-04 15:29:45.814 [main] GROStepDefinition - Successfully enter The Communication Details
[INFO ] 2023-01-04 15:29:45.815 [main] GROStepDefinition - Encounter Details: 
[INFO ] 2023-01-04 15:29:49.128 [main] GROStepDefinition - SMS Alert Number: 9790000000
[INFO ] 2023-01-04 15:29:49.161 [main] GROStepDefinition - Job Position : Pharmacist
[INFO ] 2023-01-04 15:29:49.191 [main] GROStepDefinition - Is Job applicable of Driving: false
[INFO ] 2023-01-04 15:29:49.191 [main] GROStepDefinition - Successfully enter The Encounter details
[INFO ] 2023-01-04 15:30:06.212 [main] GROStepDefinition - APPLICANT CONSENT AND DECLARATION FORM
[INFO ] 2023-01-04 15:30:06.213 [main] GROStepDefinition - Applicant Details Created Successflly
[INFO ] 2023-01-04 15:30:06.213 [main] GROStepDefinition - Place Order Page
[INFO ] 2023-01-04 15:30:06.288 [main] GROStepDefinition - Token Genarated :   Token no (NND016) generated successfully
[INFO ] 2023-01-04 15:30:06.288 [main] GROStepDefinition - Visa Gender Type: Female - MaybeXray Page Not Allowed
[INFO ] 2023-01-04 15:30:06.288 [main] GROStepDefinition - Token : NND016
[INFO ] 2023-01-04 15:30:11.479 [main] GROStepDefinition -  Generate Service Recipt
[INFO ] 2023-01-04 15:30:11.482 [main] GROStepDefinition - Capture Identify Page:
[INFO ] 2023-01-04 15:30:11.482 [main] GROStepDefinition - Vaccination Document Status Condition is: No
[INFO ] 2023-01-04 15:30:11.483 [main] GROStepDefinition - Referral Document Status Condition is: No
[INFO ] 2023-01-04 15:30:14.698 [main] GROStepDefinition - Applicant identity details updated successfully
[INFO ] 2023-01-04 15:30:16.827 [main] GROStepDefinition - GRO Module Feedback Collected
[INFO ] 2023-01-04 15:30:29.399 [main] CommonDefinition - Logout Successfully
[INFO ] 2023-01-04 15:30:31.400 [main] GROStepDefinition - GRO Runing Time:
[INFO ] 2023-01-04 15:30:31.400 [main] CommonDefinition - Total Time Mints = Mints: 1 mints  31 seconds
[INFO ] 2023-01-04 15:30:31.401 [main] CommonDefinition -  Total Time  Seconds = 91 seconds
[INFO ] 2023-01-04 15:30:34.562 [main] NurseModuleStepDefinition - Start Time  = 1672826431425
[INFO ] 2023-01-04 15:30:35.730 [main] NurseModuleStepDefinition - Nurse Module
[INFO ] 2023-01-04 15:30:40.933 [main] NurseModuleStepDefinition - Role Section: Nurse
[INFO ] 2023-01-04 15:30:49.960 [main] NurseModuleStepDefinition - Choose The Counter Is: Male Nurse Room counter 2
[INFO ] 2023-01-04 15:31:00.446 [main] NurseTokenVerify - Nurse Module Token : NND016
[INFO ] 2023-01-04 15:31:00.447 [main] NurseTokenVerify - Token Lenght For Nurse String : 16
[INFO ] 2023-01-04 15:31:00.447 [main] NurseTokenVerify -  Nurse Current Token Number Next Token In Last Two Number 16
[INFO ] 2023-01-04 15:31:00.447 [main] NurseTokenVerify - Gro Token for String 16
[INFO ] 2023-01-04 15:31:00.447 [main] NurseTokenVerify - Gro Token Last Two Number  In Int: 16
[INFO ] 2023-01-04 15:31:01.555 [main] NurseTokenVerify - Successfully Verified The Token
[INFO ] 2023-01-04 15:31:03.711 [main] NurseModuleStepDefinition - Record Vitals:
[INFO ] 2023-01-04 15:31:07.408 [main] NurseModuleStepDefinition - Height: 160
[INFO ] 2023-01-04 15:31:07.654 [main] NurseModuleStepDefinition - Weight: 60
[INFO ] 2023-01-04 15:31:09.167 [main] NurseModuleStepDefinition - Successfully enter the Body Mass Index
[INFO ] 2023-01-04 15:31:13.739 [main] NurseModuleStepDefinition - AbNormal Vision (R): 6/36
[INFO ] 2023-01-04 15:31:16.264 [main] NurseModuleStepDefinition - AbNormal Vision (L): 6/36
[INFO ] 2023-01-04 15:31:16.264 [main] NurseModuleStepDefinition - Successfully enter the Vision Module
[INFO ] 2023-01-04 15:31:18.269 [main] NurseModuleStepDefinition - Job Describtion : Pharmacist
[INFO ] 2023-01-04 15:31:19.127 [main] NurseModuleStepDefinition -  Nurse Assign The Systolic Pressure Value: 120
[INFO ] 2023-01-04 15:31:19.930 [main] NurseModuleStepDefinition -  Nurse Assign The Diastolic Pressure Value: 80
[INFO ] 2023-01-04 15:31:21.121 [main] NurseModuleStepDefinition - Successfully enter the Other Module
[INFO ] 2023-01-04 15:31:21.121 [main] NurseModuleStepDefinition - New applicant vitals details created successfully
[INFO ] 2023-01-04 15:31:21.121 [main] NurseModuleStepDefinition - Speciman Genaration :
[INFO ] 2023-01-04 15:31:24.446 [main] NurseModuleStepDefinition - Order ID : 3416
[INFO ] 2023-01-04 15:31:24.446 [main] NurseModuleStepDefinition - Plasma Specimen Number: Yet to be Generated
[INFO ] 2023-01-04 15:31:24.446 [main] NurseModuleStepDefinition - Serum Specimen Number: Yet to be Generated
[INFO ] 2023-01-04 15:31:24.446 [main] NurseModuleStepDefinition - Whole Blood Specimen Number: Yet to be Generated
[INFO ] 2023-01-04 15:31:40.632 [main] NurseModuleStepDefinition - Speciman Genarated Successfully
[INFO ] 2023-01-04 15:31:40.632 [main] NurseModuleStepDefinition - Speciman Collection :
[INFO ] 2023-01-04 15:31:42.282 [main] NurseModuleStepDefinition - Plasma Specimen Number: BLP1414702206: Generated
[INFO ] 2023-01-04 15:31:42.282 [main] NurseModuleStepDefinition - Serum Specimen Number: BLS1412961215: Generated
[INFO ] 2023-01-04 15:31:42.282 [main] NurseModuleStepDefinition - Whole Blood Specimen Number: WBL1428952048: Generated
[INFO ] 2023-01-04 15:31:44.704 [main] NurseModuleStepDefinition - Speciman Collected Successfully
[INFO ] 2023-01-04 15:31:44.705 [main] NurseModuleStepDefinition - Vaccination: 
[INFO ] 2023-01-04 15:31:48.830 [main] NurseModuleStepDefinition - Nurse Module Feedback collected successfully
[INFO ] 2023-01-04 15:31:54.846 [main] NurseModuleStepDefinition - Sample Outgoing
[INFO ] 2023-01-04 15:32:03.253 [main] NurseModuleStepDefinition - Plasma Specimen Number: BLP1414702206
[INFO ] 2023-01-04 15:32:03.253 [main] NurseModuleStepDefinition - Serum Specimen Number: BLS1412961215
[INFO ] 2023-01-04 15:32:03.253 [main] NurseModuleStepDefinition - Whole Blood Specimen Number: WBL1428952048
[INFO ] 2023-01-04 15:32:03.254 [main] NurseModuleStepDefinition - Scan Specimen Number
[INFO ] 2023-01-04 15:32:05.754 [main] NurseModuleStepDefinition - Successfully scan the Plasma Specimen Number: BLP1414702206
[INFO ] 2023-01-04 15:32:07.941 [main] NurseModuleStepDefinition - Successfully scan the Serum Specimen Number: BLS1412961215
[INFO ] 2023-01-04 15:32:10.076 [main] NurseModuleStepDefinition - Suceessfully scan the Whole Blood Specimen Number: WBL1428952048
[INFO ] 2023-01-04 15:32:10.077 [main] NurseModuleStepDefinition - Lab Technician and GRO Information
[INFO ] 2023-01-04 15:32:13.917 [main] NurseModuleStepDefinition - Lab Tech Name: Lab Technician Glossys
[INFO ] 2023-01-04 15:32:15.810 [main] NurseModuleStepDefinition - GRO Name: GRO Glossys
[INFO ] 2023-01-04 15:32:17.040 [main] NurseModuleStepDefinition -  Sample's Sent to LAB successfully
[INFO ] 2023-01-04 15:32:25.656 [main] CommonDefinition - Logout Successfully
[INFO ] 2023-01-04 15:32:27.667 [main] NurseModuleStepDefinition - Nurse Runing Time:
[INFO ] 2023-01-04 15:32:27.668 [main] CommonDefinition - Total Time Mints = Mints: 1 mints  56 seconds
[INFO ] 2023-01-04 15:32:27.668 [main] CommonDefinition -  Total Time  Seconds = 116 seconds
[INFO ] 2023-01-04 15:32:27.703 [main] GpModuleStepDefinition - Start Time  = 1672826547703
[INFO ] 2023-01-04 15:32:28.801 [main] GpModuleStepDefinition - Username: venkat
[INFO ] 2023-01-04 15:32:29.887 [main] GpModuleStepDefinition - Password: xOET6k1gUY
[INFO ] 2023-01-04 15:32:31.016 [main] GpModuleStepDefinition - Stemz GP Module
[INFO ] 2023-01-04 15:32:34.243 [main] GpModuleStepDefinition - Role Section: STEMZ GP
[INFO ] 2023-01-04 15:32:41.714 [main] GpModuleStepDefinition - Choose The Counter Is: 
[INFO ] 2023-01-04 15:32:52.985 [main] NurseTokenVerify - Nurse Module Token : NNDX002
[INFO ] 2023-01-04 15:32:52.985 [main] NurseTokenVerify - Token Lenght For Nurse String : 02
[INFO ] 2023-01-04 15:32:52.985 [main] NurseTokenVerify -  Nurse Current Token Number Next Token In Last Two Number 2
[INFO ] 2023-01-04 15:32:52.985 [main] NurseTokenVerify - Gro Token for String 16
[INFO ] 2023-01-04 15:32:52.985 [main] NurseTokenVerify - Gro Token Last Two Number  In Int: 16
[INFO ] 2023-01-04 15:32:52.985 [main] NurseTokenVerify - Nurse Token : 2 -- Gro Token  :16
[INFO ] 2023-01-04 15:33:01.438 [main] NurseTokenVerify - Nurse Module  Loop Token : ND013
[INFO ] 2023-01-04 15:33:01.438 [main] NurseTokenVerify - Get The Loop Next Token For Nurse  13
[INFO ] 2023-01-04 15:33:01.438 [main] NurseTokenVerify - Nurse Token : 13-- Gro Token  :16
[INFO ] 2023-01-04 15:33:09.781 [main] NurseTokenVerify - Nurse Module  Loop Token : NND016
[INFO ] 2023-01-04 15:33:09.781 [main] NurseTokenVerify - Get The Loop Next Token For Nurse  16
[INFO ] 2023-01-04 15:33:09.782 [main] NurseTokenVerify - Nurse Token : 16-- Gro Token  :16
[INFO ] 2023-01-04 15:33:10.959 [main] NurseTokenVerify - Successfully Verified The Token
[INFO ] 2023-01-04 15:33:13.100 [main] GpModuleStepDefinition - Gp Consulation Process
[INFO ] 2023-01-04 15:33:23.115 [main] GpModuleStepDefinition - Stemz Gp Assign The AbNormal Blood Pressure Value: 120
[INFO ] 2023-01-04 15:33:24.434 [main] GpModuleStepDefinition -  Stemz Gp Assign The Diastolic Pressure Value: 80
[INFO ] 2023-01-04 15:33:25.447 [main] GpModuleStepDefinition - Consulation
[INFO ] 2023-01-04 15:33:30.932 [main] GpModuleStepDefinition - Preset: Normal
[INFO ] 2023-01-04 15:33:30.932 [main] GpModuleStepDefinition - CardiologyProblem
[INFO ] 2023-01-04 15:33:44.246 [main] ExternalSpeciality - Successfully Cardilogy Referral Created
[INFO ] 2023-01-04 15:33:44.247 [main] GpModuleStepDefinition - DeformityProblem
[INFO ] 2023-01-04 15:34:00.439 [main] ExternalSpeciality - Successfully Deformity Referral Created
[INFO ] 2023-01-04 15:34:02.463 [main] GpModuleStepDefinition - Medical History: No
[INFO ] 2023-01-04 15:34:03.675 [main] GpModuleStepDefinition - Pervious Illness: No
[INFO ] 2023-01-04 15:34:04.854 [main] GpModuleStepDefinition - Your Meals In Last 10 Hours: No
[INFO ] 2023-01-04 15:34:06.053 [main] GpModuleStepDefinition - Psychiatric Or Neurological Disorder: No
[INFO ] 2023-01-04 15:34:08.435 [main] GpModuleStepDefinition - Comments: Okay
[INFO ] 2023-01-04 15:34:25.061 [main] GpModuleStepDefinition - Consultation details updated successfully
[INFO ] 2023-01-04 15:34:32.670 [main] GpModuleStepDefinition - Stemz GP Feedback collected successfully
[INFO ] 2023-01-04 15:34:46.144 [main] CommonDefinition - Logout Successfully
[INFO ] 2023-01-04 15:34:48.149 [main] GpModuleStepDefinition - Stemz Gp Run Time : 
[INFO ] 2023-01-04 15:34:48.149 [main] CommonDefinition - Total Time Mints = Mints: 2 mints  20 seconds
[INFO ] 2023-01-04 15:34:48.149 [main] CommonDefinition -  Total Time  Seconds = 140 seconds
[INFO ] 2023-01-04 15:34:48.151 [main] GpModuleStepDefinition - 91757
[INFO ] 2023-01-04 15:34:48.151 [main] GpModuleStepDefinition - 116242
[INFO ] 2023-01-04 15:34:48.152 [main] GpModuleStepDefinition - Female Applicant & Pregnant :Maybe
[INFO ] 2023-01-04 15:34:48.178 [main] LabJuniorStepDefinition - Start Time  = 1672826688178
[INFO ] 2023-01-04 15:34:52.505 [main] LabJuniorStepDefinition - Lab Junior Module
[INFO ] 2023-01-04 15:34:55.717 [main] LabJuniorStepDefinition - Role Section: Lab Junior
[INFO ] 2023-01-04 15:35:00.102 [main] LabJuniorStepDefinition - Specimen Inscan Process
[INFO ] 2023-01-04 15:35:15.638 [main] LabJuniorStepDefinition - Plasma Specimen Number: BLP1414702206
[INFO ] 2023-01-04 15:35:16.295 [main] LabJuniorStepDefinition - Successfully Scan Plasma Specimen Number
[INFO ] 2023-01-04 15:35:18.123 [main] LabJuniorStepDefinition - Serum Specimen Number: BLS1412961215
[INFO ] 2023-01-04 15:35:18.730 [main] LabJuniorStepDefinition - Successfully Scan Serum Specimen Number
[INFO ] 2023-01-04 15:35:20.556 [main] LabJuniorStepDefinition - Whole Blood Specimen Number: WBL1428952048
[INFO ] 2023-01-04 15:35:21.294 [main] LabJuniorStepDefinition - Successfully Scan Whole Blood Number
[INFO ] 2023-01-04 15:35:22.357 [main] LabJuniorStepDefinition - Lab ID: 1096
[INFO ] 2023-01-04 15:35:26.105 [main] LabJuniorStepDefinition - Specimen inscan details saved successfully
[INFO ] 2023-01-04 15:35:26.105 [main] LabJuniorStepDefinition - Lab Work List
[INFO ] 2023-01-04 15:35:26.106 [main] LabJuniorStepDefinition - Gender Type: Female
[INFO ] 2023-01-04 15:35:48.735 [main] LabJuniorWorkList - Haemoglobin: 11
[INFO ] 2023-01-04 15:35:55.427 [main] LabJuniorWorkList - Blood Group: O Positive
[INFO ] 2023-01-04 15:36:02.048 [main] LabJuniorWorkList - HIV: Negative
[INFO ] 2023-01-04 15:36:08.643 [main] LabJuniorWorkList - Anti HCV: Negative
[INFO ] 2023-01-04 15:36:13.302 [main] LabJuniorWorkList - HBsAg: Negative
[INFO ] 2023-01-04 15:36:16.783 [main] LabJuniorWorkList - SGOT: 22
[INFO ] 2023-01-04 15:36:20.302 [main] LabJuniorWorkList - SGPT: 44
[INFO ] 2023-01-04 15:36:26.751 [main] LabJuniorWorkList - Creatinine: 1
[INFO ] 2023-01-04 15:36:31.456 [main] LabJuniorWorkList - RPR: NonReactive
[INFO ] 2023-01-04 15:36:36.081 [main] LabJuniorWorkList - BEta HC: Negative
[INFO ] 2023-01-04 15:36:38.402 [main] LabJuniorWorkList - Glucose: 80
[INFO ] 2023-01-04 15:36:42.763 [main] LabJuniorWorkList - Result submitted for authorization successfully
[INFO ] 2023-01-04 15:36:54.278 [main] CommonDefinition - Logout Successfully
[INFO ] 2023-01-04 15:36:56.291 [main] LabJuniorStepDefinition - Lab Junior Runing Time:
[INFO ] 2023-01-04 15:36:56.292 [main] CommonDefinition - Total Time Mints = Mints: 2 mints  8 seconds
[INFO ] 2023-01-04 15:36:56.292 [main] CommonDefinition -  Total Time  Seconds = 128 seconds
[INFO ] 2023-01-04 15:36:56.326 [main] LabSeniorStepDefinition - Start Time  = 1672826816326
[INFO ] 2023-01-04 15:37:00.670 [main] LabSeniorStepDefinition - Lab Senior Module
[INFO ] 2023-01-04 15:37:03.858 [main] LabSeniorStepDefinition - Role Section: Lab Senior
[INFO ] 2023-01-04 15:37:09.177 [main] LabSeniorStepDefinition - Result Entry Review
[INFO ] 2023-01-04 15:37:14.858 [main] LabSeniorStepDefinition - Lab ID: 1096
[INFO ] 2023-01-04 15:37:28.112 [main] LabSeniorStepDefinition - Lab Senior First Review
[INFO ] 2023-01-04 15:37:28.112 [main] LabSeniorStepDefinition - Gender Type: Female
[INFO ] 2023-01-04 15:37:29.274 [main] LabSeniorStepDefinition - Haemoglobin: 11 = Reviewed
[INFO ] 2023-01-04 15:37:29.919 [main] LabSeniorStepDefinition - Blood Group: O Positive = Reviewed
[INFO ] 2023-01-04 15:37:30.520 [main] LabSeniorStepDefinition - HIV: Negative = Reviewed
[INFO ] 2023-01-04 15:37:31.135 [main] LabSeniorStepDefinition - Anti HCV: Negative = Reviewed
[INFO ] 2023-01-04 15:37:31.809 [main] LabSeniorStepDefinition - HBsAg: Negative = Reviewed
[INFO ] 2023-01-04 15:37:32.454 [main] LabSeniorStepDefinition - SGOT: 22 = Reviewed
[INFO ] 2023-01-04 15:37:34.841 [main] LabSeniorStepDefinition - SGPT: 44 = Reviewed
[INFO ] 2023-01-04 15:37:35.512 [main] LabSeniorStepDefinition - Creatinine: 1 = Reviewed
[INFO ] 2023-01-04 15:37:36.122 [main] LabSeniorStepDefinition - RPR: NonReactive = Reviewed
[INFO ] 2023-01-04 15:37:36.791 [main] LabSeniorStepDefinition - BEta HC: Negative = Reviewed
[INFO ] 2023-01-04 15:37:37.523 [main] LabSeniorStepDefinition - Glucose: 80 = Reviewed
[INFO ] 2023-01-04 15:37:38.999 [main] LabSeniorStepDefinition - Result submitted for authorization successfully
[INFO ] 2023-01-04 15:37:45.513 [main] CommonDefinition - Logout Successfully
[INFO ] 2023-01-04 15:37:47.524 [main] LabSeniorStepDefinition - Lab Senior Runing Time:
[INFO ] 2023-01-04 15:37:47.524 [main] CommonDefinition - Total Time Mints = Mints: 0 mints  51 seconds
[INFO ] 2023-01-04 15:37:47.525 [main] CommonDefinition -  Total Time  Seconds = 51 seconds
[INFO ] 2023-01-04 15:37:47.560 [main] LabSupervisorStepDefinition - Start Time  = 1672826867560
[INFO ] 2023-01-04 15:37:51.838 [main] LabSupervisorStepDefinition - Lab Supervisor Module
[INFO ] 2023-01-04 15:37:55.333 [main] LabSupervisorStepDefinition - Role Section: Lab Supervisor
[INFO ] 2023-01-04 15:37:59.639 [main] LabSupervisorStepDefinition - Pathalogist Worklist :
[INFO ] 2023-01-04 15:38:05.280 [main] LabSupervisorStepDefinition - Lab ID: 1096
[INFO ] 2023-01-04 15:38:14.928 [main] LabSupervisorStepDefinition - Result Entry :
[INFO ] 2023-01-04 15:38:15.942 [main] LabSupervisorStepDefinition - Lab Supervisor Authorize in Result Entry :
[INFO ] 2023-01-04 15:38:15.942 [main] LabSupervisorStepDefinition - Gender Type: Female
[INFO ] 2023-01-04 15:38:15.942 [main] LabSupervisorStepDefinition - Hemoglobin: 11 = Authorized
[INFO ] 2023-01-04 15:38:15.942 [main] LabSupervisorStepDefinition - Blood Group: O Positive = Authorized
[INFO ] 2023-01-04 15:38:15.942 [main] LabSupervisorStepDefinition - HIV: Negative = Authorized
[INFO ] 2023-01-04 15:38:15.942 [main] LabSupervisorStepDefinition - Anti HCV: Negative = Authorized
[INFO ] 2023-01-04 15:38:15.943 [main] LabSupervisorStepDefinition - HBsAg: Negative = Authorized
[INFO ] 2023-01-04 15:38:17.959 [main] LabSupervisorStepDefinition - SGOT: 22 = Authorized
[INFO ] 2023-01-04 15:38:17.959 [main] LabSupervisorStepDefinition - SGPT: 44 = Authorized
[INFO ] 2023-01-04 15:38:17.959 [main] LabSupervisorStepDefinition - Creatinine: 1 = Authorized
[INFO ] 2023-01-04 15:38:17.960 [main] LabSupervisorStepDefinition - RPR: NonReactive = Authorized
[INFO ] 2023-01-04 15:38:17.960 [main] LabSupervisorStepDefinition - BEta HC: Negative = Authorized
[INFO ] 2023-01-04 15:38:17.960 [main] LabSupervisorStepDefinition - Glucose: 80 = Authorized
[INFO ] 2023-01-04 15:38:21.138 [main] LabSupervisorStepDefinition - Results authorized successfully!
[INFO ] 2023-01-04 15:38:27.698 [main] CommonDefinition - Logout Successfully
[INFO ] 2023-01-04 15:38:29.708 [main] LabSupervisorStepDefinition - Log out For Supervisor
[INFO ] 2023-01-04 15:38:29.708 [main] LabSupervisorStepDefinition - Lab Supervisor Runing Time:
[INFO ] 2023-01-04 15:38:29.709 [main] CommonDefinition - Total Time Mints = Mints: 0 mints  42 seconds
[INFO ] 2023-01-04 15:38:29.709 [main] CommonDefinition -  Total Time  Seconds = 42 seconds
[INFO ] 2023-01-04 15:38:38.223 [main] GROStepDefinition - Role Section: GRO
[INFO ] 2023-01-04 15:38:50.743 [main] GROStepDefinition - Choose The Counter is: Counter - 01
[INFO ] 2023-01-04 15:38:52.353 [main] GROStepDefinition - Signed into the counter successfully
[INFO ] 2023-01-04 15:38:58.781 [main] UploadReferralLetter - Total Referral Count And Details : 5
[INFO ] 2023-01-04 15:38:58.781 [main] UploadReferralLetter - How Many Referrals Details And Count : {SGOT : =0, Glucose : =0, Cardilogy : =1, Beta HCG=1, RPR : =0, Color Vision : =0, Stemz BP : =0, AntiHCV : =0, SGPT : =0, BMI : =0, HBsAg : =0, Deformatory : =1, HIV : =0, Xray=0, Creatinine : =0, Vision : =2, Hamoglobin : =0}
[INFO ] 2023-01-04 15:39:03.802 [main] PrintReferralLetter - Print Referral Letter Page: 
[INFO ] 2023-01-04 15:39:04.849 [main] PrintReferralLetter - Referral: External Speciality
Speciality: Cardiology, Orthopedic, Ophthalmologist, Vision Recheck, Gynaecology
[INFO ] 2023-01-04 15:39:05.932 [main] PrintReferralLetter - Document Type: Cardiology
[INFO ] 2023-01-04 15:39:11.275 [main] PrintReferralLetter - Cardiology Print Referral Letter saved Successfully
[INFO ] 2023-01-04 15:39:11.358 [main] PrintReferralLetter - Document Type : Orthopedic
[INFO ] 2023-01-04 15:39:15.758 [main] PrintReferralLetter - Orthopedic Print Referral Letter saved Successfully
[INFO ] 2023-01-04 15:39:16.790 [main] PrintReferralLetter - Document Type : Ophthalmologist
[INFO ] 2023-01-04 15:39:21.424 [main] PrintReferralLetter - Ophthalmologist Print Referral Letter saved Successfully
[INFO ] 2023-01-04 15:39:22.490 [main] PrintReferralLetter - Document Type : Vision Recheck
[INFO ] 2023-01-04 15:39:27.041 [main] PrintReferralLetter - Vision Recheck Print Referral Letter saved Successfully
[INFO ] 2023-01-04 15:39:30.095 [main] PrintReferralLetter - Document Type : Gynaecology
[INFO ] 2023-01-04 15:39:34.538 [main] PrintReferralLetter - Gynaecology Print Referral Letter saved Successfully
[INFO ] 2023-01-04 15:39:42.185 [main] UploadReferralLetter - Referral: External Speciality
Speciality: Cardiology, Orthopedic, Ophthalmologist, Gynaecology
[INFO ] 2023-01-04 15:39:46.221 [main] UploadReferralLetter - Upload Referral Count : 4
[INFO ] 2023-01-04 15:39:46.221 [main] UploadReferralLetter - Upload Referral Letter Page :
[INFO ] 2023-01-04 15:39:47.286 [main] UploadReferralLetter - Document Type : Cardiology
[INFO ] 2023-01-04 15:40:08.665 [main] UploadReferralLetter - Cardiology document uploaded successfully
[INFO ] 2023-01-04 15:40:11.719 [main] UploadReferralLetter - Document Type : Orthopedic
[INFO ] 2023-01-04 15:40:33.855 [main] UploadReferralLetter - Orthopedic document uploaded successfully
[INFO ] 2023-01-04 15:40:36.998 [main] UploadReferralLetter - Document Type : Ophthalmologist
[INFO ] 2023-01-04 15:40:58.271 [main] UploadReferralLetter - Ophthalmologist document uploaded successfully
[INFO ] 2023-01-04 15:41:01.335 [main] UploadReferralLetter - Document Type : Gynaecology
[INFO ] 2023-01-04 15:41:18.569 [main] UploadReferralLetter - Gynaecology document uploaded successfully
[INFO ] 2023-01-04 15:41:26.037 [main] PrintReceipt - Total Referral Count : 5
[INFO ] 2023-01-04 15:41:26.063 [main] PrintReceipt - Print Receipt Name : Cardiology
[INFO ] 2023-01-04 15:41:26.090 [main] PrintReceipt - Print Receipt Name : Orthopedic
[INFO ] 2023-01-04 15:41:26.118 [main] PrintReceipt - Print Receipt Name : Vision Recheck
[INFO ] 2023-01-04 15:41:26.146 [main] PrintReceipt - Print Receipt Name : Ophthalmologist
[INFO ] 2023-01-04 15:41:26.174 [main] PrintReceipt - Print Receipt Name : Gynaecology
[INFO ] 2023-01-04 15:41:39.528 [main] PrintReceipt - GRO Refferral Token :    Token no (NND017) generated successfully
[INFO ] 2023-01-04 15:41:42.645 [main] PrintReceipt - Collected Feedback Successfully
[INFO ] 2023-01-04 15:41:51.150 [main] CommonDefinition - Logout Successfully
[INFO ] 2023-01-04 15:41:53.163 [main] StemzGPCertificatePage - Referrals : {BMI : =false, Cardilogy : =true, Beta HCG=true, Deformatory : =true, Color Vision : =false, Vision : =true, BP : =false}
[INFO ] 2023-01-04 15:42:02.737 [main] GpModuleStepDefinition - Role Section: STEMZ GP
[INFO ] 2023-01-04 15:42:10.238 [main] GpModuleStepDefinition - Choose The Counter Is: 
[INFO ] 2023-01-04 15:42:20.447 [main] StemzGPCertificatePage - Physician Worklist : 
[INFO ] 2023-01-04 15:42:26.585 [main] StemzGPCertificatePage - Referral to be Reported
[INFO ] 2023-01-04 15:42:42.709 [main] StemzGPCertificatePage - Referral Document : 
[INFO ] 2023-01-04 15:42:42.709 [main] StemzGPCertificatePage - Total Referral Count :4
[INFO ] 2023-01-04 15:42:42.750 [main] StemzGPCertificatePage - Document Type : Cardiology
[INFO ] 2023-01-04 15:42:44.764 [main] StemzGPCertificatePage - Approval : null
[INFO ] 2023-01-04 15:42:49.032 [main] StemzGPCertificatePage - Document Type : Orthopedic
[INFO ] 2023-01-04 15:42:54.059 [main] StemzGPCertificatePage - Approval : null
[INFO ] 2023-01-04 15:42:54.125 [main] StemzGPCertificatePage - Document Type : Ophthalmologist
[INFO ] 2023-01-04 15:43:01.245 [main] StemzGPCertificatePage - Approval : null
[INFO ] 2023-01-04 15:43:01.296 [main] StemzGPCertificatePage - Document Type : Gynaecology
[INFO ] 2023-01-04 16:55:14.688 [main] GROStepDefinition - Glosys Automation Script 2.0 Run In :  MicrosoftEdge Browser
[INFO ] 2023-01-04 16:55:19.769 [main] GROStepDefinition - Start Time  = 1672831519768
[INFO ] 2023-01-04 16:55:19.781 [main] GROStepDefinition - Case:5: Enter The Correct Username And Password
[INFO ] 2023-01-04 16:55:19.883 [main] GROStepDefinition - Username: venkat
[INFO ] 2023-01-04 16:55:19.970 [main] GROStepDefinition - Password: xOET6k1gUY
[INFO ] 2023-01-04 16:55:24.594 [main] GROStepDefinition - Role Section: GRO
[INFO ] 2023-01-04 16:55:37.366 [main] GROStepDefinition - Choose The Counter is: Counter - 01
[INFO ] 2023-01-04 16:55:39.092 [main] GROStepDefinition - Signed into the counter successfully
[INFO ] 2023-01-04 16:55:43.889 [main] GROStepDefinition - Visa Number: 998090981189
[INFO ] 2023-01-04 16:55:46.030 [main] GROStepDefinition - Biometric skip request sent successfully
[INFO ] 2023-01-04 16:55:50.083 [main] GROStepDefinition - Patient Profile Page
[INFO ] 2023-01-04 16:55:50.083 [main] GROStepDefinition - Personal Details: 
[INFO ] 2023-01-04 16:55:50.083 [main] GROStepDefinition - Visa Gender Type: Female
[INFO ] 2023-01-04 16:55:56.042 [main] GROStepDefinition - Applicant Believes Pregnant?: Maybe
[INFO ] 2023-01-04 16:55:56.042 [main] GROStepDefinition - Successfully enter the Personal information details
[INFO ] 2023-01-04 16:55:56.042 [main] GROStepDefinition - Communcation Details: 
[INFO ] 2023-01-04 16:55:57.106 [main] GROStepDefinition - Country: India
[INFO ] 2023-01-04 16:55:59.438 [main] GROStepDefinition - Preferred Language to Speak: Tamil
[INFO ] 2023-01-04 16:56:00.458 [main] GROStepDefinition - Preferred Language to Read: Tamil
[INFO ] 2023-01-04 16:56:04.017 [main] GROStepDefinition - Preferred Location for Referral: Chennai
[INFO ] 2023-01-04 16:56:06.005 [main] GROStepDefinition - Preferred Hospital: Apollo Hospital
[INFO ] 2023-01-04 16:56:06.007 [main] GROStepDefinition - Successfully enter The Communication Details
[INFO ] 2023-01-04 16:56:06.008 [main] GROStepDefinition - Encounter Details: 
[INFO ] 2023-01-04 16:56:09.281 [main] GROStepDefinition - SMS Alert Number: 9790000000
[INFO ] 2023-01-04 16:56:09.313 [main] GROStepDefinition - Job Position : Pharmacist
[INFO ] 2023-01-04 16:56:09.337 [main] GROStepDefinition - Is Job applicable of Driving: false
[INFO ] 2023-01-04 16:56:09.338 [main] GROStepDefinition - Successfully enter The Encounter details
[INFO ] 2023-01-04 16:56:19.463 [main] GROStepDefinition - APPLICANT CONSENT AND DECLARATION FORM
[INFO ] 2023-01-04 16:56:19.464 [main] GROStepDefinition - Applicant Details Created Successflly
[INFO ] 2023-01-04 16:56:19.466 [main] GROStepDefinition - Place Order Page
[INFO ] 2023-01-04 16:56:19.571 [main] GROStepDefinition - Token Genarated :   Token no (NND020) generated successfully
[INFO ] 2023-01-04 16:56:19.572 [main] GROStepDefinition - Visa Gender Type: Female - MaybeXray Page Not Allowed
[INFO ] 2023-01-04 16:56:19.634 [main] GROStepDefinition - Token : NND020
[INFO ] 2023-01-04 16:56:24.820 [main] GROStepDefinition -  Generate Service Recipt
[INFO ] 2023-01-04 16:56:24.824 [main] GROStepDefinition - Capture Identify Page:
[INFO ] 2023-01-04 16:56:24.825 [main] GROStepDefinition - Vaccination Document Status Condition is: No
[INFO ] 2023-01-04 16:56:24.825 [main] GROStepDefinition - Referral Document Status Condition is: No
[INFO ] 2023-01-04 16:56:28.010 [main] GROStepDefinition - Applicant identity details updated successfully
[INFO ] 2023-01-04 16:56:30.112 [main] GROStepDefinition - GRO Module Feedback Collected
[INFO ] 2023-01-04 16:56:42.523 [main] CommonDefinition - Logout Successfully
[INFO ] 2023-01-04 16:56:44.526 [main] GROStepDefinition - GRO Runing Time:
[INFO ] 2023-01-04 16:56:44.527 [main] CommonDefinition - Total Time Mints = Mints: 1 mints  24 seconds
[INFO ] 2023-01-04 16:56:44.528 [main] CommonDefinition -  Total Time  Seconds = 84 seconds
[INFO ] 2023-01-04 16:56:47.642 [main] NurseModuleStepDefinition - Start Time  = 1672831604549
[INFO ] 2023-01-04 16:56:48.776 [main] NurseModuleStepDefinition - Nurse Module
[INFO ] 2023-01-04 16:56:53.922 [main] NurseModuleStepDefinition - Role Section: Nurse
[INFO ] 2023-01-04 16:57:02.879 [main] NurseModuleStepDefinition - Choose The Counter Is: Counter - 03
[INFO ] 2023-01-04 16:57:13.343 [main] NurseTokenVerify - Nurse Module Token : NND017
[INFO ] 2023-01-04 16:57:13.344 [main] NurseTokenVerify - Token Lenght For Nurse String : 17
[INFO ] 2023-01-04 16:57:13.344 [main] NurseTokenVerify -  Nurse Current Token Number Next Token In Last Two Number 17
[INFO ] 2023-01-04 16:57:13.345 [main] NurseTokenVerify - Gro Token for String 20
[INFO ] 2023-01-04 16:57:13.345 [main] NurseTokenVerify - Gro Token Last Two Number  In Int: 20
[INFO ] 2023-01-04 16:57:13.346 [main] NurseTokenVerify - Nurse Token : 17 -- Gro Token  :20
[INFO ] 2023-01-04 16:57:21.593 [main] NurseTokenVerify - Nurse Module  Loop Token : NND019
[INFO ] 2023-01-04 16:57:21.594 [main] NurseTokenVerify - Get The Loop Next Token For Nurse  19
[INFO ] 2023-01-04 16:57:21.594 [main] NurseTokenVerify - Nurse Token : 19-- Gro Token  :20
[INFO ] 2023-01-04 16:57:29.757 [main] NurseTokenVerify - Nurse Module  Loop Token : NND020
[INFO ] 2023-01-04 16:57:29.759 [main] NurseTokenVerify - Get The Loop Next Token For Nurse  20
[INFO ] 2023-01-04 16:57:29.770 [main] NurseTokenVerify - Nurse Token : 20-- Gro Token  :20
[INFO ] 2023-01-04 16:57:30.926 [main] NurseTokenVerify - Successfully Verified The Token
[INFO ] 2023-01-04 16:57:33.069 [main] NurseModuleStepDefinition - Record Vitals:
[INFO ] 2023-01-04 16:57:36.627 [main] NurseModuleStepDefinition - Height: 160
[INFO ] 2023-01-04 16:57:36.904 [main] NurseModuleStepDefinition - Weight: 60
[INFO ] 2023-01-04 16:57:38.408 [main] NurseModuleStepDefinition - Successfully enter the Body Mass Index
[INFO ] 2023-01-04 16:57:42.815 [main] NurseModuleStepDefinition - AbNormal Vision (R): 6/36
[INFO ] 2023-01-04 16:57:45.237 [main] NurseModuleStepDefinition - AbNormal Vision (L): 6/36
[INFO ] 2023-01-04 16:57:45.239 [main] NurseModuleStepDefinition - Successfully enter the Vision Module
[INFO ] 2023-01-04 16:57:47.248 [main] NurseModuleStepDefinition - Job Describtion : Pharmacist
[INFO ] 2023-01-04 16:57:48.089 [main] NurseModuleStepDefinition -  Nurse Assign The Systolic Pressure Value: 120
[INFO ] 2023-01-04 16:57:48.845 [main] NurseModuleStepDefinition -  Nurse Assign The Diastolic Pressure Value: 80
[INFO ] 2023-01-04 16:57:50.072 [main] NurseModuleStepDefinition - Successfully enter the Other Module
[INFO ] 2023-01-04 16:57:50.074 [main] NurseModuleStepDefinition - New applicant vitals details created successfully
[INFO ] 2023-01-04 16:57:50.075 [main] NurseModuleStepDefinition - Speciman Genaration :
[INFO ] 2023-01-04 16:57:53.292 [main] NurseModuleStepDefinition - Order ID : 3421
[INFO ] 2023-01-04 16:57:53.293 [main] NurseModuleStepDefinition - Plasma Specimen Number: Yet to be Generated
[INFO ] 2023-01-04 16:57:53.294 [main] NurseModuleStepDefinition - Serum Specimen Number: Yet to be Generated
[INFO ] 2023-01-04 16:57:53.294 [main] NurseModuleStepDefinition - Whole Blood Specimen Number: Yet to be Generated
[INFO ] 2023-01-04 16:58:09.521 [main] NurseModuleStepDefinition - Speciman Genarated Successfully
[INFO ] 2023-01-04 16:58:09.552 [main] NurseModuleStepDefinition - Speciman Collection :
[INFO ] 2023-01-04 16:58:11.138 [main] NurseModuleStepDefinition - Plasma Specimen Number: BLP1477698556: Generated
[INFO ] 2023-01-04 16:58:11.140 [main] NurseModuleStepDefinition - Serum Specimen Number: BLS1477484910: Generated
[INFO ] 2023-01-04 16:58:11.141 [main] NurseModuleStepDefinition - Whole Blood Specimen Number: WBL1402308268: Generated
[INFO ] 2023-01-04 16:58:13.556 [main] NurseModuleStepDefinition - Speciman Collected Successfully
[INFO ] 2023-01-04 16:58:13.559 [main] NurseModuleStepDefinition - Vaccination: 
[INFO ] 2023-01-04 16:58:17.666 [main] NurseModuleStepDefinition - Nurse Module Feedback collected successfully
[INFO ] 2023-01-04 16:58:23.670 [main] NurseModuleStepDefinition - Sample Outgoing
[INFO ] 2023-01-04 16:58:32.069 [main] NurseModuleStepDefinition - Plasma Specimen Number: BLP1477698556
[INFO ] 2023-01-04 16:58:32.071 [main] NurseModuleStepDefinition - Serum Specimen Number: BLS1477484910
[INFO ] 2023-01-04 16:58:32.071 [main] NurseModuleStepDefinition - Whole Blood Specimen Number: WBL1402308268
[INFO ] 2023-01-04 16:58:32.072 [main] NurseModuleStepDefinition - Scan Specimen Number
[INFO ] 2023-01-04 16:58:34.508 [main] NurseModuleStepDefinition - Successfully scan the Plasma Specimen Number: BLP1477698556
[INFO ] 2023-01-04 16:58:36.562 [main] NurseModuleStepDefinition - Successfully scan the Serum Specimen Number: BLS1477484910
[INFO ] 2023-01-04 16:58:38.614 [main] NurseModuleStepDefinition - Suceessfully scan the Whole Blood Specimen Number: WBL1402308268
[INFO ] 2023-01-04 16:58:38.616 [main] NurseModuleStepDefinition - Lab Technician and GRO Information
[INFO ] 2023-01-04 16:58:42.407 [main] NurseModuleStepDefinition - Lab Tech Name: Lab Technician Glossys
[INFO ] 2023-01-04 16:58:44.122 [main] NurseModuleStepDefinition - GRO Name: GRO Glossys
[INFO ] 2023-01-04 16:58:45.292 [main] NurseModuleStepDefinition -  Sample's Sent to LAB successfully
[INFO ] 2023-01-04 16:58:53.699 [main] CommonDefinition - Logout Successfully
[INFO ] 2023-01-04 16:58:55.712 [main] NurseModuleStepDefinition - Nurse Runing Time:
[INFO ] 2023-01-04 16:58:55.715 [main] CommonDefinition - Total Time Mints = Mints: 2 mints  11 seconds
[INFO ] 2023-01-04 16:58:55.716 [main] CommonDefinition -  Total Time  Seconds = 131 seconds
[INFO ] 2023-01-04 16:58:55.726 [main] GpModuleStepDefinition - Start Time  = 1672831735726
[INFO ] 2023-01-04 16:58:56.801 [main] GpModuleStepDefinition - Username: venkat
[INFO ] 2023-01-04 16:58:57.886 [main] GpModuleStepDefinition - Password: xOET6k1gUY
[INFO ] 2023-01-04 16:58:58.948 [main] GpModuleStepDefinition - Stemz GP Module
[INFO ] 2023-01-04 16:59:02.105 [main] GpModuleStepDefinition - Role Section: STEMZ GP
[INFO ] 2023-01-04 16:59:09.415 [main] GpModuleStepDefinition - Choose The Counter Is: 
[INFO ] 2023-01-04 16:59:20.394 [main] NurseTokenVerify - Nurse Module Token : NNDX002
[INFO ] 2023-01-04 16:59:20.395 [main] NurseTokenVerify - Token Lenght For Nurse String : 02
[INFO ] 2023-01-04 16:59:20.396 [main] NurseTokenVerify -  Nurse Current Token Number Next Token In Last Two Number 2
[INFO ] 2023-01-04 16:59:20.396 [main] NurseTokenVerify - Gro Token for String 20
[INFO ] 2023-01-04 16:59:20.396 [main] NurseTokenVerify - Gro Token Last Two Number  In Int: 20
[INFO ] 2023-01-04 16:59:20.397 [main] NurseTokenVerify - Nurse Token : 2 -- Gro Token  :20
[INFO ] 2023-01-04 16:59:28.306 [main] NurseTokenVerify - Nurse Module  Loop Token : ND013
[INFO ] 2023-01-04 16:59:28.307 [main] NurseTokenVerify - Get The Loop Next Token For Nurse  13
[INFO ] 2023-01-04 16:59:28.307 [main] NurseTokenVerify - Nurse Token : 13-- Gro Token  :20
[INFO ] 2023-01-04 16:59:36.167 [main] NurseTokenVerify - Nurse Module  Loop Token : NND020
[INFO ] 2023-01-04 16:59:36.168 [main] NurseTokenVerify - Get The Loop Next Token For Nurse  20
[INFO ] 2023-01-04 16:59:36.169 [main] NurseTokenVerify - Nurse Token : 20-- Gro Token  :20
[INFO ] 2023-01-04 16:59:37.251 [main] NurseTokenVerify - Successfully Verified The Token
[INFO ] 2023-01-04 16:59:39.369 [main] GpModuleStepDefinition - Gp Consulation Process
[INFO ] 2023-01-04 16:59:49.293 [main] GpModuleStepDefinition - Stemz Gp Assign The AbNormal Blood Pressure Value: 120
[INFO ] 2023-01-04 16:59:50.556 [main] GpModuleStepDefinition -  Stemz Gp Assign The Diastolic Pressure Value: 80
[INFO ] 2023-01-04 16:59:51.565 [main] GpModuleStepDefinition - Consulation
[INFO ] 2023-01-04 16:59:57.000 [main] GpModuleStepDefinition - Preset: Normal
[INFO ] 2023-01-04 16:59:57.001 [main] GpModuleStepDefinition - CardiologyProblem
[INFO ] 2023-01-04 17:00:10.111 [main] ExternalSpeciality - Successfully Cardilogy Referral Created
[INFO ] 2023-01-04 17:00:10.113 [main] GpModuleStepDefinition - DeformityProblem
[INFO ] 2023-01-04 17:00:26.149 [main] ExternalSpeciality - Successfully Deformity Referral Created
[INFO ] 2023-01-04 17:00:28.174 [main] GpModuleStepDefinition - Medical History: No
[INFO ] 2023-01-04 17:00:29.320 [main] GpModuleStepDefinition - Pervious Illness: No
[INFO ] 2023-01-04 17:00:30.498 [main] GpModuleStepDefinition - Your Meals In Last 10 Hours: No
[INFO ] 2023-01-04 17:00:31.632 [main] GpModuleStepDefinition - Psychiatric Or Neurological Disorder: No
[INFO ] 2023-01-04 17:00:33.936 [main] GpModuleStepDefinition - Comments: Okay
[INFO ] 2023-01-04 17:00:50.470 [main] GpModuleStepDefinition - Consultation details updated successfully
[INFO ] 2023-01-04 17:00:57.938 [main] GpModuleStepDefinition - Stemz GP Feedback collected successfully
[INFO ] 2023-01-04 17:01:11.341 [main] CommonDefinition - Logout Successfully
[INFO ] 2023-01-04 17:01:13.344 [main] GpModuleStepDefinition - Stemz Gp Run Time : 
[INFO ] 2023-01-04 17:01:13.345 [main] CommonDefinition - Total Time Mints = Mints: 2 mints  17 seconds
[INFO ] 2023-01-04 17:01:13.345 [main] CommonDefinition -  Total Time  Seconds = 137 seconds
[INFO ] 2023-01-04 17:01:13.347 [main] GpModuleStepDefinition - 84758
[INFO ] 2023-01-04 17:01:13.347 [main] GpModuleStepDefinition - 131163
[INFO ] 2023-01-04 17:01:13.348 [main] GpModuleStepDefinition - Female Applicant & Pregnant :Maybe
[INFO ] 2023-01-04 17:01:13.357 [main] LabJuniorStepDefinition - Start Time  = 1672831873357
[INFO ] 2023-01-04 17:01:17.576 [main] LabJuniorStepDefinition - Lab Junior Module
[INFO ] 2023-01-04 17:01:20.740 [main] LabJuniorStepDefinition - Role Section: Lab Junior
[INFO ] 2023-01-04 17:01:24.948 [main] LabJuniorStepDefinition - Specimen Inscan Process
[INFO ] 2023-01-04 17:01:40.414 [main] LabJuniorStepDefinition - Plasma Specimen Number: BLP1477698556
[INFO ] 2023-01-04 17:01:41.043 [main] LabJuniorStepDefinition - Successfully Scan Plasma Specimen Number
[INFO ] 2023-01-04 17:01:42.819 [main] LabJuniorStepDefinition - Serum Specimen Number: BLS1477484910
[INFO ] 2023-01-04 17:01:43.421 [main] LabJuniorStepDefinition - Successfully Scan Serum Specimen Number
[INFO ] 2023-01-04 17:01:45.218 [main] LabJuniorStepDefinition - Whole Blood Specimen Number: WBL1402308268
[INFO ] 2023-01-04 17:01:45.926 [main] LabJuniorStepDefinition - Successfully Scan Whole Blood Number
[INFO ] 2023-01-04 17:01:46.970 [main] LabJuniorStepDefinition - Lab ID: 1102
[INFO ] 2023-01-04 17:01:50.626 [main] LabJuniorStepDefinition - Specimen inscan details saved successfully
[INFO ] 2023-01-04 17:01:50.627 [main] LabJuniorStepDefinition - Lab Work List
[INFO ] 2023-01-04 17:01:50.627 [main] LabJuniorStepDefinition - Gender Type: Female
[INFO ] 2023-01-04 17:02:12.962 [main] LabJuniorWorkList - Haemoglobin: 11
[INFO ] 2023-01-04 17:02:19.495 [main] LabJuniorWorkList - Blood Group: O Positive
[INFO ] 2023-01-04 17:02:26.000 [main] LabJuniorWorkList - HIV: Negative
[INFO ] 2023-01-04 17:02:32.506 [main] LabJuniorWorkList - Anti HCV: Negative
[INFO ] 2023-01-04 17:02:37.004 [main] LabJuniorWorkList - HBsAg: Negative
[INFO ] 2023-01-04 17:02:40.402 [main] LabJuniorWorkList - SGOT: 22
[INFO ] 2023-01-04 17:02:43.748 [main] LabJuniorWorkList - SGPT: 44
[INFO ] 2023-01-04 17:02:50.126 [main] LabJuniorWorkList - Creatinine: 1
[INFO ] 2023-01-04 17:02:54.629 [main] LabJuniorWorkList - RPR: NonReactive
[INFO ] 2023-01-04 17:02:59.138 [main] LabJuniorWorkList - BEta HC: Negative
[INFO ] 2023-01-04 17:03:01.323 [main] LabJuniorWorkList - Glucose: 80
[INFO ] 2023-01-04 17:03:05.646 [main] LabJuniorWorkList - Result submitted for authorization successfully
[INFO ] 2023-01-04 17:03:17.075 [main] CommonDefinition - Logout Successfully
[INFO ] 2023-01-04 17:03:19.091 [main] LabJuniorStepDefinition - Lab Junior Runing Time:
[INFO ] 2023-01-04 17:03:19.092 [main] CommonDefinition - Total Time Mints = Mints: 2 mints  5 seconds
[INFO ] 2023-01-04 17:03:19.093 [main] CommonDefinition -  Total Time  Seconds = 125 seconds
[INFO ] 2023-01-04 17:03:19.102 [main] LabSeniorStepDefinition - Start Time  = 1672831999102
[INFO ] 2023-01-04 17:03:23.342 [main] LabSeniorStepDefinition - Lab Senior Module
[INFO ] 2023-01-04 17:03:26.492 [main] LabSeniorStepDefinition - Role Section: Lab Senior
[INFO ] 2023-01-04 17:03:31.724 [main] LabSeniorStepDefinition - Result Entry Review
[INFO ] 2023-01-04 17:03:37.273 [main] LabSeniorStepDefinition - Lab ID: 1102
[INFO ] 2023-01-04 17:03:50.510 [main] LabSeniorStepDefinition - Lab Senior First Review
[INFO ] 2023-01-04 17:03:50.512 [main] LabSeniorStepDefinition - Gender Type: Female
[INFO ] 2023-01-04 17:03:51.606 [main] LabSeniorStepDefinition - Haemoglobin: 11 = Reviewed
[INFO ] 2023-01-04 17:03:52.202 [main] LabSeniorStepDefinition - Blood Group: O Positive = Reviewed
[INFO ] 2023-01-04 17:03:53.123 [main] LabSeniorStepDefinition - HIV: Negative = Reviewed
[INFO ] 2023-01-04 17:03:53.749 [main] LabSeniorStepDefinition - Anti HCV: Negative = Reviewed
[INFO ] 2023-01-04 17:03:54.390 [main] LabSeniorStepDefinition - HBsAg: Negative = Reviewed
[INFO ] 2023-01-04 17:03:54.986 [main] LabSeniorStepDefinition - SGOT: 22 = Reviewed
[INFO ] 2023-01-04 17:03:57.312 [main] LabSeniorStepDefinition - SGPT: 44 = Reviewed
[INFO ] 2023-01-04 17:03:57.947 [main] LabSeniorStepDefinition - Creatinine: 1 = Reviewed
[INFO ] 2023-01-04 17:03:58.552 [main] LabSeniorStepDefinition - RPR: NonReactive = Reviewed
[INFO ] 2023-01-04 17:03:59.159 [main] LabSeniorStepDefinition - BEta HC: Negative = Reviewed
[INFO ] 2023-01-04 17:03:59.930 [main] LabSeniorStepDefinition - Glucose: 80 = Reviewed
[INFO ] 2023-01-04 17:04:01.395 [main] LabSeniorStepDefinition - Result submitted for authorization successfully
[INFO ] 2023-01-04 17:04:07.750 [main] CommonDefinition - Logout Successfully
[INFO ] 2023-01-04 17:04:09.761 [main] LabSeniorStepDefinition - Lab Senior Runing Time:
[INFO ] 2023-01-04 17:04:09.764 [main] CommonDefinition - Total Time Mints = Mints: 0 mints  50 seconds
[INFO ] 2023-01-04 17:04:09.764 [main] CommonDefinition -  Total Time  Seconds = 50 seconds
[INFO ] 2023-01-04 17:04:09.773 [main] LabSupervisorStepDefinition - Start Time  = 1672832049773
[INFO ] 2023-01-04 17:04:13.994 [main] LabSupervisorStepDefinition - Lab Supervisor Module
[INFO ] 2023-01-04 17:04:17.438 [main] LabSupervisorStepDefinition - Role Section: Lab Supervisor
[INFO ] 2023-01-04 17:04:21.650 [main] LabSupervisorStepDefinition - Pathalogist Worklist :
[INFO ] 2023-01-04 17:04:27.195 [main] LabSupervisorStepDefinition - Lab ID: 1102
[INFO ] 2023-01-04 17:04:36.666 [main] LabSupervisorStepDefinition - Result Entry :
[INFO ] 2023-01-04 17:04:37.671 [main] LabSupervisorStepDefinition - Lab Supervisor Authorize in Result Entry :
[INFO ] 2023-01-04 17:04:37.672 [main] LabSupervisorStepDefinition - Gender Type: Female
[INFO ] 2023-01-04 17:04:37.673 [main] LabSupervisorStepDefinition - Hemoglobin: 11 = Authorized
[INFO ] 2023-01-04 17:04:37.673 [main] LabSupervisorStepDefinition - Blood Group: O Positive = Authorized
[INFO ] 2023-01-04 17:04:37.674 [main] LabSupervisorStepDefinition - HIV: Negative = Authorized
[INFO ] 2023-01-04 17:04:37.674 [main] LabSupervisorStepDefinition - Anti HCV: Negative = Authorized
[INFO ] 2023-01-04 17:04:37.674 [main] LabSupervisorStepDefinition - HBsAg: Negative = Authorized
[INFO ] 2023-01-04 17:04:39.685 [main] LabSupervisorStepDefinition - SGOT: 22 = Authorized
[INFO ] 2023-01-04 17:04:39.687 [main] LabSupervisorStepDefinition - SGPT: 44 = Authorized
[INFO ] 2023-01-04 17:04:39.689 [main] LabSupervisorStepDefinition - Creatinine: 1 = Authorized
[INFO ] 2023-01-04 17:04:39.689 [main] LabSupervisorStepDefinition - RPR: NonReactive = Authorized
[INFO ] 2023-01-04 17:04:39.690 [main] LabSupervisorStepDefinition - BEta HC: Negative = Authorized
[INFO ] 2023-01-04 17:04:39.690 [main] LabSupervisorStepDefinition - Glucose: 80 = Authorized
[INFO ] 2023-01-04 17:04:42.834 [main] LabSupervisorStepDefinition - Results authorized successfully!
[INFO ] 2023-01-04 17:04:49.257 [main] CommonDefinition - Logout Successfully
[INFO ] 2023-01-04 17:04:51.270 [main] LabSupervisorStepDefinition - Log out For Supervisor
[INFO ] 2023-01-04 17:04:51.271 [main] LabSupervisorStepDefinition - Lab Supervisor Runing Time:
[INFO ] 2023-01-04 17:04:51.271 [main] CommonDefinition - Total Time Mints = Mints: 0 mints  41 seconds
[INFO ] 2023-01-04 17:04:51.272 [main] CommonDefinition -  Total Time  Seconds = 41 seconds
[INFO ] 2023-01-04 17:04:59.769 [main] GROStepDefinition - Role Section: GRO
[INFO ] 2023-01-04 17:05:12.142 [main] GROStepDefinition - Choose The Counter is: Counter - 01
[INFO ] 2023-01-04 17:05:13.742 [main] GROStepDefinition - Signed into the counter successfully
[INFO ] 2023-01-04 17:05:20.098 [main] UploadReferralLetter - Total Referral Count And Details : 5
[INFO ] 2023-01-04 17:05:20.099 [main] UploadReferralLetter - How Many Referrals Details And Count : {SGOT : =0, Glucose : =0, Cardilogy : =1, Beta HCG=1, RPR : =0, Color Vision : =0, Stemz BP : =0, AntiHCV : =0, SGPT : =0, BMI : =0, HBsAg : =0, Deformatory : =1, HIV : =0, Xray=0, Creatinine : =0, Vision : =2, Hamoglobin : =0}
[INFO ] 2023-01-04 17:05:25.135 [main] PrintReferralLetter - Print Referral Letter Page: 
[INFO ] 2023-01-04 17:05:26.176 [main] PrintReferralLetter - Referral: External Speciality
Speciality: Cardiology, Orthopedic, Ophthalmologist, Vision Recheck, Gynaecology
[INFO ] 2023-01-04 17:05:27.217 [main] PrintReferralLetter - Document Type: Cardiology
[INFO ] 2023-01-04 17:05:32.512 [main] PrintReferralLetter - Cardiology Print Referral Letter saved Successfully
[INFO ] 2023-01-04 17:05:32.608 [main] PrintReferralLetter - Document Type : Orthopedic
[INFO ] 2023-01-04 17:05:36.850 [main] PrintReferralLetter - Orthopedic Print Referral Letter saved Successfully
[INFO ] 2023-01-04 17:05:37.931 [main] PrintReferralLetter - Document Type : Ophthalmologist
[INFO ] 2023-01-04 17:05:42.334 [main] PrintReferralLetter - Ophthalmologist Print Referral Letter saved Successfully
[INFO ] 2023-01-04 17:05:43.428 [main] PrintReferralLetter - Document Type : Vision Recheck
[INFO ] 2023-01-04 17:05:47.794 [main] PrintReferralLetter - Vision Recheck Print Referral Letter saved Successfully
[INFO ] 2023-01-04 17:05:50.898 [main] PrintReferralLetter - Document Type : Gynaecology
[INFO ] 2023-01-04 17:05:55.147 [main] PrintReferralLetter - Gynaecology Print Referral Letter saved Successfully
[INFO ] 2023-01-04 17:06:02.677 [main] UploadReferralLetter - Referral: External Speciality
Speciality: Cardiology, Orthopedic, Ophthalmologist, Gynaecology
[INFO ] 2023-01-04 17:06:06.700 [main] UploadReferralLetter - Upload Referral Count : 4
[INFO ] 2023-01-04 17:06:06.833 [main] UploadReferralLetter - Upload Referral Letter Page :
[INFO ] 2023-01-04 17:06:07.911 [main] UploadReferralLetter - Document Type : Cardiology
[INFO ] 2023-01-04 17:06:28.873 [main] UploadReferralLetter - Cardiology document uploaded successfully
[INFO ] 2023-01-04 17:06:31.928 [main] UploadReferralLetter - Document Type : Orthopedic
[INFO ] 2023-01-04 17:06:53.693 [main] UploadReferralLetter - Orthopedic document uploaded successfully
[INFO ] 2023-01-04 17:06:56.756 [main] UploadReferralLetter - Document Type : Ophthalmologist
[INFO ] 2023-01-04 17:07:17.746 [main] UploadReferralLetter - Ophthalmologist document uploaded successfully
[INFO ] 2023-01-04 17:07:20.802 [main] UploadReferralLetter - Document Type : Gynaecology
[INFO ] 2023-01-04 17:07:37.592 [main] UploadReferralLetter - Gynaecology document uploaded successfully
[INFO ] 2023-01-04 17:07:44.952 [main] PrintReceipt - Total Referral Count : 5
[INFO ] 2023-01-04 17:07:44.978 [main] PrintReceipt - Print Receipt Name : Cardiology
[INFO ] 2023-01-04 17:07:45.006 [main] PrintReceipt - Print Receipt Name : Orthopedic
[INFO ] 2023-01-04 17:07:45.032 [main] PrintReceipt - Print Receipt Name : Ophthalmologist
[INFO ] 2023-01-04 17:07:45.056 [main] PrintReceipt - Print Receipt Name : Vision Recheck
[INFO ] 2023-01-04 17:07:45.083 [main] PrintReceipt - Print Receipt Name : Gynaecology
[INFO ] 2023-01-04 17:07:58.374 [main] PrintReceipt - GRO Refferral Token :    Token no (NND021) generated successfully
[INFO ] 2023-01-04 17:08:01.480 [main] PrintReceipt - Collected Feedback Successfully
[INFO ] 2023-01-04 17:08:09.922 [main] CommonDefinition - Logout Successfully
[INFO ] 2023-01-04 17:08:11.935 [main] StemzGPCertificatePage - Referrals : {BMI : =false, Cardilogy : =true, Beta HCG=true, Deformatory : =true, Color Vision : =false, Vision : =true, BP : =false}
[INFO ] 2023-01-04 17:08:21.339 [main] GpModuleStepDefinition - Role Section: STEMZ GP
[INFO ] 2023-01-04 17:08:28.649 [main] GpModuleStepDefinition - Choose The Counter Is: 
[INFO ] 2023-01-04 17:08:38.757 [main] StemzGPCertificatePage - Physician Worklist : 
[INFO ] 2023-01-04 17:08:44.923 [main] StemzGPCertificatePage - Referral to be Reported
[INFO ] 2023-01-04 17:09:00.814 [main] StemzGPCertificatePage - Referral Document : 
[INFO ] 2023-01-04 17:09:00.817 [main] StemzGPCertificatePage - Total Referral Count :4
[INFO ] 2023-01-04 17:09:00.843 [main] StemzGPCertificatePage - Document Type : Cardiology
[INFO ] 2023-01-04 17:09:05.024 [main] StemzGPCertificatePage - Approval : null
[INFO ] 2023-01-04 17:09:07.067 [main] StemzGPCertificatePage - Document Type : Orthopedic
[INFO ] 2023-01-04 17:09:12.154 [main] StemzGPCertificatePage - Document Type : Ophthalmologist
[INFO ] 2023-01-04 17:09:19.412 [main] StemzGPCertificatePage - Document Type : Gynaecology
[INFO ] 2023-01-04 18:01:49.563 [main] GROStepDefinition - Glosys Automation Script 2.0 Run In :  MicrosoftEdge Browser
[INFO ] 2023-01-04 18:01:53.480 [main] GROStepDefinition - Start Time  = 1672835513480
[INFO ] 2023-01-04 18:01:53.486 [main] GROStepDefinition - Case:5: Enter The Correct Username And Password
[INFO ] 2023-01-04 18:01:53.603 [main] GROStepDefinition - Username: venkat
[INFO ] 2023-01-04 18:01:53.693 [main] GROStepDefinition - Password: xOET6k1gUY
[INFO ] 2023-01-04 18:01:58.545 [main] GROStepDefinition - Role Section: GRO
[INFO ] 2023-01-04 18:02:33.034 [main] GpModuleStepDefinition - Start Time  = 1672835553034
[INFO ] 2023-01-04 18:02:54.077 [main] LabJuniorStepDefinition - Start Time  = 1672835574077
[INFO ] 2023-01-04 18:03:16.134 [main] LabSeniorStepDefinition - Start Time  = 1672835596134
[INFO ] 2023-01-04 18:03:38.279 [main] LabSupervisorStepDefinition - Start Time  = 1672835618279
[INFO ] 2023-01-04 18:07:19.284 [main] GROStepDefinition - Glosys Automation Script 2.0 Run In :  MicrosoftEdge Browser
[INFO ] 2023-01-04 18:07:23.503 [main] GROStepDefinition - Start Time  = 1672835843503
[INFO ] 2023-01-04 18:07:23.507 [main] GROStepDefinition - Case:5: Enter The Correct Username And Password
[INFO ] 2023-01-04 18:07:23.610 [main] GROStepDefinition - Username: venkat
[INFO ] 2023-01-04 18:07:23.700 [main] GROStepDefinition - Password: xOET6k1gUY
[INFO ] 2023-01-04 18:07:28.233 [main] GROStepDefinition - Role Section: GRO
[INFO ] 2023-01-04 18:08:02.608 [main] GpModuleStepDefinition - Start Time  = 1672835882608
[INFO ] 2023-01-04 18:08:23.655 [main] LabJuniorStepDefinition - Start Time  = 1672835903655
[INFO ] 2023-01-04 18:08:45.729 [main] LabSeniorStepDefinition - Start Time  = 1672835925729
[INFO ] 2023-01-04 18:09:07.774 [main] LabSupervisorStepDefinition - Start Time  = 1672835947774
[INFO ] 2023-01-04 18:11:15.123 [main] GROStepDefinition - Glosys Automation Script 2.0 Run In :  MicrosoftEdge Browser
[INFO ] 2023-01-04 18:11:19.696 [main] GROStepDefinition - Start Time  = 1672836079696
[INFO ] 2023-01-04 18:11:19.711 [main] GROStepDefinition - Case:5: Enter The Correct Username And Password
[INFO ] 2023-01-04 18:11:19.854 [main] GROStepDefinition - Username: venkat
[INFO ] 2023-01-04 18:11:19.947 [main] GROStepDefinition - Password: xOET6k1gUY
[INFO ] 2023-01-04 18:11:24.518 [main] GROStepDefinition - Role Section: GRO
[INFO ] 2023-01-04 18:11:58.883 [main] GpModuleStepDefinition - Start Time  = 1672836118883
[INFO ] 2023-01-04 18:12:19.980 [main] LabJuniorStepDefinition - Start Time  = 1672836139979
[INFO ] 2023-01-04 18:12:42.058 [main] LabSeniorStepDefinition - Start Time  = 1672836162058
[INFO ] 2023-01-04 18:13:04.149 [main] LabSupervisorStepDefinition - Start Time  = 1672836184148
[INFO ] 2023-01-04 18:13:24.560 [main] GROStepDefinition - Glosys Automation Script 2.0 Run In :  MicrosoftEdge Browser
[INFO ] 2023-01-04 18:13:28.730 [main] GROStepDefinition - Start Time  = 1672836208730
[INFO ] 2023-01-04 18:13:28.737 [main] GROStepDefinition - Case:5: Enter The Correct Username And Password
[INFO ] 2023-01-04 18:13:28.925 [main] GROStepDefinition - Username: venkat
[INFO ] 2023-01-04 18:13:29.014 [main] GROStepDefinition - Password: xOET6k1gUY
[INFO ] 2023-01-04 18:13:33.560 [main] GROStepDefinition - Role Section: GRO
[INFO ] 2023-01-04 18:14:07.816 [main] GpModuleStepDefinition - Start Time  = 1672836247816
[INFO ] 2023-01-04 18:14:28.931 [main] LabJuniorStepDefinition - Start Time  = 1672836268930
[INFO ] 2023-01-04 18:14:50.998 [main] LabSeniorStepDefinition - Start Time  = 1672836290998
[INFO ] 2023-01-04 18:15:13.080 [main] LabSupervisorStepDefinition - Start Time  = 1672836313080
[INFO ] 2023-01-04 18:19:24.054 [main] GROStepDefinition - Glosys Automation Script 2.0 Run In :  MicrosoftEdge Browser
[INFO ] 2023-01-04 18:19:27.935 [main] GROStepDefinition - Start Time  = 1672836567934
[INFO ] 2023-01-04 18:19:27.947 [main] GROStepDefinition - Case:5: Enter The Correct Username And Password
[INFO ] 2023-01-04 18:19:28.084 [main] GROStepDefinition - Username: venkat
[INFO ] 2023-01-04 18:19:28.172 [main] GROStepDefinition - Password: xOET6k1gUY
[INFO ] 2023-01-04 18:19:32.513 [main] GROStepDefinition - Role Section: GRO
[INFO ] 2023-01-04 18:19:45.262 [main] GROStepDefinition - Choose The Counter is: Counter - 01
[INFO ] 2023-01-04 18:19:46.981 [main] GROStepDefinition - Signed into the counter successfully
[INFO ] 2023-01-04 18:19:51.783 [main] GROStepDefinition - Visa Number: 998090981191
[INFO ] 2023-01-04 18:19:53.944 [main] GROStepDefinition - Biometric skip request sent successfully
[INFO ] 2023-01-04 18:19:58.009 [main] GROStepDefinition - Patient Profile Page
[INFO ] 2023-01-04 18:19:58.009 [main] GROStepDefinition - Personal Details: 
[INFO ] 2023-01-04 18:19:58.009 [main] GROStepDefinition - Visa Gender Type: Female
[INFO ] 2023-01-04 18:20:04.000 [main] GROStepDefinition - Applicant Believes Pregnant?: Maybe
[INFO ] 2023-01-04 18:20:04.001 [main] GROStepDefinition - Successfully enter the Personal information details
[INFO ] 2023-01-04 18:20:04.001 [main] GROStepDefinition - Communcation Details: 
[INFO ] 2023-01-04 18:20:05.060 [main] GROStepDefinition - Country: India
[INFO ] 2023-01-04 18:20:07.386 [main] GROStepDefinition - Preferred Language to Speak: Tamil
[INFO ] 2023-01-04 18:20:08.400 [main] GROStepDefinition - Preferred Language to Read: Tamil
[INFO ] 2023-01-04 18:20:12.089 [main] GROStepDefinition - Preferred Location for Referral: Chennai
[INFO ] 2023-01-04 18:20:14.247 [main] GROStepDefinition - Preferred Hospital: Apollo Hospital
[INFO ] 2023-01-04 18:20:14.248 [main] GROStepDefinition - Successfully enter The Communication Details
[INFO ] 2023-01-04 18:20:14.248 [main] GROStepDefinition - Encounter Details: 
[INFO ] 2023-01-04 18:20:17.612 [main] GROStepDefinition - SMS Alert Number: 9790000000
[INFO ] 2023-01-04 18:20:17.678 [main] GROStepDefinition - Job Position : Pharmacist
[INFO ] 2023-01-04 18:20:17.703 [main] GROStepDefinition - Is Job applicable of Driving: false
[INFO ] 2023-01-04 18:20:17.703 [main] GROStepDefinition - Successfully enter The Encounter details
[INFO ] 2023-01-04 18:20:34.719 [main] GROStepDefinition - APPLICANT CONSENT AND DECLARATION FORM
[INFO ] 2023-01-04 18:20:34.720 [main] GROStepDefinition - Applicant Details Created Successflly
[INFO ] 2023-01-04 18:20:34.720 [main] GROStepDefinition - Place Order Page
[INFO ] 2023-01-04 18:20:34.799 [main] GROStepDefinition - Token Genarated :   Token no (NND022) generated successfully
[INFO ] 2023-01-04 18:20:34.799 [main] GROStepDefinition - Visa Gender Type: Female - MaybeXray Page Not Allowed
[INFO ] 2023-01-04 18:20:34.800 [main] GROStepDefinition - Token : NND022
[INFO ] 2023-01-04 18:20:40.023 [main] GROStepDefinition -  Generate Service Recipt
[INFO ] 2023-01-04 18:20:42.112 [main] GROStepDefinition - Capture Identify Page:
[INFO ] 2023-01-04 18:20:42.113 [main] GROStepDefinition - Vaccination Document Status Condition is: No
[INFO ] 2023-01-04 18:20:42.113 [main] GROStepDefinition - Referral Document Status Condition is: No
[INFO ] 2023-01-04 18:20:45.312 [main] GROStepDefinition - Applicant identity details updated successfully
[INFO ] 2023-01-04 18:20:47.457 [main] GROStepDefinition - GRO Module Feedback Collected
[INFO ] 2023-01-04 18:20:59.967 [main] CommonDefinition - Logout Successfully
[INFO ] 2023-01-04 18:21:01.970 [main] GROStepDefinition - GRO Runing Time:
[INFO ] 2023-01-04 18:21:01.971 [main] CommonDefinition - Total Time Mints = Mints: 1 mints  34 seconds
[INFO ] 2023-01-04 18:21:01.971 [main] CommonDefinition -  Total Time  Seconds = 94 seconds
[INFO ] 2023-01-04 18:21:05.140 [main] NurseModuleStepDefinition - Start Time  = 1672836662018
[INFO ] 2023-01-04 18:21:06.289 [main] NurseModuleStepDefinition - Nurse Module
[INFO ] 2023-01-04 18:21:11.514 [main] NurseModuleStepDefinition - Role Section: Nurse
[INFO ] 2023-01-04 18:21:20.540 [main] NurseModuleStepDefinition - Choose The Counter Is: Male Nurse Room counter 2
[INFO ] 2023-01-04 18:21:30.970 [main] NurseTokenVerify - Nurse Module Token : NND017
[INFO ] 2023-01-04 18:21:30.970 [main] NurseTokenVerify - Token Lenght For Nurse String : 17
[INFO ] 2023-01-04 18:21:30.970 [main] NurseTokenVerify -  Nurse Current Token Number Next Token In Last Two Number 17
[INFO ] 2023-01-04 18:21:30.970 [main] NurseTokenVerify - Gro Token for String 22
[INFO ] 2023-01-04 18:21:30.970 [main] NurseTokenVerify - Gro Token Last Two Number  In Int: 22
[INFO ] 2023-01-04 18:21:30.970 [main] NurseTokenVerify - Nurse Token : 17 -- Gro Token  :22
[INFO ] 2023-01-04 18:21:39.050 [main] NurseTokenVerify - Nurse Module  Loop Token : NND019
[INFO ] 2023-01-04 18:21:39.050 [main] NurseTokenVerify - Get The Loop Next Token For Nurse  19
[INFO ] 2023-01-04 18:21:39.050 [main] NurseTokenVerify - Nurse Token : 19-- Gro Token  :22
[INFO ] 2023-01-04 18:21:47.072 [main] NurseTokenVerify - Nurse Module  Loop Token : NND021
[INFO ] 2023-01-04 18:21:47.072 [main] NurseTokenVerify - Get The Loop Next Token For Nurse  21
[INFO ] 2023-01-04 18:21:47.072 [main] NurseTokenVerify - Nurse Token : 21-- Gro Token  :22
[INFO ] 2023-01-04 18:21:55.038 [main] NurseTokenVerify - Nurse Module  Loop Token : NND022
[INFO ] 2023-01-04 18:21:55.038 [main] NurseTokenVerify - Get The Loop Next Token For Nurse  22
[INFO ] 2023-01-04 18:21:55.038 [main] NurseTokenVerify - Nurse Token : 22-- Gro Token  :22
[INFO ] 2023-01-04 18:21:56.179 [main] NurseTokenVerify - Successfully Verified The Token
[INFO ] 2023-01-04 18:21:58.319 [main] NurseModuleStepDefinition - Record Vitals:
[INFO ] 2023-01-04 18:22:01.918 [main] NurseModuleStepDefinition - Height: 160
[INFO ] 2023-01-04 18:22:02.197 [main] NurseModuleStepDefinition - Weight: 60
[INFO ] 2023-01-04 18:22:03.699 [main] NurseModuleStepDefinition - Successfully enter the Body Mass Index
[INFO ] 2023-01-04 18:22:08.223 [main] NurseModuleStepDefinition - AbNormal Vision (R): 6/36
[INFO ] 2023-01-04 18:22:10.804 [main] NurseModuleStepDefinition - AbNormal Vision (L): 6/36
[INFO ] 2023-01-04 18:22:10.804 [main] NurseModuleStepDefinition - Successfully enter the Vision Module
[INFO ] 2023-01-04 18:22:12.814 [main] NurseModuleStepDefinition - Job Describtion : Pharmacist
[INFO ] 2023-01-04 18:22:13.678 [main] NurseModuleStepDefinition -  Nurse Assign The Systolic Pressure Value: 120
[INFO ] 2023-01-04 18:22:14.432 [main] NurseModuleStepDefinition -  Nurse Assign The Diastolic Pressure Value: 80
[INFO ] 2023-01-04 18:22:15.713 [main] NurseModuleStepDefinition - Successfully enter the Other Module
[INFO ] 2023-01-04 18:22:15.713 [main] NurseModuleStepDefinition - New applicant vitals details created successfully
[INFO ] 2023-01-04 18:22:15.713 [main] NurseModuleStepDefinition - Speciman Genaration :
[INFO ] 2023-01-04 18:22:18.929 [main] NurseModuleStepDefinition - Order ID : 3424
[INFO ] 2023-01-04 18:22:18.930 [main] NurseModuleStepDefinition - Plasma Specimen Number: Yet to be Generated
[INFO ] 2023-01-04 18:22:18.930 [main] NurseModuleStepDefinition - Serum Specimen Number: Yet to be Generated
[INFO ] 2023-01-04 18:22:18.930 [main] NurseModuleStepDefinition - Whole Blood Specimen Number: Yet to be Generated
[INFO ] 2023-01-04 18:22:35.170 [main] NurseModuleStepDefinition - Speciman Genarated Successfully
[INFO ] 2023-01-04 18:22:35.170 [main] NurseModuleStepDefinition - Speciman Collection :
[INFO ] 2023-01-04 18:22:36.762 [main] NurseModuleStepDefinition - Plasma Specimen Number: BLP1463436501: Generated
[INFO ] 2023-01-04 18:22:36.762 [main] NurseModuleStepDefinition - Serum Specimen Number: BLS1441229460: Generated
[INFO ] 2023-01-04 18:22:36.763 [main] NurseModuleStepDefinition - Whole Blood Specimen Number: WBL1417884731: Generated
[INFO ] 2023-01-04 18:22:39.201 [main] NurseModuleStepDefinition - Speciman Collected Successfully
[INFO ] 2023-01-04 18:22:39.201 [main] NurseModuleStepDefinition - Vaccination: 
[INFO ] 2023-01-04 18:22:43.306 [main] NurseModuleStepDefinition - Nurse Module Feedback collected successfully
[INFO ] 2023-01-04 18:22:49.321 [main] NurseModuleStepDefinition - Sample Outgoing
[INFO ] 2023-01-04 18:22:57.694 [main] NurseModuleStepDefinition - Plasma Specimen Number: BLP1463436501
[INFO ] 2023-01-04 18:22:57.694 [main] NurseModuleStepDefinition - Serum Specimen Number: BLS1441229460
[INFO ] 2023-01-04 18:22:57.694 [main] NurseModuleStepDefinition - Whole Blood Specimen Number: WBL1417884731
[INFO ] 2023-01-04 18:22:57.695 [main] NurseModuleStepDefinition - Scan Specimen Number
[INFO ] 2023-01-04 18:23:00.362 [main] NurseModuleStepDefinition - Successfully scan the Plasma Specimen Number: BLP1463436501
[INFO ] 2023-01-04 18:23:02.965 [main] NurseModuleStepDefinition - Successfully scan the Serum Specimen Number: BLS1441229460
[INFO ] 2023-01-04 18:23:05.347 [main] NurseModuleStepDefinition - Suceessfully scan the Whole Blood Specimen Number: WBL1417884731
[INFO ] 2023-01-04 18:23:05.347 [main] NurseModuleStepDefinition - Lab Technician and GRO Information
[INFO ] 2023-01-04 18:23:09.276 [main] NurseModuleStepDefinition - Lab Tech Name: Lab Technician Glossys
[INFO ] 2023-01-04 18:23:11.217 [main] NurseModuleStepDefinition - GRO Name: GRO Glossys
[INFO ] 2023-01-04 18:23:12.384 [main] NurseModuleStepDefinition -  Sample's Sent to LAB successfully
[INFO ] 2023-01-04 18:23:20.869 [main] CommonDefinition - Logout Successfully
[INFO ] 2023-01-04 18:23:22.871 [main] NurseModuleStepDefinition - Nurse Runing Time:
[INFO ] 2023-01-04 18:23:22.871 [main] CommonDefinition - Total Time Mints = Mints: 2 mints  20 seconds
[INFO ] 2023-01-04 18:23:22.872 [main] CommonDefinition -  Total Time  Seconds = 140 seconds
[INFO ] 2023-01-04 18:23:22.910 [main] GpModuleStepDefinition - Start Time  = 1672836802909
[INFO ] 2023-01-04 18:23:23.998 [main] GpModuleStepDefinition - Username: venkat
[INFO ] 2023-01-04 18:23:25.094 [main] GpModuleStepDefinition - Password: xOET6k1gUY
[INFO ] 2023-01-04 18:23:26.216 [main] GpModuleStepDefinition - Stemz GP Module
[INFO ] 2023-01-04 18:23:29.425 [main] GpModuleStepDefinition - Role Section: STEMZ GP
[INFO ] 2023-01-04 18:23:36.784 [main] GpModuleStepDefinition - Choose The Counter Is: 
[INFO ] 2023-01-04 18:23:47.907 [main] NurseTokenVerify - Nurse Module Token : NNDX002
[INFO ] 2023-01-04 18:23:47.907 [main] NurseTokenVerify - Token Lenght For Nurse String : 02
[INFO ] 2023-01-04 18:23:47.907 [main] NurseTokenVerify -  Nurse Current Token Number Next Token In Last Two Number 2
[INFO ] 2023-01-04 18:23:47.907 [main] NurseTokenVerify - Gro Token for String 22
[INFO ] 2023-01-04 18:23:47.907 [main] NurseTokenVerify - Gro Token Last Two Number  In Int: 22
[INFO ] 2023-01-04 18:23:47.907 [main] NurseTokenVerify - Nurse Token : 2 -- Gro Token  :22
[INFO ] 2023-01-04 18:23:55.980 [main] NurseTokenVerify - Nurse Module  Loop Token : ND013
[INFO ] 2023-01-04 18:23:55.980 [main] NurseTokenVerify - Get The Loop Next Token For Nurse  13
[INFO ] 2023-01-04 18:23:55.980 [main] NurseTokenVerify - Nurse Token : 13-- Gro Token  :22
[INFO ] 2023-01-04 18:24:03.974 [main] NurseTokenVerify - Nurse Module  Loop Token : NND022
[INFO ] 2023-01-04 18:24:03.975 [main] NurseTokenVerify - Get The Loop Next Token For Nurse  22
[INFO ] 2023-01-04 18:24:03.975 [main] NurseTokenVerify - Nurse Token : 22-- Gro Token  :22
[INFO ] 2023-01-04 18:24:05.071 [main] NurseTokenVerify - Successfully Verified The Token
[INFO ] 2023-01-04 18:24:07.220 [main] GpModuleStepDefinition - Gp Consulation Process
[INFO ] 2023-01-04 18:24:17.276 [main] GpModuleStepDefinition - Stemz Gp Assign The AbNormal Blood Pressure Value: 120
[INFO ] 2023-01-04 18:24:18.544 [main] GpModuleStepDefinition -  Stemz Gp Assign The Diastolic Pressure Value: 80
[INFO ] 2023-01-04 18:24:19.546 [main] GpModuleStepDefinition - Consulation
[INFO ] 2023-01-04 18:24:25.183 [main] GpModuleStepDefinition - Preset: Normal
[INFO ] 2023-01-04 18:24:25.183 [main] GpModuleStepDefinition - CardiologyProblem
[INFO ] 2023-01-04 18:24:38.417 [main] ExternalSpeciality - Successfully Cardilogy Referral Created
[INFO ] 2023-01-04 18:24:38.417 [main] GpModuleStepDefinition - DeformityProblem
[INFO ] 2023-01-04 18:24:54.644 [main] ExternalSpeciality - Successfully Deformity Referral Created
[INFO ] 2023-01-04 18:24:56.678 [main] GpModuleStepDefinition - Medical History: No
[INFO ] 2023-01-04 18:24:57.826 [main] GpModuleStepDefinition - Pervious Illness: No
[INFO ] 2023-01-04 18:24:59.016 [main] GpModuleStepDefinition - Your Meals In Last 10 Hours: No
[INFO ] 2023-01-04 18:25:00.258 [main] GpModuleStepDefinition - Psychiatric Or Neurological Disorder: No
[INFO ] 2023-01-04 18:25:02.562 [main] GpModuleStepDefinition - Comments: Okay
[INFO ] 2023-01-04 18:25:19.195 [main] GpModuleStepDefinition - Consultation details updated successfully
[INFO ] 2023-01-04 18:25:26.902 [main] GpModuleStepDefinition - Stemz GP Feedback collected successfully
[INFO ] 2023-01-04 18:25:40.683 [main] CommonDefinition - Logout Successfully
[INFO ] 2023-01-04 18:25:42.690 [main] GpModuleStepDefinition - Stemz Gp Run Time : 
[INFO ] 2023-01-04 18:25:42.691 [main] CommonDefinition - Total Time Mints = Mints: 2 mints  19 seconds
[INFO ] 2023-01-04 18:25:42.691 [main] CommonDefinition -  Total Time  Seconds = 139 seconds
[INFO ] 2023-01-04 18:25:42.694 [main] GpModuleStepDefinition - 94036
[INFO ] 2023-01-04 18:25:42.695 [main] GpModuleStepDefinition - 140853
[INFO ] 2023-01-04 18:25:42.695 [main] GpModuleStepDefinition - Female Applicant & Pregnant :Maybe
[INFO ] 2023-01-04 18:25:42.732 [main] LabJuniorStepDefinition - Start Time  = 1672836942732
[INFO ] 2023-01-04 18:25:47.224 [main] LabJuniorStepDefinition - Lab Junior Module
[INFO ] 2023-01-04 18:25:50.485 [main] LabJuniorStepDefinition - Role Section: Lab Junior
[INFO ] 2023-01-04 18:25:55.015 [main] LabJuniorStepDefinition - Specimen Inscan Process
[INFO ] 2023-01-04 18:26:10.798 [main] LabJuniorStepDefinition - Plasma Specimen Number: BLP1463436501
[INFO ] 2023-01-04 18:26:11.501 [main] LabJuniorStepDefinition - Successfully Scan Plasma Specimen Number
[INFO ] 2023-01-04 18:26:13.552 [main] LabJuniorStepDefinition - Serum Specimen Number: BLS1441229460
[INFO ] 2023-01-04 18:26:14.280 [main] LabJuniorStepDefinition - Successfully Scan Serum Specimen Number
[INFO ] 2023-01-04 18:26:16.310 [main] LabJuniorStepDefinition - Whole Blood Specimen Number: WBL1417884731
[INFO ] 2023-01-04 18:26:17.193 [main] LabJuniorStepDefinition - Successfully Scan Whole Blood Number
[INFO ] 2023-01-04 18:26:18.261 [main] LabJuniorStepDefinition - Lab ID: 1108
[INFO ] 2023-01-04 18:26:22.069 [main] LabJuniorStepDefinition - Specimen inscan details saved successfully
[INFO ] 2023-01-04 18:26:22.069 [main] LabJuniorStepDefinition - Lab Work List
[INFO ] 2023-01-04 18:26:22.069 [main] LabJuniorStepDefinition - Gender Type: Female
[INFO ] 2023-01-04 18:26:45.310 [main] LabJuniorWorkList - Haemoglobin: 11
[INFO ] 2023-01-04 18:26:52.078 [main] LabJuniorWorkList - Blood Group: O Positive
[INFO ] 2023-01-04 18:26:58.886 [main] LabJuniorWorkList - HIV: Negative
[INFO ] 2023-01-04 18:27:05.784 [main] LabJuniorWorkList - Anti HCV: Negative
[INFO ] 2023-01-04 18:27:10.810 [main] LabJuniorWorkList - HBsAg: Negative
[INFO ] 2023-01-04 18:27:14.433 [main] LabJuniorWorkList - SGOT: 22
[INFO ] 2023-01-04 18:27:18.190 [main] LabJuniorWorkList - SGPT: 44
[INFO ] 2023-01-04 18:27:24.872 [main] LabJuniorWorkList - Creatinine: 1
[INFO ] 2023-01-04 18:27:29.850 [main] LabJuniorWorkList - RPR: NonReactive
[INFO ] 2023-01-04 18:27:31.933 [main] LabSeniorStepDefinition - Start Time  = 1672837051933
[INFO ] 2023-01-04 18:27:33.989 [main] LabSupervisorStepDefinition - Start Time  = 1672837053989
