[INFO ] 2023-03-15 16:00:59.248 [main] GROStepDefinition - Glosys Automation Script 2.0 Run In :  MicrosoftEdge Browser
[INFO ] 2023-03-15 16:00:59.248 [main] GROStepDefinition - Glosys Automation Script 2.0 Run In :  MicrosoftEdge Browser
[INFO ] 2023-03-15 16:01:03.030 [main] GROStepDefinition - Start Time  = 1678876263030
[INFO ] 2023-03-15 16:01:03.031 [main] GROStepDefinition - Case:5: Enter The Correct Username And Password
[INFO ] 2023-03-15 16:01:03.839 [main] GROStepDefinition - Start Time  = 1678876263839
[INFO ] 2023-03-15 16:01:03.841 [main] GROStepDefinition - Case:5: Enter The Correct Username And Password
[INFO ] 2023-03-15 16:01:07.789 [main] GROStepDefinition - Username: mangai
[INFO ] 2023-03-15 16:01:07.791 [main] GROStepDefinition - Username: mangai
[INFO ] 2023-03-15 16:01:07.930 [main] GROStepDefinition - Password: xOET6k1gUY
[INFO ] 2023-03-15 16:01:07.935 [main] GROStepDefinition - Password: xOET6k1gUY
[INFO ] 2023-03-15 16:01:11.902 [main] GROStepDefinition - Role Section: GRO
[INFO ] 2023-03-15 16:01:11.903 [main] GROStepDefinition - Role Section: GRO
[INFO ] 2023-03-15 16:01:13.023 [main] CommonDefinition - Country : Philippines
[INFO ] 2023-03-15 16:01:13.026 [main] CommonDefinition - Country : Philippines
[INFO ] 2023-03-15 16:01:15.825 [main] GROStepDefinition - Choose The Counter is: MA Counter 01
[INFO ] 2023-03-15 16:01:16.040 [main] GROStepDefinition - Choose The Counter is: MA Counter 01
[INFO ] 2023-03-15 16:01:18.470 [main] GROStepDefinition - Signed into the counter successfully
[INFO ] 2023-03-15 16:01:18.817 [main] GROStepDefinition - Signed into the counter successfully
[INFO ] 2023-03-15 16:01:36.195 [main] GpModuleStepDefinition - Start Time  = 1678876296195
[INFO ] 2023-03-15 16:01:37.221 [main] LabJuniorStepDefinition - Start Time  = 1678876297221
[INFO ] 2023-03-15 16:01:37.681 [main] GpModuleStepDefinition - Start Time  = 1678876297681
[INFO ] 2023-03-15 16:01:38.252 [main] LabSeniorStepDefinition - Start Time  = 1678876298252
[INFO ] 2023-03-15 16:01:38.725 [main] LabJuniorStepDefinition - Start Time  = 1678876298725
[INFO ] 2023-03-15 16:01:39.286 [main] LabSupervisorStepDefinition - Start Time  = 1678876299286
[INFO ] 2023-03-15 16:01:39.753 [main] LabSeniorStepDefinition - Start Time  = 1678876299753
[INFO ] 2023-03-15 16:01:40.786 [main] LabSupervisorStepDefinition - Start Time  = 1678876300786
[INFO ] 2023-03-15 16:01:55.432 [main] GROStepDefinition - Glosys Automation Script 2.0 Run In :  MicrosoftEdge Browser
[INFO ] 2023-03-15 16:01:56.822 [main] GROStepDefinition - Start Time  = 1678876316822
[INFO ] 2023-03-15 16:01:56.823 [main] GROStepDefinition - Case:5: Enter The Correct Username And Password
[INFO ] 2023-03-15 16:01:56.899 [main] GROStepDefinition - Username: mangai
[INFO ] 2023-03-15 16:01:56.972 [main] GROStepDefinition - Password: xOET6k1gUY
[INFO ] 2023-03-15 16:01:59.472 [main] GROStepDefinition - Role Section: GRO
[INFO ] 2023-03-15 16:02:00.589 [main] CommonDefinition - Country : Philippines
[INFO ] 2023-03-15 16:02:08.431 [main] GpModuleStepDefinition - Start Time  = 1678876328430
[INFO ] 2023-03-15 16:02:09.481 [main] LabJuniorStepDefinition - Start Time  = 1678876329481
[INFO ] 2023-03-15 16:02:10.496 [main] LabSeniorStepDefinition - Start Time  = 1678876330496
[INFO ] 2023-03-15 16:02:11.513 [main] LabSupervisorStepDefinition - Start Time  = 1678876331513
[INFO ] 2023-03-15 16:02:24.978 [main] GROStepDefinition - Glosys Automation Script 2.0 Run In :  MicrosoftEdge Browser
[INFO ] 2023-03-15 16:02:26.863 [main] GROStepDefinition - Start Time  = 1678876346863
[INFO ] 2023-03-15 16:02:26.863 [main] GROStepDefinition - Case:5: Enter The Correct Username And Password
[INFO ] 2023-03-15 16:02:26.950 [main] GROStepDefinition - Username: mangai
[INFO ] 2023-03-15 16:02:27.042 [main] GROStepDefinition - Password: xOET6k1gUY
[INFO ] 2023-03-15 16:02:29.423 [main] GROStepDefinition - Role Section: GRO
[INFO ] 2023-03-15 16:02:31.041 [main] CommonDefinition - Country : India
[INFO ] 2023-03-15 16:02:56.860 [main] GpModuleStepDefinition - Start Time  = 1678876376860
[INFO ] 2023-03-15 16:02:57.880 [main] LabJuniorStepDefinition - Start Time  = 1678876377880
[INFO ] 2023-03-15 16:02:58.922 [main] LabSeniorStepDefinition - Start Time  = 1678876378922
[INFO ] 2023-03-15 16:03:11.606 [main] GROStepDefinition - Glosys Automation Script 2.0 Run In :  MicrosoftEdge Browser
[INFO ] 2023-03-15 16:03:13.132 [main] GROStepDefinition - Start Time  = 1678876393132
[INFO ] 2023-03-15 16:03:13.132 [main] GROStepDefinition - Case:5: Enter The Correct Username And Password
[INFO ] 2023-03-15 16:03:13.216 [main] GROStepDefinition - Username: mangai
[INFO ] 2023-03-15 16:03:13.293 [main] GROStepDefinition - Password: xOET6k1gUY
[INFO ] 2023-03-15 16:03:15.772 [main] GROStepDefinition - Role Section: GRO
[INFO ] 2023-03-15 16:03:17.377 [main] CommonDefinition - Country : India
[INFO ] 2023-03-15 16:03:20.056 [main] GROStepDefinition - Choose The Counter is: Counter - 02
[INFO ] 2023-03-15 16:03:22.827 [main] GROStepDefinition - Signed into the counter successfully
[INFO ] 2023-03-15 16:03:44.991 [main] GpModuleStepDefinition - Start Time  = 1678876424991
[INFO ] 2023-03-15 16:04:04.929 [main] LabJuniorStepDefinition - Start Time  = 1678876444929
[INFO ] 2023-03-15 16:04:05.954 [main] LabSeniorStepDefinition - Start Time  = 1678876445954
[INFO ] 2023-03-15 16:04:06.980 [main] LabSupervisorStepDefinition - Start Time  = 1678876446980
[INFO ] 2023-03-15 16:04:15.167 [main] GROStepDefinition - Glosys Automation Script 2.0 Run In :  MicrosoftEdge Browser
[INFO ] 2023-03-15 16:04:16.841 [main] GROStepDefinition - Start Time  = 1678876456841
[INFO ] 2023-03-15 16:04:16.842 [main] GROStepDefinition - Case:5: Enter The Correct Username And Password
[INFO ] 2023-03-15 16:04:16.928 [main] GROStepDefinition - Username: mangai
[INFO ] 2023-03-15 16:04:17.005 [main] GROStepDefinition - Password: xOET6k1gUY
[INFO ] 2023-03-15 16:04:19.517 [main] GROStepDefinition - Role Section: GRO
[INFO ] 2023-03-15 16:04:21.138 [main] CommonDefinition - Country : India
[INFO ] 2023-03-15 16:04:23.638 [main] GROStepDefinition - Choose The Counter is: Counter - 02
[INFO ] 2023-03-15 16:04:26.273 [main] GROStepDefinition - Signed into the counter successfully
[INFO ] 2023-03-15 16:04:28.508 [main] GpModuleStepDefinition - Start Time  = 1678876468508
[INFO ] 2023-03-15 16:04:29.532 [main] LabJuniorStepDefinition - Start Time  = 1678876469532
[INFO ] 2023-03-15 16:04:30.551 [main] LabSeniorStepDefinition - Start Time  = 1678876470551
[INFO ] 2023-03-15 16:04:31.568 [main] LabSupervisorStepDefinition - Start Time  = 1678876471568
[INFO ] 2023-03-15 16:08:13.699 [main] GROStepDefinition - Glosys Automation Script 2.0 Run In :  MicrosoftEdge Browser
[INFO ] 2023-03-15 16:08:21.223 [main] ApplicationStatusCheck - MOI
[INFO ] 2023-03-15 16:08:24.443 [main] ApplicationStatusCheck - Role Section: MOI
[INFO ] 2023-03-15 16:08:26.045 [main] CommonDefinition - Country : India
[INFO ] 2023-03-15 16:08:32.924 [main] ApplicationStatusCheck - Visa Number : 362019004237
[INFO ] 2023-03-15 16:08:32.924 [main] ApplicationStatusCheck - Current Status :
[INFO ] 2023-03-15 16:08:32.925 [main] ApplicationStatusCheck -      Type :                             Status
[INFO ] 2023-03-15 16:08:36.140 [main] GpModuleStepDefinition - Start Time  = 1678876716140
[INFO ] 2023-03-15 16:08:37.169 [main] LabJuniorStepDefinition - Start Time  = 1678876717169
[INFO ] 2023-03-15 16:08:38.214 [main] LabSeniorStepDefinition - Start Time  = 1678876718213
[INFO ] 2023-03-15 16:08:39.246 [main] LabSupervisorStepDefinition - Start Time  = 1678876719246
[INFO ] 2023-03-15 16:08:52.621 [main] ApplicationStatusCheck - MOI
[INFO ] 2023-03-15 16:08:55.769 [main] ApplicationStatusCheck - Role Section: MOI
[INFO ] 2023-03-15 16:08:57.391 [main] CommonDefinition - Country : India
[INFO ] 2023-03-15 16:09:09.938 [main] GROStepDefinition - Glosys Automation Script 2.0 Run In :  MicrosoftEdge Browser
[INFO ] 2023-03-15 16:09:17.227 [main] ApplicationStatusCheck - MOI
[INFO ] 2023-03-15 16:09:20.386 [main] ApplicationStatusCheck - Role Section: MOI
[INFO ] 2023-03-15 16:09:22.017 [main] CommonDefinition - Country : India
[INFO ] 2023-03-15 16:09:28.993 [main] ApplicationStatusCheck - Visa Number : 362019004237
[INFO ] 2023-03-15 16:09:28.993 [main] ApplicationStatusCheck - Current Status :
[INFO ] 2023-03-15 16:09:28.993 [main] ApplicationStatusCheck -      Type :                             Status
[INFO ] 2023-03-15 16:09:32.110 [main] GpModuleStepDefinition - Start Time  = 1678876772110
[INFO ] 2023-03-15 16:09:33.138 [main] LabJuniorStepDefinition - Start Time  = 1678876773138
[INFO ] 2023-03-15 16:09:34.167 [main] LabSeniorStepDefinition - Start Time  = 1678876774166
[INFO ] 2023-03-15 16:09:35.190 [main] LabSupervisorStepDefinition - Start Time  = 1678876775190
[INFO ] 2023-03-15 16:09:48.416 [main] ApplicationStatusCheck - MOI
[INFO ] 2023-03-15 16:09:51.590 [main] ApplicationStatusCheck - Role Section: MOI
[INFO ] 2023-03-15 16:09:53.213 [main] CommonDefinition - Country : India
[INFO ] 2023-03-15 16:09:59.780 [main] ApplicationStatusCheck - Visa Number : 362019004237
[INFO ] 2023-03-15 16:09:59.781 [main] ApplicationStatusCheck - Current Status :
[INFO ] 2023-03-15 16:09:59.781 [main] ApplicationStatusCheck -      Type :                             Status
[INFO ] 2023-03-15 17:16:19.042 [main] GROStepDefinition - Glosys Automation Script 2.0 Run In :  MicrosoftEdge Browser
[INFO ] 2023-03-15 17:16:20.730 [main] GROStepDefinition - Start Time  = 1678880780730
[INFO ] 2023-03-15 17:16:20.730 [main] GROStepDefinition - Case:5: Enter The Correct Username And Password
[INFO ] 2023-03-15 17:16:20.817 [main] GROStepDefinition - Username: mangai
[INFO ] 2023-03-15 17:16:20.902 [main] GROStepDefinition - Password: xOET6k1gUY
[INFO ] 2023-03-15 17:16:23.837 [main] GROStepDefinition - Role Section: GRO
[INFO ] 2023-03-15 17:16:25.440 [main] CommonDefinition - Country : India
[INFO ] 2023-03-15 17:16:32.193 [main] GpModuleStepDefinition - Start Time  = 1678880792193
[INFO ] 2023-03-15 17:16:54.873 [main] GROStepDefinition - Glosys Automation Script 2.0 Run In :  MicrosoftEdge Browser
[INFO ] 2023-03-15 17:16:56.591 [main] GROStepDefinition - Start Time  = 1678880816591
[INFO ] 2023-03-15 17:16:56.592 [main] GROStepDefinition - Case:5: Enter The Correct Username And Password
[INFO ] 2023-03-15 17:16:56.678 [main] GROStepDefinition - Username: mangai
[INFO ] 2023-03-15 17:16:56.762 [main] GROStepDefinition - Password: xOET6k1gUY
[INFO ] 2023-03-15 17:16:59.342 [main] GROStepDefinition - Role Section: GRO
[INFO ] 2023-03-15 17:17:00.469 [main] CommonDefinition - Country : Philippines
[INFO ] 2023-03-15 17:17:18.838 [main] GpModuleStepDefinition - Start Time  = 1678880838838
