[INFO ] 2023-01-17 11:09:52.323 [main] GROStepDefinition - Glosys Automation Script 2.0 Run In :  MicrosoftEdge Browser
[INFO ] 2023-01-17 11:10:02.624 [main] GROStepDefinition - Start Time  = 1673934002624
[INFO ] 2023-01-17 11:10:02.628 [main] GROStepDefinition - Case:5: Enter The Correct Username And Password
[INFO ] 2023-01-17 11:10:02.730 [main] GROStepDefinition - Username: venkat
[INFO ] 2023-01-17 11:10:02.825 [main] GROStepDefinition - Password: xOET6k1gUY
[INFO ] 2023-01-17 11:10:08.546 [main] GROStepDefinition - Role Section: GRO
[INFO ] 2023-01-17 11:10:23.090 [main] GROStepDefinition - Choose The Counter is: MA Counter 01
[ERROR] 2023-01-17 11:10:23.095 [main] GROStepDefinition - New Counter is  available please add this counter  : MA Counter 01
[INFO ] 2023-01-17 11:10:24.806 [main] GROStepDefinition - Signed into the counter successfully
[INFO ] 2023-01-17 11:10:29.618 [main] GROStepDefinition - Visa Number: 998090981213
[INFO ] 2023-01-17 11:10:31.816 [main] GROStepDefinition - Biometric skip request sent successfully
[INFO ] 2023-01-17 11:10:35.881 [main] GROStepDefinition - Patient Profile Page
[INFO ] 2023-01-17 11:10:35.881 [main] GROStepDefinition - Personal Details: 
[INFO ] 2023-01-17 11:10:35.882 [main] GROStepDefinition - Visa Gender Type: Select Gender
[INFO ] 2023-01-17 11:11:22.605 [main] GpModuleStepDefinition - Start Time  = 1673934082605
[INFO ] 2023-01-17 11:11:43.710 [main] LabJuniorStepDefinition - Start Time  = 1673934103710
[INFO ] 2023-01-17 11:12:05.917 [main] LabSeniorStepDefinition - Start Time  = 1673934125917
[INFO ] 2023-01-17 11:12:12.787 [main] LabSupervisorStepDefinition - Start Time  = 1673934132787
[INFO ] 2023-01-17 11:12:35.943 [main] GROStepDefinition - Glosys Automation Script 2.0 Run In :  MicrosoftEdge Browser
[INFO ] 2023-01-17 11:12:44.358 [main] GROStepDefinition - Start Time  = 1673934164358
[INFO ] 2023-01-17 11:12:44.415 [main] GROStepDefinition - Case:5: Enter The Correct Username And Password
[INFO ] 2023-01-17 11:12:44.537 [main] GROStepDefinition - Username: venkat
[INFO ] 2023-01-17 11:12:44.637 [main] GROStepDefinition - Password: xOET6k1gUY
[INFO ] 2023-01-17 11:12:49.566 [main] GROStepDefinition - Role Section: GRO
[INFO ] 2023-01-17 11:13:02.820 [main] GROStepDefinition - Choose The Counter is: MA Counter 02
[ERROR] 2023-01-17 11:13:02.820 [main] GROStepDefinition - New Counter is  available please add this counter  : MA Counter 02
[INFO ] 2023-01-17 11:13:04.568 [main] GROStepDefinition - Signed into the counter successfully
[INFO ] 2023-01-17 11:13:09.393 [main] GROStepDefinition - Visa Number: 998090981214
[INFO ] 2023-01-17 11:13:11.531 [main] GROStepDefinition - Biometric skip request sent successfully
[INFO ] 2023-01-17 11:13:16.368 [main] GROStepDefinition - Patient Profile Page
[INFO ] 2023-01-17 11:13:16.368 [main] GROStepDefinition - Personal Details: 
[INFO ] 2023-01-17 11:13:16.368 [main] GROStepDefinition - Visa Gender Type: Female
[INFO ] 2023-01-17 11:13:22.317 [main] GROStepDefinition - Applicant Believes Pregnant?: Maybe
[INFO ] 2023-01-17 11:13:22.317 [main] GROStepDefinition - Successfully enter the Personal information details
[INFO ] 2023-01-17 11:13:22.318 [main] GROStepDefinition - Communcation Details: 
[INFO ] 2023-01-17 11:13:23.379 [main] GROStepDefinition - Country: Philippines
[INFO ] 2023-01-17 11:13:25.714 [main] GROStepDefinition - Preferred Language to Speak: Tamil
[INFO ] 2023-01-17 11:13:26.787 [main] GROStepDefinition - Preferred Language to Read: Tamil
[INFO ] 2023-01-17 11:13:30.385 [main] GROStepDefinition - Preferred Location for Referral: Manila
[INFO ] 2023-01-17 11:13:32.450 [main] GROStepDefinition - Preferred Hospital: Manilla Hospital
[INFO ] 2023-01-17 11:13:32.450 [main] GROStepDefinition - Successfully enter The Communication Details
[INFO ] 2023-01-17 11:13:32.450 [main] GROStepDefinition - Encounter Details: 
[INFO ] 2023-01-17 11:13:35.763 [main] GROStepDefinition - SMS Alert Number: 9790000000
[INFO ] 2023-01-17 11:13:35.796 [main] GROStepDefinition - Job Position : Pharmacist
[INFO ] 2023-01-17 11:13:35.825 [main] GROStepDefinition - Is Job applicable of Driving: false
[INFO ] 2023-01-17 11:13:35.825 [main] GROStepDefinition - Successfully enter The Encounter details
[INFO ] 2023-01-17 11:13:46.029 [main] GROStepDefinition - APPLICANT CONSENT AND DECLARATION FORM
[INFO ] 2023-01-17 11:13:46.030 [main] GROStepDefinition - Applicant Details Created Successflly
[INFO ] 2023-01-17 11:13:46.030 [main] GROStepDefinition - Place Order Page
[INFO ] 2023-01-17 11:13:46.102 [main] GROStepDefinition - Token Genarated :   Token no (NND001) generated successfully
[INFO ] 2023-01-17 11:13:46.102 [main] GROStepDefinition - Visa Gender Type: Female - MaybeXray Page Not Allowed
[INFO ] 2023-01-17 11:13:46.102 [main] GROStepDefinition - Token : NND001
[INFO ] 2023-01-17 11:13:51.308 [main] GROStepDefinition -  Generate Service Recipt
[INFO ] 2023-01-17 11:13:51.312 [main] GROStepDefinition - Capture Identify Page:
[INFO ] 2023-01-17 11:13:51.313 [main] GROStepDefinition - Vaccination Document Status Condition is: No
[INFO ] 2023-01-17 11:13:51.313 [main] GROStepDefinition - Referral Document Status Condition is: No
[INFO ] 2023-01-17 11:13:54.472 [main] GROStepDefinition - Applicant identity details updated successfully
[INFO ] 2023-01-17 11:13:56.840 [main] GROStepDefinition - GRO Module Feedback Collected
[INFO ] 2023-01-17 11:14:09.398 [main] CommonDefinition - Logout Successfully
[INFO ] 2023-01-17 11:14:11.413 [main] GROStepDefinition - GRO Runing Time:
[INFO ] 2023-01-17 11:14:11.413 [main] CommonDefinition - Total Time Mints = Mints: 1 mints  27 seconds
[INFO ] 2023-01-17 11:14:11.414 [main] CommonDefinition -  Total Time  Seconds = 87 seconds
[INFO ] 2023-01-17 11:14:14.630 [main] NurseModuleStepDefinition - Start Time  = 1673934251451
[INFO ] 2023-01-17 11:14:15.806 [main] NurseModuleStepDefinition - Nurse Module
[INFO ] 2023-01-17 11:14:21.023 [main] NurseModuleStepDefinition - Role Section: Nurse
[INFO ] 2023-01-17 11:14:31.066 [main] NurseModuleStepDefinition - Choose The Counter Is: MA Counter 03
[INFO ] 2023-01-17 11:14:41.438 [main] NurseTokenVerify - Nurse Module Token : NND001
[INFO ] 2023-01-17 11:14:41.438 [main] NurseTokenVerify - Token Lenght For Nurse String : 01
[INFO ] 2023-01-17 11:14:41.438 [main] NurseTokenVerify -  Nurse Current Token Number Next Token In Last Two Number 1
[INFO ] 2023-01-17 11:14:41.438 [main] NurseTokenVerify - Gro Token for String 01
[INFO ] 2023-01-17 11:14:41.438 [main] NurseTokenVerify - Gro Token Last Two Number  In Int: 1
[INFO ] 2023-01-17 11:14:42.592 [main] NurseTokenVerify - Successfully Verified The Token
[INFO ] 2023-01-17 11:14:44.791 [main] NurseModuleStepDefinition - Record Vitals:
[INFO ] 2023-01-17 11:14:48.451 [main] NurseModuleStepDefinition -  Ab Noraml Height: 200
[INFO ] 2023-01-17 11:14:48.788 [main] NurseModuleStepDefinition - Ab Normal Weight: 200
[INFO ] 2023-01-17 11:14:50.298 [main] NurseModuleStepDefinition - Successfully enter the Body Mass Index
[INFO ] 2023-01-17 11:14:54.862 [main] NurseModuleStepDefinition - AbNormal Vision (R): 6/36
[INFO ] 2023-01-17 11:14:57.397 [main] NurseModuleStepDefinition - AbNormal Vision (L): 6/36
[INFO ] 2023-01-17 11:14:57.397 [main] NurseModuleStepDefinition - Successfully enter the Vision Module
[INFO ] 2023-01-17 11:14:59.409 [main] NurseModuleStepDefinition - Job Describtion : Pharmacist
[INFO ] 2023-01-17 11:15:00.273 [main] NurseModuleStepDefinition -  Nurse Assign The Systolic Pressure Value: 120
[INFO ] 2023-01-17 11:15:01.061 [main] NurseModuleStepDefinition -  Nurse Assign The Diastolic Pressure Value: 80
[INFO ] 2023-01-17 11:15:02.306 [main] NurseModuleStepDefinition - Successfully enter the Other Module
[INFO ] 2023-01-17 11:15:02.306 [main] NurseModuleStepDefinition - New applicant vitals details created successfully
[INFO ] 2023-01-17 11:15:02.306 [main] NurseModuleStepDefinition - Speciman Genaration :
[INFO ] 2023-01-17 11:15:05.522 [main] NurseModuleStepDefinition - Order ID : 3714
[INFO ] 2023-01-17 11:15:05.522 [main] NurseModuleStepDefinition - Plasma Specimen Number: Yet to be Generated
[INFO ] 2023-01-17 11:15:05.523 [main] NurseModuleStepDefinition - Serum Specimen Number: Yet to be Generated
[INFO ] 2023-01-17 11:15:05.523 [main] NurseModuleStepDefinition - Whole Blood Specimen Number: Yet to be Generated
[INFO ] 2023-01-17 11:15:21.770 [main] NurseModuleStepDefinition - Speciman Genarated Successfully
[INFO ] 2023-01-17 11:15:21.771 [main] NurseModuleStepDefinition - Speciman Collection :
[INFO ] 2023-01-17 11:15:23.815 [main] NurseModuleStepDefinition - Plasma Specimen Number: BLP2043086502: Generated
[INFO ] 2023-01-17 11:15:23.815 [main] NurseModuleStepDefinition - Serum Specimen Number: BLS2002591685: Generated
[INFO ] 2023-01-17 11:15:23.815 [main] NurseModuleStepDefinition - Whole Blood Specimen Number: WBL2035633259: Generated
[INFO ] 2023-01-17 11:15:26.313 [main] NurseModuleStepDefinition - Speciman Collected Successfully
[INFO ] 2023-01-17 11:15:26.313 [main] NurseModuleStepDefinition - Vaccination: 
[INFO ] 2023-01-17 11:15:30.449 [main] NurseModuleStepDefinition - Nurse Module Feedback collected successfully
[INFO ] 2023-01-17 11:15:36.462 [main] NurseModuleStepDefinition - Sample Outgoing
[INFO ] 2023-01-17 11:15:44.802 [main] NurseModuleStepDefinition - Plasma Specimen Number: BLP2043086502
[INFO ] 2023-01-17 11:15:44.802 [main] NurseModuleStepDefinition - Serum Specimen Number: BLS2002591685
[INFO ] 2023-01-17 11:15:44.802 [main] NurseModuleStepDefinition - Whole Blood Specimen Number: WBL2035633259
[INFO ] 2023-01-17 11:15:44.803 [main] NurseModuleStepDefinition - Scan Specimen Number
[INFO ] 2023-01-17 11:15:47.427 [main] NurseModuleStepDefinition - Successfully scan the Plasma Specimen Number: BLP2043086502
[INFO ] 2023-01-17 11:15:49.566 [main] NurseModuleStepDefinition - Successfully scan the Serum Specimen Number: BLS2002591685
[INFO ] 2023-01-17 11:15:51.682 [main] NurseModuleStepDefinition - Suceessfully scan the Whole Blood Specimen Number: WBL2035633259
[INFO ] 2023-01-17 11:15:51.682 [main] NurseModuleStepDefinition - Lab Technician and GRO Information
[INFO ] 2023-01-17 11:15:55.425 [main] NurseModuleStepDefinition - Lab Tech Name: Lab Technician Glossys
[INFO ] 2023-01-17 11:15:57.218 [main] NurseModuleStepDefinition - GRO Name: GRO Glossys
[INFO ] 2023-01-17 11:15:58.395 [main] NurseModuleStepDefinition -  Sample's Sent to LAB successfully
[INFO ] 2023-01-17 11:16:06.883 [main] CommonDefinition - Logout Successfully
[INFO ] 2023-01-17 11:16:08.896 [main] NurseModuleStepDefinition - Nurse Runing Time:
[INFO ] 2023-01-17 11:16:08.896 [main] CommonDefinition - Total Time Mints = Mints: 1 mints  57 seconds
[INFO ] 2023-01-17 11:16:08.896 [main] CommonDefinition -  Total Time  Seconds = 117 seconds
[INFO ] 2023-01-17 11:16:08.906 [main] GpModuleStepDefinition - Start Time  = 1673934368906
[INFO ] 2023-01-17 11:16:09.983 [main] GpModuleStepDefinition - Username: venkat
[INFO ] 2023-01-17 11:16:11.066 [main] GpModuleStepDefinition - Password: xOET6k1gUY
[INFO ] 2023-01-17 11:16:12.127 [main] GpModuleStepDefinition - Stemz GP Module
[INFO ] 2023-01-17 11:16:15.280 [main] GpModuleStepDefinition - Role Section: STEMZ GP
[INFO ] 2023-01-17 11:16:23.698 [main] GpModuleStepDefinition - Choose The Counter Is: 
[INFO ] 2023-01-17 11:16:34.895 [main] NurseTokenVerify - Nurse Module Token : NND001
[INFO ] 2023-01-17 11:16:34.895 [main] NurseTokenVerify - Token Lenght For Nurse String : 01
[INFO ] 2023-01-17 11:16:34.895 [main] NurseTokenVerify -  Nurse Current Token Number Next Token In Last Two Number 1
[INFO ] 2023-01-17 11:16:34.895 [main] NurseTokenVerify - Gro Token for String 01
[INFO ] 2023-01-17 11:16:34.895 [main] NurseTokenVerify - Gro Token Last Two Number  In Int: 1
[INFO ] 2023-01-17 11:16:36.018 [main] NurseTokenVerify - Successfully Verified The Token
[INFO ] 2023-01-17 11:16:38.245 [main] GpModuleStepDefinition - Gp Consulation Process
[INFO ] 2023-01-17 11:16:48.139 [main] GpModuleStepDefinition - Stemz Gp Assign The AbNormal Blood Pressure Value: 120
[INFO ] 2023-01-17 11:16:49.402 [main] GpModuleStepDefinition -  Stemz Gp Assign The Diastolic Pressure Value: 80
[INFO ] 2023-01-17 11:16:50.405 [main] GpModuleStepDefinition - Consulation
[INFO ] 2023-01-17 11:16:55.876 [main] GpModuleStepDefinition - Preset: Normal
[INFO ] 2023-01-17 11:16:55.876 [main] GpModuleStepDefinition - CardiologyProblem
[INFO ] 2023-01-17 11:17:09.029 [main] ExternalSpeciality - Successfully Cardilogy Referral Created
[INFO ] 2023-01-17 11:17:09.029 [main] GpModuleStepDefinition - DeformityProblem
[INFO ] 2023-01-17 11:17:25.011 [main] ExternalSpeciality - Successfully Deformity Referral Created
[INFO ] 2023-01-17 11:17:27.028 [main] GpModuleStepDefinition - Medical History: No
[INFO ] 2023-01-17 11:17:28.207 [main] GpModuleStepDefinition - Pervious Illness: No
[INFO ] 2023-01-17 11:17:29.356 [main] GpModuleStepDefinition - Your Meals In Last 10 Hours: No
[INFO ] 2023-01-17 11:17:30.493 [main] GpModuleStepDefinition - Psychiatric Or Neurological Disorder: No
[INFO ] 2023-01-17 11:17:32.805 [main] GpModuleStepDefinition - Comments: Okay
[INFO ] 2023-01-17 11:17:49.340 [main] GpModuleStepDefinition - Consultation details updated successfully
[INFO ] 2023-01-17 11:17:56.807 [main] GpModuleStepDefinition - Stemz GP Feedback collected successfully
[INFO ] 2023-01-17 11:18:10.208 [main] CommonDefinition - Logout Successfully
[INFO ] 2023-01-17 11:18:12.214 [main] GpModuleStepDefinition - Stemz Gp Run Time : 
[INFO ] 2023-01-17 11:18:12.214 [main] CommonDefinition - Total Time Mints = Mints: 2 mints  3 seconds
[INFO ] 2023-01-17 11:18:12.214 [main] CommonDefinition -  Total Time  Seconds = 123 seconds
[INFO ] 2023-01-17 11:18:12.215 [main] GpModuleStepDefinition - 87055
[INFO ] 2023-01-17 11:18:12.215 [main] GpModuleStepDefinition - 117445
[INFO ] 2023-01-17 11:18:12.216 [main] GpModuleStepDefinition - Female Applicant & Pregnant :Maybe
[INFO ] 2023-01-17 11:18:12.229 [main] LabJuniorStepDefinition - Start Time  = 1673934492229
[INFO ] 2023-01-17 11:18:16.467 [main] LabJuniorStepDefinition - Lab Junior Module
[INFO ] 2023-01-17 11:18:19.625 [main] LabJuniorStepDefinition - Role Section: Lab Junior
[INFO ] 2023-01-17 11:18:24.845 [main] LabJuniorStepDefinition - Specimen Inscan Process
[INFO ] 2023-01-17 11:18:40.361 [main] LabJuniorStepDefinition - Plasma Specimen Number: BLP2043086502
[INFO ] 2023-01-17 11:18:40.956 [main] LabJuniorStepDefinition - Successfully Scan Plasma Specimen Number
[INFO ] 2023-01-17 11:18:42.805 [main] LabJuniorStepDefinition - Serum Specimen Number: BLS2002591685
[INFO ] 2023-01-17 11:18:43.390 [main] LabJuniorStepDefinition - Successfully Scan Serum Specimen Number
[INFO ] 2023-01-17 11:18:45.250 [main] LabJuniorStepDefinition - Whole Blood Specimen Number: WBL2035633259
[INFO ] 2023-01-17 11:18:45.939 [main] LabJuniorStepDefinition - Successfully Scan Whole Blood Number
[INFO ] 2023-01-17 11:18:46.985 [main] LabJuniorStepDefinition - Lab ID: 1342
[INFO ] 2023-01-17 11:18:50.704 [main] LabJuniorStepDefinition - Specimen inscan details saved successfully
[INFO ] 2023-01-17 11:18:50.704 [main] LabJuniorStepDefinition - Lab Work List
[INFO ] 2023-01-17 11:18:50.704 [main] LabJuniorStepDefinition - Gender Type: Female
[INFO ] 2023-01-17 11:19:13.041 [main] LabJuniorWorkList - Haemoglobin: 11
[INFO ] 2023-01-17 11:19:19.589 [main] LabJuniorWorkList - Blood Group: O Positive
[INFO ] 2023-01-17 11:19:26.110 [main] LabJuniorWorkList - HIV: Negative
[INFO ] 2023-01-17 11:19:32.634 [main] LabJuniorWorkList - Anti HCV: Negative
[INFO ] 2023-01-17 11:19:37.130 [main] LabJuniorWorkList - HBsAg: Negative
[INFO ] 2023-01-17 11:19:39.392 [main] LabJuniorWorkList - SGOT Trigger Status :false
[INFO ] 2023-01-17 11:19:39.393 [main] LabJuniorWorkList - SGOT Referral Count :1
[INFO ] 2023-01-17 11:19:40.563 [main] LabJuniorWorkList - SGOT: 200
[INFO ] 2023-01-17 11:19:42.820 [main] LabJuniorWorkList - SGPT Trigger Status :false
[INFO ] 2023-01-17 11:19:42.820 [main] LabJuniorWorkList - SGPT Referral Count :1
[INFO ] 2023-01-17 11:19:44.008 [main] LabJuniorWorkList - SGPT: 200
[INFO ] 2023-01-17 11:19:49.212 [main] LabJuniorWorkList - Creatinine Trigger Status :false
[INFO ] 2023-01-17 11:19:49.213 [main] LabJuniorWorkList - Creatinine Referral Count :1
[INFO ] 2023-01-17 11:19:50.417 [main] LabJuniorWorkList - Creatinine: 2
[INFO ] 2023-01-17 11:19:54.946 [main] LabJuniorWorkList - RPR: NonReactive
[INFO ] 2023-01-17 11:19:59.471 [main] LabJuniorWorkList - BEta HC: Negative
[INFO ] 2023-01-17 11:20:01.816 [main] LabJuniorWorkList - Glucose Trigger Status :false
[INFO ] 2023-01-17 11:20:01.816 [main] LabJuniorWorkList - Glucose Referral Count :1
[INFO ] 2023-01-17 11:20:01.816 [main] LabJuniorWorkList - Glucose: 220
[INFO ] 2023-01-17 11:20:06.124 [main] LabJuniorWorkList - Result submitted for authorization successfully
[INFO ] 2023-01-17 11:20:17.526 [main] CommonDefinition - Logout Successfully
[INFO ] 2023-01-17 11:20:19.529 [main] LabJuniorStepDefinition - Lab Junior Runing Time:
[INFO ] 2023-01-17 11:20:19.530 [main] CommonDefinition - Total Time Mints = Mints: 2 mints  7 seconds
[INFO ] 2023-01-17 11:20:19.530 [main] CommonDefinition -  Total Time  Seconds = 127 seconds
[INFO ] 2023-01-17 11:20:19.585 [main] LabSeniorStepDefinition - Start Time  = 1673934619585
[INFO ] 2023-01-17 11:20:23.819 [main] LabSeniorStepDefinition - Lab Senior Module
[INFO ] 2023-01-17 11:20:26.981 [main] LabSeniorStepDefinition - Role Section: Lab Senior
[INFO ] 2023-01-17 11:20:33.216 [main] LabSeniorStepDefinition - Result Entry Review
[INFO ] 2023-01-17 11:20:38.798 [main] LabSeniorStepDefinition - Lab ID: 1342
[INFO ] 2023-01-17 11:20:52.006 [main] LabSeniorStepDefinition - Lab Senior First Review
[INFO ] 2023-01-17 11:20:52.006 [main] LabSeniorStepDefinition - Gender Type: Female
[INFO ] 2023-01-17 11:20:53.104 [main] LabSeniorStepDefinition - Haemoglobin: 11 = Reviewed
[INFO ] 2023-01-17 11:20:53.743 [main] LabSeniorStepDefinition - Blood Group: O Positive = Reviewed
[INFO ] 2023-01-17 11:20:54.336 [main] LabSeniorStepDefinition - HIV: Negative = Reviewed
[INFO ] 2023-01-17 11:20:54.929 [main] LabSeniorStepDefinition - Anti HCV: Negative = Reviewed
[INFO ] 2023-01-17 11:20:55.551 [main] LabSeniorStepDefinition - HBsAg: Negative = Reviewed
[INFO ] 2023-01-17 11:20:56.194 [main] LabSeniorStepDefinition - SGOT: 200 = Reviewed
[INFO ] 2023-01-17 11:20:58.512 [main] LabSeniorStepDefinition - SGPT: 200 = Reviewed
[INFO ] 2023-01-17 11:20:59.117 [main] LabSeniorStepDefinition - Creatinine: 2 = Reviewed
[INFO ] 2023-01-17 11:20:59.744 [main] LabSeniorStepDefinition - RPR: NonReactive = Reviewed
[INFO ] 2023-01-17 11:21:00.347 [main] LabSeniorStepDefinition - BEta HC: Negative = Reviewed
[INFO ] 2023-01-17 11:21:01.070 [main] LabSeniorStepDefinition - Glucose: 220 = Reviewed
[INFO ] 2023-01-17 11:21:02.500 [main] LabSeniorStepDefinition - Result submitted for authorization successfully
[INFO ] 2023-01-17 11:21:08.917 [main] CommonDefinition - Logout Successfully
[INFO ] 2023-01-17 11:21:10.929 [main] LabSeniorStepDefinition - Lab Senior Runing Time:
[INFO ] 2023-01-17 11:21:10.929 [main] CommonDefinition - Total Time Mints = Mints: 0 mints  51 seconds
[INFO ] 2023-01-17 11:21:10.929 [main] CommonDefinition -  Total Time  Seconds = 51 seconds
[INFO ] 2023-01-17 11:21:10.936 [main] LabSupervisorStepDefinition - Start Time  = 1673934670936
[INFO ] 2023-01-17 11:21:15.166 [main] LabSupervisorStepDefinition - Lab Supervisor Module
[INFO ] 2023-01-17 11:21:18.612 [main] LabSupervisorStepDefinition - Role Section: Lab Supervisor
[INFO ] 2023-01-17 11:21:23.834 [main] LabSupervisorStepDefinition - Pathalogist Worklist :
[INFO ] 2023-01-17 11:21:29.428 [main] LabSupervisorStepDefinition - Lab ID: 1342
[INFO ] 2023-01-17 11:21:38.906 [main] LabSupervisorStepDefinition - Result Entry :
[INFO ] 2023-01-17 11:21:39.913 [main] LabSupervisorStepDefinition - Lab Supervisor Authorize in Result Entry :
[INFO ] 2023-01-17 11:21:39.913 [main] LabSupervisorStepDefinition - Gender Type: Female
[INFO ] 2023-01-17 11:21:39.913 [main] LabSupervisorStepDefinition - Hemoglobin: 11 = Authorized
[INFO ] 2023-01-17 11:21:39.913 [main] LabSupervisorStepDefinition - Blood Group: O Positive = Authorized
[INFO ] 2023-01-17 11:21:39.913 [main] LabSupervisorStepDefinition - HIV: Negative = Authorized
[INFO ] 2023-01-17 11:21:39.913 [main] LabSupervisorStepDefinition - Anti HCV: Negative = Authorized
[INFO ] 2023-01-17 11:21:39.914 [main] LabSupervisorStepDefinition - HBsAg: Negative = Authorized
[INFO ] 2023-01-17 11:21:41.935 [main] LabSupervisorStepDefinition - SGOT: 200 = Authorized
[INFO ] 2023-01-17 11:21:41.936 [main] LabSupervisorStepDefinition - SGPT: 200 = Authorized
[INFO ] 2023-01-17 11:21:41.936 [main] LabSupervisorStepDefinition - Creatinine: 2 = Authorized
[INFO ] 2023-01-17 11:21:41.936 [main] LabSupervisorStepDefinition - RPR: NonReactive = Authorized
[INFO ] 2023-01-17 11:21:41.936 [main] LabSupervisorStepDefinition - BEta HC: Negative = Authorized
[INFO ] 2023-01-17 11:21:41.936 [main] LabSupervisorStepDefinition - Glucose: 220 = Authorized
[INFO ] 2023-01-17 11:21:46.575 [main] LabSupervisorStepDefinition - Results authorized successfully!
[INFO ] 2023-01-17 11:21:52.996 [main] CommonDefinition - Logout Successfully
[INFO ] 2023-01-17 11:21:55.007 [main] LabSupervisorStepDefinition - Log out For Supervisor
[INFO ] 2023-01-17 11:21:55.008 [main] LabSupervisorStepDefinition - Lab Supervisor Runing Time:
[INFO ] 2023-01-17 11:21:55.008 [main] CommonDefinition - Total Time Mints = Mints: 0 mints  44 seconds
[INFO ] 2023-01-17 11:21:55.008 [main] CommonDefinition -  Total Time  Seconds = 44 seconds
[INFO ] 2023-01-17 11:22:04.101 [main] GROStepDefinition - Role Section: GRO
[INFO ] 2023-01-17 11:22:16.953 [main] GROStepDefinition - Choose The Counter is: MA Counter 01
[ERROR] 2023-01-17 11:22:16.953 [main] GROStepDefinition - New Counter is  available please add this counter  : MA Counter 01
[INFO ] 2023-01-17 11:22:18.547 [main] GROStepDefinition - Signed into the counter successfully
[INFO ] 2023-01-17 11:22:24.879 [main] UploadReferralLetter - Total Referral Count And Details : 10
[INFO ] 2023-01-17 11:22:24.879 [main] UploadReferralLetter - How Many Referrals Details And Count : {SGOT : =1, Glucose : =1, Cardilogy : =1, Beta HCG=1, RPR : =0, Color Vision : =0, Stemz BP : =0, AntiHCV : =0, SGPT : =1, BMI : =1, HBsAg : =0, Deformatory : =1, HIV : =0, Xray=0, Creatinine : =1, Vision : =2, Hamoglobin : =0}
[INFO ] 2023-01-17 11:22:29.902 [main] PrintReferralLetter - Print Referral Letter Page: 
[INFO ] 2023-01-17 11:22:30.950 [main] PrintReferralLetter - Referral: External Speciality, Additional Lab Test
Speciality: Cardiology, Orthopedic, Ophthalmologist, Vision Recheck, General Medicine, Gynaecology
Additional Lab Test:SGOT-Repeat, SGPT-Repeat, HbA1c, Serum Creatinine-Repeat
[INFO ] 2023-01-17 11:22:31.981 [main] PrintReferralLetter - Document Type: Cardiology
[INFO ] 2023-01-17 11:22:37.778 [main] PrintReferralLetter - Cardiology Print Referral Letter saved Successfully
[INFO ] 2023-01-17 11:22:37.896 [main] PrintReferralLetter - Document Type : Orthopedic
[INFO ] 2023-01-17 11:22:43.574 [main] PrintReferralLetter - Orthopedic Print Referral Letter saved Successfully
[INFO ] 2023-01-17 11:25:49.463 [main] GROStepDefinition - Glosys Automation Script 2.0 Run In :  MicrosoftEdge Browser
[INFO ] 2023-01-17 11:25:58.607 [main] GROStepDefinition - Start Time  = 1673934958607
[INFO ] 2023-01-17 11:25:58.613 [main] GROStepDefinition - Case:5: Enter The Correct Username And Password
[INFO ] 2023-01-17 11:25:58.713 [main] GROStepDefinition - Username: venkat
[INFO ] 2023-01-17 11:25:58.801 [main] GROStepDefinition - Password: xOET6k1gUY
[INFO ] 2023-01-17 11:26:03.647 [main] GROStepDefinition - Role Section: GRO
[INFO ] 2023-01-17 11:26:16.922 [main] GROStepDefinition - Choose The Counter is: MA Counter 01
[ERROR] 2023-01-17 11:26:16.922 [main] GROStepDefinition - New Counter is  available please add this counter  : MA Counter 01
[INFO ] 2023-01-17 11:26:18.686 [main] GROStepDefinition - Signed into the counter successfully
[INFO ] 2023-01-17 11:26:23.507 [main] GROStepDefinition - Visa Number: 998090981215
[INFO ] 2023-01-17 11:26:25.693 [main] GROStepDefinition - Biometric skip request sent successfully
[INFO ] 2023-01-17 11:26:29.734 [main] GROStepDefinition - Patient Profile Page
[INFO ] 2023-01-17 11:26:29.734 [main] GROStepDefinition - Personal Details: 
[INFO ] 2023-01-17 11:26:29.734 [main] GROStepDefinition - Visa Gender Type: Female
[INFO ] 2023-01-17 11:26:35.759 [main] GROStepDefinition - Applicant Believes Pregnant?: Maybe
[INFO ] 2023-01-17 11:26:35.759 [main] GROStepDefinition - Successfully enter the Personal information details
[INFO ] 2023-01-17 11:26:35.760 [main] GROStepDefinition - Communcation Details: 
[INFO ] 2023-01-17 11:26:36.820 [main] GROStepDefinition - Country: Philippines
[INFO ] 2023-01-17 11:26:39.154 [main] GROStepDefinition - Preferred Language to Speak: Tamil
[INFO ] 2023-01-17 11:26:40.183 [main] GROStepDefinition - Preferred Language to Read: Tamil
[INFO ] 2023-01-17 11:26:43.774 [main] GROStepDefinition - Preferred Location for Referral: Manila
[INFO ] 2023-01-17 11:26:45.821 [main] GROStepDefinition - Preferred Hospital: Manilla Hospital
[INFO ] 2023-01-17 11:26:45.822 [main] GROStepDefinition - Successfully enter The Communication Details
[INFO ] 2023-01-17 11:26:45.822 [main] GROStepDefinition - Encounter Details: 
[INFO ] 2023-01-17 11:26:49.165 [main] GROStepDefinition - SMS Alert Number: 9790000000
[INFO ] 2023-01-17 11:26:49.197 [main] GROStepDefinition - Job Position : Pharmacist
[INFO ] 2023-01-17 11:26:49.224 [main] GROStepDefinition - Is Job applicable of Driving: false
[INFO ] 2023-01-17 11:26:49.224 [main] GROStepDefinition - Successfully enter The Encounter details
[INFO ] 2023-01-17 11:27:06.220 [main] GROStepDefinition - APPLICANT CONSENT AND DECLARATION FORM
[INFO ] 2023-01-17 11:27:06.220 [main] GROStepDefinition - Applicant Details Created Successflly
[INFO ] 2023-01-17 11:27:06.221 [main] GROStepDefinition - Place Order Page
[INFO ] 2023-01-17 11:27:06.282 [main] GROStepDefinition - Token Genarated :   Token no (NND002) generated successfully
[INFO ] 2023-01-17 11:27:06.282 [main] GROStepDefinition - Visa Gender Type: Female - MaybeXray Page Not Allowed
[INFO ] 2023-01-17 11:27:06.282 [main] GROStepDefinition - Token : NND002
[INFO ] 2023-01-17 11:27:11.475 [main] GROStepDefinition -  Generate Service Recipt
[INFO ] 2023-01-17 11:27:11.476 [main] GROStepDefinition - Capture Identify Page:
[INFO ] 2023-01-17 11:27:11.476 [main] GROStepDefinition - Vaccination Document Status Condition is: No
[INFO ] 2023-01-17 11:27:11.477 [main] GROStepDefinition - Referral Document Status Condition is: No
[INFO ] 2023-01-17 11:27:14.671 [main] GROStepDefinition - Applicant identity details updated successfully
[INFO ] 2023-01-17 11:27:16.843 [main] GROStepDefinition - GRO Module Feedback Collected
[INFO ] 2023-01-17 11:27:29.384 [main] CommonDefinition - Logout Successfully
[INFO ] 2023-01-17 11:27:31.398 [main] GROStepDefinition - GRO Runing Time:
[INFO ] 2023-01-17 11:27:31.398 [main] CommonDefinition - Total Time Mints = Mints: 1 mints  32 seconds
[INFO ] 2023-01-17 11:27:31.399 [main] CommonDefinition -  Total Time  Seconds = 92 seconds
[INFO ] 2023-01-17 11:27:34.577 [main] NurseModuleStepDefinition - Start Time  = 1673935051459
[INFO ] 2023-01-17 11:27:35.729 [main] NurseModuleStepDefinition - Nurse Module
[INFO ] 2023-01-17 11:27:40.898 [main] NurseModuleStepDefinition - Role Section: Nurse
[INFO ] 2023-01-17 11:27:50.970 [main] NurseModuleStepDefinition - Choose The Counter Is: MA Counter 03
[INFO ] 2023-01-17 11:28:01.641 [main] NurseTokenVerify - Nurse Module Token : NND002
[INFO ] 2023-01-17 11:28:01.642 [main] NurseTokenVerify - Token Lenght For Nurse String : 02
[INFO ] 2023-01-17 11:28:01.642 [main] NurseTokenVerify -  Nurse Current Token Number Next Token In Last Two Number 2
[INFO ] 2023-01-17 11:28:01.642 [main] NurseTokenVerify - Gro Token for String 02
[INFO ] 2023-01-17 11:28:01.642 [main] NurseTokenVerify - Gro Token Last Two Number  In Int: 2
[INFO ] 2023-01-17 11:28:02.814 [main] NurseTokenVerify - Successfully Verified The Token
[INFO ] 2023-01-17 11:28:05.024 [main] NurseModuleStepDefinition - Record Vitals:
[INFO ] 2023-01-17 11:28:08.677 [main] NurseModuleStepDefinition -  Ab Noraml Height: 200
[INFO ] 2023-01-17 11:28:09.013 [main] NurseModuleStepDefinition - Ab Normal Weight: 200
[INFO ] 2023-01-17 11:28:10.514 [main] NurseModuleStepDefinition - Successfully enter the Body Mass Index
[INFO ] 2023-01-17 11:28:15.000 [main] NurseModuleStepDefinition - AbNormal Vision (R): 6/36
[INFO ] 2023-01-17 11:28:17.483 [main] NurseModuleStepDefinition - AbNormal Vision (L): 6/36
[INFO ] 2023-01-17 11:28:17.483 [main] NurseModuleStepDefinition - Successfully enter the Vision Module
[INFO ] 2023-01-17 11:28:19.490 [main] NurseModuleStepDefinition - Job Describtion : Pharmacist
[INFO ] 2023-01-17 11:28:20.349 [main] NurseModuleStepDefinition -  Nurse Assign The Systolic Pressure Value: 120
[INFO ] 2023-01-17 11:28:21.146 [main] NurseModuleStepDefinition -  Nurse Assign The Diastolic Pressure Value: 80
[INFO ] 2023-01-17 11:28:22.338 [main] NurseModuleStepDefinition - Successfully enter the Other Module
[INFO ] 2023-01-17 11:28:22.338 [main] NurseModuleStepDefinition - New applicant vitals details created successfully
[INFO ] 2023-01-17 11:28:22.339 [main] NurseModuleStepDefinition - Speciman Genaration :
[INFO ] 2023-01-17 11:28:25.560 [main] NurseModuleStepDefinition - Order ID : 3715
[INFO ] 2023-01-17 11:28:25.560 [main] NurseModuleStepDefinition - Plasma Specimen Number: Yet to be Generated
[INFO ] 2023-01-17 11:28:25.560 [main] NurseModuleStepDefinition - Serum Specimen Number: Yet to be Generated
[INFO ] 2023-01-17 11:28:25.560 [main] NurseModuleStepDefinition - Whole Blood Specimen Number: Yet to be Generated
[INFO ] 2023-01-17 11:28:41.808 [main] NurseModuleStepDefinition - Speciman Genarated Successfully
[INFO ] 2023-01-17 11:28:41.809 [main] NurseModuleStepDefinition - Speciman Collection :
[INFO ] 2023-01-17 11:28:43.426 [main] NurseModuleStepDefinition - Plasma Specimen Number: BLP2097813202: Generated
[INFO ] 2023-01-17 11:28:43.427 [main] NurseModuleStepDefinition - Serum Specimen Number: BLS2007964310: Generated
[INFO ] 2023-01-17 11:28:43.427 [main] NurseModuleStepDefinition - Whole Blood Specimen Number: WBL2051644922: Generated
[INFO ] 2023-01-17 11:28:45.876 [main] NurseModuleStepDefinition - Speciman Collected Successfully
[INFO ] 2023-01-17 11:28:45.876 [main] NurseModuleStepDefinition - Vaccination: 
[INFO ] 2023-01-17 11:28:49.991 [main] NurseModuleStepDefinition - Nurse Module Feedback collected successfully
[INFO ] 2023-01-17 11:28:55.999 [main] NurseModuleStepDefinition - Sample Outgoing
[INFO ] 2023-01-17 11:29:04.423 [main] NurseModuleStepDefinition - Plasma Specimen Number: BLP2097813202
[INFO ] 2023-01-17 11:29:04.423 [main] NurseModuleStepDefinition - Serum Specimen Number: BLS2007964310
[INFO ] 2023-01-17 11:29:04.423 [main] NurseModuleStepDefinition - Whole Blood Specimen Number: WBL2051644922
[INFO ] 2023-01-17 11:29:04.423 [main] NurseModuleStepDefinition - Scan Specimen Number
[INFO ] 2023-01-17 11:29:07.088 [main] NurseModuleStepDefinition - Successfully scan the Plasma Specimen Number: BLP2097813202
[INFO ] 2023-01-17 11:29:09.283 [main] NurseModuleStepDefinition - Successfully scan the Serum Specimen Number: BLS2007964310
[INFO ] 2023-01-17 11:29:11.386 [main] NurseModuleStepDefinition - Suceessfully scan the Whole Blood Specimen Number: WBL2051644922
[INFO ] 2023-01-17 11:29:11.387 [main] NurseModuleStepDefinition - Lab Technician and GRO Information
[INFO ] 2023-01-17 11:29:15.190 [main] NurseModuleStepDefinition - Lab Tech Name: Lab Technician Glossys
[INFO ] 2023-01-17 11:29:16.977 [main] NurseModuleStepDefinition - GRO Name: GRO Glossys
[INFO ] 2023-01-17 11:29:18.234 [main] NurseModuleStepDefinition -  Sample's Sent to LAB successfully
[INFO ] 2023-01-17 11:29:26.675 [main] CommonDefinition - Logout Successfully
[INFO ] 2023-01-17 11:29:28.687 [main] NurseModuleStepDefinition - Nurse Runing Time:
[INFO ] 2023-01-17 11:29:28.687 [main] CommonDefinition - Total Time Mints = Mints: 1 mints  57 seconds
[INFO ] 2023-01-17 11:29:28.687 [main] CommonDefinition -  Total Time  Seconds = 117 seconds
[INFO ] 2023-01-17 11:29:28.705 [main] GpModuleStepDefinition - Start Time  = 1673935168705
[INFO ] 2023-01-17 11:29:29.797 [main] GpModuleStepDefinition - Username: venkat
[INFO ] 2023-01-17 11:29:30.924 [main] GpModuleStepDefinition - Password: xOET6k1gUY
[INFO ] 2023-01-17 11:29:31.993 [main] GpModuleStepDefinition - Stemz GP Module
[INFO ] 2023-01-17 11:29:35.393 [main] GpModuleStepDefinition - Role Section: STEMZ GP
[INFO ] 2023-01-17 11:29:43.998 [main] GpModuleStepDefinition - Choose The Counter Is: 
[INFO ] 2023-01-17 11:29:55.339 [main] NurseTokenVerify - Nurse Module Token : NND002
[INFO ] 2023-01-17 11:29:55.339 [main] NurseTokenVerify - Token Lenght For Nurse String : 02
[INFO ] 2023-01-17 11:29:55.339 [main] NurseTokenVerify -  Nurse Current Token Number Next Token In Last Two Number 2
[INFO ] 2023-01-17 11:29:55.339 [main] NurseTokenVerify - Gro Token for String 02
[INFO ] 2023-01-17 11:29:55.339 [main] NurseTokenVerify - Gro Token Last Two Number  In Int: 2
[INFO ] 2023-01-17 11:29:56.506 [main] NurseTokenVerify - Successfully Verified The Token
[INFO ] 2023-01-17 11:29:58.769 [main] GpModuleStepDefinition - Gp Consulation Process
[INFO ] 2023-01-17 11:30:08.808 [main] GpModuleStepDefinition - Stemz Gp Assign The AbNormal Blood Pressure Value: 120
[INFO ] 2023-01-17 11:30:10.129 [main] GpModuleStepDefinition -  Stemz Gp Assign The Diastolic Pressure Value: 80
[INFO ] 2023-01-17 11:30:11.130 [main] GpModuleStepDefinition - Consulation
[INFO ] 2023-01-17 11:30:16.668 [main] GpModuleStepDefinition - Preset: Normal
[INFO ] 2023-01-17 11:30:16.669 [main] GpModuleStepDefinition - CardiologyProblem
[INFO ] 2023-01-17 11:30:29.912 [main] ExternalSpeciality - Successfully Cardilogy Referral Created
[INFO ] 2023-01-17 11:30:29.913 [main] GpModuleStepDefinition - DeformityProblem
[INFO ] 2023-01-17 11:30:46.121 [main] ExternalSpeciality - Successfully Deformity Referral Created
[INFO ] 2023-01-17 11:30:48.160 [main] GpModuleStepDefinition - Medical History: No
[INFO ] 2023-01-17 11:30:49.321 [main] GpModuleStepDefinition - Pervious Illness: No
[INFO ] 2023-01-17 11:30:50.498 [main] GpModuleStepDefinition - Your Meals In Last 10 Hours: No
[INFO ] 2023-01-17 11:30:51.741 [main] GpModuleStepDefinition - Psychiatric Or Neurological Disorder: No
[INFO ] 2023-01-17 11:30:54.054 [main] GpModuleStepDefinition - Comments: Okay
[INFO ] 2023-01-17 11:31:10.707 [main] GpModuleStepDefinition - Consultation details updated successfully
[INFO ] 2023-01-17 11:31:18.266 [main] GpModuleStepDefinition - Stemz GP Feedback collected successfully
[INFO ] 2023-01-17 11:31:31.749 [main] CommonDefinition - Logout Successfully
[INFO ] 2023-01-17 11:31:33.750 [main] GpModuleStepDefinition - Stemz Gp Run Time : 
[INFO ] 2023-01-17 11:31:33.751 [main] CommonDefinition - Total Time Mints = Mints: 2 mints  5 seconds
[INFO ] 2023-01-17 11:31:33.751 [main] CommonDefinition -  Total Time  Seconds = 125 seconds
[INFO ] 2023-01-17 11:31:33.755 [main] GpModuleStepDefinition - 92791
[INFO ] 2023-01-17 11:31:33.756 [main] GpModuleStepDefinition - 117228
[INFO ] 2023-01-17 11:31:33.757 [main] GpModuleStepDefinition - Female Applicant & Pregnant :Maybe
[INFO ] 2023-01-17 11:31:33.784 [main] LabJuniorStepDefinition - Start Time  = 1673935293784
[INFO ] 2023-01-17 11:31:38.116 [main] LabJuniorStepDefinition - Lab Junior Module
[INFO ] 2023-01-17 11:31:41.431 [main] LabJuniorStepDefinition - Role Section: Lab Junior
[INFO ] 2023-01-17 11:31:46.764 [main] LabJuniorStepDefinition - Specimen Inscan Process
[INFO ] 2023-01-17 11:32:02.331 [main] LabJuniorStepDefinition - Plasma Specimen Number: BLP2097813202
[INFO ] 2023-01-17 11:32:02.975 [main] LabJuniorStepDefinition - Successfully Scan Plasma Specimen Number
[INFO ] 2023-01-17 11:32:04.776 [main] LabJuniorStepDefinition - Serum Specimen Number: BLS2007964310
[INFO ] 2023-01-17 11:32:05.354 [main] LabJuniorStepDefinition - Successfully Scan Serum Specimen Number
[INFO ] 2023-01-17 11:32:07.144 [main] LabJuniorStepDefinition - Whole Blood Specimen Number: WBL2051644922
[INFO ] 2023-01-17 11:32:07.808 [main] LabJuniorStepDefinition - Successfully Scan Whole Blood Number
[INFO ] 2023-01-17 11:32:08.862 [main] LabJuniorStepDefinition - Lab ID: 1343
[INFO ] 2023-01-17 11:32:12.656 [main] LabJuniorStepDefinition - Specimen inscan details saved successfully
[INFO ] 2023-01-17 11:32:12.656 [main] LabJuniorStepDefinition - Lab Work List
[INFO ] 2023-01-17 11:32:12.656 [main] LabJuniorStepDefinition - Gender Type: Female
[INFO ] 2023-01-17 11:32:35.185 [main] LabJuniorWorkList - Haemoglobin: 11
[INFO ] 2023-01-17 11:32:41.843 [main] LabJuniorWorkList - Blood Group: O Positive
[INFO ] 2023-01-17 11:32:48.483 [main] LabJuniorWorkList - HIV: Negative
[INFO ] 2023-01-17 11:32:55.243 [main] LabJuniorWorkList - Anti HCV: Negative
[INFO ] 2023-01-17 11:32:59.988 [main] LabJuniorWorkList - HBsAg: Negative
[INFO ] 2023-01-17 11:33:02.329 [main] LabJuniorWorkList - SGOT Trigger Status :false
[INFO ] 2023-01-17 11:33:02.329 [main] LabJuniorWorkList - SGOT Referral Count :1
[INFO ] 2023-01-17 11:33:03.559 [main] LabJuniorWorkList - SGOT: 200
[INFO ] 2023-01-17 11:33:05.861 [main] LabJuniorWorkList - SGPT Trigger Status :false
[INFO ] 2023-01-17 11:33:05.861 [main] LabJuniorWorkList - SGPT Referral Count :1
[INFO ] 2023-01-17 11:33:07.129 [main] LabJuniorWorkList - SGPT: 200
[INFO ] 2023-01-17 11:33:12.304 [main] LabJuniorWorkList - Creatinine Trigger Status :false
[INFO ] 2023-01-17 11:33:12.304 [main] LabJuniorWorkList - Creatinine Referral Count :1
[INFO ] 2023-01-17 11:33:13.519 [main] LabJuniorWorkList - Creatinine: 2
[INFO ] 2023-01-17 11:33:18.181 [main] LabJuniorWorkList - RPR: NonReactive
[INFO ] 2023-01-17 11:33:22.810 [main] LabJuniorWorkList - BEta HC: Negative
[INFO ] 2023-01-17 11:33:25.152 [main] LabJuniorWorkList - Glucose Trigger Status :false
[INFO ] 2023-01-17 11:33:25.152 [main] LabJuniorWorkList - Glucose Referral Count :1
[INFO ] 2023-01-17 11:33:25.152 [main] LabJuniorWorkList - Glucose: 220
[INFO ] 2023-01-17 11:33:29.493 [main] LabJuniorWorkList - Result submitted for authorization successfully
[INFO ] 2023-01-17 11:33:40.997 [main] CommonDefinition - Logout Successfully
[INFO ] 2023-01-17 11:33:43.010 [main] LabJuniorStepDefinition - Lab Junior Runing Time:
[INFO ] 2023-01-17 11:33:43.011 [main] CommonDefinition - Total Time Mints = Mints: 2 mints  9 seconds
[INFO ] 2023-01-17 11:33:43.011 [main] CommonDefinition -  Total Time  Seconds = 129 seconds
[INFO ] 2023-01-17 11:33:43.051 [main] LabSeniorStepDefinition - Start Time  = 1673935423051
[INFO ] 2023-01-17 11:33:47.343 [main] LabSeniorStepDefinition - Lab Senior Module
[INFO ] 2023-01-17 11:33:50.560 [main] LabSeniorStepDefinition - Role Section: Lab Senior
[INFO ] 2023-01-17 11:33:56.848 [main] LabSeniorStepDefinition - Result Entry Review
[INFO ] 2023-01-17 11:34:02.505 [main] LabSeniorStepDefinition - Lab ID: 1343
[INFO ] 2023-01-17 11:34:15.822 [main] LabSeniorStepDefinition - Lab Senior First Review
[INFO ] 2023-01-17 11:34:15.822 [main] LabSeniorStepDefinition - Gender Type: Female
[INFO ] 2023-01-17 11:34:16.995 [main] LabSeniorStepDefinition - Haemoglobin: 11 = Reviewed
[INFO ] 2023-01-17 11:34:17.676 [main] LabSeniorStepDefinition - Blood Group: O Positive = Reviewed
[INFO ] 2023-01-17 11:34:18.270 [main] LabSeniorStepDefinition - HIV: Negative = Reviewed
[INFO ] 2023-01-17 11:34:18.880 [main] LabSeniorStepDefinition - Anti HCV: Negative = Reviewed
[INFO ] 2023-01-17 11:34:19.507 [main] LabSeniorStepDefinition - HBsAg: Negative = Reviewed
[INFO ] 2023-01-17 11:34:20.165 [main] LabSeniorStepDefinition - SGOT: 200 = Reviewed
[INFO ] 2023-01-17 11:34:22.530 [main] LabSeniorStepDefinition - SGPT: 200 = Reviewed
[INFO ] 2023-01-17 11:34:23.235 [main] LabSeniorStepDefinition - Creatinine: 2 = Reviewed
[INFO ] 2023-01-17 11:34:23.841 [main] LabSeniorStepDefinition - RPR: NonReactive = Reviewed
[INFO ] 2023-01-17 11:34:24.472 [main] LabSeniorStepDefinition - BEta HC: Negative = Reviewed
[INFO ] 2023-01-17 11:34:25.218 [main] LabSeniorStepDefinition - Glucose: 220 = Reviewed
[INFO ] 2023-01-17 11:34:26.740 [main] LabSeniorStepDefinition - Result submitted for authorization successfully
[INFO ] 2023-01-17 11:34:33.287 [main] CommonDefinition - Logout Successfully
[INFO ] 2023-01-17 11:34:35.300 [main] LabSeniorStepDefinition - Lab Senior Runing Time:
[INFO ] 2023-01-17 11:34:35.301 [main] CommonDefinition - Total Time Mints = Mints: 0 mints  52 seconds
[INFO ] 2023-01-17 11:34:35.301 [main] CommonDefinition -  Total Time  Seconds = 52 seconds
[INFO ] 2023-01-17 11:34:35.339 [main] LabSupervisorStepDefinition - Start Time  = 1673935475339
[INFO ] 2023-01-17 11:34:39.643 [main] LabSupervisorStepDefinition - Lab Supervisor Module
[INFO ] 2023-01-17 11:34:43.172 [main] LabSupervisorStepDefinition - Role Section: Lab Supervisor
[INFO ] 2023-01-17 11:34:48.463 [main] LabSupervisorStepDefinition - Pathalogist Worklist :
[INFO ] 2023-01-17 11:34:54.137 [main] LabSupervisorStepDefinition - Lab ID: 1343
[INFO ] 2023-01-17 11:35:03.747 [main] LabSupervisorStepDefinition - Result Entry :
[INFO ] 2023-01-17 11:35:04.751 [main] LabSupervisorStepDefinition - Lab Supervisor Authorize in Result Entry :
[INFO ] 2023-01-17 11:35:04.752 [main] LabSupervisorStepDefinition - Gender Type: Female
[INFO ] 2023-01-17 11:35:04.752 [main] LabSupervisorStepDefinition - Hemoglobin: 11 = Authorized
[INFO ] 2023-01-17 11:35:04.752 [main] LabSupervisorStepDefinition - Blood Group: O Positive = Authorized
[INFO ] 2023-01-17 11:35:04.753 [main] LabSupervisorStepDefinition - HIV: Negative = Authorized
[INFO ] 2023-01-17 11:35:04.753 [main] LabSupervisorStepDefinition - Anti HCV: Negative = Authorized
[INFO ] 2023-01-17 11:35:04.753 [main] LabSupervisorStepDefinition - HBsAg: Negative = Authorized
[INFO ] 2023-01-17 11:35:06.776 [main] LabSupervisorStepDefinition - SGOT: 200 = Authorized
[INFO ] 2023-01-17 11:35:06.777 [main] LabSupervisorStepDefinition - SGPT: 200 = Authorized
[INFO ] 2023-01-17 11:35:06.777 [main] LabSupervisorStepDefinition - Creatinine: 2 = Authorized
[INFO ] 2023-01-17 11:35:06.777 [main] LabSupervisorStepDefinition - RPR: NonReactive = Authorized
[INFO ] 2023-01-17 11:35:06.778 [main] LabSupervisorStepDefinition - BEta HC: Negative = Authorized
[INFO ] 2023-01-17 11:35:06.778 [main] LabSupervisorStepDefinition - Glucose: 220 = Authorized
[INFO ] 2023-01-17 11:35:11.437 [main] LabSupervisorStepDefinition - Results authorized successfully!
[INFO ] 2023-01-17 11:35:18.067 [main] CommonDefinition - Logout Successfully
[INFO ] 2023-01-17 11:35:20.082 [main] LabSupervisorStepDefinition - Log out For Supervisor
[INFO ] 2023-01-17 11:35:20.083 [main] LabSupervisorStepDefinition - Lab Supervisor Runing Time:
[INFO ] 2023-01-17 11:35:20.083 [main] CommonDefinition - Total Time Mints = Mints: 0 mints  44 seconds
[INFO ] 2023-01-17 11:35:20.084 [main] CommonDefinition -  Total Time  Seconds = 44 seconds
[INFO ] 2023-01-17 11:35:29.152 [main] GROStepDefinition - Role Section: GRO
[INFO ] 2023-01-17 11:35:42.151 [main] GROStepDefinition - Choose The Counter is: MA Counter 01
[ERROR] 2023-01-17 11:35:42.151 [main] GROStepDefinition - New Counter is  available please add this counter  : MA Counter 01
[INFO ] 2023-01-17 12:31:05.848 [main] GROStepDefinition - Glosys Automation Script 2.0 Run In :  MicrosoftEdge Browser
[INFO ] 2023-01-17 12:31:24.140 [main] GROStepDefinition - Start Time  = 1673938884140
[INFO ] 2023-01-17 12:31:24.145 [main] GROStepDefinition - Case:5: Enter The Correct Username And Password
[INFO ] 2023-01-17 12:31:24.249 [main] GROStepDefinition - Username: venkat
[INFO ] 2023-01-17 12:31:24.442 [main] GROStepDefinition - Password: xOET6k1gUY
[INFO ] 2023-01-17 12:31:30.355 [main] GROStepDefinition - Role Section: GRO
[INFO ] 2023-01-17 12:32:25.712 [main] GpModuleStepDefinition - Start Time  = 1673938945712
[INFO ] 2023-01-17 12:32:46.805 [main] LabJuniorStepDefinition - Start Time  = 1673938966805
[INFO ] 2023-01-17 12:33:08.920 [main] LabSeniorStepDefinition - Start Time  = 1673938988920
[INFO ] 2023-01-17 12:33:21.045 [main] LabSupervisorStepDefinition - Start Time  = 1673939001045
[INFO ] 2023-01-17 12:50:24.720 [main] GROStepDefinition - Glosys Automation Script 2.0 Run In :  MicrosoftEdge Browser
[INFO ] 2023-01-17 12:50:34.910 [main] GROStepDefinition - Start Time  = 1673940034910
[INFO ] 2023-01-17 12:50:34.926 [main] GROStepDefinition - Case:5: Enter The Correct Username And Password
[INFO ] 2023-01-17 12:50:35.090 [main] GROStepDefinition - Username: venkat
[INFO ] 2023-01-17 12:50:35.230 [main] GROStepDefinition - Password: xOET6k1gUY
[INFO ] 2023-01-17 12:50:39.941 [main] GROStepDefinition - Role Section: GRO
[INFO ] 2023-01-17 12:50:53.362 [main] GROStepDefinition - Choose The Counter is: MA Counter 02
[ERROR] 2023-01-17 12:50:53.362 [main] GROStepDefinition - New Counter is  available please add this counter  : MA Counter 02
[INFO ] 2023-01-17 12:50:55.171 [main] GROStepDefinition - Signed into the counter successfully
[INFO ] 2023-01-17 12:51:03.019 [main] GpModuleStepDefinition - Start Time  = 1673940063019
[INFO ] 2023-01-17 12:51:04.065 [main] LabJuniorStepDefinition - Start Time  = 1673940064065
[INFO ] 2023-01-17 12:51:06.110 [main] LabSeniorStepDefinition - Start Time  = 1673940066110
[INFO ] 2023-01-17 12:51:08.151 [main] LabSupervisorStepDefinition - Start Time  = 1673940068151
[INFO ] 2023-01-17 13:46:50.878 [main] GROStepDefinition - Glosys Automation Script 2.0 Run In :  MicrosoftEdge Browser
[INFO ] 2023-01-17 13:46:56.607 [main] GROStepDefinition - Start Time  = 1673943416607
[INFO ] 2023-01-17 13:46:56.621 [main] GROStepDefinition - Case:5: Enter The Correct Username And Password
[INFO ] 2023-01-17 13:46:56.732 [main] GROStepDefinition - Username: venkat
[INFO ] 2023-01-17 13:46:56.856 [main] GROStepDefinition - Password: xOET6k1gUY
[INFO ] 2023-01-17 13:47:01.388 [main] GROStepDefinition - Role Section: GRO
[INFO ] 2023-01-17 13:47:14.495 [main] GROStepDefinition - Choose The Counter is: MA Counter 01
[ERROR] 2023-01-17 13:47:14.496 [main] GROStepDefinition - New Counter is  available please add this counter  : MA Counter 01
[INFO ] 2023-01-17 13:47:16.119 [main] GROStepDefinition - Signed into the counter successfully
[INFO ] 2023-01-17 13:47:20.389 [main] GROStepDefinition - Visa Number: 998090981218
[INFO ] 2023-01-17 13:47:22.545 [main] GROStepDefinition - Biometric skip request sent successfully
[INFO ] 2023-01-17 13:47:26.589 [main] GROStepDefinition - Patient Profile Page
[INFO ] 2023-01-17 13:47:26.589 [main] GROStepDefinition - Personal Details: 
[INFO ] 2023-01-17 13:47:26.589 [main] GROStepDefinition - Visa Gender Type: Female
[INFO ] 2023-01-17 13:47:32.631 [main] GROStepDefinition - Applicant Believes Pregnant?: Maybe
[INFO ] 2023-01-17 13:47:32.631 [main] GROStepDefinition - Successfully enter the Personal information details
[INFO ] 2023-01-17 13:47:32.632 [main] GROStepDefinition - Communcation Details: 
[INFO ] 2023-01-17 13:47:33.705 [main] GROStepDefinition - Country: Philippines
[INFO ] 2023-01-17 13:47:36.039 [main] GROStepDefinition - Preferred Language to Speak: Tamil
[INFO ] 2023-01-17 13:47:37.081 [main] GROStepDefinition - Preferred Language to Read: Tamil
[INFO ] 2023-01-17 13:47:40.675 [main] GROStepDefinition - Preferred Location for Referral: Manila
[INFO ] 2023-01-17 13:47:42.737 [main] GROStepDefinition - Preferred Hospital: Manilla Hospital
[INFO ] 2023-01-17 13:47:42.737 [main] GROStepDefinition - Successfully enter The Communication Details
[INFO ] 2023-01-17 13:47:42.737 [main] GROStepDefinition - Encounter Details: 
[INFO ] 2023-01-17 13:47:46.276 [main] GROStepDefinition - SMS Alert Number: 9790000000
[INFO ] 2023-01-17 13:47:46.303 [main] GROStepDefinition - Job Position : Pharmacist
[INFO ] 2023-01-17 13:47:46.325 [main] GROStepDefinition - Is Job applicable of Driving: false
[INFO ] 2023-01-17 13:47:46.326 [main] GROStepDefinition - Successfully enter The Encounter details
[INFO ] 2023-01-17 13:47:56.623 [main] GROStepDefinition - APPLICANT CONSENT AND DECLARATION FORM
[INFO ] 2023-01-17 13:47:56.624 [main] GROStepDefinition - Applicant Details Created Successflly
[INFO ] 2023-01-17 13:47:56.624 [main] GROStepDefinition - Place Order Page
[INFO ] 2023-01-17 13:47:56.722 [main] GROStepDefinition - Token Genarated :   Token no (NND009) generated successfully
[INFO ] 2023-01-17 13:47:56.723 [main] GROStepDefinition - Visa Gender Type: Female - MaybeXray Page Not Allowed
[INFO ] 2023-01-17 13:47:56.724 [main] GROStepDefinition - Token : NND009
[INFO ] 2023-01-17 13:48:01.908 [main] GROStepDefinition -  Generate Service Recipt
[INFO ] 2023-01-17 13:48:01.916 [main] GROStepDefinition - Capture Identify Page:
[INFO ] 2023-01-17 13:48:01.917 [main] GROStepDefinition - Vaccination Document Status Condition is: No
[INFO ] 2023-01-17 13:48:01.917 [main] GROStepDefinition - Referral Document Status Condition is: No
[INFO ] 2023-01-17 13:48:05.144 [main] GROStepDefinition - Applicant identity details updated successfully
[INFO ] 2023-01-17 13:48:07.283 [main] GROStepDefinition - GRO Module Feedback Collected
[INFO ] 2023-01-17 13:48:19.752 [main] CommonDefinition - Logout Successfully
[INFO ] 2023-01-17 13:48:21.756 [main] GROStepDefinition - GRO Runing Time:
[INFO ] 2023-01-17 13:48:21.757 [main] CommonDefinition - Total Time Mints = Mints: 1 mints  25 seconds
[INFO ] 2023-01-17 13:48:21.757 [main] CommonDefinition -  Total Time  Seconds = 85 seconds
[INFO ] 2023-01-17 13:48:24.904 [main] NurseModuleStepDefinition - Start Time  = 1673943501806
[INFO ] 2023-01-17 13:48:26.073 [main] NurseModuleStepDefinition - Nurse Module
[INFO ] 2023-01-17 13:48:31.271 [main] NurseModuleStepDefinition - Role Section: Nurse
[INFO ] 2023-01-17 13:48:41.285 [main] NurseModuleStepDefinition - Choose The Counter Is: philipinesnurse1 01
[INFO ] 2023-01-17 13:48:51.920 [main] NurseTokenVerify - Nurse Module Token : NNDX004
[INFO ] 2023-01-17 13:48:51.920 [main] NurseTokenVerify - Token Lenght For Nurse String : 04
[INFO ] 2023-01-17 13:48:51.921 [main] NurseTokenVerify -  Nurse Current Token Number Next Token In Last Two Number 4
[INFO ] 2023-01-17 13:48:51.921 [main] NurseTokenVerify - Gro Token for String 09
[INFO ] 2023-01-17 13:48:51.921 [main] NurseTokenVerify - Gro Token Last Two Number  In Int: 9
[INFO ] 2023-01-17 13:48:51.922 [main] NurseTokenVerify - Nurse Token : 4 -- Gro Token  :9
[INFO ] 2023-01-17 13:49:00.535 [main] NurseTokenVerify - Nurse Module  Loop Token : NND008
[INFO ] 2023-01-17 13:49:00.535 [main] NurseTokenVerify - Get The Loop Next Token For Nurse  8
[INFO ] 2023-01-17 13:49:00.535 [main] NurseTokenVerify - Nurse Token : 8-- Gro Token  :9
[INFO ] 2023-01-17 13:49:09.044 [main] NurseTokenVerify - Nurse Module  Loop Token : NND009
[INFO ] 2023-01-17 13:49:09.044 [main] NurseTokenVerify - Get The Loop Next Token For Nurse  9
[INFO ] 2023-01-17 13:49:09.044 [main] NurseTokenVerify - Nurse Token : 9-- Gro Token  :9
[INFO ] 2023-01-17 13:49:10.190 [main] NurseTokenVerify - Successfully Verified The Token
[INFO ] 2023-01-17 13:49:12.433 [main] NurseModuleStepDefinition - Record Vitals:
[INFO ] 2023-01-17 13:49:16.175 [main] NurseModuleStepDefinition -  Ab Noraml Height: 200
[INFO ] 2023-01-17 13:49:16.567 [main] NurseModuleStepDefinition - Ab Normal Weight: 200
[INFO ] 2023-01-17 13:49:18.074 [main] NurseModuleStepDefinition - Successfully enter the Body Mass Index
[INFO ] 2023-01-17 13:49:22.674 [main] NurseModuleStepDefinition - AbNormal Vision (R): 6/36
[INFO ] 2023-01-17 13:49:25.228 [main] NurseModuleStepDefinition - AbNormal Vision (L): 6/36
[INFO ] 2023-01-17 13:49:25.228 [main] NurseModuleStepDefinition - Successfully enter the Vision Module
[INFO ] 2023-01-17 13:49:27.242 [main] NurseModuleStepDefinition - Job Describtion : Pharmacist
[INFO ] 2023-01-17 13:49:28.219 [main] NurseModuleStepDefinition -  Nurse Assign The Systolic Pressure Value: 120
[INFO ] 2023-01-17 13:49:29.124 [main] NurseModuleStepDefinition -  Nurse Assign The Diastolic Pressure Value: 80
[INFO ] 2023-01-17 13:49:30.356 [main] NurseModuleStepDefinition - Successfully enter the Other Module
[INFO ] 2023-01-17 13:49:30.356 [main] NurseModuleStepDefinition - New applicant vitals details created successfully
[INFO ] 2023-01-17 13:49:30.356 [main] NurseModuleStepDefinition - Speciman Genaration :
[INFO ] 2023-01-17 13:49:33.676 [main] NurseModuleStepDefinition - Order ID : 3727
[INFO ] 2023-01-17 13:49:33.677 [main] NurseModuleStepDefinition - Plasma Specimen Number: Yet to be Generated
[INFO ] 2023-01-17 13:49:33.677 [main] NurseModuleStepDefinition - Serum Specimen Number: Yet to be Generated
[INFO ] 2023-01-17 13:49:33.677 [main] NurseModuleStepDefinition - Whole Blood Specimen Number: Yet to be Generated
[INFO ] 2023-01-17 13:49:49.925 [main] NurseModuleStepDefinition - Speciman Genarated Successfully
[INFO ] 2023-01-17 13:49:49.925 [main] NurseModuleStepDefinition - Speciman Collection :
[INFO ] 2023-01-17 13:49:51.590 [main] NurseModuleStepDefinition - Plasma Specimen Number: BLP2038801263: Generated
[INFO ] 2023-01-17 13:49:51.590 [main] NurseModuleStepDefinition - Serum Specimen Number: BLS2010138596: Generated
[INFO ] 2023-01-17 13:49:51.590 [main] NurseModuleStepDefinition - Whole Blood Specimen Number: WBL2082796260: Generated
[INFO ] 2023-01-17 13:49:54.065 [main] NurseModuleStepDefinition - Speciman Collected Successfully
[INFO ] 2023-01-17 13:49:54.065 [main] NurseModuleStepDefinition - Vaccination: 
[INFO ] 2023-01-17 13:49:58.178 [main] NurseModuleStepDefinition - Nurse Module Feedback collected successfully
[INFO ] 2023-01-17 13:50:04.188 [main] NurseModuleStepDefinition - Sample Outgoing
[INFO ] 2023-01-17 13:50:12.870 [main] NurseModuleStepDefinition - Plasma Specimen Number: BLP2038801263
[INFO ] 2023-01-17 13:50:12.870 [main] NurseModuleStepDefinition - Serum Specimen Number: BLS2010138596
[INFO ] 2023-01-17 13:50:12.870 [main] NurseModuleStepDefinition - Whole Blood Specimen Number: WBL2082796260
[INFO ] 2023-01-17 13:50:12.871 [main] NurseModuleStepDefinition - Scan Specimen Number
[INFO ] 2023-01-17 13:50:15.784 [main] NurseModuleStepDefinition - Successfully scan the Plasma Specimen Number: BLP2038801263
[INFO ] 2023-01-17 13:50:18.205 [main] NurseModuleStepDefinition - Successfully scan the Serum Specimen Number: BLS2010138596
[INFO ] 2023-01-17 13:50:20.597 [main] NurseModuleStepDefinition - Suceessfully scan the Whole Blood Specimen Number: WBL2082796260
[INFO ] 2023-01-17 13:50:20.597 [main] NurseModuleStepDefinition - Lab Technician and GRO Information
[INFO ] 2023-01-17 13:50:24.572 [main] NurseModuleStepDefinition - Lab Tech Name: Lab Technician Glossys
[INFO ] 2023-01-17 13:50:26.483 [main] NurseModuleStepDefinition - GRO Name: GRO Glossys
[INFO ] 2023-01-17 13:50:27.665 [main] NurseModuleStepDefinition -  Sample's Sent to LAB successfully
[INFO ] 2023-01-17 13:50:36.203 [main] CommonDefinition - Logout Successfully
[INFO ] 2023-01-17 13:50:38.218 [main] NurseModuleStepDefinition - Nurse Runing Time:
[INFO ] 2023-01-17 13:50:38.219 [main] CommonDefinition - Total Time Mints = Mints: 2 mints  16 seconds
[INFO ] 2023-01-17 13:50:38.219 [main] CommonDefinition -  Total Time  Seconds = 136 seconds
[INFO ] 2023-01-17 13:50:38.249 [main] GpModuleStepDefinition - Start Time  = 1673943638248
[INFO ] 2023-01-17 13:50:39.331 [main] GpModuleStepDefinition - Username: venkat
[INFO ] 2023-01-17 13:50:40.455 [main] GpModuleStepDefinition - Password: xOET6k1gUY
[INFO ] 2023-01-17 13:50:41.569 [main] GpModuleStepDefinition - Stemz GP Module
[INFO ] 2023-01-17 13:50:44.771 [main] GpModuleStepDefinition - Role Section: STEMZ GP
[INFO ] 2023-01-17 13:50:53.270 [main] GpModuleStepDefinition - Choose The Counter Is: 
[INFO ] 2023-01-17 13:51:04.655 [main] NurseTokenVerify - Nurse Module Token : NNDX007
[INFO ] 2023-01-17 13:51:04.655 [main] NurseTokenVerify - Token Lenght For Nurse String : 07
[INFO ] 2023-01-17 13:51:04.656 [main] NurseTokenVerify -  Nurse Current Token Number Next Token In Last Two Number 7
[INFO ] 2023-01-17 13:51:04.656 [main] NurseTokenVerify - Gro Token for String 09
[INFO ] 2023-01-17 13:51:04.656 [main] NurseTokenVerify - Gro Token Last Two Number  In Int: 9
[INFO ] 2023-01-17 13:51:04.656 [main] NurseTokenVerify - Nurse Token : 7 -- Gro Token  :9
[INFO ] 2023-01-17 13:51:13.322 [main] NurseTokenVerify - Nurse Module  Loop Token : NND009
[INFO ] 2023-01-17 13:51:13.322 [main] NurseTokenVerify - Get The Loop Next Token For Nurse  9
[INFO ] 2023-01-17 13:51:13.322 [main] NurseTokenVerify - Nurse Token : 9-- Gro Token  :9
[INFO ] 2023-01-17 13:51:14.556 [main] NurseTokenVerify - Successfully Verified The Token
[INFO ] 2023-01-17 13:51:16.773 [main] GpModuleStepDefinition - Gp Consulation Process
[INFO ] 2023-01-17 13:51:26.970 [main] GpModuleStepDefinition - Stemz Gp Assign The AbNormal Blood Pressure Value: 120
[INFO ] 2023-01-17 13:51:28.353 [main] GpModuleStepDefinition -  Stemz Gp Assign The Diastolic Pressure Value: 80
[INFO ] 2023-01-17 13:51:29.365 [main] GpModuleStepDefinition - Consulation
[INFO ] 2023-01-17 13:51:34.935 [main] GpModuleStepDefinition - Preset: Normal
[INFO ] 2023-01-17 13:51:34.935 [main] GpModuleStepDefinition - CardiologyProblem
[INFO ] 2023-01-17 13:51:48.687 [main] ExternalSpeciality - Successfully Cardilogy Referral Created
[INFO ] 2023-01-17 13:51:48.688 [main] GpModuleStepDefinition - DeformityProblem
[INFO ] 2023-01-17 13:52:05.337 [main] ExternalSpeciality - Successfully Deformity Referral Created
[INFO ] 2023-01-17 13:52:07.369 [main] GpModuleStepDefinition - Medical History: No
[INFO ] 2023-01-17 13:52:08.600 [main] GpModuleStepDefinition - Pervious Illness: No
[INFO ] 2023-01-17 13:52:09.801 [main] GpModuleStepDefinition - Your Meals In Last 10 Hours: No
[INFO ] 2023-01-17 13:52:11.008 [main] GpModuleStepDefinition - Psychiatric Or Neurological Disorder: No
[INFO ] 2023-01-17 13:52:13.393 [main] GpModuleStepDefinition - Comments: Okay
[INFO ] 2023-01-17 13:52:30.122 [main] GpModuleStepDefinition - Consultation details updated successfully
[INFO ] 2023-01-17 13:52:37.703 [main] GpModuleStepDefinition - Stemz GP Feedback collected successfully
[INFO ] 2023-01-17 13:52:51.158 [main] CommonDefinition - Logout Successfully
[INFO ] 2023-01-17 13:52:53.162 [main] GpModuleStepDefinition - Stemz Gp Run Time : 
[INFO ] 2023-01-17 13:52:53.163 [main] CommonDefinition - Total Time Mints = Mints: 2 mints  14 seconds
[INFO ] 2023-01-17 13:52:53.163 [main] CommonDefinition -  Total Time  Seconds = 134 seconds
[INFO ] 2023-01-17 13:52:53.165 [main] GpModuleStepDefinition - 85149
[INFO ] 2023-01-17 13:52:53.166 [main] GpModuleStepDefinition - 136412
[INFO ] 2023-01-17 13:52:53.166 [main] GpModuleStepDefinition - Female Applicant & Pregnant :Maybe
[INFO ] 2023-01-17 13:52:53.209 [main] LabJuniorStepDefinition - Start Time  = 1673943773209
[INFO ] 2023-01-17 13:52:57.533 [main] LabJuniorStepDefinition - Lab Junior Module
[INFO ] 2023-01-17 13:53:00.745 [main] LabJuniorStepDefinition - Role Section: Lab Junior
[INFO ] 2023-01-17 13:53:06.022 [main] LabJuniorStepDefinition - Specimen Inscan Process
[INFO ] 2023-01-17 13:53:22.213 [main] LabJuniorStepDefinition - Plasma Specimen Number: BLP2038801263
[INFO ] 2023-01-17 13:53:22.899 [main] LabJuniorStepDefinition - Successfully Scan Plasma Specimen Number
[INFO ] 2023-01-17 13:53:25.362 [main] LabJuniorStepDefinition - Serum Specimen Number: BLS2010138596
[INFO ] 2023-01-17 13:53:26.130 [main] LabJuniorStepDefinition - Successfully Scan Serum Specimen Number
[INFO ] 2023-01-17 13:53:28.525 [main] LabJuniorStepDefinition - Whole Blood Specimen Number: WBL2082796260
[INFO ] 2023-01-17 13:53:29.278 [main] LabJuniorStepDefinition - Successfully Scan Whole Blood Number
[INFO ] 2023-01-17 13:53:30.341 [main] LabJuniorStepDefinition - Lab ID: 1351
[INFO ] 2023-01-17 13:53:34.125 [main] LabJuniorStepDefinition - Specimen inscan details saved successfully
[INFO ] 2023-01-17 13:53:34.125 [main] LabJuniorStepDefinition - Lab Work List
[INFO ] 2023-01-17 13:53:34.126 [main] LabJuniorStepDefinition - Gender Type: Female
[INFO ] 2023-01-17 13:53:56.850 [main] LabJuniorWorkList - Haemoglobin: 11
[INFO ] 2023-01-17 13:54:03.555 [main] LabJuniorWorkList - Blood Group: O Positive
[INFO ] 2023-01-17 13:54:10.147 [main] LabJuniorWorkList - HIV: Negative
[INFO ] 2023-01-17 13:54:16.835 [main] LabJuniorWorkList - Anti HCV: Negative
[INFO ] 2023-01-17 13:54:21.396 [main] LabJuniorWorkList - HBsAg: Negative
[INFO ] 2023-01-17 13:54:23.749 [main] LabJuniorWorkList - SGOT Trigger Status :false
[INFO ] 2023-01-17 13:54:23.749 [main] LabJuniorWorkList - SGOT Referral Count :1
[INFO ] 2023-01-17 13:54:24.942 [main] LabJuniorWorkList - SGOT: 200
[INFO ] 2023-01-17 13:54:27.295 [main] LabJuniorWorkList - SGPT Trigger Status :false
[INFO ] 2023-01-17 13:54:27.295 [main] LabJuniorWorkList - SGPT Referral Count :1
[INFO ] 2023-01-17 13:54:28.495 [main] LabJuniorWorkList - SGPT: 200
[INFO ] 2023-01-17 13:54:33.706 [main] LabJuniorWorkList - Creatinine Trigger Status :false
[INFO ] 2023-01-17 13:54:33.706 [main] LabJuniorWorkList - Creatinine Referral Count :1
[INFO ] 2023-01-17 13:54:34.935 [main] LabJuniorWorkList - Creatinine: 2
[INFO ] 2023-01-17 13:54:39.607 [main] LabJuniorWorkList - RPR: NonReactive
[INFO ] 2023-01-17 13:54:44.223 [main] LabJuniorWorkList - BEta HC: Negative
[INFO ] 2023-01-17 13:54:46.630 [main] LabJuniorWorkList - Glucose Trigger Status :false
[INFO ] 2023-01-17 13:54:46.630 [main] LabJuniorWorkList - Glucose Referral Count :1
[INFO ] 2023-01-17 13:54:46.630 [main] LabJuniorWorkList - Glucose: 220
[INFO ] 2023-01-17 13:54:51.034 [main] LabJuniorWorkList - Result submitted for authorization successfully
[INFO ] 2023-01-17 13:55:02.539 [main] CommonDefinition - Logout Successfully
[INFO ] 2023-01-17 13:55:04.546 [main] LabJuniorStepDefinition - Lab Junior Runing Time:
[INFO ] 2023-01-17 13:55:04.546 [main] CommonDefinition - Total Time Mints = Mints: 2 mints  11 seconds
[INFO ] 2023-01-17 13:55:04.547 [main] CommonDefinition -  Total Time  Seconds = 131 seconds
[INFO ] 2023-01-17 13:55:04.586 [main] LabSeniorStepDefinition - Start Time  = 1673943904586
[INFO ] 2023-01-17 13:55:08.863 [main] LabSeniorStepDefinition - Lab Senior Module
[INFO ] 2023-01-17 13:55:12.035 [main] LabSeniorStepDefinition - Role Section: Lab Senior
[INFO ] 2023-01-17 13:55:18.411 [main] LabSeniorStepDefinition - Result Entry Review
[INFO ] 2023-01-17 13:55:24.154 [main] LabSeniorStepDefinition - Lab ID: 1351
[INFO ] 2023-01-17 13:55:37.437 [main] LabSeniorStepDefinition - Lab Senior First Review
[INFO ] 2023-01-17 13:55:37.437 [main] LabSeniorStepDefinition - Gender Type: Female
[INFO ] 2023-01-17 13:55:38.596 [main] LabSeniorStepDefinition - Haemoglobin: 11 = Reviewed
[INFO ] 2023-01-17 13:55:39.210 [main] LabSeniorStepDefinition - Blood Group: O Positive = Reviewed
[INFO ] 2023-01-17 13:55:39.857 [main] LabSeniorStepDefinition - HIV: Negative = Reviewed
[INFO ] 2023-01-17 13:55:40.460 [main] LabSeniorStepDefinition - Anti HCV: Negative = Reviewed
[INFO ] 2023-01-17 13:55:41.127 [main] LabSeniorStepDefinition - HBsAg: Negative = Reviewed
[INFO ] 2023-01-17 13:55:41.786 [main] LabSeniorStepDefinition - SGOT: 200 = Reviewed
[INFO ] 2023-01-17 13:55:44.174 [main] LabSeniorStepDefinition - SGPT: 200 = Reviewed
[INFO ] 2023-01-17 13:55:44.813 [main] LabSeniorStepDefinition - Creatinine: 2 = Reviewed
[INFO ] 2023-01-17 13:55:45.519 [main] LabSeniorStepDefinition - RPR: NonReactive = Reviewed
[INFO ] 2023-01-17 13:55:46.124 [main] LabSeniorStepDefinition - BEta HC: Negative = Reviewed
[INFO ] 2023-01-17 13:55:46.863 [main] LabSeniorStepDefinition - Glucose: 220 = Reviewed
[INFO ] 2023-01-17 13:55:48.355 [main] LabSeniorStepDefinition - Result submitted for authorization successfully
[INFO ] 2023-01-17 13:55:54.851 [main] CommonDefinition - Logout Successfully
[INFO ] 2023-01-17 13:55:56.866 [main] LabSeniorStepDefinition - Lab Senior Runing Time:
[INFO ] 2023-01-17 13:55:56.867 [main] CommonDefinition - Total Time Mints = Mints: 0 mints  52 seconds
[INFO ] 2023-01-17 13:55:56.867 [main] CommonDefinition -  Total Time  Seconds = 52 seconds
[INFO ] 2023-01-17 13:55:56.884 [main] LabSupervisorStepDefinition - Start Time  = 1673943956884
[INFO ] 2023-01-17 13:56:01.266 [main] LabSupervisorStepDefinition - Lab Supervisor Module
[INFO ] 2023-01-17 13:56:04.777 [main] LabSupervisorStepDefinition - Role Section: Lab Supervisor
[INFO ] 2023-01-17 13:56:10.013 [main] LabSupervisorStepDefinition - Pathalogist Worklist :
[INFO ] 2023-01-17 13:56:15.699 [main] LabSupervisorStepDefinition - Lab ID: 1351
[INFO ] 2023-01-17 13:56:25.309 [main] LabSupervisorStepDefinition - Result Entry :
[INFO ] 2023-01-17 13:56:26.319 [main] LabSupervisorStepDefinition - Lab Supervisor Authorize in Result Entry :
[INFO ] 2023-01-17 13:56:26.319 [main] LabSupervisorStepDefinition - Gender Type: Female
[INFO ] 2023-01-17 13:56:26.320 [main] LabSupervisorStepDefinition - Hemoglobin: 11 = Authorized
[INFO ] 2023-01-17 13:56:26.320 [main] LabSupervisorStepDefinition - Blood Group: O Positive = Authorized
[INFO ] 2023-01-17 13:56:26.320 [main] LabSupervisorStepDefinition - HIV: Negative = Authorized
[INFO ] 2023-01-17 13:56:26.321 [main] LabSupervisorStepDefinition - Anti HCV: Negative = Authorized
[INFO ] 2023-01-17 13:56:26.321 [main] LabSupervisorStepDefinition - HBsAg: Negative = Authorized
[INFO ] 2023-01-17 13:56:28.348 [main] LabSupervisorStepDefinition - SGOT: 200 = Authorized
[INFO ] 2023-01-17 13:56:28.349 [main] LabSupervisorStepDefinition - SGPT: 200 = Authorized
[INFO ] 2023-01-17 13:56:28.349 [main] LabSupervisorStepDefinition - Creatinine: 2 = Authorized
[INFO ] 2023-01-17 13:56:28.349 [main] LabSupervisorStepDefinition - RPR: NonReactive = Authorized
[INFO ] 2023-01-17 13:56:28.350 [main] LabSupervisorStepDefinition - BEta HC: Negative = Authorized
[INFO ] 2023-01-17 13:56:28.350 [main] LabSupervisorStepDefinition - Glucose: 220 = Authorized
[INFO ] 2023-01-17 13:56:33.013 [main] LabSupervisorStepDefinition - Results authorized successfully!
[INFO ] 2023-01-17 13:56:39.560 [main] CommonDefinition - Logout Successfully
[INFO ] 2023-01-17 13:56:41.564 [main] LabSupervisorStepDefinition - Log out For Supervisor
[INFO ] 2023-01-17 13:56:41.564 [main] LabSupervisorStepDefinition - Lab Supervisor Runing Time:
[INFO ] 2023-01-17 13:56:41.566 [main] CommonDefinition - Total Time Mints = Mints: 0 mints  44 seconds
[INFO ] 2023-01-17 13:56:41.566 [main] CommonDefinition -  Total Time  Seconds = 44 seconds
[INFO ] 2023-01-17 13:56:50.489 [main] GROStepDefinition - Role Section: GRO
[INFO ] 2023-01-17 13:57:03.375 [main] GROStepDefinition - Choose The Counter is: MA Counter 02
[ERROR] 2023-01-17 13:57:03.376 [main] GROStepDefinition - New Counter is  available please add this counter  : MA Counter 02
[INFO ] 2023-01-17 13:57:04.990 [main] GROStepDefinition - Signed into the counter successfully
[INFO ] 2023-01-17 13:57:11.381 [main] UploadReferralLetter - Total Referral Count And Details : 10
[INFO ] 2023-01-17 13:57:11.381 [main] UploadReferralLetter - How Many Referrals Details And Count : {SGOT : =1, Glucose : =1, Cardilogy : =1, Beta HCG=1, RPR : =0, Color Vision : =0, Stemz BP : =0, AntiHCV : =0, SGPT : =1, BMI : =1, HBsAg : =0, Deformatory : =1, HIV : =0, Xray=0, Creatinine : =1, Vision : =2, Hamoglobin : =0}
[INFO ] 2023-01-17 13:57:16.419 [main] PrintReferralLetter - Print Referral Letter Page: 
[INFO ] 2023-01-17 13:57:17.536 [main] PrintReferralLetter - Referral: External Speciality, Additional Lab Test
Speciality: Cardiology, Orthopedic, Ophthalmologist, Vision Recheck, General Medicine, Gynaecology
Additional Lab Test:SGOT-Repeat, SGPT-Repeat, HbA1c, Serum Creatinine-Repeat
[INFO ] 2023-01-17 13:57:18.568 [main] PrintReferralLetter - Document Type: Cardiology
[INFO ] 2023-01-17 13:57:25.037 [main] PrintReferralLetter - Cardiology Print Referral Letter saved Successfully
[INFO ] 2023-01-17 13:57:26.561 [main] PrintReferralLetter - Document Type : Orthopedic
[INFO ] 2023-01-17 13:57:32.889 [main] PrintReferralLetter - Orthopedic Print Referral Letter saved Successfully
[INFO ] 2023-01-17 13:57:34.423 [main] PrintReferralLetter - Document Type : Ophthalmologist
[INFO ] 2023-01-17 13:57:39.058 [main] PrintReferralLetter - Ophthalmologist Print Referral Letter saved Successfully
[INFO ] 2023-01-17 13:57:40.098 [main] PrintReferralLetter - Document Type : Vision Recheck
[INFO ] 2023-01-17 13:57:44.626 [main] PrintReferralLetter - Vision Recheck Print Referral Letter saved Successfully
[INFO ] 2023-01-17 13:57:57.379 [main] GpModuleStepDefinition - Role Section: STEMZ GP
[INFO ] 2023-01-17 13:58:05.732 [main] GpModuleStepDefinition - Choose The Counter Is: 
[INFO ] 2023-01-17 13:58:15.881 [main] Test2 - Physician Worklist : 
[INFO ] 2023-01-17 13:58:22.083 [main] Test2 - Referral to be Reported
