[INFO ] 2023-04-10 10:58:32.178 [main] GROStepDefinition - Glosys Automation Script 2.0 Run In :  MicrosoftEdge Browser
[INFO ] 2023-04-10 10:58:59.458 [main] GROStepDefinition - Glosys Automation Script 2.0 Run In :  MicrosoftEdge Browser
[INFO ] 2023-04-10 10:59:11.444 [main] GROStepDefinition - Glosys Automation Script 2.0 Run In :  MicrosoftEdge Browser
[INFO ] 2023-04-10 10:59:21.713 [main] GpModuleStepDefinition - Start Time  = 1681104561713
[INFO ] 2023-04-10 10:59:30.221 [main] LabJuniorStepDefinition - Start Time  = 1681104570221
[INFO ] 2023-04-10 10:59:36.384 [main] LabSeniorStepDefinition - Start Time  = 1681104576383
[INFO ] 2023-04-10 10:59:44.289 [main] LabSupervisorStepDefinition - Start Time  = 1681104584289
[INFO ] 2023-04-10 13:41:08.333 [main] GROStepDefinition - Glosys Automation Script 2.0 Run In :  MicrosoftEdge Browser
[INFO ] 2023-04-10 13:41:19.396 [main] GpModuleStepDefinition - Start Time  = 1681114279396
[INFO ] 2023-04-10 13:41:25.608 [main] LabJuniorStepDefinition - Start Time  = 1681114285607
[INFO ] 2023-04-10 13:41:32.217 [main] LabSeniorStepDefinition - Start Time  = 1681114292217
[INFO ] 2023-04-10 13:41:38.664 [main] LabSupervisorStepDefinition - Start Time  = 1681114298664
[INFO ] 2023-04-10 13:42:20.110 [main] GROStepDefinition - Glosys Automation Script 2.0 Run In :  MicrosoftEdge Browser
[INFO ] 2023-04-10 13:42:31.053 [main] GpModuleStepDefinition - Start Time  = 1681114351053
[INFO ] 2023-04-10 13:42:36.142 [main] LabJuniorStepDefinition - Start Time  = 1681114356141
[INFO ] 2023-04-10 13:42:41.777 [main] LabSeniorStepDefinition - Start Time  = 1681114361777
[INFO ] 2023-04-10 13:42:46.780 [main] LabSupervisorStepDefinition - Start Time  = 1681114366779
[INFO ] 2023-04-10 13:44:22.579 [main] GROStepDefinition - Glosys Automation Script 2.0 Run In :  Chrome Browser
[INFO ] 2023-04-10 13:44:29.624 [main] GpModuleStepDefinition - Start Time  = 1681114469623
[INFO ] 2023-04-10 13:44:32.811 [main] LabJuniorStepDefinition - Start Time  = 1681114472811
[INFO ] 2023-04-10 13:44:35.835 [main] LabSeniorStepDefinition - Start Time  = 1681114475835
[INFO ] 2023-04-10 13:44:39.014 [main] LabSupervisorStepDefinition - Start Time  = 1681114479014
[INFO ] 2023-04-10 13:46:07.792 [main] GROStepDefinition - Glosys Automation Script 2.0 Run In :  Chrome Browser
[INFO ] 2023-04-10 13:46:13.403 [main] GpModuleStepDefinition - Start Time  = 1681114573403
[INFO ] 2023-04-10 13:46:17.037 [main] LabJuniorStepDefinition - Start Time  = 1681114577037
[INFO ] 2023-04-10 13:47:14.541 [main] GROStepDefinition - Glosys Automation Script 2.0 Run In :  Chrome Browser
[INFO ] 2023-04-10 13:47:20.741 [main] GpModuleStepDefinition - Start Time  = 1681114640741
[INFO ] 2023-04-10 13:47:23.806 [main] LabJuniorStepDefinition - Start Time  = 1681114643806
[INFO ] 2023-04-10 13:47:27.249 [main] LabSeniorStepDefinition - Start Time  = 1681114647249
[INFO ] 2023-04-10 13:47:30.141 [main] LabSupervisorStepDefinition - Start Time  = 1681114650141
