[INFO ] 2022-12-13 13:15:18.321 [main] NurseModuleStepDefinition - Start Time  = 1670917509429
[INFO ] 2022-12-13 13:15:19.542 [main] NurseModuleStepDefinition - Nurse Module
[INFO ] 2022-12-13 13:15:24.789 [main] NurseModuleStepDefinition - Role Section: Nurse
[INFO ] 2022-12-13 13:15:34.486 [main] NurseModuleStepDefinition - Choose The Counter Is: philipinesnurse1 01
[ERROR] 2022-12-13 13:15:47.047 [main] NurseTokenVerify - Nurse,
Hello, Uma Venkat
Next
Skip
Recall
Pause
Assign token
Break
Verify Token
  0
Sample outgoing
1
Barcode printing request
[INFO ] 2022-12-13 13:15:47.048 [main] NurseTokenVerify - Nurse Module Token : null
[INFO ] 2022-12-13 13:20:30.509 [main] NurseModuleStepDefinition - Start Time  = 1670917821581
[INFO ] 2022-12-13 13:20:31.662 [main] NurseModuleStepDefinition - Nurse Module
[INFO ] 2022-12-13 13:20:36.967 [main] NurseModuleStepDefinition - Role Section: Nurse
[INFO ] 2022-12-13 13:20:46.685 [main] NurseModuleStepDefinition - Choose The Counter Is: 
[INFO ] 2022-12-13 13:21:23.467 [main] NurseModuleStepDefinition - Start Time  = 1670917874446
[INFO ] 2022-12-13 13:21:24.634 [main] NurseModuleStepDefinition - Nurse Module
[INFO ] 2022-12-13 13:21:29.937 [main] NurseModuleStepDefinition - Role Section: Nurse
[INFO ] 2022-12-13 13:21:39.642 [main] NurseModuleStepDefinition - Choose The Counter Is: MA Counter 03
[ERROR] 2022-12-13 13:21:51.220 [main] NurseTokenVerify - Nurse,
Hello, Uma Venkat
Next
Skip
Recall
Pause
Assign token
Break
Verify Token
  0
Sample outgoing
1
Barcode printing request
[INFO ] 2022-12-13 13:21:51.221 [main] NurseTokenVerify - Nurse Module Token : null
[INFO ] 2022-12-13 13:26:08.553 [main] NurseModuleStepDefinition - Start Time  = 1670918158414
[INFO ] 2022-12-13 13:26:09.699 [main] NurseModuleStepDefinition - Nurse Module
[INFO ] 2022-12-13 13:26:14.920 [main] NurseModuleStepDefinition - Role Section: Nurse
[INFO ] 2022-12-13 13:26:24.629 [main] NurseModuleStepDefinition - Choose The Counter Is: philipinesnurse1 01
[INFO ] 2022-12-13 13:26:53.914 [main] NurseModuleStepDefinition - Start Time  = 1670918204829
[INFO ] 2022-12-13 13:26:55.079 [main] NurseModuleStepDefinition - Nurse Module
[INFO ] 2022-12-13 13:27:00.341 [main] NurseModuleStepDefinition - Role Section: Nurse
[INFO ] 2022-12-13 13:27:09.984 [main] NurseModuleStepDefinition - Choose The Counter Is: 
[ERROR] 2022-12-13 13:27:21.377 [main] NurseTokenVerify - Nurse,
Hello, Uma Venkat
Next
Skip
Recall
Pause
Assign token
Break
Verify Token
  0
Sample outgoing
1
Barcode printing request
[INFO ] 2022-12-13 13:27:21.377 [main] NurseTokenVerify - Nurse Module Token : null
[INFO ] 2022-12-13 13:30:13.030 [main] NurseModuleStepDefinition - Start Time  = 1670918402694
[INFO ] 2022-12-13 13:30:14.244 [main] NurseModuleStepDefinition - Nurse Module
[INFO ] 2022-12-13 13:30:57.186 [main] NurseModuleStepDefinition - Start Time  = 1670918447572
[INFO ] 2022-12-13 13:30:58.331 [main] NurseModuleStepDefinition - Nurse Module
[INFO ] 2022-12-13 13:31:03.587 [main] NurseModuleStepDefinition - Role Section: Nurse
[INFO ] 2022-12-13 13:31:13.267 [main] NurseModuleStepDefinition - Choose The Counter Is: MA Counter 03
[ERROR] 2022-12-13 13:31:28.614 [main] NurseTokenVerify - Nurse,
Hello, Uma Venkat
Next
Skip
Recall
Pause
Assign token
Break
Verify Token
  0
Sample outgoing
1
Barcode printing request
[INFO ] 2022-12-13 13:31:28.614 [main] NurseTokenVerify - Nurse Module Token : null
[INFO ] 2022-12-13 13:34:05.682 [main] NurseModuleStepDefinition - Start Time  = 1670918636075
[INFO ] 2022-12-13 13:34:06.832 [main] NurseModuleStepDefinition - Nurse Module
[INFO ] 2022-12-13 13:34:12.048 [main] NurseModuleStepDefinition - Role Section: Nurse
[INFO ] 2022-12-13 13:34:21.939 [main] NurseModuleStepDefinition - Choose The Counter Is: philipinesnurse1 01
[INFO ] 2022-12-13 13:35:08.907 [main] NurseModuleStepDefinition - Start Time  = 1670918699540
[INFO ] 2022-12-13 13:35:10.063 [main] NurseModuleStepDefinition - Nurse Module
[INFO ] 2022-12-13 13:35:15.327 [main] NurseModuleStepDefinition - Role Section: Nurse
[INFO ] 2022-12-13 13:35:25.104 [main] NurseModuleStepDefinition - Choose The Counter Is: MA Counter 03
[INFO ] 2022-12-13 13:37:22.275 [main] NurseModuleStepDefinition - Start Time  = 1670918833281
[INFO ] 2022-12-13 13:37:23.416 [main] NurseModuleStepDefinition - Nurse Module
[INFO ] 2022-12-13 13:37:28.630 [main] NurseModuleStepDefinition - Role Section: Nurse
[INFO ] 2022-12-13 13:37:38.189 [main] NurseModuleStepDefinition - Choose The Counter Is: philipinesnurse1 01
[INFO ] 2022-12-13 13:38:18.904 [main] NurseModuleStepDefinition - Start Time  = 1670918889302
[INFO ] 2022-12-13 13:38:20.049 [main] NurseModuleStepDefinition - Nurse Module
[INFO ] 2022-12-13 13:38:25.283 [main] NurseModuleStepDefinition - Role Section: Nurse
[INFO ] 2022-12-13 13:38:35.001 [main] NurseModuleStepDefinition - Choose The Counter Is: MA Counter 03
[ERROR] 2022-12-13 13:38:53.481 [main] NurseTokenVerify - Nurse,
Hello, Uma Venkat
Next
Skip
Recall
Pause
Assign token
Break
Verify Token
  0
Sample outgoing
1
Barcode printing request
[INFO ] 2022-12-13 13:38:53.481 [main] NurseTokenVerify - Nurse Module Token : null
[INFO ] 2022-12-13 13:43:15.029 [main] NurseModuleStepDefinition - Start Time  = 1670919186293
[INFO ] 2022-12-13 13:43:16.211 [main] NurseModuleStepDefinition - Nurse Module
[INFO ] 2022-12-13 13:43:21.453 [main] NurseModuleStepDefinition - Role Section: Nurse
[INFO ] 2022-12-13 13:43:31.061 [main] NurseModuleStepDefinition - Choose The Counter Is: philipinesnurse1 01
[ERROR] 2022-12-13 13:43:49.579 [main] NurseTokenVerify - Nurse,
Hello, Uma Venkat
Next
Skip
Recall
Pause
Assign token
Break
Verify Token
  0
Sample outgoing
1
Barcode printing request
[INFO ] 2022-12-13 13:43:49.579 [main] NurseTokenVerify - Nurse Module Token : null
[INFO ] 2022-12-13 13:52:35.112 [main] NurseModuleStepDefinition - Start Time  = 1670919746223
[INFO ] 2022-12-13 13:52:36.272 [main] NurseModuleStepDefinition - Nurse Module
[INFO ] 2022-12-13 13:52:41.535 [main] NurseModuleStepDefinition - Role Section: Nurse
[INFO ] 2022-12-13 13:52:51.219 [main] NurseModuleStepDefinition - Choose The Counter Is: MA Counter 03
[ERROR] 2022-12-13 13:53:09.815 [main] NurseTokenVerify - Nurse,
Hello, Uma Venkat
Next
Skip
Recall
Pause
Assign token
Break
Verify Token
  0
Sample outgoing
1
Barcode printing request
[INFO ] 2022-12-13 13:53:09.815 [main] NurseTokenVerify - Nurse Module Token : null
[INFO ] 2022-12-13 13:54:18.016 [main] NurseModuleStepDefinition - Start Time  = 1670919849071
[INFO ] 2022-12-13 13:54:19.205 [main] NurseModuleStepDefinition - Nurse Module
[INFO ] 2022-12-13 13:54:24.446 [main] NurseModuleStepDefinition - Role Section: Nurse
[INFO ] 2022-12-13 13:54:34.180 [main] NurseModuleStepDefinition - Choose The Counter Is: philipinesnurse1 01
[ERROR] 2022-12-13 13:54:52.553 [main] NurseTokenVerify - Nurse,
Hello, Uma Venkat
Next
Skip
Recall
Pause
Assign token
Break
Verify Token
  0
Sample outgoing
1
Barcode printing request
[INFO ] 2022-12-13 13:54:52.553 [main] NurseTokenVerify - Nurse Module Token : null
[INFO ] 2022-12-13 14:20:50.290 [main] NurseModuleStepDefinition - Start Time  = 1670921434187
[INFO ] 2022-12-13 14:20:51.507 [main] NurseModuleStepDefinition - Nurse Module
[INFO ] 2022-12-13 14:20:56.740 [main] NurseModuleStepDefinition - Role Section: Nurse
[INFO ] 2022-12-13 14:21:57.933 [main] NurseModuleStepDefinition - Start Time  = 1670921498184
[INFO ] 2022-12-13 14:21:59.090 [main] NurseModuleStepDefinition - Nurse Module
[INFO ] 2022-12-13 14:22:04.332 [main] NurseModuleStepDefinition - Role Section: Nurse
[INFO ] 2022-12-13 14:22:14.056 [main] NurseModuleStepDefinition - Choose The Counter Is: MA Counter 03
[ERROR] 2022-12-13 14:22:25.489 [main] NurseTokenVerify - Nurse,
Hello, Uma Venkat
Next
Skip
Recall
Pause
Assign token
Break
Verify Token
  0
Sample outgoing
1
Barcode printing request
[INFO ] 2022-12-13 14:22:25.489 [main] NurseTokenVerify - Nurse Module Token : null
[INFO ] 2022-12-13 14:30:41.932 [main] NurseModuleStepDefinition - Start Time  = 1670922031520
[INFO ] 2022-12-13 14:30:43.075 [main] NurseModuleStepDefinition - Nurse Module
[INFO ] 2022-12-13 14:30:48.271 [main] NurseModuleStepDefinition - Role Section: Nurse
[INFO ] 2022-12-13 14:30:57.870 [main] NurseModuleStepDefinition - Choose The Counter Is: philipinesnurse1 01
[INFO ] 2022-12-13 14:31:09.233 [main] NurseTokenVerify - Nurse Module Token : null
[INFO ] 2022-12-13 14:33:34.898 [main] NurseModuleStepDefinition - Start Time  = 1670922206189
[INFO ] 2022-12-13 14:33:36.038 [main] NurseModuleStepDefinition - Nurse Module
[INFO ] 2022-12-13 14:33:41.276 [main] NurseModuleStepDefinition - Role Section: Nurse
[INFO ] 2022-12-13 14:33:51.031 [main] NurseModuleStepDefinition - Choose The Counter Is: MA Counter 03
[INFO ] 2022-12-13 14:34:02.518 [main] NurseTokenVerify - Nurse Module Token : NND010
[INFO ] 2022-12-13 14:34:02.519 [main] NurseTokenVerify - Token Lenght For Nurse String : 10
[INFO ] 2022-12-13 14:34:02.519 [main] NurseTokenVerify -  Nurse Current Token Number Next Token In Last Two Number 10
[INFO ] 2022-12-13 14:34:02.519 [main] NurseTokenVerify - Gro Token for String 15
[INFO ] 2022-12-13 14:34:02.519 [main] NurseTokenVerify - Gro Token Last Two Number  In Int: 15
[INFO ] 2022-12-13 14:34:02.521 [main] NurseTokenVerify - Nurse Token : 10-- Gro Token  :15
[INFO ] 2022-12-13 14:34:13.679 [main] NurseTokenVerify - Nurse Module  Loop Token : NND010
[INFO ] 2022-12-13 14:34:13.679 [main] NurseTokenVerify - Get The Loop Next Token For Nurse  10
[INFO ] 2022-12-13 14:34:13.679 [main] NurseTokenVerify - Nurse Token : 10-- Gro Token  :15
[INFO ] 2022-12-13 14:34:55.950 [main] GROStepDefinition - Glosys Automation Script 2.0 Run In :  MicrosoftEdge Browser
[INFO ] 2022-12-13 14:35:00.261 [main] GROStepDefinition - Start Time  = 1670922300261
[INFO ] 2022-12-13 14:35:00.263 [main] GROStepDefinition - Case:5: Enter The Correct Username And Password
[INFO ] 2022-12-13 14:35:00.353 [main] GROStepDefinition - Username: venkat
[INFO ] 2022-12-13 14:35:00.448 [main] GROStepDefinition - Password: xOET6k1gUY
[INFO ] 2022-12-13 14:35:31.811 [main] GROStepDefinition - Glosys Automation Script 2.0 Run In :  MicrosoftEdge Browser
[INFO ] 2022-12-13 14:35:39.165 [main] GROStepDefinition - Start Time  = 1670922339165
[INFO ] 2022-12-13 14:35:39.169 [main] GROStepDefinition - Case:5: Enter The Correct Username And Password
[INFO ] 2022-12-13 14:35:39.259 [main] GROStepDefinition - Username: venkat
[INFO ] 2022-12-13 14:35:39.337 [main] GROStepDefinition - Password: xOET6k1gUY
[INFO ] 2022-12-13 14:35:43.701 [main] GROStepDefinition - Role Section: GRO
[INFO ] 2022-12-13 14:35:54.465 [main] GpModuleStepDefinition - Start Time  = 1670922354465
[INFO ] 2022-12-13 14:35:55.504 [main] LabJuniorStepDefinition - Start Time  = 1670922355504
[INFO ] 2022-12-13 14:36:09.168 [main] GROStepDefinition - Glosys Automation Script 2.0 Run In :  MicrosoftEdge Browser
[INFO ] 2022-12-13 14:36:13.242 [main] GROStepDefinition - Start Time  = 1670922373242
[INFO ] 2022-12-13 14:36:13.250 [main] GROStepDefinition - Case:5: Enter The Correct Username And Password
[INFO ] 2022-12-13 14:36:13.351 [main] GROStepDefinition - Username: venkat
[INFO ] 2022-12-13 14:36:13.441 [main] GROStepDefinition - Password: xOET6k1gUY
[INFO ] 2022-12-13 14:36:17.896 [main] GROStepDefinition - Role Section: GRO
[INFO ] 2022-12-13 14:36:30.294 [main] GROStepDefinition - Choose The Counter is: 
[ERROR] 2022-12-13 14:36:30.294 [main] GROStepDefinition - New Counter is  available please add this counter  : 
[INFO ] 2022-12-13 14:36:32.580 [main] GROStepDefinition - Signed into the counter successfully
[INFO ] 2022-12-13 14:36:37.779 [main] GROStepDefinition - Visa Number: 998090988203
[INFO ] 2022-12-13 14:36:39.983 [main] GROStepDefinition - Biometric skip request sent successfully
[INFO ] 2022-12-13 14:36:45.070 [main] GROStepDefinition - Patient Profile Page
[INFO ] 2022-12-13 14:36:45.070 [main] GROStepDefinition - Personal Details: 
[INFO ] 2022-12-13 14:36:45.070 [main] GROStepDefinition - Visa Gender Type: Female
[INFO ] 2022-12-13 14:36:52.054 [main] GROStepDefinition - Applicant Believes Pregnant?: Maybe
[INFO ] 2022-12-13 14:36:52.054 [main] GROStepDefinition - Successfully enter the Personal information details
[INFO ] 2022-12-13 14:36:52.054 [main] GROStepDefinition - Communcation Details: 
[INFO ] 2022-12-13 14:36:53.112 [main] GROStepDefinition - Country: Philippines
[INFO ] 2022-12-13 14:36:55.416 [main] GROStepDefinition - Preferred Language to Speak: Tamil
[INFO ] 2022-12-13 14:36:56.717 [main] GROStepDefinition - Preferred Language to Read: Tamil
[INFO ] 2022-12-13 14:37:01.571 [main] GROStepDefinition - Preferred Location for Referral: Manila
[INFO ] 2022-12-13 14:37:03.916 [main] GROStepDefinition - Preferred Hospital: Manilla Hospital
[INFO ] 2022-12-13 14:37:03.916 [main] GROStepDefinition - Successfully enter The Communication Details
[INFO ] 2022-12-13 14:37:03.916 [main] GROStepDefinition - Encounter Details: 
[INFO ] 2022-12-13 14:37:07.922 [main] GROStepDefinition - SMS Alert Number: 9790498180
[INFO ] 2022-12-13 14:37:07.948 [main] GROStepDefinition - Job Position : Pharmacist
[INFO ] 2022-12-13 14:37:07.962 [main] GROStepDefinition - Is Job applicable of Driving: false
[INFO ] 2022-12-13 14:37:07.962 [main] GROStepDefinition - Successfully enter The Encounter details
[INFO ] 2022-12-13 14:37:21.817 [main] GROStepDefinition - APPLICANT CONSENT AND DECLARATION FORM
[INFO ] 2022-12-13 14:37:21.817 [main] GROStepDefinition - Applicant Details Created Successflly
[INFO ] 2022-12-13 14:37:21.817 [main] GROStepDefinition - Place Order Page
[INFO ] 2022-12-13 14:37:21.850 [main] GROStepDefinition - Token Genarated :   Token no (NND012) generated successfully
[INFO ] 2022-12-13 14:37:21.850 [main] GROStepDefinition - Visa Gender Type: Female - MaybeXray Page Not Allowed
[INFO ] 2022-12-13 14:37:21.850 [main] GROStepDefinition - Token : NND012
[INFO ] 2022-12-13 14:37:28.089 [main] GROStepDefinition -  Generate Service Recipt
[INFO ] 2022-12-13 14:37:30.170 [main] GROStepDefinition - Capture Identify Page:
[INFO ] 2022-12-13 14:37:30.170 [main] GROStepDefinition - Vaccination Document Status Condition is: No
[INFO ] 2022-12-13 14:37:30.171 [main] GROStepDefinition - Referral Document Status Condition is: No
[INFO ] 2022-12-13 14:37:32.369 [main] GROStepDefinition - Applicant identity details updated successfully
[INFO ] 2022-12-13 14:37:34.584 [main] GROStepDefinition - GRO Module Feedback Collected
[INFO ] 2022-12-13 14:37:47.382 [main] CommonDefinition - Logout Successfully
[INFO ] 2022-12-13 14:37:49.395 [main] GROStepDefinition - GRO Runing Time:
[INFO ] 2022-12-13 14:37:49.395 [main] CommonDefinition - Total Time Mints = Mints: 1 mints  36 seconds
[INFO ] 2022-12-13 14:37:49.395 [main] CommonDefinition -  Total Time  Seconds = 96 seconds
[INFO ] 2022-12-13 14:37:52.555 [main] NurseModuleStepDefinition - Start Time  = 1670922469442
[INFO ] 2022-12-13 14:37:53.686 [main] NurseModuleStepDefinition - Nurse Module
[INFO ] 2022-12-13 14:37:58.937 [main] NurseModuleStepDefinition - Role Section: Nurse
[INFO ] 2022-12-13 14:38:08.619 [main] NurseModuleStepDefinition - Choose The Counter Is: philipinesnurse1 01
[INFO ] 2022-12-13 14:38:19.958 [main] NurseTokenVerify - Nurse Module Token : NND008
[INFO ] 2022-12-13 14:38:19.958 [main] NurseTokenVerify - Token Lenght For Nurse String : 08
[INFO ] 2022-12-13 14:38:19.958 [main] NurseTokenVerify -  Nurse Current Token Number Next Token In Last Two Number 8
[INFO ] 2022-12-13 14:38:19.958 [main] NurseTokenVerify - Gro Token for String 12
[INFO ] 2022-12-13 14:38:19.959 [main] NurseTokenVerify - Gro Token Last Two Number  In Int: 12
[INFO ] 2022-12-13 14:38:19.959 [main] NurseTokenVerify - Nurse Token : 8-- Gro Token  :12
[INFO ] 2022-12-13 14:38:31.272 [main] NurseTokenVerify - Nurse Module  Loop Token : NND010
[INFO ] 2022-12-13 14:38:31.273 [main] NurseTokenVerify - Get The Loop Next Token For Nurse  10
[INFO ] 2022-12-13 14:38:31.273 [main] NurseTokenVerify - Nurse Token : 10-- Gro Token  :12
[INFO ] 2022-12-13 14:38:42.586 [main] NurseTokenVerify - Nurse Module  Loop Token : NND012
[INFO ] 2022-12-13 14:38:42.586 [main] NurseTokenVerify - Get The Loop Next Token For Nurse  12
[INFO ] 2022-12-13 14:38:42.586 [main] NurseTokenVerify - Nurse Token : 12-- Gro Token  :12
[INFO ] 2022-12-13 14:38:44.789 [main] NurseTokenVerify - Successfully Verified in Token
[INFO ] 2022-12-13 14:38:47.100 [main] NurseModuleStepDefinition - Record Vitals:
[INFO ] 2022-12-13 14:38:50.885 [main] NurseModuleStepDefinition - Height: 160
[INFO ] 2022-12-13 14:38:52.728 [main] NurseModuleStepDefinition - Weight: 60
[INFO ] 2022-12-13 14:38:52.729 [main] NurseModuleStepDefinition - Successfully enter the Body Mass Index
[INFO ] 2022-12-13 14:38:55.628 [main] NurseModuleStepDefinition - Vision (R): 6/6
[INFO ] 2022-12-13 14:38:58.466 [main] NurseModuleStepDefinition - Vision (L): 6/6
[INFO ] 2022-12-13 14:38:58.466 [main] NurseModuleStepDefinition - Successfully enter the Vision Module
[INFO ] 2022-12-13 14:38:59.326 [main] NurseModuleStepDefinition - Blood Pressure: 120
[INFO ] 2022-12-13 14:39:00.133 [main] NurseModuleStepDefinition - Systolic Pressure: 80
[INFO ] 2022-12-13 14:39:01.352 [main] NurseModuleStepDefinition - Successfully enter the Other Module
[INFO ] 2022-12-13 14:39:01.352 [main] NurseModuleStepDefinition - New applicant vitals details created successfully
[INFO ] 2022-12-13 14:39:01.352 [main] NurseModuleStepDefinition - Speciman Genaration :
[INFO ] 2022-12-13 14:39:04.810 [main] NurseModuleStepDefinition - Order ID : 2761
[INFO ] 2022-12-13 14:39:04.810 [main] NurseModuleStepDefinition - Plasma Specimen Number: Yet to be Generated
[INFO ] 2022-12-13 14:39:04.810 [main] NurseModuleStepDefinition - Serum Specimen Number: Yet to be Generated
[INFO ] 2022-12-13 14:39:04.811 [main] NurseModuleStepDefinition - Whole Blood Specimen Number: Yet to be Generated
[INFO ] 2022-12-13 14:39:21.099 [main] NurseModuleStepDefinition - Speciman Genarated Successfully
[INFO ] 2022-12-13 14:39:21.099 [main] NurseModuleStepDefinition - Speciman Collection :
[INFO ] 2022-12-13 14:39:22.722 [main] NurseModuleStepDefinition - Plasma Specimen Number: BLP2018685451: Generated
[INFO ] 2022-12-13 14:39:22.722 [main] NurseModuleStepDefinition - Serum Specimen Number: BLS2045591024: Generated
[INFO ] 2022-12-13 14:39:22.722 [main] NurseModuleStepDefinition - Whole Blood Specimen Number: WBL2025228354: Generated
[INFO ] 2022-12-13 14:39:25.269 [main] NurseModuleStepDefinition - Speciman Collected Successfully
[INFO ] 2022-12-13 14:39:25.269 [main] NurseModuleStepDefinition - Vaccination: 
[INFO ] 2022-12-13 14:39:29.495 [main] NurseModuleStepDefinition - Nurse Module Feedback collected successfully
[INFO ] 2022-12-13 14:39:35.511 [main] NurseModuleStepDefinition - Sample Outgoing
[INFO ] 2022-12-13 14:39:44.263 [main] NurseModuleStepDefinition - Plasma Specimen Number: BLP2018685451
[INFO ] 2022-12-13 14:39:44.263 [main] NurseModuleStepDefinition - Serum Specimen Number: BLS2045591024
[INFO ] 2022-12-13 14:39:44.263 [main] NurseModuleStepDefinition - Whole Blood Specimen Number: WBL2025228354
[INFO ] 2022-12-13 14:39:44.263 [main] NurseModuleStepDefinition - Scan Specimen Number
[INFO ] 2022-12-13 14:39:47.067 [main] NurseModuleStepDefinition - Successfully scan the Plasma Specimen Number: BLP2018685451
[INFO ] 2022-12-13 14:39:49.842 [main] NurseModuleStepDefinition - Successfully scan the Serum Specimen Number: BLS2045591024
[INFO ] 2022-12-13 14:39:52.670 [main] NurseModuleStepDefinition - Suceessfully scan the Whole Blood Specimen Number: WBL2025228354
[INFO ] 2022-12-13 14:39:52.670 [main] NurseModuleStepDefinition - Lab Technician and GRO Information
[INFO ] 2022-12-13 14:39:57.170 [main] NurseModuleStepDefinition - Lab Tech Name: Lab Technician Glossys
[INFO ] 2022-12-13 14:39:59.684 [main] NurseModuleStepDefinition - GRO Name: GRO Glossys
[INFO ] 2022-12-13 14:40:00.918 [main] NurseModuleStepDefinition -  Sample's Sent to LAB successfully
[INFO ] 2022-12-13 14:40:09.703 [main] CommonDefinition - Logout Successfully
[INFO ] 2022-12-13 14:40:11.717 [main] NurseModuleStepDefinition - Nurse Runing Time:
[INFO ] 2022-12-13 14:40:11.717 [main] CommonDefinition - Total Time Mints = Mints: 2 mints  22 seconds
[INFO ] 2022-12-13 14:40:11.717 [main] CommonDefinition -  Total Time  Seconds = 142 seconds
[INFO ] 2022-12-13 14:40:11.765 [main] GpModuleStepDefinition - Start Time  = 1670922611765
[INFO ] 2022-12-13 14:40:12.874 [main] GpModuleStepDefinition - Username: venkat
[INFO ] 2022-12-13 14:40:14.000 [main] GpModuleStepDefinition - Password: xOET6k1gUY
[INFO ] 2022-12-13 14:40:15.082 [main] GpModuleStepDefinition - Stemz GP Module
[INFO ] 2022-12-13 14:40:18.366 [main] GpModuleStepDefinition - Role Section: STEMZ GP
[INFO ] 2022-12-13 14:40:26.138 [main] GpModuleStepDefinition - Choose The Counter Is: 
[INFO ] 2022-12-13 14:40:29.361 [main] LabJuniorStepDefinition - Start Time  = 1670922629361
[INFO ] 2022-12-13 14:40:51.501 [main] LabSeniorStepDefinition - Start Time  = 1670922651501
[INFO ] 2022-12-13 14:41:13.573 [main] LabSupervisorStepDefinition - Start Time  = 1670922673573
[INFO ] 2022-12-13 14:58:22.008 [main] GROStepDefinition - Glosys Automation Script 2.0 Run In :  MicrosoftEdge Browser
[INFO ] 2022-12-13 14:58:26.344 [main] GROStepDefinition - Start Time  = 1670923706344
[INFO ] 2022-12-13 14:58:26.347 [main] GROStepDefinition - Case:5: Enter The Correct Username And Password
[INFO ] 2022-12-13 14:58:26.500 [main] GROStepDefinition - Username: venkat
[INFO ] 2022-12-13 14:58:26.588 [main] GROStepDefinition - Password: xOET6k1gUY
[INFO ] 2022-12-13 14:58:31.122 [main] GROStepDefinition - Role Section: GRO
[INFO ] 2022-12-13 14:58:43.450 [main] GROStepDefinition - Choose The Counter is: 
[ERROR] 2022-12-13 14:58:43.450 [main] GROStepDefinition - New Counter is  available please add this counter  : 
[INFO ] 2022-12-13 14:58:45.716 [main] GROStepDefinition - Signed into the counter successfully
[INFO ] 2022-12-13 14:58:50.880 [main] GROStepDefinition - Visa Number: 998090988204
[INFO ] 2022-12-13 14:58:53.073 [main] GROStepDefinition - Biometric skip request sent successfully
[INFO ] 2022-12-13 14:58:58.103 [main] GROStepDefinition - Patient Profile Page
[INFO ] 2022-12-13 14:58:58.103 [main] GROStepDefinition - Personal Details: 
[INFO ] 2022-12-13 14:58:58.103 [main] GROStepDefinition - Visa Gender Type: Female
[INFO ] 2022-12-13 14:59:05.128 [main] GROStepDefinition - Applicant Believes Pregnant?: Maybe
[INFO ] 2022-12-13 14:59:05.128 [main] GROStepDefinition - Successfully enter the Personal information details
[INFO ] 2022-12-13 14:59:05.128 [main] GROStepDefinition - Communcation Details: 
[INFO ] 2022-12-13 14:59:09.235 [main] GpModuleStepDefinition - Start Time  = 1670923749235
[INFO ] 2022-12-13 14:59:10.254 [main] LabJuniorStepDefinition - Start Time  = 1670923750254
[INFO ] 2022-12-13 14:59:25.473 [main] GROStepDefinition - Glosys Automation Script 2.0 Run In :  MicrosoftEdge Browser
[INFO ] 2022-12-13 14:59:29.803 [main] GROStepDefinition - Start Time  = 1670923769802
[INFO ] 2022-12-13 14:59:29.817 [main] GROStepDefinition - Case:5: Enter The Correct Username And Password
[INFO ] 2022-12-13 14:59:29.918 [main] GROStepDefinition - Username: venkat
[INFO ] 2022-12-13 14:59:29.999 [main] GROStepDefinition - Password: xOET6k1gUY
[INFO ] 2022-12-13 14:59:34.429 [main] GROStepDefinition - Role Section: GRO
[INFO ] 2022-12-13 14:59:46.801 [main] GROStepDefinition - Choose The Counter is: 
[ERROR] 2022-12-13 14:59:46.809 [main] GROStepDefinition - New Counter is  available please add this counter  : 
[INFO ] 2022-12-13 14:59:49.109 [main] GROStepDefinition - Signed into the counter successfully
[INFO ] 2022-12-13 14:59:54.290 [main] GROStepDefinition - Visa Number: 998090988204
[INFO ] 2022-12-13 15:00:39.633 [main] GpModuleStepDefinition - Start Time  = 1670923839633
[INFO ] 2022-12-13 15:00:53.165 [main] LabJuniorStepDefinition - Start Time  = 1670923853165
[INFO ] 2022-12-13 15:00:55.192 [main] LabSeniorStepDefinition - Start Time  = 1670923855192
[INFO ] 2022-12-13 15:00:57.246 [main] LabSupervisorStepDefinition - Start Time  = 1670923857246
[INFO ] 2022-12-13 15:01:22.087 [main] GROStepDefinition - Glosys Automation Script 2.0 Run In :  MicrosoftEdge Browser
[INFO ] 2022-12-13 15:01:26.087 [main] GROStepDefinition - Start Time  = 1670923886087
[INFO ] 2022-12-13 15:01:26.103 [main] GROStepDefinition - Case:5: Enter The Correct Username And Password
[INFO ] 2022-12-13 15:01:26.210 [main] GROStepDefinition - Username: venkat
[INFO ] 2022-12-13 15:01:26.304 [main] GROStepDefinition - Password: xOET6k1gUY
[INFO ] 2022-12-13 15:01:30.571 [main] GROStepDefinition - Role Section: GRO
[INFO ] 2022-12-13 15:01:42.979 [main] GROStepDefinition - Choose The Counter is: 
[ERROR] 2022-12-13 15:01:42.979 [main] GROStepDefinition - New Counter is  available please add this counter  : 
[INFO ] 2022-12-13 15:01:45.297 [main] GROStepDefinition - Signed into the counter successfully
[INFO ] 2022-12-13 15:01:50.425 [main] GROStepDefinition - Visa Number: 998090988205
[INFO ] 2022-12-13 15:01:52.616 [main] GROStepDefinition - Biometric skip request sent successfully
[INFO ] 2022-12-13 15:01:57.653 [main] GROStepDefinition - Patient Profile Page
[INFO ] 2022-12-13 15:01:57.653 [main] GROStepDefinition - Personal Details: 
[INFO ] 2022-12-13 15:01:57.653 [main] GROStepDefinition - Visa Gender Type: Female
[INFO ] 2022-12-13 15:02:04.670 [main] GROStepDefinition - Applicant Believes Pregnant?: Maybe
[INFO ] 2022-12-13 15:02:04.670 [main] GROStepDefinition - Successfully enter the Personal information details
[INFO ] 2022-12-13 15:02:04.670 [main] GROStepDefinition - Communcation Details: 
[INFO ] 2022-12-13 15:02:05.718 [main] GROStepDefinition - Country: Philippines
[INFO ] 2022-12-13 15:02:08.000 [main] GROStepDefinition - Preferred Language to Speak: Tamil
[INFO ] 2022-12-13 15:02:09.322 [main] GROStepDefinition - Preferred Language to Read: Tamil
[INFO ] 2022-12-13 15:02:14.140 [main] GROStepDefinition - Preferred Location for Referral: Manila
[INFO ] 2022-12-13 15:02:16.500 [main] GROStepDefinition - Preferred Hospital: Manilla Hospital
[INFO ] 2022-12-13 15:02:16.500 [main] GROStepDefinition - Successfully enter The Communication Details
[INFO ] 2022-12-13 15:02:16.500 [main] GROStepDefinition - Encounter Details: 
[INFO ] 2022-12-13 15:02:20.493 [main] GROStepDefinition - SMS Alert Number: 9790498180
[INFO ] 2022-12-13 15:02:20.517 [main] GROStepDefinition - Job Position : Pharmacist
[INFO ] 2022-12-13 15:02:20.535 [main] GROStepDefinition - Is Job applicable of Driving: false
[INFO ] 2022-12-13 15:02:20.535 [main] GROStepDefinition - Successfully enter The Encounter details
[INFO ] 2022-12-13 15:02:39.397 [main] GROStepDefinition - APPLICANT CONSENT AND DECLARATION FORM
[INFO ] 2022-12-13 15:02:39.397 [main] GROStepDefinition - Applicant Details Created Successflly
[INFO ] 2022-12-13 15:02:39.399 [main] GROStepDefinition - Place Order Page
[INFO ] 2022-12-13 15:02:39.436 [main] GROStepDefinition - Token Genarated :   Token no (NND014) generated successfully
[INFO ] 2022-12-13 15:02:39.437 [main] GROStepDefinition - Visa Gender Type: Female - MaybeXray Page Not Allowed
[INFO ] 2022-12-13 15:02:39.437 [main] GROStepDefinition - Token : NND014
[INFO ] 2022-12-13 15:02:45.698 [main] GROStepDefinition -  Generate Service Recipt
[INFO ] 2022-12-13 15:02:47.763 [main] GROStepDefinition - Capture Identify Page:
[INFO ] 2022-12-13 15:02:47.764 [main] GROStepDefinition - Vaccination Document Status Condition is: No
[INFO ] 2022-12-13 15:02:47.764 [main] GROStepDefinition - Referral Document Status Condition is: No
[INFO ] 2022-12-13 15:02:49.973 [main] GROStepDefinition - Applicant identity details updated successfully
[INFO ] 2022-12-13 15:02:52.194 [main] GROStepDefinition - GRO Module Feedback Collected
[INFO ] 2022-12-13 15:03:04.970 [main] CommonDefinition - Logout Successfully
[INFO ] 2022-12-13 15:03:06.973 [main] GROStepDefinition - GRO Runing Time:
[INFO ] 2022-12-13 15:03:06.973 [main] CommonDefinition - Total Time Mints = Mints: 1 mints  40 seconds
[INFO ] 2022-12-13 15:03:06.973 [main] CommonDefinition -  Total Time  Seconds = 100 seconds
[INFO ] 2022-12-13 15:03:10.211 [main] NurseModuleStepDefinition - Start Time  = 1670923987053
[INFO ] 2022-12-13 15:03:11.364 [main] NurseModuleStepDefinition - Nurse Module
[INFO ] 2022-12-13 15:03:16.610 [main] NurseModuleStepDefinition - Role Section: Nurse
[INFO ] 2022-12-13 15:03:26.413 [main] NurseModuleStepDefinition - Choose The Counter Is: MA Counter 03
[INFO ] 2022-12-13 15:03:37.924 [main] NurseTokenVerify - Nurse Module Token : NND008
[INFO ] 2022-12-13 15:03:37.924 [main] NurseTokenVerify - Token Lenght For Nurse String : 08
[INFO ] 2022-12-13 15:03:37.924 [main] NurseTokenVerify -  Nurse Current Token Number Next Token In Last Two Number 8
[INFO ] 2022-12-13 15:03:37.925 [main] NurseTokenVerify - Gro Token for String 14
[INFO ] 2022-12-13 15:03:37.925 [main] NurseTokenVerify - Gro Token Last Two Number  In Int: 14
[INFO ] 2022-12-13 15:03:37.925 [main] NurseTokenVerify - Nurse Token : 8-- Gro Token  :14
[INFO ] 2022-12-13 15:03:49.279 [main] NurseTokenVerify - Nurse Module  Loop Token : NND010
[INFO ] 2022-12-13 15:03:49.279 [main] NurseTokenVerify - Get The Loop Next Token For Nurse  10
[INFO ] 2022-12-13 15:03:49.280 [main] NurseTokenVerify - Nurse Token : 10-- Gro Token  :14
[INFO ] 2022-12-13 15:04:00.712 [main] NurseTokenVerify - Nurse Module  Loop Token : NND014
[INFO ] 2022-12-13 15:04:00.712 [main] NurseTokenVerify - Get The Loop Next Token For Nurse  14
[INFO ] 2022-12-13 15:04:00.712 [main] NurseTokenVerify - Nurse Token : 14-- Gro Token  :14
[INFO ] 2022-12-13 15:04:02.921 [main] NurseTokenVerify - Successfully Verified in Token
[INFO ] 2022-12-13 15:04:05.250 [main] NurseModuleStepDefinition - Record Vitals:
[INFO ] 2022-12-13 15:04:08.993 [main] NurseModuleStepDefinition - Height: 160
[INFO ] 2022-12-13 15:04:10.887 [main] NurseModuleStepDefinition - Weight: 60
[INFO ] 2022-12-13 15:04:10.887 [main] NurseModuleStepDefinition - Successfully enter the Body Mass Index
[INFO ] 2022-12-13 15:04:13.805 [main] NurseModuleStepDefinition - Vision (R): 6/6
[INFO ] 2022-12-13 15:04:16.652 [main] NurseModuleStepDefinition - Vision (L): 6/6
[INFO ] 2022-12-13 15:04:16.652 [main] NurseModuleStepDefinition - Successfully enter the Vision Module
[INFO ] 2022-12-13 15:04:17.539 [main] NurseModuleStepDefinition - Blood Pressure: 120
[INFO ] 2022-12-13 15:04:18.354 [main] NurseModuleStepDefinition - Systolic Pressure: 80
[INFO ] 2022-12-13 15:04:19.549 [main] NurseModuleStepDefinition - Successfully enter the Other Module
[INFO ] 2022-12-13 15:04:19.549 [main] NurseModuleStepDefinition - New applicant vitals details created successfully
[INFO ] 2022-12-13 15:04:19.549 [main] NurseModuleStepDefinition - Speciman Genaration :
[INFO ] 2022-12-13 15:04:22.997 [main] NurseModuleStepDefinition - Order ID : 2763
[INFO ] 2022-12-13 15:04:22.997 [main] NurseModuleStepDefinition - Plasma Specimen Number: Yet to be Generated
[INFO ] 2022-12-13 15:04:22.997 [main] NurseModuleStepDefinition - Serum Specimen Number: Yet to be Generated
[INFO ] 2022-12-13 15:04:22.997 [main] NurseModuleStepDefinition - Whole Blood Specimen Number: Yet to be Generated
[INFO ] 2022-12-13 15:04:39.286 [main] NurseModuleStepDefinition - Speciman Genarated Successfully
[INFO ] 2022-12-13 15:04:39.287 [main] NurseModuleStepDefinition - Speciman Collection :
[INFO ] 2022-12-13 15:04:40.865 [main] NurseModuleStepDefinition - Plasma Specimen Number: BLP2083765086: Generated
[INFO ] 2022-12-13 15:04:40.865 [main] NurseModuleStepDefinition - Serum Specimen Number: BLS2099505770: Generated
[INFO ] 2022-12-13 15:04:40.865 [main] NurseModuleStepDefinition - Whole Blood Specimen Number: WBL2099591963: Generated
[INFO ] 2022-12-13 15:04:43.316 [main] NurseModuleStepDefinition - Speciman Collected Successfully
[INFO ] 2022-12-13 15:04:43.316 [main] NurseModuleStepDefinition - Vaccination: 
[INFO ] 2022-12-13 15:04:47.541 [main] NurseModuleStepDefinition - Nurse Module Feedback collected successfully
[INFO ] 2022-12-13 15:04:53.543 [main] NurseModuleStepDefinition - Sample Outgoing
[INFO ] 2022-12-13 15:05:01.972 [main] NurseModuleStepDefinition - Plasma Specimen Number: BLP2083765086
[INFO ] 2022-12-13 15:05:01.972 [main] NurseModuleStepDefinition - Serum Specimen Number: BLS2099505770
[INFO ] 2022-12-13 15:05:01.972 [main] NurseModuleStepDefinition - Whole Blood Specimen Number: WBL2099591963
[INFO ] 2022-12-13 15:05:01.972 [main] NurseModuleStepDefinition - Scan Specimen Number
[INFO ] 2022-12-13 15:05:04.753 [main] NurseModuleStepDefinition - Successfully scan the Plasma Specimen Number: BLP2083765086
[INFO ] 2022-12-13 15:05:07.529 [main] NurseModuleStepDefinition - Successfully scan the Serum Specimen Number: BLS2099505770
[INFO ] 2022-12-13 15:05:10.285 [main] NurseModuleStepDefinition - Suceessfully scan the Whole Blood Specimen Number: WBL2099591963
[INFO ] 2022-12-13 15:05:10.285 [main] NurseModuleStepDefinition - Lab Technician and GRO Information
[INFO ] 2022-12-13 15:05:14.784 [main] NurseModuleStepDefinition - Lab Tech Name: Lab Technician Glossys
[INFO ] 2022-12-13 15:05:17.285 [main] NurseModuleStepDefinition - GRO Name: GRO Glossys
[INFO ] 2022-12-13 15:05:18.528 [main] NurseModuleStepDefinition -  Sample's Sent to LAB successfully
[INFO ] 2022-12-13 15:05:27.351 [main] CommonDefinition - Logout Successfully
[INFO ] 2022-12-13 15:05:29.352 [main] NurseModuleStepDefinition - Nurse Runing Time:
[INFO ] 2022-12-13 15:05:29.352 [main] CommonDefinition - Total Time Mints = Mints: 2 mints  22 seconds
[INFO ] 2022-12-13 15:05:29.352 [main] CommonDefinition -  Total Time  Seconds = 142 seconds
[INFO ] 2022-12-13 15:05:29.383 [main] GpModuleStepDefinition - Start Time  = 1670924129383
[INFO ] 2022-12-13 15:05:30.524 [main] GpModuleStepDefinition - Username: venkat
[INFO ] 2022-12-13 15:05:31.634 [main] GpModuleStepDefinition - Password: xOET6k1gUY
[INFO ] 2022-12-13 15:05:32.731 [main] GpModuleStepDefinition - Stemz GP Module
[INFO ] 2022-12-13 15:05:35.970 [main] GpModuleStepDefinition - Role Section: STEMZ GP
[INFO ] 2022-12-13 15:05:43.644 [main] GpModuleStepDefinition - Choose The Counter Is: 
[INFO ] 2022-12-13 15:05:53.550 [main] NurseTokenVerify - Nurse Module Token : ND003
[INFO ] 2022-12-13 15:05:53.550 [main] NurseTokenVerify - Token Lenght For Nurse String : 03
[INFO ] 2022-12-13 15:05:53.550 [main] NurseTokenVerify -  Nurse Current Token Number Next Token In Last Two Number 3
[INFO ] 2022-12-13 15:05:53.550 [main] NurseTokenVerify - Gro Token for String 14
[INFO ] 2022-12-13 15:05:53.550 [main] NurseTokenVerify - Gro Token Last Two Number  In Int: 14
[INFO ] 2022-12-13 15:05:53.550 [main] NurseTokenVerify - Nurse Token : 3-- Gro Token  :14
[INFO ] 2022-12-13 15:06:04.766 [main] NurseTokenVerify - Nurse Module  Loop Token : NND001
[INFO ] 2022-12-13 15:06:04.766 [main] NurseTokenVerify - Get The Loop Next Token For Nurse  1
[INFO ] 2022-12-13 15:06:04.766 [main] NurseTokenVerify - Nurse Token : 1-- Gro Token  :14
[INFO ] 2022-12-13 15:06:16.059 [main] NurseTokenVerify - Nurse Module  Loop Token : NND012
[INFO ] 2022-12-13 15:06:16.060 [main] NurseTokenVerify - Get The Loop Next Token For Nurse  12
[INFO ] 2022-12-13 15:06:16.060 [main] NurseTokenVerify - Nurse Token : 12-- Gro Token  :14
[INFO ] 2022-12-13 15:06:27.437 [main] NurseTokenVerify - Nurse Module  Loop Token : ND003
[INFO ] 2022-12-13 15:06:27.438 [main] NurseTokenVerify - Get The Loop Next Token For Nurse  3
[INFO ] 2022-12-13 15:06:27.438 [main] NurseTokenVerify - Nurse Token : 3-- Gro Token  :14
[INFO ] 2022-12-13 15:06:38.683 [main] NurseTokenVerify - Nurse Module  Loop Token : NND014
[INFO ] 2022-12-13 15:06:38.683 [main] NurseTokenVerify - Get The Loop Next Token For Nurse  14
[INFO ] 2022-12-13 15:06:38.683 [main] NurseTokenVerify - Nurse Token : 14-- Gro Token  :14
[INFO ] 2022-12-13 15:06:40.875 [main] NurseTokenVerify - Successfully Verified in Token
[INFO ] 2022-12-13 15:06:40.875 [main] GpModuleStepDefinition - Verification  Token
[INFO ] 2022-12-13 15:06:43.162 [main] GpModuleStepDefinition - Gp Consulation Process
[INFO ] 2022-12-13 15:07:13.138 [main] GpModuleStepDefinition - Consulation
[INFO ] 2022-12-13 15:07:16.293 [main] LabJuniorStepDefinition - Start Time  = 1670924236293
[INFO ] 2022-12-13 15:07:38.353 [main] LabSeniorStepDefinition - Start Time  = 1670924258353
[INFO ] 2022-12-13 15:08:00.431 [main] LabSupervisorStepDefinition - Start Time  = 1670924280431
[INFO ] 2022-12-13 15:10:36.715 [main] GROStepDefinition - Glosys Automation Script 2.0 Run In :  MicrosoftEdge Browser
[INFO ] 2022-12-13 15:10:47.380 [main] GROStepDefinition - Start Time  = 1670924447380
[INFO ] 2022-12-13 15:10:47.388 [main] GROStepDefinition - Case:5: Enter The Correct Username And Password
[INFO ] 2022-12-13 15:10:47.485 [main] GROStepDefinition - Username: venkat
[INFO ] 2022-12-13 15:10:47.577 [main] GROStepDefinition - Password: xOET6k1gUY
[INFO ] 2022-12-13 15:10:52.492 [main] GROStepDefinition - Role Section: GRO
[INFO ] 2022-12-13 15:11:04.858 [main] GROStepDefinition - Choose The Counter is: 
[ERROR] 2022-12-13 15:11:04.858 [main] GROStepDefinition - New Counter is  available please add this counter  : 
[INFO ] 2022-12-13 15:11:27.521 [main] GROStepDefinition - Glosys Automation Script 2.0 Run In :  MicrosoftEdge Browser
[INFO ] 2022-12-13 15:11:36.907 [main] GROStepDefinition - Start Time  = 1670924496907
[INFO ] 2022-12-13 15:11:36.910 [main] GROStepDefinition - Case:5: Enter The Correct Username And Password
[INFO ] 2022-12-13 15:11:36.993 [main] GROStepDefinition - Username: venkat
[INFO ] 2022-12-13 15:11:37.088 [main] GROStepDefinition - Password: xOET6k1gUY
[INFO ] 2022-12-13 15:11:41.508 [main] GROStepDefinition - Role Section: GRO
[INFO ] 2022-12-13 15:11:53.948 [main] GROStepDefinition - Choose The Counter is: 
[ERROR] 2022-12-13 15:11:53.948 [main] GROStepDefinition - New Counter is  available please add this counter  : 
[INFO ] 2022-12-13 15:11:56.229 [main] GROStepDefinition - Signed into the counter successfully
[INFO ] 2022-12-13 15:12:01.402 [main] GROStepDefinition - Visa Number: 998090988206
[INFO ] 2022-12-13 15:12:03.593 [main] GROStepDefinition - Biometric skip request sent successfully
[INFO ] 2022-12-13 15:12:08.627 [main] GROStepDefinition - Patient Profile Page
[INFO ] 2022-12-13 15:12:08.628 [main] GROStepDefinition - Personal Details: 
[INFO ] 2022-12-13 15:12:08.628 [main] GROStepDefinition - Visa Gender Type: Female
[INFO ] 2022-12-13 15:12:15.681 [main] GROStepDefinition - Applicant Believes Pregnant?: Maybe
[INFO ] 2022-12-13 15:12:15.681 [main] GROStepDefinition - Successfully enter the Personal information details
[INFO ] 2022-12-13 15:12:15.683 [main] GROStepDefinition - Communcation Details: 
[INFO ] 2022-12-13 15:12:16.767 [main] GROStepDefinition - Country: Philippines
[INFO ] 2022-12-13 15:12:19.033 [main] GROStepDefinition - Preferred Language to Speak: Tamil
[INFO ] 2022-12-13 15:12:20.321 [main] GROStepDefinition - Preferred Language to Read: Tamil
[INFO ] 2022-12-13 15:12:25.133 [main] GROStepDefinition - Preferred Location for Referral: Manila
[INFO ] 2022-12-13 15:12:27.484 [main] GROStepDefinition - Preferred Hospital: Manilla Hospital
[INFO ] 2022-12-13 15:12:27.484 [main] GROStepDefinition - Successfully enter The Communication Details
[INFO ] 2022-12-13 15:12:27.485 [main] GROStepDefinition - Encounter Details: 
[INFO ] 2022-12-13 15:12:31.584 [main] GROStepDefinition - SMS Alert Number: 9790498180
[INFO ] 2022-12-13 15:12:31.610 [main] GROStepDefinition - Job Position : Pharmacist
[INFO ] 2022-12-13 15:12:31.628 [main] GROStepDefinition - Is Job applicable of Driving: false
[INFO ] 2022-12-13 15:12:31.628 [main] GROStepDefinition - Successfully enter The Encounter details
[INFO ] 2022-12-13 15:12:45.477 [main] GROStepDefinition - APPLICANT CONSENT AND DECLARATION FORM
[INFO ] 2022-12-13 15:12:45.477 [main] GROStepDefinition - Applicant Details Created Successflly
[INFO ] 2022-12-13 15:12:45.477 [main] GROStepDefinition - Place Order Page
[INFO ] 2022-12-13 15:12:45.512 [main] GROStepDefinition - Token Genarated :   Token no (NND015) generated successfully
[INFO ] 2022-12-13 15:12:45.513 [main] GROStepDefinition - Visa Gender Type: Female - MaybeXray Page Not Allowed
[INFO ] 2022-12-13 15:12:45.513 [main] GROStepDefinition - Token : NND015
[INFO ] 2022-12-13 15:12:51.772 [main] GROStepDefinition -  Generate Service Recipt
[INFO ] 2022-12-13 15:12:53.860 [main] GROStepDefinition - Capture Identify Page:
[INFO ] 2022-12-13 15:12:53.860 [main] GROStepDefinition - Vaccination Document Status Condition is: No
[INFO ] 2022-12-13 15:12:53.860 [main] GROStepDefinition - Referral Document Status Condition is: No
[INFO ] 2022-12-13 15:12:55.997 [main] GROStepDefinition - Applicant identity details updated successfully
[INFO ] 2022-12-13 15:12:58.234 [main] GROStepDefinition - GRO Module Feedback Collected
[INFO ] 2022-12-13 15:13:10.981 [main] CommonDefinition - Logout Successfully
[INFO ] 2022-12-13 15:13:12.993 [main] GROStepDefinition - GRO Runing Time:
[INFO ] 2022-12-13 15:13:12.993 [main] CommonDefinition - Total Time Mints = Mints: 1 mints  36 seconds
[INFO ] 2022-12-13 15:13:12.993 [main] CommonDefinition -  Total Time  Seconds = 96 seconds
[INFO ] 2022-12-13 15:13:16.201 [main] NurseModuleStepDefinition - Start Time  = 1670924593072
[INFO ] 2022-12-13 15:13:17.334 [main] NurseModuleStepDefinition - Nurse Module
[INFO ] 2022-12-13 15:13:22.563 [main] NurseModuleStepDefinition - Role Section: Nurse
[INFO ] 2022-12-13 15:13:32.340 [main] NurseModuleStepDefinition - Choose The Counter Is: MA Counter 03
[INFO ] 2022-12-13 15:13:43.741 [main] NurseTokenVerify - Nurse Module Token : NND008
[INFO ] 2022-12-13 15:13:43.741 [main] NurseTokenVerify - Token Lenght For Nurse String : 08
[INFO ] 2022-12-13 15:13:43.742 [main] NurseTokenVerify -  Nurse Current Token Number Next Token In Last Two Number 8
[INFO ] 2022-12-13 15:13:43.742 [main] NurseTokenVerify - Gro Token for String 15
[INFO ] 2022-12-13 15:13:43.742 [main] NurseTokenVerify - Gro Token Last Two Number  In Int: 15
[INFO ] 2022-12-13 15:13:43.742 [main] NurseTokenVerify - Nurse Token : 8-- Gro Token  :15
[INFO ] 2022-12-13 15:13:55.068 [main] NurseTokenVerify - Nurse Module  Loop Token : NND010
[INFO ] 2022-12-13 15:13:55.068 [main] NurseTokenVerify - Get The Loop Next Token For Nurse  10
[INFO ] 2022-12-13 15:13:55.068 [main] NurseTokenVerify - Nurse Token : 10-- Gro Token  :15
[INFO ] 2022-12-13 15:14:06.427 [main] NurseTokenVerify - Nurse Module  Loop Token : NND015
[INFO ] 2022-12-13 15:14:06.428 [main] NurseTokenVerify - Get The Loop Next Token For Nurse  15
[INFO ] 2022-12-13 15:14:06.428 [main] NurseTokenVerify - Nurse Token : 15-- Gro Token  :15
[INFO ] 2022-12-13 15:14:08.620 [main] NurseTokenVerify - Successfully Verified in Token
[INFO ] 2022-12-13 15:14:10.930 [main] NurseModuleStepDefinition - Record Vitals:
[INFO ] 2022-12-13 15:14:14.687 [main] NurseModuleStepDefinition - Height: 160
[INFO ] 2022-12-13 15:14:16.593 [main] NurseModuleStepDefinition - Weight: 60
[INFO ] 2022-12-13 15:14:16.593 [main] NurseModuleStepDefinition - Successfully enter the Body Mass Index
[INFO ] 2022-12-13 15:14:19.524 [main] NurseModuleStepDefinition - Vision (R): 6/6
[INFO ] 2022-12-13 15:14:22.361 [main] NurseModuleStepDefinition - Vision (L): 6/6
[INFO ] 2022-12-13 15:14:22.361 [main] NurseModuleStepDefinition - Successfully enter the Vision Module
[INFO ] 2022-12-13 15:14:23.238 [main] NurseModuleStepDefinition - Blood Pressure: 120
[INFO ] 2022-12-13 15:14:24.063 [main] NurseModuleStepDefinition - Systolic Pressure: 80
[INFO ] 2022-12-13 15:14:25.278 [main] NurseModuleStepDefinition - Successfully enter the Other Module
[INFO ] 2022-12-13 15:14:25.278 [main] NurseModuleStepDefinition - New applicant vitals details created successfully
[INFO ] 2022-12-13 15:14:25.278 [main] NurseModuleStepDefinition - Speciman Genaration :
[INFO ] 2022-12-13 15:14:28.729 [main] NurseModuleStepDefinition - Order ID : 2764
[INFO ] 2022-12-13 15:14:28.729 [main] NurseModuleStepDefinition - Plasma Specimen Number: Yet to be Generated
[INFO ] 2022-12-13 15:14:28.729 [main] NurseModuleStepDefinition - Serum Specimen Number: Yet to be Generated
[INFO ] 2022-12-13 15:14:28.730 [main] NurseModuleStepDefinition - Whole Blood Specimen Number: Yet to be Generated
[INFO ] 2022-12-13 15:14:45.013 [main] NurseModuleStepDefinition - Speciman Genarated Successfully
[INFO ] 2022-12-13 15:14:45.013 [main] NurseModuleStepDefinition - Speciman Collection :
[INFO ] 2022-12-13 15:14:46.626 [main] NurseModuleStepDefinition - Plasma Specimen Number: BLP2043232533: Generated
[INFO ] 2022-12-13 15:14:46.630 [main] NurseModuleStepDefinition - Serum Specimen Number: BLS2059041713: Generated
[INFO ] 2022-12-13 15:14:46.630 [main] NurseModuleStepDefinition - Whole Blood Specimen Number: WBL2077897944: Generated
[INFO ] 2022-12-13 15:14:49.078 [main] NurseModuleStepDefinition - Speciman Collected Successfully
[INFO ] 2022-12-13 15:14:49.079 [main] NurseModuleStepDefinition - Vaccination: 
[INFO ] 2022-12-13 15:14:53.264 [main] NurseModuleStepDefinition - Nurse Module Feedback collected successfully
[INFO ] 2022-12-13 15:14:59.276 [main] NurseModuleStepDefinition - Sample Outgoing
[INFO ] 2022-12-13 15:15:07.706 [main] NurseModuleStepDefinition - Plasma Specimen Number: BLP2043232533
[INFO ] 2022-12-13 15:15:07.706 [main] NurseModuleStepDefinition - Serum Specimen Number: BLS2059041713
[INFO ] 2022-12-13 15:15:07.706 [main] NurseModuleStepDefinition - Whole Blood Specimen Number: WBL2077897944
[INFO ] 2022-12-13 15:15:07.706 [main] NurseModuleStepDefinition - Scan Specimen Number
[INFO ] 2022-12-13 15:15:10.523 [main] NurseModuleStepDefinition - Successfully scan the Plasma Specimen Number: BLP2043232533
[INFO ] 2022-12-13 15:15:13.278 [main] NurseModuleStepDefinition - Successfully scan the Serum Specimen Number: BLS2059041713
[INFO ] 2022-12-13 15:15:16.105 [main] NurseModuleStepDefinition - Suceessfully scan the Whole Blood Specimen Number: WBL2077897944
[INFO ] 2022-12-13 15:15:16.105 [main] NurseModuleStepDefinition - Lab Technician and GRO Information
[INFO ] 2022-12-13 15:15:20.538 [main] NurseModuleStepDefinition - Lab Tech Name: Lab Technician Glossys
[INFO ] 2022-12-13 15:15:22.999 [main] NurseModuleStepDefinition - GRO Name: GRO Glossys
[INFO ] 2022-12-13 15:15:24.209 [main] NurseModuleStepDefinition -  Sample's Sent to LAB successfully
[INFO ] 2022-12-13 15:15:33.019 [main] CommonDefinition - Logout Successfully
[INFO ] 2022-12-13 15:15:35.024 [main] NurseModuleStepDefinition - Nurse Runing Time:
[INFO ] 2022-12-13 15:15:35.024 [main] CommonDefinition - Total Time Mints = Mints: 2 mints  21 seconds
[INFO ] 2022-12-13 15:15:35.024 [main] CommonDefinition -  Total Time  Seconds = 141 seconds
[INFO ] 2022-12-13 15:15:35.077 [main] GpModuleStepDefinition - Start Time  = 1670924735077
[INFO ] 2022-12-13 15:15:36.188 [main] GpModuleStepDefinition - Username: venkat
[INFO ] 2022-12-13 15:15:37.305 [main] GpModuleStepDefinition - Password: xOET6k1gUY
[INFO ] 2022-12-13 15:15:38.399 [main] GpModuleStepDefinition - Stemz GP Module
[INFO ] 2022-12-13 15:15:41.628 [main] GpModuleStepDefinition - Role Section: STEMZ GP
[INFO ] 2022-12-13 15:15:49.292 [main] GpModuleStepDefinition - Choose The Counter Is: 
[INFO ] 2022-12-13 15:15:52.482 [main] LabJuniorStepDefinition - Start Time  = 1670924752482
[INFO ] 2022-12-13 15:16:07.674 [main] LabSeniorStepDefinition - Start Time  = 1670924767674
[INFO ] 2022-12-13 15:16:09.711 [main] LabSupervisorStepDefinition - Start Time  = 1670924769711
[INFO ] 2022-12-13 15:28:30.596 [main] GROStepDefinition - Glosys Automation Script 2.0 Run In :  MicrosoftEdge Browser
[INFO ] 2022-12-13 15:28:37.989 [main] GROStepDefinition - Start Time  = 1670925517989
[INFO ] 2022-12-13 15:28:37.993 [main] GROStepDefinition - Case:5: Enter The Correct Username And Password
[INFO ] 2022-12-13 15:28:38.086 [main] GROStepDefinition - Username: venkat
[INFO ] 2022-12-13 15:28:38.165 [main] GROStepDefinition - Password: xOET6k1gUY
[INFO ] 2022-12-13 15:28:47.407 [main] GROStepDefinition - Role Section: GRO
[INFO ] 2022-12-13 15:28:59.177 [main] GpModuleStepDefinition - Start Time  = 1670925539177
[INFO ] 2022-12-13 15:29:00.254 [main] LabJuniorStepDefinition - Start Time  = 1670925540254
[INFO ] 2022-12-13 15:29:02.298 [main] LabSeniorStepDefinition - Start Time  = 1670925542298
[INFO ] 2022-12-13 15:29:04.319 [main] LabSupervisorStepDefinition - Start Time  = 1670925544319
[INFO ] 2022-12-13 15:47:37.956 [main] GROStepDefinition - Glosys Automation Script 2.0 Run In :  MicrosoftEdge Browser
[INFO ] 2022-12-13 15:47:41.021 [main] GpModuleStepDefinition - Start Time  = 1670926661021
[INFO ] 2022-12-13 15:47:42.055 [main] LabJuniorStepDefinition - Start Time  = 1670926662055
[INFO ] 2022-12-13 15:47:44.088 [main] LabSeniorStepDefinition - Start Time  = 1670926664088
[INFO ] 2022-12-13 15:47:46.123 [main] LabSupervisorStepDefinition - Start Time  = 1670926666122
[INFO ] 2022-12-13 15:47:57.357 [main] GROStepDefinition - Glosys Automation Script 2.0 Run In :  MicrosoftEdge Browser
[INFO ] 2022-12-13 15:48:01.631 [main] GpModuleStepDefinition - Start Time  = 1670926681631
[INFO ] 2022-12-13 15:48:03.260 [main] LabJuniorStepDefinition - Start Time  = 1670926683260
[INFO ] 2022-12-13 15:48:05.883 [main] LabSeniorStepDefinition - Start Time  = 1670926685882
[INFO ] 2022-12-13 15:48:08.527 [main] LabSupervisorStepDefinition - Start Time  = 1670926688525
[INFO ] 2022-12-13 15:48:13.844 [main] GROStepDefinition - Glosys Automation Script 2.0 Run In :  MicrosoftEdge Browser
[INFO ] 2022-12-13 15:48:18.115 [main] GpModuleStepDefinition - Start Time  = 1670926698115
[INFO ] 2022-12-13 15:48:19.748 [main] LabJuniorStepDefinition - Start Time  = 1670926699748
[INFO ] 2022-12-13 15:48:22.380 [main] LabSeniorStepDefinition - Start Time  = 1670926702380
[INFO ] 2022-12-13 15:48:25.008 [main] LabSupervisorStepDefinition - Start Time  = 1670926705008
[INFO ] 2022-12-13 15:48:52.089 [main] GROStepDefinition - Glosys Automation Script 2.0 Run In :  MicrosoftEdge Browser
[INFO ] 2022-12-13 15:48:55.188 [main] GpModuleStepDefinition - Start Time  = 1670926735188
[INFO ] 2022-12-13 15:48:55.891 [main] GROStepDefinition - Glosys Automation Script 2.0 Run In :  MicrosoftEdge Browser
[INFO ] 2022-12-13 15:48:56.213 [main] LabJuniorStepDefinition - Start Time  = 1670926736213
[INFO ] 2022-12-13 15:48:58.253 [main] LabSeniorStepDefinition - Start Time  = 1670926738253
[INFO ] 2022-12-13 15:49:00.182 [main] GpModuleStepDefinition - Start Time  = 1670926740182
[INFO ] 2022-12-13 15:49:00.284 [main] LabSupervisorStepDefinition - Start Time  = 1670926740284
[INFO ] 2022-12-13 15:49:01.817 [main] LabJuniorStepDefinition - Start Time  = 1670926741817
[INFO ] 2022-12-13 15:49:06.366 [main] GROStepDefinition - Glosys Automation Script 2.0 Run In :  MicrosoftEdge Browser
[INFO ] 2022-12-13 15:49:10.643 [main] GpModuleStepDefinition - Start Time  = 1670926750643
[INFO ] 2022-12-13 15:49:12.270 [main] LabJuniorStepDefinition - Start Time  = 1670926752270
[INFO ] 2022-12-13 15:49:14.924 [main] LabSeniorStepDefinition - Start Time  = 1670926754924
[INFO ] 2022-12-13 15:49:17.547 [main] LabSupervisorStepDefinition - Start Time  = 1670926757547
[INFO ] 2022-12-13 15:50:29.237 [main] GROStepDefinition - Glosys Automation Script 2.0 Run In :  MicrosoftEdge Browser
[INFO ] 2022-12-13 15:50:33.517 [main] GpModuleStepDefinition - Start Time  = 1670926833517
[INFO ] 2022-12-13 15:50:35.166 [main] LabJuniorStepDefinition - Start Time  = 1670926835166
[INFO ] 2022-12-13 15:50:37.798 [main] LabSeniorStepDefinition - Start Time  = 1670926837798
[INFO ] 2022-12-13 15:50:40.442 [main] LabSupervisorStepDefinition - Start Time  = 1670926840442
[INFO ] 2022-12-13 15:50:54.043 [main] GROStepDefinition - Glosys Automation Script 2.0 Run In :  MicrosoftEdge Browser
[INFO ] 2022-12-13 15:50:58.322 [main] GpModuleStepDefinition - Start Time  = 1670926858322
[INFO ] 2022-12-13 15:50:59.955 [main] LabJuniorStepDefinition - Start Time  = 1670926859955
[INFO ] 2022-12-13 15:51:02.583 [main] LabSeniorStepDefinition - Start Time  = 1670926862583
[INFO ] 2022-12-13 15:51:05.211 [main] LabSupervisorStepDefinition - Start Time  = 1670926865211
[INFO ] 2022-12-13 15:59:29.565 [main] GROStepDefinition - Glosys Automation Script 2.0 Run In :  MicrosoftEdge Browser
[INFO ] 2022-12-13 15:59:38.636 [main] GROStepDefinition - Start Time  = 1670927378636
[INFO ] 2022-12-13 15:59:38.640 [main] GROStepDefinition - Case:5: Enter The Correct Username And Password
[INFO ] 2022-12-13 15:59:38.720 [main] GROStepDefinition - Username: venkat
[INFO ] 2022-12-13 15:59:38.824 [main] GROStepDefinition - Password: xOET6k1gUY
[INFO ] 2022-12-13 15:59:43.339 [main] GROStepDefinition - Role Section: GRO
[INFO ] 2022-12-13 15:59:55.630 [main] GROStepDefinition - Choose The Counter is: 
[ERROR] 2022-12-13 15:59:55.633 [main] GROStepDefinition - New Counter is  available please add this counter  : 
[INFO ] 2022-12-13 15:59:57.896 [main] GROStepDefinition - Signed into the counter successfully
[INFO ] 2022-12-13 16:00:03.098 [main] GROStepDefinition - Visa Number: 998090988202
[INFO ] 2022-12-13 16:00:05.313 [main] GROStepDefinition - Biometric skip request sent successfully
[INFO ] 2022-12-13 16:00:10.376 [main] GROStepDefinition - Patient Profile Page
[INFO ] 2022-12-13 16:00:10.377 [main] GROStepDefinition - Personal Details: 
[INFO ] 2022-12-13 16:00:10.377 [main] GROStepDefinition - Visa Gender Type: Female
[INFO ] 2022-12-13 16:00:17.603 [main] GROStepDefinition - Applicant Believes Pregnant?: Maybe
[INFO ] 2022-12-13 16:00:17.603 [main] GROStepDefinition - Successfully enter the Personal information details
[INFO ] 2022-12-13 16:00:17.603 [main] GROStepDefinition - Communcation Details: 
[INFO ] 2022-12-13 16:00:18.653 [main] GROStepDefinition - Country: Philippines
[INFO ] 2022-12-13 16:00:20.963 [main] GROStepDefinition - Preferred Language to Speak: Tamil
[INFO ] 2022-12-13 16:00:22.258 [main] GROStepDefinition - Preferred Language to Read: Tamil
[INFO ] 2022-12-13 16:00:27.022 [main] GROStepDefinition - Preferred Location for Referral: Manila
[INFO ] 2022-12-13 16:00:29.369 [main] GROStepDefinition - Preferred Hospital: Manilla Hospital
[INFO ] 2022-12-13 16:00:29.370 [main] GROStepDefinition - Successfully enter The Communication Details
[INFO ] 2022-12-13 16:00:29.370 [main] GROStepDefinition - Encounter Details: 
[INFO ] 2022-12-13 16:00:33.399 [main] GROStepDefinition - SMS Alert Number: 9790498180
[INFO ] 2022-12-13 16:00:33.425 [main] GROStepDefinition - Job Position : Pharmacist
[INFO ] 2022-12-13 16:00:33.442 [main] GROStepDefinition - Is Job applicable of Driving: false
[INFO ] 2022-12-13 16:00:33.442 [main] GROStepDefinition - Successfully enter The Encounter details
[INFO ] 2022-12-13 16:00:52.411 [main] GROStepDefinition - APPLICANT CONSENT AND DECLARATION FORM
[INFO ] 2022-12-13 16:00:52.412 [main] GROStepDefinition - Applicant Details Created Successflly
[INFO ] 2022-12-13 16:00:52.413 [main] GROStepDefinition - Place Order Page
[INFO ] 2022-12-13 16:00:52.456 [main] GROStepDefinition - Token Genarated :   Token no (NND020) generated successfully
[INFO ] 2022-12-13 16:00:52.456 [main] GROStepDefinition - Visa Gender Type: Female - MaybeXray Page Not Allowed
[INFO ] 2022-12-13 16:00:52.457 [main] GROStepDefinition - Token : NND020
[INFO ] 2022-12-13 16:00:58.704 [main] GROStepDefinition -  Generate Service Recipt
[INFO ] 2022-12-13 16:01:00.833 [main] GROStepDefinition - Capture Identify Page:
[INFO ] 2022-12-13 16:01:00.834 [main] GROStepDefinition - Vaccination Document Status Condition is: No
[INFO ] 2022-12-13 16:01:00.834 [main] GROStepDefinition - Referral Document Status Condition is: No
[INFO ] 2022-12-13 16:01:03.007 [main] GROStepDefinition - Applicant identity details updated successfully
[INFO ] 2022-12-13 16:01:05.229 [main] GROStepDefinition - GRO Module Feedback Collected
[INFO ] 2022-12-13 16:01:18.041 [main] CommonDefinition - Logout Successfully
[INFO ] 2022-12-13 16:01:20.046 [main] GROStepDefinition - GRO Runing Time:
[INFO ] 2022-12-13 16:01:20.048 [main] CommonDefinition - Total Time Mints = Mints: 1 mints  41 seconds
[INFO ] 2022-12-13 16:01:20.048 [main] CommonDefinition -  Total Time  Seconds = 101 seconds
[INFO ] 2022-12-13 16:01:23.209 [main] NurseModuleStepDefinition - Start Time  = 1670927480095
[INFO ] 2022-12-13 16:01:24.337 [main] NurseModuleStepDefinition - Nurse Module
[INFO ] 2022-12-13 16:01:29.566 [main] NurseModuleStepDefinition - Role Section: Nurse
[INFO ] 2022-12-13 16:01:39.774 [main] NurseModuleStepDefinition - Choose The Counter Is: MA Counter 03
[INFO ] 2022-12-13 16:01:44.508 [main] GpModuleStepDefinition - Start Time  = 1670927504508
[INFO ] 2022-12-13 16:02:05.640 [main] LabJuniorStepDefinition - Start Time  = 1670927525640
[INFO ] 2022-12-13 16:02:27.708 [main] LabSeniorStepDefinition - Start Time  = 1670927547708
[INFO ] 2022-12-13 16:02:49.830 [main] LabSupervisorStepDefinition - Start Time  = 1670927569830
[INFO ] 2022-12-16 14:50:36.081 [main] GROStepDefinition - Glosys Automation Script 2.0 Run In :  MicrosoftEdge Browser
[INFO ] 2022-12-16 14:50:41.265 [main] GROStepDefinition - Start Time  = 1671182441265
[INFO ] 2022-12-16 14:50:41.270 [main] GROStepDefinition - Case:5: Enter The Correct Username And Password
[INFO ] 2022-12-16 14:50:41.428 [main] GROStepDefinition - Username: venkat
[INFO ] 2022-12-16 14:50:41.524 [main] GROStepDefinition - Password: xOET6k1gUY
[INFO ] 2022-12-16 14:50:46.278 [main] GROStepDefinition - Role Section: GRO
[INFO ] 2022-12-16 14:51:07.621 [main] GpModuleStepDefinition - Start Time  = 1671182467621
[INFO ] 2022-12-16 14:51:20.791 [main] LabJuniorStepDefinition - Start Time  = 1671182480791
[INFO ] 2022-12-16 14:51:34.952 [main] LabSeniorStepDefinition - Start Time  = 1671182494952
[INFO ] 2022-12-16 14:51:49.136 [main] LabSupervisorStepDefinition - Start Time  = 1671182509136
[INFO ] 2022-12-16 15:53:48.293 [main] GROStepDefinition - Glosys Automation Script 2.0 Run In :  MicrosoftEdge Browser
[INFO ] 2022-12-16 15:54:30.923 [main] GROStepDefinition - Start Time  = 1671186270923
[INFO ] 2022-12-16 15:54:30.928 [main] GROStepDefinition - Case:5: Enter The Correct Username And Password
[INFO ] 2022-12-16 15:55:15.334 [main] GpModuleStepDefinition - Start Time  = 1671186315334
[INFO ] 2022-12-16 15:55:16.367 [main] LabJuniorStepDefinition - Start Time  = 1671186316367
[INFO ] 2022-12-16 15:55:18.406 [main] LabSeniorStepDefinition - Start Time  = 1671186318406
[INFO ] 2022-12-16 15:55:20.430 [main] LabSupervisorStepDefinition - Start Time  = 1671186320430
[INFO ] 2022-12-16 16:05:16.566 [main] GROStepDefinition - Glosys Automation Script 2.0 Run In :  MicrosoftEdge Browser
[INFO ] 2022-12-16 16:05:21.288 [main] GROStepDefinition - Start Time  = 1671186921287
[INFO ] 2022-12-16 16:05:21.293 [main] GROStepDefinition - Case:5: Enter The Correct Username And Password
[INFO ] 2022-12-16 16:05:48.741 [main] GpModuleStepDefinition - Start Time  = 1671186948741
[INFO ] 2022-12-16 16:06:01.937 [main] LabJuniorStepDefinition - Start Time  = 1671186961937
[INFO ] 2022-12-16 16:06:04.924 [main] GROStepDefinition - Glosys Automation Script 2.0 Run In :  Chrome Browser
[INFO ] 2022-12-16 16:06:16.089 [main] LabSeniorStepDefinition - Start Time  = 1671186976089
[INFO ] 2022-12-16 16:06:19.075 [main] GROStepDefinition - Start Time  = 1671186979075
[INFO ] 2022-12-16 16:06:19.080 [main] GROStepDefinition - Case:5: Enter The Correct Username And Password
[INFO ] 2022-12-16 16:06:19.206 [main] GROStepDefinition - Username: venkat
[INFO ] 2022-12-16 16:06:19.307 [main] GROStepDefinition - Password: xOET6k1gUY
[INFO ] 2022-12-16 16:06:30.288 [main] LabSupervisorStepDefinition - Start Time  = 1671186990288
[INFO ] 2022-12-16 16:06:30.701 [main] GROStepDefinition - Role Section: GRO
[INFO ] 2022-12-16 16:06:43.507 [main] GpModuleStepDefinition - Start Time  = 1671187003507
[INFO ] 2022-12-16 16:06:44.540 [main] LabJuniorStepDefinition - Start Time  = 1671187004540
[INFO ] 2022-12-16 16:06:46.566 [main] LabSeniorStepDefinition - Start Time  = 1671187006566
[INFO ] 2022-12-16 16:06:48.594 [main] LabSupervisorStepDefinition - Start Time  = 1671187008594
[INFO ] 2022-12-16 18:09:34.423 [main] GROStepDefinition - Glosys Automation Script 2.0 Run In :  Chrome Browser
[INFO ] 2022-12-16 18:10:00.892 [main] GROStepDefinition - Start Time  = 1671194400892
[INFO ] 2022-12-16 18:10:00.896 [main] GROStepDefinition - Case:5: Enter The Correct Username And Password
[INFO ] 2022-12-16 18:10:04.503 [main] GpModuleStepDefinition - Start Time  = 1671194404503
[INFO ] 2022-12-16 18:10:05.539 [main] LabJuniorStepDefinition - Start Time  = 1671194405539
[INFO ] 2022-12-16 18:10:07.575 [main] LabSeniorStepDefinition - Start Time  = 1671194407575
[INFO ] 2022-12-16 18:10:09.602 [main] LabSupervisorStepDefinition - Start Time  = 1671194409602
[INFO ] 2022-12-16 18:27:44.308 [main] GROStepDefinition - Glosys Automation Script 2.0 Run In :  MicrosoftEdge Browser
[INFO ] 2022-12-16 18:28:28.137 [main] GROStepDefinition - Start Time  = 1671195508137
[INFO ] 2022-12-16 18:28:28.149 [main] GROStepDefinition - Case:5: Enter The Correct Username And Password
[INFO ] 2022-12-16 18:28:28.271 [main] GROStepDefinition - Username: venkat
[INFO ] 2022-12-16 18:28:28.359 [main] GROStepDefinition - Password: xOET6k1gUY
[INFO ] 2022-12-16 18:28:32.922 [main] GROStepDefinition - Role Section: GRO
[INFO ] 2022-12-16 18:29:47.220 [main] GpModuleStepDefinition - Start Time  = 1671195587220
[INFO ] 2022-12-16 18:30:08.280 [main] LabJuniorStepDefinition - Start Time  = 1671195608280
[INFO ] 2022-12-16 18:30:30.371 [main] LabSeniorStepDefinition - Start Time  = 1671195630371
[INFO ] 2022-12-16 18:30:52.430 [main] LabSupervisorStepDefinition - Start Time  = 1671195652429
[INFO ] 2022-12-16 18:32:13.435 [main] GROStepDefinition - Glosys Automation Script 2.0 Run In :  MicrosoftEdge Browser
[INFO ] 2022-12-16 18:32:16.592 [main] GpModuleStepDefinition - Start Time  = 1671195736592
[INFO ] 2022-12-16 18:32:17.616 [main] LabJuniorStepDefinition - Start Time  = 1671195737616
[INFO ] 2022-12-16 18:32:19.649 [main] LabSeniorStepDefinition - Start Time  = 1671195739649
[INFO ] 2022-12-16 18:32:21.684 [main] LabSupervisorStepDefinition - Start Time  = 1671195741684
[INFO ] 2022-12-16 18:32:39.768 [main] GROStepDefinition - Glosys Automation Script 2.0 Run In :  MicrosoftEdge Browser
[INFO ] 2022-12-16 18:32:59.532 [main] GROStepDefinition - Glosys Automation Script 2.0 Run In :  MicrosoftEdge Browser
[INFO ] 2022-12-16 18:33:06.664 [main] GROStepDefinition - Start Time  = 1671195786664
[INFO ] 2022-12-16 18:33:06.673 [main] GROStepDefinition - Case:5: Enter The Correct Username And Password
[INFO ] 2022-12-16 18:33:06.772 [main] GROStepDefinition - Username: venkat
[INFO ] 2022-12-16 18:33:06.855 [main] GROStepDefinition - Password: xOET6k1gUY
[INFO ] 2022-12-16 18:33:11.705 [main] GROStepDefinition - Role Section: GRO
[INFO ] 2022-12-16 18:33:47.785 [main] GpModuleStepDefinition - Start Time  = 1671195827785
[INFO ] 2022-12-16 18:34:01.013 [main] LabJuniorStepDefinition - Start Time  = 1671195841012
[INFO ] 2022-12-16 18:34:13.628 [main] GROStepDefinition - Glosys Automation Script 2.0 Run In :  MicrosoftEdge Browser
[INFO ] 2022-12-16 18:34:15.253 [main] LabSeniorStepDefinition - Start Time  = 1671195855253
[INFO ] 2022-12-16 18:34:24.816 [main] GROStepDefinition - Start Time  = 1671195864816
[INFO ] 2022-12-16 18:34:24.821 [main] GROStepDefinition - Case:5: Enter The Correct Username And Password
[INFO ] 2022-12-16 18:34:24.899 [main] GROStepDefinition - Username: venkat
[INFO ] 2022-12-16 18:34:24.973 [main] GROStepDefinition - Password: xOET6k1gUY
[INFO ] 2022-12-16 18:34:29.486 [main] LabSupervisorStepDefinition - Start Time  = 1671195869486
[INFO ] 2022-12-16 18:34:29.756 [main] GROStepDefinition - Role Section: GRO
[INFO ] 2022-12-16 18:34:41.523 [main] GROStepDefinition - Choose The Counter is: 
[ERROR] 2022-12-16 18:34:41.523 [main] GROStepDefinition - New Counter is  available please add this counter  : 
[INFO ] 2022-12-16 18:34:43.836 [main] GROStepDefinition - Signed into the counter successfully
[INFO ] 2022-12-16 18:34:49.069 [main] GROStepDefinition - Visa Number: 998090988208
[INFO ] 2022-12-16 18:34:51.288 [main] GROStepDefinition - Biometric skip request sent successfully
[INFO ] 2022-12-16 18:34:56.377 [main] GROStepDefinition - Patient Profile Page
[INFO ] 2022-12-16 18:34:56.377 [main] GROStepDefinition - Personal Details: 
[INFO ] 2022-12-16 18:34:56.377 [main] GROStepDefinition - Visa Gender Type: Female
[INFO ] 2022-12-16 18:35:03.386 [main] GROStepDefinition - Applicant Believes Pregnant?: Maybe
[INFO ] 2022-12-16 18:35:03.387 [main] GROStepDefinition - Successfully enter the Personal information details
[INFO ] 2022-12-16 18:35:03.387 [main] GROStepDefinition - Communcation Details: 
[INFO ] 2022-12-16 18:35:04.452 [main] GROStepDefinition - Country: India
[INFO ] 2022-12-16 18:35:06.746 [main] GROStepDefinition - Preferred Language to Speak: Tamil
[INFO ] 2022-12-16 18:35:08.081 [main] GROStepDefinition - Preferred Language to Read: Tamil
[INFO ] 2022-12-16 18:35:12.935 [main] GROStepDefinition - Preferred Location for Referral: Chennai
[INFO ] 2022-12-16 18:35:15.269 [main] GROStepDefinition - Preferred Hospital: Apollo Hospital
[INFO ] 2022-12-16 18:35:15.270 [main] GROStepDefinition - Successfully enter The Communication Details
[INFO ] 2022-12-16 18:35:15.270 [main] GROStepDefinition - Encounter Details: 
[INFO ] 2022-12-16 18:35:19.395 [main] GROStepDefinition - SMS Alert Number: 9790498180
[INFO ] 2022-12-16 18:35:19.418 [main] GROStepDefinition - Job Position : Pharmacist
[INFO ] 2022-12-16 18:35:19.437 [main] GROStepDefinition - Is Job applicable of Driving: false
[INFO ] 2022-12-16 18:35:19.437 [main] GROStepDefinition - Successfully enter The Encounter details
[INFO ] 2022-12-16 18:35:38.279 [main] GROStepDefinition - APPLICANT CONSENT AND DECLARATION FORM
[INFO ] 2022-12-16 18:35:38.279 [main] GROStepDefinition - Applicant Details Created Successflly
[INFO ] 2022-12-16 18:35:38.280 [main] GROStepDefinition - Place Order Page
[INFO ] 2022-12-16 18:35:38.320 [main] GROStepDefinition - Token Genarated :   Token no (NND017) generated successfully
[INFO ] 2022-12-16 18:35:38.320 [main] GROStepDefinition - Visa Gender Type: Female - MaybeXray Page Not Allowed
[INFO ] 2022-12-16 18:35:38.320 [main] GROStepDefinition - Token : NND017
[INFO ] 2022-12-16 18:35:44.572 [main] GROStepDefinition -  Generate Service Recipt
[INFO ] 2022-12-16 18:35:46.636 [main] GROStepDefinition - Capture Identify Page:
[INFO ] 2022-12-16 18:35:46.636 [main] GROStepDefinition - Vaccination Document Status Condition is: No
[INFO ] 2022-12-16 18:35:46.637 [main] GROStepDefinition - Referral Document Status Condition is: No
[INFO ] 2022-12-16 18:35:48.776 [main] GROStepDefinition - Applicant identity details updated successfully
[INFO ] 2022-12-16 18:35:50.996 [main] GROStepDefinition - GRO Module Feedback Collected
[INFO ] 2022-12-16 18:36:03.735 [main] CommonDefinition - Logout Successfully
[INFO ] 2022-12-16 18:36:05.740 [main] GROStepDefinition - GRO Runing Time:
[INFO ] 2022-12-16 18:36:05.740 [main] CommonDefinition - Total Time Mints = Mints: 1 mints  40 seconds
[INFO ] 2022-12-16 18:36:05.740 [main] CommonDefinition -  Total Time  Seconds = 100 seconds
[INFO ] 2022-12-16 18:36:08.864 [main] NurseModuleStepDefinition - Start Time  = 1671195965773
[INFO ] 2022-12-16 18:36:10.010 [main] NurseModuleStepDefinition - Nurse Module
[INFO ] 2022-12-16 18:36:15.230 [main] NurseModuleStepDefinition - Role Section: Nurse
[INFO ] 2022-12-16 18:36:23.798 [main] NurseModuleStepDefinition - Choose The Counter Is: Male Nurse Room counter 2
[INFO ] 2022-12-16 18:36:35.162 [main] NurseTokenVerify - Nurse Module Token : NNDX013
[INFO ] 2022-12-16 18:36:35.163 [main] NurseTokenVerify - Token Lenght For Nurse String : 13
[INFO ] 2022-12-16 18:36:35.163 [main] NurseTokenVerify -  Nurse Current Token Number Next Token In Last Two Number 13
[INFO ] 2022-12-16 18:36:35.163 [main] NurseTokenVerify - Gro Token for String 17
[INFO ] 2022-12-16 18:36:35.163 [main] NurseTokenVerify - Gro Token Last Two Number  In Int: 17
[INFO ] 2022-12-16 18:36:35.163 [main] NurseTokenVerify - Nurse Token : 13-- Gro Token  :17
[INFO ] 2022-12-16 18:36:43.532 [main] NurseTokenVerify - Nurse Module  Loop Token : NND004
[INFO ] 2022-12-16 18:36:43.532 [main] NurseTokenVerify - Get The Loop Next Token For Nurse  4
[INFO ] 2022-12-16 18:36:43.532 [main] NurseTokenVerify - Nurse Token : 4-- Gro Token  :17
[INFO ] 2022-12-16 18:36:51.887 [main] NurseTokenVerify - Nurse Module  Loop Token : NNDX011
[INFO ] 2022-12-16 18:36:51.888 [main] NurseTokenVerify - Get The Loop Next Token For Nurse  11
[INFO ] 2022-12-16 18:36:51.889 [main] NurseTokenVerify - Nurse Token : 11-- Gro Token  :17
[INFO ] 2022-12-16 18:37:00.235 [main] NurseTokenVerify - Nurse Module  Loop Token : NND017
[INFO ] 2022-12-16 18:37:00.235 [main] NurseTokenVerify - Get The Loop Next Token For Nurse  17
[INFO ] 2022-12-16 18:37:00.235 [main] NurseTokenVerify - Nurse Token : 17-- Gro Token  :17
[INFO ] 2022-12-16 18:37:01.471 [main] NurseTokenVerify - Successfully Verified in Token
[INFO ] 2022-12-16 18:37:03.771 [main] NurseModuleStepDefinition - Record Vitals:
[INFO ] 2022-12-16 18:37:07.551 [main] NurseModuleStepDefinition - Height: 160
[INFO ] 2022-12-16 18:37:09.387 [main] NurseModuleStepDefinition - Weight: 60
[INFO ] 2022-12-16 18:37:09.387 [main] NurseModuleStepDefinition - Successfully enter the Body Mass Index
[INFO ] 2022-12-16 18:37:12.243 [main] NurseModuleStepDefinition - Vision (R): 6/6
[INFO ] 2022-12-16 18:37:15.055 [main] NurseModuleStepDefinition - Vision (L): 6/6
[INFO ] 2022-12-16 18:37:15.056 [main] NurseModuleStepDefinition - Successfully enter the Vision Module
[INFO ] 2022-12-16 18:37:15.894 [main] NurseModuleStepDefinition - Blood Pressure: 120
[INFO ] 2022-12-16 18:37:16.679 [main] NurseModuleStepDefinition - Systolic Pressure: 80
[INFO ] 2022-12-16 18:37:17.880 [main] NurseModuleStepDefinition - Successfully enter the Other Module
[INFO ] 2022-12-16 18:37:17.881 [main] NurseModuleStepDefinition - New applicant vitals details created successfully
[INFO ] 2022-12-16 18:37:17.881 [main] NurseModuleStepDefinition - Speciman Genaration :
[INFO ] 2022-12-16 18:37:21.303 [main] NurseModuleStepDefinition - Order ID : 2887
[INFO ] 2022-12-16 18:37:21.303 [main] NurseModuleStepDefinition - Plasma Specimen Number: Yet to be Generated
[INFO ] 2022-12-16 18:37:21.303 [main] NurseModuleStepDefinition - Serum Specimen Number: Yet to be Generated
[INFO ] 2022-12-16 18:37:21.303 [main] NurseModuleStepDefinition - Whole Blood Specimen Number: Yet to be Generated
[INFO ] 2022-12-16 18:37:37.560 [main] NurseModuleStepDefinition - Speciman Genarated Successfully
[INFO ] 2022-12-16 18:37:37.560 [main] NurseModuleStepDefinition - Speciman Collection :
[INFO ] 2022-12-16 18:37:39.184 [main] NurseModuleStepDefinition - Plasma Specimen Number: BLP1497249051: Generated
[INFO ] 2022-12-16 18:37:39.184 [main] NurseModuleStepDefinition - Serum Specimen Number: BLS1418440706: Generated
[INFO ] 2022-12-16 18:37:39.184 [main] NurseModuleStepDefinition - Whole Blood Specimen Number: WBL1426533008: Generated
[INFO ] 2022-12-16 18:37:41.625 [main] NurseModuleStepDefinition - Speciman Collected Successfully
[INFO ] 2022-12-16 18:37:41.625 [main] NurseModuleStepDefinition - Vaccination: 
[INFO ] 2022-12-16 18:37:45.820 [main] NurseModuleStepDefinition - Nurse Module Feedback collected successfully
[INFO ] 2022-12-16 18:37:51.835 [main] NurseModuleStepDefinition - Sample Outgoing
[INFO ] 2022-12-16 18:38:00.309 [main] NurseModuleStepDefinition - Plasma Specimen Number: BLP1497249051
[INFO ] 2022-12-16 18:38:00.309 [main] NurseModuleStepDefinition - Serum Specimen Number: BLS1418440706
[INFO ] 2022-12-16 18:38:00.310 [main] NurseModuleStepDefinition - Whole Blood Specimen Number: WBL1426533008
[INFO ] 2022-12-16 18:38:00.310 [main] NurseModuleStepDefinition - Scan Specimen Number
[INFO ] 2022-12-16 18:38:03.067 [main] NurseModuleStepDefinition - Successfully scan the Plasma Specimen Number: BLP1497249051
[INFO ] 2022-12-16 18:38:05.816 [main] NurseModuleStepDefinition - Successfully scan the Serum Specimen Number: BLS1418440706
[INFO ] 2022-12-16 18:38:08.553 [main] NurseModuleStepDefinition - Suceessfully scan the Whole Blood Specimen Number: WBL1426533008
[INFO ] 2022-12-16 18:38:08.553 [main] NurseModuleStepDefinition - Lab Technician and GRO Information
[INFO ] 2022-12-16 18:38:12.999 [main] NurseModuleStepDefinition - Lab Tech Name: Lab Technician Glossys
[INFO ] 2022-12-16 18:38:15.436 [main] NurseModuleStepDefinition - GRO Name: GRO Glossys
[INFO ] 2022-12-16 18:38:16.627 [main] NurseModuleStepDefinition -  Sample's Sent to LAB successfully
[INFO ] 2022-12-16 18:38:25.378 [main] CommonDefinition - Logout Successfully
[INFO ] 2022-12-16 18:38:27.380 [main] NurseModuleStepDefinition - Nurse Runing Time:
[INFO ] 2022-12-16 18:38:27.381 [main] CommonDefinition - Total Time Mints = Mints: 2 mints  21 seconds
[INFO ] 2022-12-16 18:38:27.381 [main] CommonDefinition -  Total Time  Seconds = 141 seconds
[INFO ] 2022-12-16 18:38:27.435 [main] GpModuleStepDefinition - Start Time  = 1671196107435
[INFO ] 2022-12-16 18:38:28.521 [main] GpModuleStepDefinition - Username: venkat
[INFO ] 2022-12-16 18:38:29.601 [main] GpModuleStepDefinition - Password: xOET6k1gUY
[INFO ] 2022-12-16 18:38:30.678 [main] GpModuleStepDefinition - Stemz GP Module
[INFO ] 2022-12-16 18:38:33.945 [main] GpModuleStepDefinition - Role Section: STEMZ GP
[INFO ] 2022-12-16 18:38:40.603 [main] GpModuleStepDefinition - Choose The Counter Is: 
[INFO ] 2022-12-16 18:38:44.822 [main] LabJuniorStepDefinition - Start Time  = 1671196124822
[INFO ] 2022-12-16 18:39:06.870 [main] LabSeniorStepDefinition - Start Time  = 1671196146870
[INFO ] 2022-12-16 18:39:28.935 [main] LabSupervisorStepDefinition - Start Time  = 1671196168935
[INFO ] 2022-12-16 18:41:49.535 [main] GROStepDefinition - Glosys Automation Script 2.0 Run In :  MicrosoftEdge Browser
[INFO ] 2022-12-16 18:41:56.589 [main] GROStepDefinition - Start Time  = 1671196316589
[INFO ] 2022-12-16 18:41:56.594 [main] GROStepDefinition - Case:5: Enter The Correct Username And Password
[INFO ] 2022-12-16 18:41:56.685 [main] GROStepDefinition - Username: venkat
[INFO ] 2022-12-16 18:41:56.783 [main] GROStepDefinition - Password: xOET6k1gUY
[INFO ] 2022-12-16 18:42:01.704 [main] GROStepDefinition - Role Section: GRO
[INFO ] 2022-12-16 18:42:13.035 [main] GROStepDefinition - Choose The Counter is: 
[ERROR] 2022-12-16 18:42:13.036 [main] GROStepDefinition - New Counter is  available please add this counter  : 
[INFO ] 2022-12-16 18:42:15.358 [main] GROStepDefinition - Signed into the counter successfully
[INFO ] 2022-12-16 18:42:20.635 [main] GROStepDefinition - Visa Number: 998090988209
[INFO ] 2022-12-16 18:42:22.863 [main] GROStepDefinition - Biometric skip request sent successfully
[INFO ] 2022-12-16 18:42:27.937 [main] GROStepDefinition - Patient Profile Page
[INFO ] 2022-12-16 18:42:27.937 [main] GROStepDefinition - Personal Details: 
[INFO ] 2022-12-16 18:42:27.937 [main] GROStepDefinition - Visa Gender Type: Female
[INFO ] 2022-12-16 18:42:34.974 [main] GROStepDefinition - Applicant Believes Pregnant?: Maybe
[INFO ] 2022-12-16 18:42:34.975 [main] GROStepDefinition - Successfully enter the Personal information details
[INFO ] 2022-12-16 18:42:34.975 [main] GROStepDefinition - Communcation Details: 
[INFO ] 2022-12-16 18:42:36.017 [main] GROStepDefinition - Country: India
[INFO ] 2022-12-16 18:42:38.289 [main] GROStepDefinition - Preferred Language to Speak: Tamil
[INFO ] 2022-12-16 18:42:39.578 [main] GROStepDefinition - Preferred Language to Read: Tamil
[INFO ] 2022-12-16 18:42:44.349 [main] GROStepDefinition - Preferred Location for Referral: Chennai
[INFO ] 2022-12-16 18:42:46.638 [main] GROStepDefinition - Preferred Hospital: Apollo Hospital
[INFO ] 2022-12-16 18:42:46.638 [main] GROStepDefinition - Successfully enter The Communication Details
[INFO ] 2022-12-16 18:42:46.639 [main] GROStepDefinition - Encounter Details: 
[INFO ] 2022-12-16 18:42:50.689 [main] GROStepDefinition - SMS Alert Number: 9790498180
[INFO ] 2022-12-16 18:42:50.712 [main] GROStepDefinition - Job Position : Pharmacist
[INFO ] 2022-12-16 18:42:50.729 [main] GROStepDefinition - Is Job applicable of Driving: false
[INFO ] 2022-12-16 18:42:50.729 [main] GROStepDefinition - Successfully enter The Encounter details
[INFO ] 2022-12-16 18:43:03.573 [main] GROStepDefinition - APPLICANT CONSENT AND DECLARATION FORM
[INFO ] 2022-12-16 18:43:03.574 [main] GROStepDefinition - Applicant Details Created Successflly
[INFO ] 2022-12-16 18:43:03.574 [main] GROStepDefinition - Place Order Page
[INFO ] 2022-12-16 18:43:03.604 [main] GROStepDefinition - Token Genarated :   Token no (NND018) generated successfully
[INFO ] 2022-12-16 18:43:03.605 [main] GROStepDefinition - Visa Gender Type: Female - MaybeXray Page Not Allowed
[INFO ] 2022-12-16 18:43:03.605 [main] GROStepDefinition - Token : NND018
[INFO ] 2022-12-16 18:43:09.821 [main] GROStepDefinition -  Generate Service Recipt
[INFO ] 2022-12-16 18:43:11.905 [main] GROStepDefinition - Capture Identify Page:
[INFO ] 2022-12-16 18:43:11.905 [main] GROStepDefinition - Vaccination Document Status Condition is: No
[INFO ] 2022-12-16 18:43:11.905 [main] GROStepDefinition - Referral Document Status Condition is: No
[INFO ] 2022-12-16 18:43:14.059 [main] GROStepDefinition - Applicant identity details updated successfully
[INFO ] 2022-12-16 18:43:17.176 [main] GROStepDefinition - GRO Module Feedback Collected
[INFO ] 2022-12-16 18:43:29.856 [main] CommonDefinition - Logout Successfully
[INFO ] 2022-12-16 18:43:31.858 [main] GROStepDefinition - GRO Runing Time:
[INFO ] 2022-12-16 18:43:31.858 [main] CommonDefinition - Total Time Mints = Mints: 1 mints  35 seconds
[INFO ] 2022-12-16 18:43:31.858 [main] CommonDefinition -  Total Time  Seconds = 95 seconds
[INFO ] 2022-12-16 18:43:34.955 [main] NurseModuleStepDefinition - Start Time  = 1671196411883
[INFO ] 2022-12-16 18:43:36.078 [main] NurseModuleStepDefinition - Nurse Module
[INFO ] 2022-12-16 18:43:41.221 [main] NurseModuleStepDefinition - Role Section: Nurse
[INFO ] 2022-12-16 18:43:50.886 [main] NurseModuleStepDefinition - Choose The Counter Is: Male Nurse Room counter 2
[INFO ] 2022-12-16 18:43:55.524 [main] GpModuleStepDefinition - Start Time  = 1671196435524
[INFO ] 2022-12-16 18:44:04.949 [main] LabJuniorStepDefinition - Start Time  = 1671196444949
[INFO ] 2022-12-16 18:44:19.174 [main] LabSeniorStepDefinition - Start Time  = 1671196459174
[INFO ] 2022-12-16 18:44:33.393 [main] LabSupervisorStepDefinition - Start Time  = 1671196473393
[INFO ] 2022-12-16 18:44:35.312 [main] GROStepDefinition - Glosys Automation Script 2.0 Run In :  MicrosoftEdge Browser
[INFO ] 2022-12-16 18:44:44.990 [main] GROStepDefinition - Start Time  = 1671196484990
[INFO ] 2022-12-16 18:44:44.996 [main] GROStepDefinition - Case:5: Enter The Correct Username And Password
[INFO ] 2022-12-16 18:44:55.071 [main] GROStepDefinition - Glosys Automation Script 2.0 Run In :  Chrome Browser
[INFO ] 2022-12-16 18:45:04.262 [main] GROStepDefinition - Start Time  = 1671196504262
[INFO ] 2022-12-16 18:45:04.266 [main] GROStepDefinition - Case:5: Enter The Correct Username And Password
[INFO ] 2022-12-16 18:45:04.346 [main] GROStepDefinition - Username: venkat
[INFO ] 2022-12-16 18:45:04.435 [main] GROStepDefinition - Password: xOET6k1gUY
[INFO ] 2022-12-16 18:45:10.153 [main] GROStepDefinition - Role Section: GRO
[INFO ] 2022-12-16 18:45:12.424 [main] GpModuleStepDefinition - Start Time  = 1671196512424
[INFO ] 2022-12-16 18:45:21.399 [main] GROStepDefinition - Choose The Counter is: 
[ERROR] 2022-12-16 18:45:21.399 [main] GROStepDefinition - New Counter is  available please add this counter  : 
[INFO ] 2022-12-16 18:45:23.690 [main] GROStepDefinition - Signed into the counter successfully
[INFO ] 2022-12-16 18:45:25.594 [main] LabJuniorStepDefinition - Start Time  = 1671196525594
[INFO ] 2022-12-16 18:45:28.867 [main] GROStepDefinition - Visa Number: 998090988210
[INFO ] 2022-12-16 18:45:31.070 [main] GROStepDefinition - Biometric skip request sent successfully
[INFO ] 2022-12-16 18:45:36.434 [main] GROStepDefinition - Patient Profile Page
[INFO ] 2022-12-16 18:45:36.434 [main] GROStepDefinition - Personal Details: 
[INFO ] 2022-12-16 18:45:36.435 [main] GROStepDefinition - Visa Gender Type: Female
[INFO ] 2022-12-16 18:45:39.859 [main] LabSeniorStepDefinition - Start Time  = 1671196539859
[INFO ] 2022-12-16 18:45:43.383 [main] GROStepDefinition - Applicant Believes Pregnant?: Maybe
[INFO ] 2022-12-16 18:45:43.384 [main] GROStepDefinition - Successfully enter the Personal information details
[INFO ] 2022-12-16 18:45:43.384 [main] GROStepDefinition - Communcation Details: 
[INFO ] 2022-12-16 18:45:44.411 [main] GROStepDefinition - Country: India
[INFO ] 2022-12-16 18:45:46.685 [main] GROStepDefinition - Preferred Language to Speak: Tamil
[INFO ] 2022-12-16 18:45:47.968 [main] GROStepDefinition - Preferred Language to Read: Tamil
[INFO ] 2022-12-16 18:45:52.769 [main] GROStepDefinition - Preferred Location for Referral: Chennai
[INFO ] 2022-12-16 18:45:54.068 [main] LabSupervisorStepDefinition - Start Time  = 1671196554068
[INFO ] 2022-12-16 18:45:55.104 [main] GROStepDefinition - Preferred Hospital: Apollo Hospital
[INFO ] 2022-12-16 18:45:55.104 [main] GROStepDefinition - Successfully enter The Communication Details
[INFO ] 2022-12-16 18:45:55.104 [main] GROStepDefinition - Encounter Details: 
[INFO ] 2022-12-16 18:45:59.108 [main] GROStepDefinition - SMS Alert Number: 9790498180
[INFO ] 2022-12-16 18:45:59.138 [main] GROStepDefinition - Job Position : Pharmacist
[INFO ] 2022-12-16 18:45:59.161 [main] GROStepDefinition - Is Job applicable of Driving: false
[INFO ] 2022-12-16 18:45:59.161 [main] GROStepDefinition - Successfully enter The Encounter details
[INFO ] 2022-12-16 18:46:17.951 [main] GROStepDefinition - APPLICANT CONSENT AND DECLARATION FORM
[INFO ] 2022-12-16 18:46:17.951 [main] GROStepDefinition - Applicant Details Created Successflly
[INFO ] 2022-12-16 18:46:17.952 [main] GROStepDefinition - Place Order Page
[INFO ] 2022-12-16 18:46:17.993 [main] GROStepDefinition - Token Genarated :   Token no (NND019) generated successfully
[INFO ] 2022-12-16 18:46:17.993 [main] GROStepDefinition - Visa Gender Type: Female - MaybeXray Page Not Allowed
[INFO ] 2022-12-16 18:46:17.993 [main] GROStepDefinition - Token : NND019
[INFO ] 2022-12-16 18:46:24.218 [main] GROStepDefinition -  Generate Service Recipt
[INFO ] 2022-12-16 18:46:26.283 [main] GROStepDefinition - Capture Identify Page:
[INFO ] 2022-12-16 18:46:26.283 [main] GROStepDefinition - Vaccination Document Status Condition is: No
[INFO ] 2022-12-16 18:46:26.283 [main] GROStepDefinition - Referral Document Status Condition is: No
[INFO ] 2022-12-16 18:46:28.451 [main] GROStepDefinition - Applicant identity details updated successfully
[INFO ] 2022-12-16 18:46:30.622 [main] GROStepDefinition - GRO Module Feedback Collected
[INFO ] 2022-12-16 18:46:43.353 [main] CommonDefinition - Logout Successfully
[INFO ] 2022-12-16 18:46:45.357 [main] GROStepDefinition - GRO Runing Time:
[INFO ] 2022-12-16 18:46:45.357 [main] CommonDefinition - Total Time Mints = Mints: 1 mints  41 seconds
[INFO ] 2022-12-16 18:46:45.357 [main] CommonDefinition -  Total Time  Seconds = 101 seconds
[INFO ] 2022-12-16 18:46:48.487 [main] NurseModuleStepDefinition - Start Time  = 1671196605397
[INFO ] 2022-12-16 18:46:49.647 [main] NurseModuleStepDefinition - Nurse Module
[INFO ] 2022-12-16 18:46:54.783 [main] NurseModuleStepDefinition - Role Section: Nurse
[INFO ] 2022-12-16 18:47:03.847 [main] NurseModuleStepDefinition - Choose The Counter Is: Male Nurse Room counter 2
[INFO ] 2022-12-16 18:47:15.217 [main] NurseTokenVerify - Nurse Module Token : NNDX013
[INFO ] 2022-12-16 18:47:15.217 [main] NurseTokenVerify - Token Lenght For Nurse String : 13
[INFO ] 2022-12-16 18:47:15.218 [main] NurseTokenVerify -  Nurse Current Token Number Next Token In Last Two Number 13
[INFO ] 2022-12-16 18:47:15.218 [main] NurseTokenVerify - Gro Token for String 19
[INFO ] 2022-12-16 18:47:15.218 [main] NurseTokenVerify - Gro Token Last Two Number  In Int: 19
[INFO ] 2022-12-16 18:47:15.218 [main] NurseTokenVerify - Nurse Token : 13-- Gro Token  :19
[INFO ] 2022-12-16 18:47:23.461 [main] NurseTokenVerify - Nurse Module  Loop Token : NND004
[INFO ] 2022-12-16 18:47:23.462 [main] NurseTokenVerify - Get The Loop Next Token For Nurse  4
[INFO ] 2022-12-16 18:47:23.462 [main] NurseTokenVerify - Nurse Token : 4-- Gro Token  :19
[INFO ] 2022-12-16 18:47:31.983 [main] NurseTokenVerify - Nurse Module  Loop Token : NNDX011
[INFO ] 2022-12-16 18:47:31.984 [main] NurseTokenVerify - Get The Loop Next Token For Nurse  11
[INFO ] 2022-12-16 18:47:31.985 [main] NurseTokenVerify - Nurse Token : 11-- Gro Token  :19
[INFO ] 2022-12-16 18:47:40.375 [main] NurseTokenVerify - Nurse Module  Loop Token : NND018
[INFO ] 2022-12-16 18:47:40.375 [main] NurseTokenVerify - Get The Loop Next Token For Nurse  18
[INFO ] 2022-12-16 18:47:40.375 [main] NurseTokenVerify - Nurse Token : 18-- Gro Token  :19
[INFO ] 2022-12-16 18:47:48.836 [main] NurseTokenVerify - Nurse Module  Loop Token : NND019
[INFO ] 2022-12-16 18:47:48.837 [main] NurseTokenVerify - Get The Loop Next Token For Nurse  19
[INFO ] 2022-12-16 18:47:48.837 [main] NurseTokenVerify - Nurse Token : 19-- Gro Token  :19
[INFO ] 2022-12-16 18:47:50.085 [main] NurseTokenVerify - Successfully Verified in Token
[INFO ] 2022-12-16 18:47:52.423 [main] NurseModuleStepDefinition - Record Vitals:
[INFO ] 2022-12-16 18:47:56.134 [main] NurseModuleStepDefinition - Height: 160
[INFO ] 2022-12-16 18:47:57.968 [main] NurseModuleStepDefinition - Weight: 60
[INFO ] 2022-12-16 18:47:57.968 [main] NurseModuleStepDefinition - Successfully enter the Body Mass Index
[INFO ] 2022-12-16 18:48:00.789 [main] NurseModuleStepDefinition - Vision (R): 6/6
[INFO ] 2022-12-16 18:48:03.546 [main] NurseModuleStepDefinition - Vision (L): 6/6
[INFO ] 2022-12-16 18:48:03.546 [main] NurseModuleStepDefinition - Successfully enter the Vision Module
[INFO ] 2022-12-16 18:48:04.374 [main] NurseModuleStepDefinition - Blood Pressure: 120
[INFO ] 2022-12-16 18:48:05.154 [main] NurseModuleStepDefinition - Systolic Pressure: 80
[INFO ] 2022-12-16 18:48:06.348 [main] NurseModuleStepDefinition - Successfully enter the Other Module
[INFO ] 2022-12-16 18:48:06.348 [main] NurseModuleStepDefinition - New applicant vitals details created successfully
[INFO ] 2022-12-16 18:48:06.348 [main] NurseModuleStepDefinition - Speciman Genaration :
[INFO ] 2022-12-16 18:48:09.721 [main] NurseModuleStepDefinition - Order ID : 2889
[INFO ] 2022-12-16 18:48:09.722 [main] NurseModuleStepDefinition - Plasma Specimen Number: Yet to be Generated
[INFO ] 2022-12-16 18:48:09.722 [main] NurseModuleStepDefinition - Serum Specimen Number: Yet to be Generated
[INFO ] 2022-12-16 18:48:09.722 [main] NurseModuleStepDefinition - Whole Blood Specimen Number: Yet to be Generated
[INFO ] 2022-12-16 18:48:25.976 [main] NurseModuleStepDefinition - Speciman Genarated Successfully
[INFO ] 2022-12-16 18:48:25.976 [main] NurseModuleStepDefinition - Speciman Collection :
[INFO ] 2022-12-16 18:48:27.585 [main] NurseModuleStepDefinition - Plasma Specimen Number: BLP1498321423: Generated
[INFO ] 2022-12-16 18:48:27.585 [main] NurseModuleStepDefinition - Serum Specimen Number: BLS1479814191: Generated
[INFO ] 2022-12-16 18:48:27.585 [main] NurseModuleStepDefinition - Whole Blood Specimen Number: WBL1441180128: Generated
[INFO ] 2022-12-16 18:48:29.989 [main] NurseModuleStepDefinition - Speciman Collected Successfully
[INFO ] 2022-12-16 18:48:29.989 [main] NurseModuleStepDefinition - Vaccination: 
[INFO ] 2022-12-16 18:48:34.183 [main] NurseModuleStepDefinition - Nurse Module Feedback collected successfully
[INFO ] 2022-12-16 18:48:40.194 [main] NurseModuleStepDefinition - Sample Outgoing
[INFO ] 2022-12-16 18:48:48.603 [main] NurseModuleStepDefinition - Plasma Specimen Number: BLP1498321423
[INFO ] 2022-12-16 18:48:48.604 [main] NurseModuleStepDefinition - Serum Specimen Number: BLS1479814191
[INFO ] 2022-12-16 18:48:48.604 [main] NurseModuleStepDefinition - Whole Blood Specimen Number: WBL1441180128
[INFO ] 2022-12-16 18:48:48.605 [main] NurseModuleStepDefinition - Scan Specimen Number
[INFO ] 2022-12-16 18:48:51.325 [main] NurseModuleStepDefinition - Successfully scan the Plasma Specimen Number: BLP1498321423
[INFO ] 2022-12-16 18:48:54.092 [main] NurseModuleStepDefinition - Successfully scan the Serum Specimen Number: BLS1479814191
[INFO ] 2022-12-16 18:48:56.807 [main] NurseModuleStepDefinition - Suceessfully scan the Whole Blood Specimen Number: WBL1441180128
[INFO ] 2022-12-16 18:48:56.807 [main] NurseModuleStepDefinition - Lab Technician and GRO Information
[INFO ] 2022-12-16 18:49:01.225 [main] NurseModuleStepDefinition - Lab Tech Name: Lab Technician Glossys
[INFO ] 2022-12-16 18:49:03.652 [main] NurseModuleStepDefinition - GRO Name: GRO Glossys
[INFO ] 2022-12-16 18:49:04.820 [main] NurseModuleStepDefinition -  Sample's Sent to LAB successfully
[INFO ] 2022-12-16 18:49:13.518 [main] CommonDefinition - Logout Successfully
[INFO ] 2022-12-16 18:49:15.523 [main] NurseModuleStepDefinition - Nurse Runing Time:
[INFO ] 2022-12-16 18:49:15.523 [main] CommonDefinition - Total Time Mints = Mints: 2 mints  30 seconds
[INFO ] 2022-12-16 18:49:15.523 [main] CommonDefinition -  Total Time  Seconds = 150 seconds
[INFO ] 2022-12-16 18:49:15.563 [main] GpModuleStepDefinition - Start Time  = 1671196755563
[INFO ] 2022-12-16 18:49:16.658 [main] GpModuleStepDefinition - Username: venkat
[INFO ] 2022-12-16 18:49:17.743 [main] GpModuleStepDefinition - Password: xOET6k1gUY
[INFO ] 2022-12-16 18:49:18.817 [main] GpModuleStepDefinition - Stemz GP Module
[INFO ] 2022-12-16 18:49:22.023 [main] GpModuleStepDefinition - Role Section: STEMZ GP
[INFO ] 2022-12-16 18:49:29.550 [main] GpModuleStepDefinition - Choose The Counter Is: 
[INFO ] 2022-12-16 18:49:40.399 [main] NurseTokenVerify - Nurse Module Token : NND017
[INFO ] 2022-12-16 18:49:40.399 [main] NurseTokenVerify - Token Lenght For Nurse String : 17
[INFO ] 2022-12-16 18:49:40.399 [main] NurseTokenVerify -  Nurse Current Token Number Next Token In Last Two Number 17
[INFO ] 2022-12-16 18:49:40.399 [main] NurseTokenVerify - Gro Token for String 19
[INFO ] 2022-12-16 18:49:40.399 [main] NurseTokenVerify - Gro Token Last Two Number  In Int: 19
[INFO ] 2022-12-16 18:49:40.400 [main] NurseTokenVerify - Nurse Token : 17-- Gro Token  :19
[INFO ] 2022-12-16 18:49:48.680 [main] NurseTokenVerify - Nurse Module  Loop Token : NND019
[INFO ] 2022-12-16 18:49:48.680 [main] NurseTokenVerify - Get The Loop Next Token For Nurse  19
[INFO ] 2022-12-16 18:49:48.680 [main] NurseTokenVerify - Nurse Token : 19-- Gro Token  :19
[INFO ] 2022-12-16 18:49:49.916 [main] NurseTokenVerify - Successfully Verified in Token
[INFO ] 2022-12-16 18:49:49.916 [main] GpModuleStepDefinition - Verification  Token
[INFO ] 2022-12-16 18:49:52.215 [main] GpModuleStepDefinition - Gp Consulation Process
[INFO ] 2022-12-16 18:50:22.235 [main] GpModuleStepDefinition - Consulation
[INFO ] 2022-12-16 18:50:25.398 [main] LabJuniorStepDefinition - Start Time  = 1671196825398
[INFO ] 2022-12-16 18:50:47.506 [main] LabSeniorStepDefinition - Start Time  = 1671196847506
[INFO ] 2022-12-16 18:51:09.570 [main] LabSupervisorStepDefinition - Start Time  = 1671196869570
