[INFO ] 2023-10-17 13:37:03.277 [main] GROStepDefinition - Crelio Automation Script Run In :  MicrosoftEdge Browser
[INFO ] 2023-10-17 13:37:54.790 [main] GROStepDefinition - Crelio Automation Script Run In :  MicrosoftEdge Browser
[INFO ] 2023-10-17 13:42:13.372 [main] GROStepDefinition - Crelio Automation Script Run In :  MicrosoftEdge Browser
[INFO ] 2023-10-17 13:45:07.810 [main] GROStepDefinition - Crelio Automation Script Run In :  null Browser
[INFO ] 2023-10-17 13:48:02.418 [main] GROStepDefinition - Crelio Automation Script Run In :  MicrosoftEdge Browser
[INFO ] 2023-10-17 13:49:07.424 [main] GROStepDefinition - Crelio Automation Script Run In :  MicrosoftEdge Browser
[INFO ] 2023-10-17 13:52:12.554 [main] GROStepDefinition - Crelio Automation Script Run In :  MicrosoftEdge Browser
[INFO ] 2023-10-17 13:53:18.558 [main] GROStepDefinition - Bill ID : 147
[INFO ] 2023-10-17 13:53:19.127 [main] GROStepDefinition - OrganizationInBill : DIRECT
[INFO ] 2023-10-17 13:57:55.046 [main] GROStepDefinition - Crelio Automation Script Run In :  MicrosoftEdge Browser
[INFO ] 2023-10-17 13:58:26.112 [main] GROStepDefinition - Crelio Automation Script Run In :  MicrosoftEdge Browser
[INFO ] 2023-10-17 13:59:41.106 [main] GROStepDefinition - Bill ID : 147
[INFO ] 2023-10-17 13:59:41.674 [main] GROStepDefinition - OrganizationInBill : DIRECT
[INFO ] 2023-10-17 14:01:28.312 [main] GROStepDefinition - Crelio Automation Script Run In :  MicrosoftEdge Browser
[INFO ] 2023-10-17 14:02:21.306 [main] GROStepDefinition - Bill ID : 147
[INFO ] 2023-10-17 14:02:21.869 [main] GROStepDefinition - OrganizationInBill : DIRECT
[INFO ] 2023-10-17 14:03:17.761 [main] GROStepDefinition - Crelio Automation Script Run In :  MicrosoftEdge Browser
[INFO ] 2023-10-17 14:03:59.580 [main] GROStepDefinition - Bill ID : 147
[INFO ] 2023-10-17 14:04:00.147 [main] GROStepDefinition - OrganizationInBill : DIRECT
[INFO ] 2023-10-17 14:05:03.744 [main] GROStepDefinition - Crelio Automation Script Run In :  MicrosoftEdge Browser
[INFO ] 2023-10-17 14:05:52.600 [main] GROStepDefinition - Bill ID : 147
[INFO ] 2023-10-17 14:05:53.175 [main] GROStepDefinition - OrganizationInBill : DIRECT
[INFO ] 2023-10-17 14:09:49.115 [main] GROStepDefinition - Crelio Automation Script Run In :  MicrosoftEdge Browser
[INFO ] 2023-10-17 14:10:36.620 [main] GROStepDefinition - Bill ID : 147
[INFO ] 2023-10-17 14:10:37.151 [main] GROStepDefinition - OrganizationInBill : DIRECT
[INFO ] 2023-10-17 14:11:50.886 [main] GROStepDefinition - Crelio Automation Script Run In :  MicrosoftEdge Browser
[INFO ] 2023-10-17 14:12:36.463 [main] GROStepDefinition - Bill ID : 147
[INFO ] 2023-10-17 14:12:37.034 [main] GROStepDefinition - OrganizationInBill : DIRECT
[INFO ] 2023-10-17 14:16:56.432 [main] GROStepDefinition - Crelio Automation Script Run In :  MicrosoftEdge Browser
[INFO ] 2023-10-17 14:17:40.223 [main] GROStepDefinition - Bill ID : 147
[INFO ] 2023-10-17 14:17:40.792 [main] GROStepDefinition - Organization In Bill : DIRECT
[INFO ] 2023-10-17 15:55:18.054 [main] GROStepDefinition - Crelio Automation Script Run In :  MicrosoftEdge Browser
[INFO ] 2023-10-17 15:58:04.567 [main] GROStepDefinition - Crelio Automation Script Run In :  MicrosoftEdge Browser
[INFO ] 2023-10-17 15:58:40.702 [main] GROStepDefinition - Bill ID : 147
[INFO ] 2023-10-17 15:58:41.287 [main] GROStepDefinition - Organization In Bill : NLEX Corporation
[INFO ] 2023-10-17 15:58:45.833 [main] GROStepDefinition - Bill ID : 148
[INFO ] 2023-10-17 15:58:46.411 [main] GROStepDefinition - Organization In Bill : NLEX Corporation
[INFO ] 2023-10-17 15:58:50.956 [main] GROStepDefinition - Bill ID : 1794
[INFO ] 2023-10-17 15:58:51.521 [main] GROStepDefinition - Organization In Bill : NLEX Corporation
[INFO ] 2023-10-17 15:58:56.076 [main] GROStepDefinition - Bill ID : 1214
[INFO ] 2023-10-17 15:58:56.620 [main] GROStepDefinition - Organization In Bill : DIRECT
[INFO ] 2023-10-17 16:02:31.226 [main] GROStepDefinition - Crelio Automation Script Run In :  MicrosoftEdge Browser
[INFO ] 2023-10-17 16:03:19.080 [main] GROStepDefinition - Bill ID : 147
[INFO ] 2023-10-17 16:03:19.647 [main] GROStepDefinition - Organization In Bill : NLEX Corporation
[INFO ] 2023-10-17 16:03:30.632 [main] GROStepDefinition - Bill ID : 148
[INFO ] 2023-10-17 16:03:31.184 [main] GROStepDefinition - Organization In Bill : NLEX Corporation
[INFO ] 2023-10-17 16:04:20.300 [main] GROStepDefinition - Bill ID : 149
[INFO ] 2023-10-17 16:04:20.859 [main] GROStepDefinition - Organization In Bill : DIRECT
[INFO ] 2023-10-17 16:07:58.482 [main] GROStepDefinition - Crelio Automation Script Run In :  MicrosoftEdge Browser
[INFO ] 2023-10-17 16:09:42.028 [main] GROStepDefinition - Bill ID : 1794
[INFO ] 2023-10-17 16:09:42.593 [main] GROStepDefinition - Organization In Bill : NLEX Corporation
[INFO ] 2023-10-17 16:10:24.469 [main] GROStepDefinition - Bill ID : 152
[INFO ] 2023-10-17 16:10:25.022 [main] GROStepDefinition - Organization In Bill : DIRECT
[INFO ] 2023-10-17 16:14:26.918 [main] GROStepDefinition - Crelio Automation Script Run In :  MicrosoftEdge Browser
[INFO ] 2023-10-17 16:17:12.379 [main] GROStepDefinition - Crelio Automation Script Run In :  MicrosoftEdge Browser
[INFO ] 2023-10-17 16:17:45.956 [main] GROStepDefinition - Employee : KIM ANGEL
[INFO ] 2023-10-17 16:17:45.956 [main] GROStepDefinition - Age : 29.0
[INFO ] 2023-10-17 16:17:59.630 [main] GROStepDefinition - Bill ID : 153
[INFO ] 2023-10-17 16:18:00.229 [main] GROStepDefinition - Organization In Bill : NLEX Corporation
[INFO ] 2023-10-17 16:18:00.231 [main] GROStepDefinition - Employee : JAMES NICO
[INFO ] 2023-10-17 16:18:00.231 [main] GROStepDefinition - Age : 20.0
[INFO ] 2023-10-17 16:18:41.238 [main] GROStepDefinition - Bill ID : 1724
[INFO ] 2023-10-17 16:18:41.774 [main] GROStepDefinition - Organization In Bill : NLEX Corporation
[INFO ] 2023-10-17 16:18:41.775 [main] GROStepDefinition - Employee : REINRED
[INFO ] 2023-10-17 16:18:41.775 [main] GROStepDefinition - Age : 21.0
[INFO ] 2023-10-17 16:18:54.029 [main] GROStepDefinition - Bill ID : 1725
[INFO ] 2023-10-17 16:18:54.604 [main] GROStepDefinition - Organization In Bill : NLEX Corporation
[INFO ] 2023-10-17 16:18:54.604 [main] GROStepDefinition - Employee : AMANUEL
[INFO ] 2023-10-17 16:18:54.604 [main] GROStepDefinition - Age : 21.0
[INFO ] 2023-10-17 16:19:04.689 [main] GROStepDefinition - Bill ID : 1726
[INFO ] 2023-10-17 16:19:05.271 [main] GROStepDefinition - Organization In Bill : NLEX Corporation
[INFO ] 2023-10-17 16:19:05.271 [main] GROStepDefinition - Employee : JERAME
[INFO ] 2023-10-17 16:19:05.271 [main] GROStepDefinition - Age : 22.0
[INFO ] 2023-10-17 16:19:19.370 [main] GROStepDefinition - Bill ID : 1727
[INFO ] 2023-10-17 16:19:19.942 [main] GROStepDefinition - Organization In Bill : NLEX Corporation
[INFO ] 2023-10-17 16:19:19.943 [main] GROStepDefinition - Employee : CLOYD GEFF
[INFO ] 2023-10-17 16:19:19.944 [main] GROStepDefinition - Age : 22.0
[INFO ] 2023-10-17 16:19:28.136 [main] GROStepDefinition - Bill ID : 1728
[INFO ] 2023-10-17 16:19:28.697 [main] GROStepDefinition - Organization In Bill : NLEX Corporation
[INFO ] 2023-10-17 16:19:28.712 [main] GROStepDefinition - Employee : RON RON
[INFO ] 2023-10-17 16:19:28.712 [main] GROStepDefinition - Age : 22.0
[INFO ] 2023-10-17 16:19:36.751 [main] GROStepDefinition - Bill ID : 1729
[INFO ] 2023-10-17 16:19:37.326 [main] GROStepDefinition - Organization In Bill : NLEX Corporation
[INFO ] 2023-10-17 16:19:37.326 [main] GROStepDefinition - Employee : JENNY ROSE
[INFO ] 2023-10-17 16:19:37.326 [main] GROStepDefinition - Age : 25.0
[INFO ] 2023-10-17 16:19:46.376 [main] GROStepDefinition - Bill ID : 154
[INFO ] 2023-10-17 16:19:46.947 [main] GROStepDefinition - Organization In Bill : DIRECT
[INFO ] 2023-10-17 16:20:10.739 [main] GROStepDefinition - Employee Name : JENNY ROSE
[INFO ] 2023-10-17 16:20:19.447 [main] GROStepDefinition - Employee : KURT AXL
[INFO ] 2023-10-17 16:20:19.450 [main] GROStepDefinition - Age : 22.0
[INFO ] 2023-10-17 16:20:39.177 [main] GROStepDefinition - Bill ID : 1730
[INFO ] 2023-10-17 16:20:39.707 [main] GROStepDefinition - Organization In Bill : NLEX Corporation
[INFO ] 2023-10-17 16:20:39.707 [main] GROStepDefinition - Employee : IRISCH LEE
[INFO ] 2023-10-17 16:20:39.707 [main] GROStepDefinition - Age : 23.0
[INFO ] 2023-10-17 16:20:47.965 [main] GROStepDefinition - Bill ID : 1731
[INFO ] 2023-10-17 16:20:48.517 [main] GROStepDefinition - Organization In Bill : NLEX Corporation
[INFO ] 2023-10-17 16:20:48.532 [main] GROStepDefinition - Employee : AIRAH
[INFO ] 2023-10-17 16:20:48.532 [main] GROStepDefinition - Age : 23.0
[INFO ] 2023-10-17 16:20:57.908 [main] GROStepDefinition - Bill ID : 1732
[INFO ] 2023-10-17 16:20:58.485 [main] GROStepDefinition - Organization In Bill : NLEX Corporation
[INFO ] 2023-10-17 16:20:58.525 [main] GROStepDefinition - Employee : JEROME
[INFO ] 2023-10-17 16:20:58.526 [main] GROStepDefinition - Age : 32.0
[INFO ] 2023-10-17 16:22:39.434 [main] GROStepDefinition - Bill ID : 1212
[INFO ] 2023-10-17 16:22:39.981 [main] GROStepDefinition - Organization In Bill : DIRECT
[INFO ] 2023-10-17 16:22:56.950 [main] GROStepDefinition - Employee Name : JEROME
[INFO ] 2023-10-17 16:23:05.577 [main] GROStepDefinition - Employee : JOSEPH
[INFO ] 2023-10-17 16:23:05.577 [main] GROStepDefinition - Age : 48.0
[INFO ] 2023-10-17 16:24:17.738 [main] GROStepDefinition - Bill ID : 156
[INFO ] 2023-10-17 16:24:18.316 [main] GROStepDefinition - Organization In Bill : NLEX Corporation
[INFO ] 2023-10-17 16:24:18.319 [main] GROStepDefinition - Employee : NONILIE
[INFO ] 2023-10-17 16:24:18.319 [main] GROStepDefinition - Age : 23.0
[INFO ] 2023-10-17 16:24:33.965 [main] GROStepDefinition - Bill ID : 1744
[INFO ] 2023-10-17 16:24:34.511 [main] GROStepDefinition - Organization In Bill : NLEX Corporation
[INFO ] 2023-10-17 16:24:34.511 [main] GROStepDefinition - Employee : DIANA JEAN
[INFO ] 2023-10-17 16:24:34.511 [main] GROStepDefinition - Age : 30.0
[INFO ] 2023-10-17 16:24:44.345 [main] GROStepDefinition - Bill ID : 157
[INFO ] 2023-10-17 16:24:44.906 [main] GROStepDefinition - Organization In Bill : DIRECT
[INFO ] 2023-10-17 16:25:02.615 [main] GROStepDefinition - Employee Name : DIANA JEAN
[INFO ] 2023-10-17 16:25:11.182 [main] GROStepDefinition - Employee : SEDRICK JAY
[INFO ] 2023-10-17 16:25:11.182 [main] GROStepDefinition - Age : 23.0
[INFO ] 2023-10-17 16:25:20.731 [main] GROStepDefinition - Bill ID : 158
[INFO ] 2023-10-17 16:25:21.287 [main] GROStepDefinition - Organization In Bill : DIRECT
[INFO ] 2023-10-17 16:32:12.941 [main] GROStepDefinition - Crelio Automation Script Run In :  MicrosoftEdge Browser
[INFO ] 2023-10-17 16:32:51.143 [main] GROStepDefinition - ID : 20
[INFO ] 2023-10-17 16:32:51.143 [main] GROStepDefinition - Employee Name : SEDRICK JAY
[INFO ] 2023-10-17 16:32:51.143 [main] GROStepDefinition - Employee ID : NLEX4303
[INFO ] 2023-10-17 16:32:51.144 [main] GROStepDefinition - Age : 23.0
[INFO ] 2023-10-17 16:33:04.098 [main] GROStepDefinition - Bill ID : 158
[INFO ] 2023-10-17 16:33:04.666 [main] GROStepDefinition - Organization In Bill : DIRECT
[INFO ] 2023-10-17 16:33:21.569 [main] GROStepDefinition - Employee Name : SEDRICK JAY
[INFO ] 2023-10-17 16:33:30.024 [main] GROStepDefinition - ID : 21
[INFO ] 2023-10-17 16:33:30.024 [main] GROStepDefinition - Employee Name : JORDAN PAUL
[INFO ] 2023-10-17 16:33:30.024 [main] GROStepDefinition - Employee ID : NLEX1713
[INFO ] 2023-10-17 16:33:30.024 [main] GROStepDefinition - Age : 26.0
[INFO ] 2023-10-17 16:33:47.002 [main] GROStepDefinition - Bill ID : 159
[INFO ] 2023-10-17 16:33:47.559 [main] GROStepDefinition - Organization In Bill : DIRECT
[INFO ] 2023-10-17 16:34:04.608 [main] GROStepDefinition - Employee Name : JORDAN PAUL
[INFO ] 2023-10-17 16:34:13.016 [main] GROStepDefinition - ID : 22
[INFO ] 2023-10-17 16:34:13.016 [main] GROStepDefinition - Employee Name : JOJI
[INFO ] 2023-10-17 16:34:13.016 [main] GROStepDefinition - Employee ID : NLEX0243
[INFO ] 2023-10-17 16:34:13.016 [main] GROStepDefinition - Age : 46.0
[INFO ] 2023-10-17 16:34:21.038 [main] GROStepDefinition - Bill ID : 160
[INFO ] 2023-10-17 16:34:21.614 [main] GROStepDefinition - Organization In Bill : DIRECT
[INFO ] 2023-10-17 16:34:39.256 [main] GROStepDefinition - Employee Name : JOJI
[INFO ] 2023-10-17 16:34:47.645 [main] GROStepDefinition - ID : 23
[INFO ] 2023-10-17 16:34:47.645 [main] GROStepDefinition - Employee Name : ACE
[INFO ] 2023-10-17 16:34:47.645 [main] GROStepDefinition - Employee ID : NLEX3431
[INFO ] 2023-10-17 16:34:47.645 [main] GROStepDefinition - Age : 38.0
[INFO ] 2023-10-17 16:35:50.923 [main] GROStepDefinition - Bill ID : 161
[INFO ] 2023-10-17 16:35:51.459 [main] GROStepDefinition - Organization In Bill : DIRECT
[INFO ] 2023-10-17 16:36:10.278 [main] GROStepDefinition - Employee Name : ACE
[INFO ] 2023-10-17 16:36:18.646 [main] GROStepDefinition - ID : 24
[INFO ] 2023-10-17 16:36:18.646 [main] GROStepDefinition - Employee Name : ZIDRIX
[INFO ] 2023-10-17 16:36:18.646 [main] GROStepDefinition - Employee ID : NLEX4306
[INFO ] 2023-10-17 16:36:18.646 [main] GROStepDefinition - Age : 23.0
[INFO ] 2023-10-17 16:36:30.815 [main] GROStepDefinition - Bill ID : 1734
[INFO ] 2023-10-17 16:36:31.378 [main] GROStepDefinition - Organization In Bill : NLEX Corporation
[INFO ] 2023-10-17 16:36:31.378 [main] GROStepDefinition - ID : 25
[INFO ] 2023-10-17 16:36:31.378 [main] GROStepDefinition - Employee Name : JOHN PAUL
[INFO ] 2023-10-17 16:36:31.378 [main] GROStepDefinition - Employee ID : NLEX4363
[INFO ] 2023-10-17 16:36:31.378 [main] GROStepDefinition - Age : 27.0
[INFO ] 2023-10-17 16:36:54.966 [main] GROStepDefinition - Bill ID : 1445
[INFO ] 2023-10-17 16:36:55.513 [main] GROStepDefinition - Organization In Bill : DIRECT
[INFO ] 2023-10-17 16:37:14.144 [main] GROStepDefinition - Employee Name : JOHN PAUL
[INFO ] 2023-10-17 16:37:22.584 [main] GROStepDefinition - ID : 26
[INFO ] 2023-10-17 16:37:22.584 [main] GROStepDefinition - Employee Name : PATRICIA MAE
[INFO ] 2023-10-17 16:37:22.586 [main] GROStepDefinition - Employee ID : NLEX4738
[INFO ] 2023-10-17 16:37:22.586 [main] GROStepDefinition - Age : 23.0
[INFO ] 2023-10-17 16:37:33.643 [main] GROStepDefinition - Bill ID : 1735
[INFO ] 2023-10-17 16:37:34.185 [main] GROStepDefinition - Organization In Bill : NLEX Corporation
[INFO ] 2023-10-17 16:37:34.185 [main] GROStepDefinition - ID : 27
[INFO ] 2023-10-17 16:37:34.185 [main] GROStepDefinition - Employee Name : MA. IDA COLEEN
[INFO ] 2023-10-17 16:37:34.185 [main] GROStepDefinition - Employee ID : NLEX4752
[INFO ] 2023-10-17 16:37:34.185 [main] GROStepDefinition - Age : 24.0
[INFO ] 2023-10-17 16:37:44.465 [main] GROStepDefinition - Bill ID : 163
[INFO ] 2023-10-17 16:37:45.020 [main] GROStepDefinition - Organization In Bill : DIRECT
[INFO ] 2023-10-17 16:38:01.960 [main] GROStepDefinition - Employee Name : MA. IDA COLEEN
[INFO ] 2023-10-17 16:43:04.765 [main] GROStepDefinition - Crelio Automation Script Run In :  MicrosoftEdge Browser
[INFO ] 2023-10-17 16:44:09.454 [main] GROStepDefinition - ID : 1
[INFO ] 2023-10-17 16:44:09.454 [main] GROStepDefinition - Employee Name : RIZA MAY
[INFO ] 2023-10-17 16:44:09.454 [main] GROStepDefinition - Employee ID : NLEX4675
[INFO ] 2023-10-17 16:44:09.454 [main] GROStepDefinition - Age : 27.0
[INFO ] 2023-10-17 16:44:27.563 [main] GROStepDefinition - Bill ID : 197
[INFO ] 2023-10-17 16:44:28.098 [main] GROStepDefinition - Organization In Bill : NLEX Corporation
[INFO ] 2023-10-17 16:44:28.099 [main] GROStepDefinition - ID : 2
[INFO ] 2023-10-17 16:44:28.099 [main] GROStepDefinition - Employee Name : WILLIE
[INFO ] 2023-10-17 16:44:28.099 [main] GROStepDefinition - Employee ID : NLEX0354
[INFO ] 2023-10-17 16:44:28.099 [main] GROStepDefinition - Age : 45.0
[INFO ] 2023-10-17 16:44:45.230 [main] GROStepDefinition - Bill ID : 1330
[INFO ] 2023-10-17 16:44:45.779 [main] GROStepDefinition - Organization In Bill : DIRECT
[INFO ] 2023-10-17 16:45:03.697 [main] GROStepDefinition - Employee Name : WILLIE
[INFO ] 2023-10-17 16:45:12.102 [main] GROStepDefinition - ID : 3
[INFO ] 2023-10-17 16:45:12.102 [main] GROStepDefinition - Employee Name : JACKLYN
[INFO ] 2023-10-17 16:45:12.102 [main] GROStepDefinition - Employee ID : NLEX3828
[INFO ] 2023-10-17 16:45:12.102 [main] GROStepDefinition - Age : 26.0
[INFO ] 2023-10-17 16:45:23.796 [main] GROStepDefinition - Bill ID : 1208
[INFO ] 2023-10-17 16:45:24.340 [main] GROStepDefinition - Organization In Bill : DIRECT
[INFO ] 2023-10-17 16:47:10.570 [main] GROStepDefinition - Crelio Automation Script Run In :  MicrosoftEdge Browser
[INFO ] 2023-10-17 16:47:53.547 [main] GROStepDefinition - ID : 3
[INFO ] 2023-10-17 16:47:53.548 [main] GROStepDefinition - Employee Name : JACKLYN
[INFO ] 2023-10-17 16:47:53.548 [main] GROStepDefinition - Employee ID : NLEX3828
[INFO ] 2023-10-17 16:47:53.548 [main] GROStepDefinition - Age : 26.0
[INFO ] 2023-10-17 16:48:26.186 [main] GROStepDefinition - Bill ID : 1208
[INFO ] 2023-10-17 16:48:26.764 [main] GROStepDefinition - Organization In Bill : NLEX Corporation
[INFO ] 2023-10-17 16:48:26.765 [main] GROStepDefinition - ID : 4
[INFO ] 2023-10-17 16:48:26.765 [main] GROStepDefinition - Employee Name : ANGELIKA
[INFO ] 2023-10-17 16:48:26.765 [main] GROStepDefinition - Employee ID : NLEX4646
[INFO ] 2023-10-17 16:48:26.765 [main] GROStepDefinition - Age : 24.0
[INFO ] 2023-10-17 16:48:42.044 [main] GROStepDefinition - Bill ID : 173
[INFO ] 2023-10-17 16:48:42.610 [main] GROStepDefinition - Organization In Bill : NLEX Corporation
[INFO ] 2023-10-17 16:48:42.611 [main] GROStepDefinition - ID : 5
[INFO ] 2023-10-17 16:48:42.611 [main] GROStepDefinition - Employee Name : JOCELYN
[INFO ] 2023-10-17 16:48:42.611 [main] GROStepDefinition - Employee ID : NLEX0982
[INFO ] 2023-10-17 16:48:42.611 [main] GROStepDefinition - Age : 32.0
[INFO ] 2023-10-17 16:48:58.596 [main] GROStepDefinition - Bill ID : 275
[INFO ] 2023-10-17 16:48:59.147 [main] GROStepDefinition - Organization In Bill : DIRECT
[INFO ] 2023-10-17 16:49:18.383 [main] GROStepDefinition - Employee Name : JOCELYN
[INFO ] 2023-10-17 16:49:26.735 [main] GROStepDefinition - ID : 6
[INFO ] 2023-10-17 16:49:26.736 [main] GROStepDefinition - Employee Name : TERESITO
[INFO ] 2023-10-17 16:49:26.736 [main] GROStepDefinition - Employee ID : NLEX0624
[INFO ] 2023-10-17 16:49:26.736 [main] GROStepDefinition - Age : 51.0
[INFO ] 2023-10-17 16:49:35.508 [main] GROStepDefinition - Bill ID : 1710
[INFO ] 2023-10-17 16:49:36.055 [main] GROStepDefinition - Organization In Bill : NLEX Corporation
[INFO ] 2023-10-17 16:49:36.055 [main] GROStepDefinition - ID : 7
[INFO ] 2023-10-17 16:49:36.056 [main] GROStepDefinition - Employee Name : MIKE SEBASTIAN
[INFO ] 2023-10-17 16:49:36.056 [main] GROStepDefinition - Employee ID : NLEX4694
[INFO ] 2023-10-17 16:49:36.056 [main] GROStepDefinition - Age : 26.0
[INFO ] 2023-10-17 16:49:42.984 [main] GROStepDefinition - Bill ID : 325
[INFO ] 2023-10-17 16:49:43.533 [main] GROStepDefinition - Organization In Bill : DIRECT
[INFO ] 2023-10-17 16:50:00.691 [main] GROStepDefinition - Employee Name : MIKE SEBASTIAN
[INFO ] 2023-10-17 16:50:09.072 [main] GROStepDefinition - ID : 8
[INFO ] 2023-10-17 16:50:09.072 [main] GROStepDefinition - Employee Name : MARK JOSEPH
[INFO ] 2023-10-17 16:50:09.072 [main] GROStepDefinition - Employee ID : NLEX3528
[INFO ] 2023-10-17 16:50:09.072 [main] GROStepDefinition - Age : 32.0
[INFO ] 2023-10-17 16:50:19.678 [main] GROStepDefinition - Bill ID : 1701
[INFO ] 2023-10-17 16:50:20.242 [main] GROStepDefinition - Organization In Bill : NLEX Corporation
[INFO ] 2023-10-17 16:50:20.242 [main] GROStepDefinition - ID : 9
[INFO ] 2023-10-17 16:50:20.242 [main] GROStepDefinition - Employee Name : JOHN DANIEL
[INFO ] 2023-10-17 16:50:20.242 [main] GROStepDefinition - Employee ID : NLEX4505
[INFO ] 2023-10-17 16:50:20.242 [main] GROStepDefinition - Age : 26.0
[INFO ] 2023-10-17 16:50:27.685 [main] GROStepDefinition - Bill ID : 960
[INFO ] 2023-10-17 16:50:28.227 [main] GROStepDefinition - Organization In Bill : DIRECT
[INFO ] 2023-10-17 16:50:45.019 [main] GROStepDefinition - Employee Name : JOHN DANIEL
[INFO ] 2023-10-17 16:54:08.987 [main] GROStepDefinition - Crelio Automation Script Run In :  MicrosoftEdge Browser
[INFO ] 2023-10-17 16:54:52.605 [main] GROStepDefinition - ID : 10
[INFO ] 2023-10-17 16:54:52.605 [main] GROStepDefinition - Employee Name : MARC ANGELO
[INFO ] 2023-10-17 16:54:52.605 [main] GROStepDefinition - Employee ID : NLEX0506
[INFO ] 2023-10-17 16:54:52.605 [main] GROStepDefinition - Age : 41.0
[INFO ] 2023-10-17 16:55:10.404 [main] GROStepDefinition - Bill ID : 1720
[INFO ] 2023-10-17 16:55:10.960 [main] GROStepDefinition - Organization In Bill : NLEX Corporation
[INFO ] 2023-10-17 16:55:10.962 [main] GROStepDefinition - ID : 11
[INFO ] 2023-10-17 16:55:10.963 [main] GROStepDefinition - Employee Name : JEFFREY
[INFO ] 2023-10-17 16:55:10.964 [main] GROStepDefinition - Employee ID : NLEX0169
[INFO ] 2023-10-17 16:55:10.965 [main] GROStepDefinition - Age : 43.0
[INFO ] 2023-10-17 16:55:37.542 [main] GROStepDefinition - Bill ID : 749
[INFO ] 2023-10-17 16:55:38.085 [main] GROStepDefinition - Organization In Bill : DIRECT
[INFO ] 2023-10-17 16:55:55.639 [main] GROStepDefinition - Employee Name : JEFFREY
[INFO ] 2023-10-17 16:56:04.452 [main] GROStepDefinition - ID : 12
[INFO ] 2023-10-17 16:56:04.453 [main] GROStepDefinition - Employee Name : MARIDEL
[INFO ] 2023-10-17 16:56:04.453 [main] GROStepDefinition - Employee ID : NLEX4030
[INFO ] 2023-10-17 16:56:04.453 [main] GROStepDefinition - Age : 27.0
[INFO ] 2023-10-17 16:56:18.273 [main] GROStepDefinition - Bill ID : 1594
[INFO ] 2023-10-17 16:56:18.825 [main] GROStepDefinition - Organization In Bill : DIRECT
[INFO ] 2023-10-17 16:57:57.392 [main] GROStepDefinition - Crelio Automation Script Run In :  MicrosoftEdge Browser
[INFO ] 2023-10-17 16:59:12.010 [main] GROStepDefinition - ID : 13
[INFO ] 2023-10-17 16:59:12.010 [main] GROStepDefinition - Employee Name : ROSCHELLE
[INFO ] 2023-10-17 16:59:12.010 [main] GROStepDefinition - Employee ID : NLEX3552
[INFO ] 2023-10-17 16:59:12.010 [main] GROStepDefinition - Age : 31.0
[INFO ] 2023-10-17 16:59:47.507 [main] GROStepDefinition - Bill ID : 1711
[INFO ] 2023-10-17 16:59:48.034 [main] GROStepDefinition - Organization In Bill : NLEX Corporation
[INFO ] 2023-10-17 16:59:48.034 [main] GROStepDefinition - ID : 14
[INFO ] 2023-10-17 16:59:48.034 [main] GROStepDefinition - Employee Name : RINAL
[INFO ] 2023-10-17 16:59:48.034 [main] GROStepDefinition - Employee ID : NLEX0981
[INFO ] 2023-10-17 16:59:48.034 [main] GROStepDefinition - Age : 42.0
[INFO ] 2023-10-17 17:00:04.040 [main] GROStepDefinition - Bill ID : 246
[INFO ] 2023-10-17 17:00:04.585 [main] GROStepDefinition - Organization In Bill : DIRECT
[INFO ] 2023-10-17 17:00:28.512 [main] GROStepDefinition - Employee Name : RINAL
[INFO ] 2023-10-17 17:00:37.271 [main] GROStepDefinition - ID : 15
[INFO ] 2023-10-17 17:00:37.271 [main] GROStepDefinition - Employee Name : JEROME
[INFO ] 2023-10-17 17:00:37.271 [main] GROStepDefinition - Employee ID : NLEX3994
[INFO ] 2023-10-17 17:00:37.273 [main] GROStepDefinition - Age : 27.0
[INFO ] 2023-10-17 17:01:35.168 [main] GROStepDefinition - Bill ID : 581
[INFO ] 2023-10-17 17:01:35.716 [main] GROStepDefinition - Organization In Bill : DIRECT
[INFO ] 2023-10-17 17:01:52.527 [main] GROStepDefinition - Employee Name : JEROME
[INFO ] 2023-10-17 17:02:54.664 [main] GROStepDefinition - Crelio Automation Script Run In :  MicrosoftEdge Browser
[INFO ] 2023-10-17 17:04:15.262 [main] GROStepDefinition - ID : 16
[INFO ] 2023-10-17 17:04:15.262 [main] GROStepDefinition - Employee Name : CRISTEL-JOY
[INFO ] 2023-10-17 17:04:15.262 [main] GROStepDefinition - Employee ID : NLEX3835
[INFO ] 2023-10-17 17:04:15.262 [main] GROStepDefinition - Age : 27.0
[INFO ] 2023-10-17 17:04:36.537 [main] GROStepDefinition - Bill ID : 168
[INFO ] 2023-10-17 17:04:37.068 [main] GROStepDefinition - Organization In Bill : NLEX Corporation
[INFO ] 2023-10-17 17:04:37.068 [main] GROStepDefinition - ID : 17
[INFO ] 2023-10-17 17:04:37.068 [main] GROStepDefinition - Employee Name : JESUS
[INFO ] 2023-10-17 17:04:37.068 [main] GROStepDefinition - Employee ID : NLEX3452
[INFO ] 2023-10-17 17:04:37.068 [main] GROStepDefinition - Age : 33.0
[INFO ] 2023-10-17 17:04:54.282 [main] GROStepDefinition - Bill ID : 1343
[INFO ] 2023-10-17 17:04:54.801 [main] GROStepDefinition - Organization In Bill : DIRECT
[INFO ] 2023-10-17 17:05:15.023 [main] GROStepDefinition - Employee Name : JESUS
[INFO ] 2023-10-17 17:05:24.128 [main] GROStepDefinition - ID : 18
[INFO ] 2023-10-17 17:05:24.128 [main] GROStepDefinition - Employee Name : ACE
[INFO ] 2023-10-17 17:05:24.128 [main] GROStepDefinition - Employee ID : NLEX3431
[INFO ] 2023-10-17 17:05:24.128 [main] GROStepDefinition - Age : 38.0
[INFO ] 2023-10-17 17:05:52.264 [main] GROStepDefinition - Bill ID : 913
[INFO ] 2023-10-17 17:05:52.791 [main] GROStepDefinition - Organization In Bill : DIRECT
[INFO ] 2023-10-17 17:06:13.916 [main] GROStepDefinition - Employee Name : ACE
[INFO ] 2023-10-17 17:06:22.927 [main] GROStepDefinition - ID : 19
[INFO ] 2023-10-17 17:06:22.927 [main] GROStepDefinition - Employee Name : LORENZO RODIN
[INFO ] 2023-10-17 17:06:22.927 [main] GROStepDefinition - Employee ID : NLEX1537
[INFO ] 2023-10-17 17:06:22.927 [main] GROStepDefinition - Age : 33.0
[INFO ] 2023-10-17 17:06:35.458 [main] GROStepDefinition - Bill ID : 1419
[INFO ] 2023-10-17 17:06:36.015 [main] GROStepDefinition - Organization In Bill : DIRECT
[INFO ] 2023-10-17 17:06:55.115 [main] GROStepDefinition - Employee Name : LORENZO RODIN
[INFO ] 2023-10-17 17:07:04.176 [main] GROStepDefinition - ID : 20
[INFO ] 2023-10-17 17:07:04.176 [main] GROStepDefinition - Employee Name : MARJORIE
[INFO ] 2023-10-17 17:07:04.177 [main] GROStepDefinition - Employee ID : NLEX3550
[INFO ] 2023-10-17 17:07:04.177 [main] GROStepDefinition - Age : 31.0
[INFO ] 2023-10-17 17:07:16.549 [main] GROStepDefinition - Bill ID : 267
[INFO ] 2023-10-17 17:07:17.087 [main] GROStepDefinition - Organization In Bill : DIRECT
[INFO ] 2023-10-17 17:07:36.945 [main] GROStepDefinition - Employee Name : MARJORIE
[INFO ] 2023-10-17 17:07:46.034 [main] GROStepDefinition - ID : 21
[INFO ] 2023-10-17 17:07:46.035 [main] GROStepDefinition - Employee Name : KARL CRIZ
[INFO ] 2023-10-17 17:07:46.035 [main] GROStepDefinition - Employee ID : NLEX3388
[INFO ] 2023-10-17 17:07:46.035 [main] GROStepDefinition - Age : 30.0
[INFO ] 2023-10-17 17:08:00.964 [main] GROStepDefinition - Bill ID : 1537
[INFO ] 2023-10-17 17:08:01.516 [main] GROStepDefinition - Organization In Bill : DIRECT
[INFO ] 2023-10-17 17:08:18.515 [main] GROStepDefinition - Employee Name : KARL CRIZ
[INFO ] 2023-10-17 17:08:27.600 [main] GROStepDefinition - ID : 22
[INFO ] 2023-10-17 17:08:27.601 [main] GROStepDefinition - Employee Name : HARVEY
[INFO ] 2023-10-17 17:08:27.601 [main] GROStepDefinition - Employee ID : NLEX4314
[INFO ] 2023-10-17 17:08:27.601 [main] GROStepDefinition - Age : 27.0
[INFO ] 2023-10-17 17:08:42.279 [main] GROStepDefinition - Bill ID : 773
[INFO ] 2023-10-17 17:08:42.860 [main] GROStepDefinition - Organization In Bill : DIRECT
[INFO ] 2023-10-17 17:09:00.110 [main] GROStepDefinition - Employee Name : HARVEY
[INFO ] 2023-10-17 17:54:11.650 [main] GROStepDefinition - Crelio Automation Script Run In :  MicrosoftEdge Browser
[INFO ] 2023-10-17 17:54:45.095 [main] GROStepDefinition - ID : 23
[INFO ] 2023-10-17 17:54:45.095 [main] GROStepDefinition - Employee Name : CHRISTINA
[INFO ] 2023-10-17 17:54:45.096 [main] GROStepDefinition - Employee ID : NLEX4693
[INFO ] 2023-10-17 17:54:45.096 [main] GROStepDefinition - Age : 26.0
[INFO ] 2023-10-17 17:54:58.830 [main] GROStepDefinition - Bill ID : 1319
[INFO ] 2023-10-17 17:54:59.357 [main] GROStepDefinition - Organization In Bill : DIRECT
[INFO ] 2023-10-17 17:55:16.779 [main] GROStepDefinition - Employee Name : CHRISTINA
[INFO ] 2023-10-17 17:55:26.077 [main] GROStepDefinition - ID : 24
[INFO ] 2023-10-17 17:55:26.077 [main] GROStepDefinition - Employee Name : TRISHA JANE
[INFO ] 2023-10-17 17:55:26.077 [main] GROStepDefinition - Employee ID : NLEX3621
[INFO ] 2023-10-17 17:55:26.077 [main] GROStepDefinition - Age : 28.0
[INFO ] 2023-10-17 17:55:37.356 [main] GROStepDefinition - Bill ID : 1310
[INFO ] 2023-10-17 17:55:37.918 [main] GROStepDefinition - Organization In Bill : DIRECT
[INFO ] 2023-10-17 17:55:55.198 [main] GROStepDefinition - Employee Name : TRISHA JANE
[INFO ] 2023-10-17 17:56:04.477 [main] GROStepDefinition - ID : 25
[INFO ] 2023-10-17 17:56:04.478 [main] GROStepDefinition - Employee Name : JENNICA
[INFO ] 2023-10-17 17:56:04.478 [main] GROStepDefinition - Employee ID : NLEX1052
[INFO ] 2023-10-17 17:56:04.478 [main] GROStepDefinition - Age : 31.0
[INFO ] 2023-10-17 17:56:11.088 [main] GROStepDefinition - Bill ID : 921
[INFO ] 2023-10-17 17:56:11.639 [main] GROStepDefinition - Organization In Bill : DIRECT
[INFO ] 2023-10-17 17:56:29.107 [main] GROStepDefinition - Employee Name : JENNICA
[INFO ] 2023-10-17 17:56:38.382 [main] GROStepDefinition - ID : 26
[INFO ] 2023-10-17 17:56:38.382 [main] GROStepDefinition - Employee Name : JOANA ROSE
[INFO ] 2023-10-17 17:56:38.382 [main] GROStepDefinition - Employee ID : NLEX3613
[INFO ] 2023-10-17 17:56:38.382 [main] GROStepDefinition - Age : 31.0
[INFO ] 2023-10-17 17:56:45.561 [main] GROStepDefinition - Bill ID : 1458
[INFO ] 2023-10-17 17:56:46.105 [main] GROStepDefinition - Organization In Bill : DIRECT
[INFO ] 2023-10-17 17:57:07.414 [main] GROStepDefinition - Employee Name : JOANA ROSE
[INFO ] 2023-10-17 17:57:16.684 [main] GROStepDefinition - ID : 27
[INFO ] 2023-10-17 17:57:16.685 [main] GROStepDefinition - Employee Name : CRISHA MHAE
[INFO ] 2023-10-17 17:57:16.685 [main] GROStepDefinition - Employee ID : NLEX3858
[INFO ] 2023-10-17 17:57:16.685 [main] GROStepDefinition - Age : 23.0
[INFO ] 2023-10-17 17:57:24.753 [main] GROStepDefinition - Bill ID : 1716
[INFO ] 2023-10-17 17:57:25.289 [main] GROStepDefinition - Organization In Bill : NLEX Corporation
[INFO ] 2023-10-17 17:57:25.291 [main] GROStepDefinition - ID : 28
[INFO ] 2023-10-17 17:57:25.291 [main] GROStepDefinition - Employee Name : LEILANI
[INFO ] 2023-10-17 17:57:25.291 [main] GROStepDefinition - Employee ID : NLEX3415
[INFO ] 2023-10-17 17:57:25.291 [main] GROStepDefinition - Age : 41.0
[INFO ] 2023-10-17 17:57:31.238 [main] GROStepDefinition - Bill ID : 322
[INFO ] 2023-10-17 17:57:31.798 [main] GROStepDefinition - Organization In Bill : DIRECT
[INFO ] 2023-10-17 17:57:52.964 [main] GROStepDefinition - Employee Name : LEILANI
[INFO ] 2023-10-17 17:58:02.283 [main] GROStepDefinition - ID : 29
[INFO ] 2023-10-17 17:58:02.284 [main] GROStepDefinition - Employee Name : RAZEL
[INFO ] 2023-10-17 17:58:02.284 [main] GROStepDefinition - Employee ID : NLEX3502
[INFO ] 2023-10-17 17:58:02.284 [main] GROStepDefinition - Age : 31.0
[INFO ] 2023-10-17 17:58:14.067 [main] GROStepDefinition - Bill ID : 1008
[INFO ] 2023-10-17 17:58:14.597 [main] GROStepDefinition - Organization In Bill : DIRECT
[INFO ] 2023-10-17 17:58:33.882 [main] GROStepDefinition - Employee Name : RAZEL
[INFO ] 2023-10-17 17:58:43.158 [main] GROStepDefinition - ID : 30
[INFO ] 2023-10-17 17:58:43.158 [main] GROStepDefinition - Employee Name : MARY ROSE ANNE
[INFO ] 2023-10-17 17:58:43.158 [main] GROStepDefinition - Employee ID : NLEX3458
[INFO ] 2023-10-17 17:58:43.158 [main] GROStepDefinition - Age : 31.0
[INFO ] 2023-10-17 17:58:50.182 [main] GROStepDefinition - Bill ID : 941
[INFO ] 2023-10-17 17:58:50.742 [main] GROStepDefinition - Organization In Bill : DIRECT
[INFO ] 2023-10-17 17:59:07.652 [main] GROStepDefinition - Employee Name : MARY ROSE ANNE
[INFO ] 2023-10-17 17:59:16.945 [main] GROStepDefinition - ID : 31
[INFO ] 2023-10-17 17:59:16.945 [main] GROStepDefinition - Employee Name : ROBERT PATRICK
[INFO ] 2023-10-17 17:59:16.945 [main] GROStepDefinition - Employee ID : NLEX4028
[INFO ] 2023-10-17 17:59:16.945 [main] GROStepDefinition - Age : 31.0
[INFO ] 2023-10-17 17:59:22.874 [main] GROStepDefinition - Bill ID : 851
[INFO ] 2023-10-17 17:59:23.402 [main] GROStepDefinition - Organization In Bill : DIRECT
[INFO ] 2023-10-17 18:09:19.072 [main] GROStepDefinition - Crelio Automation Script Run In :  MicrosoftEdge Browser
