[INFO ] 2023-07-27 11:29:44.813 [main] GROStepDefinition - Crelio Automation Script Run In :  null Browser
[INFO ] 2023-07-27 11:30:54.277 [main] GROStepDefinition - Crelio Automation Script Run In :  Chrome Browser
[INFO ] 2023-07-27 11:31:06.376 [main] GROStepDefinition - Patient ID : 1446
[INFO ] 2023-07-27 11:31:06.877 [main] GROStepDefinition - Select Patient Type : Direct
[INFO ] 2023-07-27 11:31:07.977 [main] GROStepDefinition - Patient Name :% Saturation
[INFO ] 2023-07-27 11:31:08.601 [main] GROStepDefinition - Gender : Male
[INFO ] 2023-07-27 11:31:09.396 [main] GROStepDefinition - Age : 25
[INFO ] 2023-07-27 11:31:14.527 [main] GROStepDefinition - Test Name :% Saturation
[INFO ] 2023-07-27 11:31:18.011 [main] GROStepDefinition - Amount : ₱ 0
[INFO ] 2023-07-27 11:31:29.170 [main] GROStepDefinition - Patient ID : 1447
[INFO ] 2023-07-27 11:31:29.574 [main] GROStepDefinition - Select Patient Type : Direct
[INFO ] 2023-07-27 11:31:31.052 [main] GROStepDefinition - Patient Name :24 hr Urine C peptide
[INFO ] 2023-07-27 11:31:31.704 [main] GROStepDefinition - Gender : Male
[INFO ] 2023-07-27 11:31:32.490 [main] GROStepDefinition - Age : 25
[INFO ] 2023-07-27 11:31:38.011 [main] GROStepDefinition - Test Name :24 hr Urine C peptide
[INFO ] 2023-07-27 11:31:41.465 [main] GROStepDefinition - Amount : ₱ 0
[INFO ] 2023-07-27 11:31:52.699 [main] GROStepDefinition - Patient ID : 1448
[INFO ] 2023-07-27 11:31:53.108 [main] GROStepDefinition - Select Patient Type : Direct
[INFO ] 2023-07-27 11:31:54.509 [main] GROStepDefinition - Patient Name :24 hr Urine Chloride
[INFO ] 2023-07-27 11:31:55.194 [main] GROStepDefinition - Gender : Male
[INFO ] 2023-07-27 11:31:55.988 [main] GROStepDefinition - Age : 25
[INFO ] 2023-07-27 11:32:01.465 [main] GROStepDefinition - Test Name :24 hr Urine Chloride
[INFO ] 2023-07-27 11:32:04.965 [main] GROStepDefinition - Amount : ₱ 0
[INFO ] 2023-07-27 11:32:16.162 [main] GROStepDefinition - Patient ID : 
[INFO ] 2023-07-27 11:32:16.571 [main] GROStepDefinition - Select Patient Type : Direct
[INFO ] 2023-07-27 11:32:18.131 [main] GROStepDefinition - Patient Name :24 hr Urine Cortisol
[INFO ] 2023-07-27 11:32:18.788 [main] GROStepDefinition - Gender : Male
[INFO ] 2023-07-27 11:32:19.691 [main] GROStepDefinition - Age : 25
[INFO ] 2023-07-27 11:32:25.246 [main] GROStepDefinition - Test Name :24 hr Urine Cortisol
[INFO ] 2023-07-27 11:32:28.767 [main] GROStepDefinition - Amount : ₱ 0
[INFO ] 2023-07-27 11:32:40.012 [main] GROStepDefinition - Patient ID : 1450
[INFO ] 2023-07-27 11:32:40.426 [main] GROStepDefinition - Select Patient Type : Direct
[INFO ] 2023-07-27 11:32:41.909 [main] GROStepDefinition - Patient Name :24 hr Urine Magnesium
[INFO ] 2023-07-27 11:32:42.600 [main] GROStepDefinition - Gender : Male
[INFO ] 2023-07-27 11:32:43.446 [main] GROStepDefinition - Age : 25
[INFO ] 2023-07-27 11:32:49.047 [main] GROStepDefinition - Test Name :24 hr Urine Magnesium
[INFO ] 2023-07-27 11:35:17.315 [main] GROStepDefinition - Crelio Automation Script Run In :  Chrome Browser
[INFO ] 2023-07-27 11:35:29.894 [main] GROStepDefinition - Patient ID : 1451
[INFO ] 2023-07-27 11:35:30.381 [main] GROStepDefinition - Select Patient Type : Direct
[INFO ] 2023-07-27 11:35:31.803 [main] GROStepDefinition - Patient Name :24 hr Urine Magnesium
[INFO ] 2023-07-27 11:35:32.441 [main] GROStepDefinition - Gender : Male
[INFO ] 2023-07-27 11:35:33.214 [main] GROStepDefinition - Age : 25
[INFO ] 2023-07-27 11:35:38.626 [main] GROStepDefinition - Test Name :24 hr Urine Magnesium
[INFO ] 2023-07-27 11:35:42.208 [main] GROStepDefinition - Amount : ₱ 0
[INFO ] 2023-07-27 11:35:53.473 [main] GROStepDefinition - Patient ID : 1452
[INFO ] 2023-07-27 11:35:53.891 [main] GROStepDefinition - Select Patient Type : Direct
[INFO ] 2023-07-27 11:35:55.460 [main] GROStepDefinition - Patient Name :24 hr Urine Microalbumin
[INFO ] 2023-07-27 11:35:56.190 [main] GROStepDefinition - Gender : Male
[INFO ] 2023-07-27 11:35:57.016 [main] GROStepDefinition - Age : 25
[INFO ] 2023-07-27 11:36:02.647 [main] GROStepDefinition - Test Name :24 hr Urine Microalbumin
[INFO ] 2023-07-27 11:36:06.193 [main] GROStepDefinition - Amount : ₱ 0
[INFO ] 2023-07-27 11:36:17.473 [main] GROStepDefinition - Patient ID : 1453
[INFO ] 2023-07-27 11:36:17.887 [main] GROStepDefinition - Select Patient Type : Direct
[INFO ] 2023-07-27 11:36:19.349 [main] GROStepDefinition - Patient Name :24 hr Urine Phosphate
[INFO ] 2023-07-27 11:36:20.037 [main] GROStepDefinition - Gender : Male
[INFO ] 2023-07-27 11:36:20.901 [main] GROStepDefinition - Age : 25
[INFO ] 2023-07-27 11:36:26.462 [main] GROStepDefinition - Test Name :24 hr Urine Phosphate
[INFO ] 2023-07-27 11:36:29.955 [main] GROStepDefinition - Amount : ₱ 0
[INFO ] 2023-07-27 11:36:41.295 [main] GROStepDefinition - Patient ID : 1454
[INFO ] 2023-07-27 11:36:41.709 [main] GROStepDefinition - Select Patient Type : Direct
[INFO ] 2023-07-27 11:36:43.126 [main] GROStepDefinition - Patient Name :24 hr Urine Potassium
[INFO ] 2023-07-27 11:36:43.786 [main] GROStepDefinition - Gender : Male
[INFO ] 2023-07-27 11:36:44.655 [main] GROStepDefinition - Age : 25
[INFO ] 2023-07-27 11:36:50.213 [main] GROStepDefinition - Test Name :24 hr Urine Potassium
[INFO ] 2023-07-27 11:36:53.763 [main] GROStepDefinition - Amount : ₱ 0
[INFO ] 2023-07-27 11:37:49.755 [main] GROStepDefinition - Crelio Automation Script Run In :  Chrome Browser
[INFO ] 2023-07-27 11:39:07.150 [main] GROStepDefinition - Crelio Automation Script Run In :  Chrome Browser
[INFO ] 2023-07-27 11:39:19.254 [main] GROStepDefinition - Patient ID : 1455
[INFO ] 2023-07-27 11:39:19.744 [main] GROStepDefinition - Select Patient Type : Direct
[INFO ] 2023-07-27 11:39:21.220 [main] GROStepDefinition - Patient Name :24 hr Urine Magnesium
[INFO ] 2023-07-27 11:39:21.861 [main] GROStepDefinition - Gender : Male
[INFO ] 2023-07-27 11:39:22.609 [main] GROStepDefinition - Age : 25
[INFO ] 2023-07-27 11:39:27.935 [main] GROStepDefinition - Test Name :24 hr Urine Magnesium
[INFO ] 2023-07-27 11:39:31.393 [main] GROStepDefinition - Amount : ₱ 0
[INFO ] 2023-07-27 11:39:42.660 [main] GROStepDefinition - Patient ID : 1456
[INFO ] 2023-07-27 11:39:43.068 [main] GROStepDefinition - Select Patient Type : Direct
[INFO ] 2023-07-27 11:39:44.461 [main] GROStepDefinition - Patient Name :24 hr Urine Phosphate
[INFO ] 2023-07-27 11:39:45.196 [main] GROStepDefinition - Gender : Male
[INFO ] 2023-07-27 11:39:45.998 [main] GROStepDefinition - Age : 25
[INFO ] 2023-07-27 11:39:51.479 [main] GROStepDefinition - Test Name :24 hr Urine Phosphate
[INFO ] 2023-07-27 11:39:55.011 [main] GROStepDefinition - Amount : ₱ 0
[INFO ] 2023-07-27 11:40:06.503 [main] GROStepDefinition - Patient ID : 1457
[INFO ] 2023-07-27 11:40:06.917 [main] GROStepDefinition - Select Patient Type : Direct
[INFO ] 2023-07-27 11:40:08.356 [main] GROStepDefinition - Patient Name :24 hr Urine Potassium
[INFO ] 2023-07-27 11:40:09.096 [main] GROStepDefinition - Gender : Male
[INFO ] 2023-07-27 11:40:09.926 [main] GROStepDefinition - Age : 25
[INFO ] 2023-07-27 11:40:15.303 [main] GROStepDefinition - Test Name :24 hr Urine Potassium
[INFO ] 2023-07-27 11:40:18.900 [main] GROStepDefinition - Amount : ₱ 0
[INFO ] 2023-07-27 11:40:30.168 [main] GROStepDefinition - Patient ID : 1458
[INFO ] 2023-07-27 11:40:30.578 [main] GROStepDefinition - Select Patient Type : Direct
[INFO ] 2023-07-27 11:40:31.941 [main] GROStepDefinition - Patient Name :24 hrs Urine Calcium
[INFO ] 2023-07-27 11:40:32.644 [main] GROStepDefinition - Gender : Male
[INFO ] 2023-07-27 11:40:33.478 [main] GROStepDefinition - Age : 25
[INFO ] 2023-07-27 11:40:38.874 [main] GROStepDefinition - Test Name :24 hrs Urine Calcium
[INFO ] 2023-07-27 11:40:42.358 [main] GROStepDefinition - Amount : ₱ 0
[INFO ] 2023-07-27 11:40:53.643 [main] GROStepDefinition - Patient ID : 1459
[INFO ] 2023-07-27 11:40:54.059 [main] GROStepDefinition - Select Patient Type : Direct
[INFO ] 2023-07-27 11:40:55.541 [main] GROStepDefinition - Patient Name :24 hrs Urine Uric Acid
[INFO ] 2023-07-27 11:40:56.227 [main] GROStepDefinition - Gender : Male
[INFO ] 2023-07-27 11:40:57.083 [main] GROStepDefinition - Age : 25
[INFO ] 2023-07-27 11:41:02.624 [main] GROStepDefinition - Test Name :24 hrs Urine Uric Acid
[INFO ] 2023-07-27 11:41:06.117 [main] GROStepDefinition - Amount : ₱ 335
[INFO ] 2023-07-27 11:49:41.693 [main] GROStepDefinition - Crelio Automation Script Run In :  Chrome Browser
[INFO ] 2023-07-27 11:49:53.939 [main] GROStepDefinition - Patient ID : 1460
[INFO ] 2023-07-27 11:49:54.448 [main] GROStepDefinition - Select Patient Type : Direct
[INFO ] 2023-07-27 11:49:56.349 [main] GROStepDefinition - Patient Name :Absolute Basophils Count
[INFO ] 2023-07-27 11:49:57.071 [main] GROStepDefinition - Gender : Male
[INFO ] 2023-07-27 11:49:57.923 [main] GROStepDefinition - Age : 25
[INFO ] 2023-07-27 11:50:10.199 [main] GROStepDefinition - Crelio Automation Script Run In :  Chrome Browser
[INFO ] 2023-07-27 11:50:47.636 [main] GROStepDefinition - Crelio Automation Script Run In :  Chrome Browser
[INFO ] 2023-07-27 11:51:00.808 [main] GROStepDefinition - Patient ID : 1460
[INFO ] 2023-07-27 11:51:01.272 [main] GROStepDefinition - Select Patient Type : Direct
[INFO ] 2023-07-27 11:51:02.810 [main] GROStepDefinition - Patient Name :Absolute Basophils Count
[INFO ] 2023-07-27 11:51:03.443 [main] GROStepDefinition - Gender : Male
[INFO ] 2023-07-27 11:51:04.222 [main] GROStepDefinition - Age : 25
[INFO ] 2023-07-27 11:51:09.812 [main] GROStepDefinition - Test Name :Absolute Basophils Count
[INFO ] 2023-07-27 11:51:13.286 [main] GROStepDefinition - Amount : ₱ 265
[INFO ] 2023-07-27 11:51:24.638 [main] GROStepDefinition - Patient ID : 1461
[INFO ] 2023-07-27 11:51:25.047 [main] GROStepDefinition - Select Patient Type : Direct
[INFO ] 2023-07-27 11:51:26.424 [main] GROStepDefinition - Patient Name :Albumin 24 hr Urine
[INFO ] 2023-07-27 11:51:27.096 [main] GROStepDefinition - Gender : Male
[INFO ] 2023-07-27 11:51:27.945 [main] GROStepDefinition - Age : 25
[INFO ] 2023-07-27 11:51:33.494 [main] GROStepDefinition - Test Name :Albumin 24 hr Urine
[INFO ] 2023-07-27 11:51:37.008 [main] GROStepDefinition - Amount : ₱ 0
[INFO ] 2023-07-27 11:51:48.289 [main] GROStepDefinition - Patient ID : 1462
[INFO ] 2023-07-27 11:51:48.700 [main] GROStepDefinition - Select Patient Type : Direct
[INFO ] 2023-07-27 11:51:49.777 [main] GROStepDefinition - Patient Name :Albumin CSF
[INFO ] 2023-07-27 11:51:50.413 [main] GROStepDefinition - Gender : Male
[INFO ] 2023-07-27 11:51:51.240 [main] GROStepDefinition - Age : 25
[INFO ] 2023-07-27 11:51:56.567 [main] GROStepDefinition - Test Name :Albumin CSF
[INFO ] 2023-07-27 11:52:00.097 [main] GROStepDefinition - Amount : ₱ 0
[INFO ] 2023-07-27 11:52:11.277 [main] GROStepDefinition - Patient ID : 1463
[INFO ] 2023-07-27 11:52:11.700 [main] GROStepDefinition - Select Patient Type : Direct
[INFO ] 2023-07-27 11:52:13.026 [main] GROStepDefinition - Patient Name :Albumin Spot Urine
[INFO ] 2023-07-27 11:52:13.738 [main] GROStepDefinition - Gender : Male
[INFO ] 2023-07-27 11:52:14.598 [main] GROStepDefinition - Age : 25
[INFO ] 2023-07-27 11:52:19.953 [main] GROStepDefinition - Test Name :Albumin Spot Urine
[INFO ] 2023-07-27 11:52:23.422 [main] GROStepDefinition - Amount : ₱ 0
[INFO ] 2023-07-27 11:52:34.645 [main] GROStepDefinition - Patient ID : 1464
[INFO ] 2023-07-27 11:52:35.048 [main] GROStepDefinition - Select Patient Type : Direct
[INFO ] 2023-07-27 11:52:35.879 [main] GROStepDefinition - Patient Name :AMF
[INFO ] 2023-07-27 11:52:36.506 [main] GROStepDefinition - Gender : Male
[INFO ] 2023-07-27 11:52:37.358 [main] GROStepDefinition - Age : 25
[INFO ] 2023-07-27 11:52:42.691 [main] GROStepDefinition - Test Name :AMF
[INFO ] 2023-07-27 11:52:46.193 [main] GROStepDefinition - Amount : ₱ 0
[INFO ] 2023-07-27 11:52:57.352 [main] GROStepDefinition - Patient ID : 1465
[INFO ] 2023-07-27 11:52:57.754 [main] GROStepDefinition - Select Patient Type : Direct
[INFO ] 2023-07-27 11:52:59.001 [main] GROStepDefinition - Patient Name :Amphetamine(AMP)
[INFO ] 2023-07-27 11:52:59.684 [main] GROStepDefinition - Gender : Male
[INFO ] 2023-07-27 11:53:00.497 [main] GROStepDefinition - Age : 25
[INFO ] 2023-07-27 11:53:05.807 [main] GROStepDefinition - Test Name :Amphetamine(AMP)
[INFO ] 2023-07-27 11:53:09.375 [main] GROStepDefinition - Amount : ₱ 0
[INFO ] 2023-07-27 11:53:20.559 [main] GROStepDefinition - Patient ID : 1466
[INFO ] 2023-07-27 11:53:20.976 [main] GROStepDefinition - Select Patient Type : Direct
[INFO ] 2023-07-27 11:53:23.683 [main] GROStepDefinition - Patient Name :Anti-HBc IgM - IgM antibody against hepatitis B core antigen
[INFO ] 2023-07-27 11:53:24.416 [main] GROStepDefinition - Gender : Male
[INFO ] 2023-07-27 11:53:25.249 [main] GROStepDefinition - Age : 25
[INFO ] 2023-07-27 11:53:31.540 [main] GROStepDefinition - Test Name :Anti-HBc IgM - IgM antibody against hepatitis B core antigen
[INFO ] 2023-07-27 11:53:35.098 [main] GROStepDefinition - Amount : ₱ 380
[INFO ] 2023-07-27 12:16:22.313 [main] GROStepDefinition - Crelio Automation Script Run In :  Chrome Browser
[INFO ] 2023-07-27 12:17:03.992 [main] GROStepDefinition - Crelio Automation Script Run In :  Chrome Browser
[INFO ] 2023-07-27 12:17:14.727 [main] GROStepDefinition - Patient ID : 1467
[INFO ] 2023-07-27 12:17:15.222 [main] GROStepDefinition - Select Patient Type : Direct
[INFO ] 2023-07-27 12:17:16.478 [main] GROStepDefinition - Patient Name :AST/ALT Ratio
[INFO ] 2023-07-27 12:17:17.251 [main] GROStepDefinition - Gender : Male
[INFO ] 2023-07-27 12:17:18.066 [main] GROStepDefinition - Age : 25
[INFO ] 2023-07-27 12:28:45.560 [main] GROStepDefinition - Crelio Automation Script Run In :  Chrome Browser
[INFO ] 2023-07-27 12:28:55.832 [main] GROStepDefinition - Patient ID : 1468
[INFO ] 2023-07-27 12:28:56.285 [main] GROStepDefinition - Select Patient Type : Direct
[INFO ] 2023-07-27 12:28:57.287 [main] GROStepDefinition - Patient Name :AST/ALT Ratio
[INFO ] 2023-07-27 12:28:57.887 [main] GROStepDefinition - Gender : Male
[INFO ] 2023-07-27 12:28:58.617 [main] GROStepDefinition - Age : 25
[INFO ] 2023-07-27 12:29:03.591 [main] GROStepDefinition - Test Name :AST/ALT Ratio
[INFO ] 2023-07-27 12:29:06.991 [main] GROStepDefinition - Amount : ₱ 0
[INFO ] 2023-07-27 12:29:17.904 [main] GROStepDefinition - Patient ID : 1469
[INFO ] 2023-07-27 12:29:18.316 [main] GROStepDefinition - Select Patient Type : Direct
[INFO ] 2023-07-27 12:29:19.553 [main] GROStepDefinition - Patient Name :Benzodiazepines(BZ0)
[INFO ] 2023-07-27 12:29:20.169 [main] GROStepDefinition - Gender : Male
[INFO ] 2023-07-27 12:29:21.000 [main] GROStepDefinition - Age : 25
[INFO ] 2023-07-27 12:29:25.947 [main] GROStepDefinition - Test Name :Benzodiazepines(BZ0)
[INFO ] 2023-07-27 12:29:29.400 [main] GROStepDefinition - Amount : ₱ 0
[INFO ] 2023-07-27 12:30:09.232 [main] GROStepDefinition - Crelio Automation Script Run In :  Chrome Browser
[INFO ] 2023-07-27 12:30:19.525 [main] GROStepDefinition - Patient ID : 1470
[INFO ] 2023-07-27 12:30:20.035 [main] GROStepDefinition - Select Patient Type : Direct
[INFO ] 2023-07-27 12:30:21.080 [main] GROStepDefinition - Patient Name :AST/ALT Ratio
[INFO ] 2023-07-27 12:30:21.670 [main] GROStepDefinition - Gender : Male
[INFO ] 2023-07-27 12:30:22.381 [main] GROStepDefinition - Age : 25
[INFO ] 2023-07-27 12:30:44.907 [main] GROStepDefinition - Crelio Automation Script Run In :  Chrome Browser
[INFO ] 2023-07-27 12:30:57.331 [main] GROStepDefinition - Patient ID : 1470
[INFO ] 2023-07-27 12:30:57.848 [main] GROStepDefinition - Select Patient Type : Direct
[INFO ] 2023-07-27 12:30:59.028 [main] GROStepDefinition - Patient Name :BICARBONATE (CO2)
[INFO ] 2023-07-27 12:30:59.623 [main] GROStepDefinition - Gender : Male
[INFO ] 2023-07-27 12:31:00.330 [main] GROStepDefinition - Age : 25
[INFO ] 2023-07-27 12:31:05.315 [main] GROStepDefinition - Test Name :BICARBONATE (CO2)
[INFO ] 2023-07-27 12:31:08.738 [main] GROStepDefinition - Amount : ₱ 0
[INFO ] 2023-07-27 12:31:19.576 [main] GROStepDefinition - Patient ID : 1471
[INFO ] 2023-07-27 12:31:20.008 [main] GROStepDefinition - Select Patient Type : Direct
[INFO ] 2023-07-27 12:31:21.054 [main] GROStepDefinition - Patient Name :Bleeding Time
[INFO ] 2023-07-27 12:31:21.675 [main] GROStepDefinition - Gender : Male
[INFO ] 2023-07-27 12:31:22.449 [main] GROStepDefinition - Age : 25
[INFO ] 2023-07-27 12:31:27.639 [main] GROStepDefinition - Test Name :Bleeding Time
[INFO ] 2023-07-27 12:31:31.061 [main] GROStepDefinition - Amount : ₱ 0
[INFO ] 2023-07-27 12:31:41.976 [main] GROStepDefinition - Patient ID : 1472
[INFO ] 2023-07-27 12:31:42.390 [main] GROStepDefinition - Select Patient Type : Direct
[INFO ] 2023-07-27 12:31:44.028 [main] GROStepDefinition - Patient Name :Blood Group (ABO&RH) by Slide Method
[INFO ] 2023-07-27 12:31:44.641 [main] GROStepDefinition - Gender : Male
[INFO ] 2023-07-27 12:31:45.346 [main] GROStepDefinition - Age : 25
[INFO ] 2023-07-27 12:31:50.487 [main] GROStepDefinition - Test Name :Blood Group (ABO&RH) by Slide Method
[INFO ] 2023-07-27 12:31:53.949 [main] GROStepDefinition - Amount : ₱ 265
[INFO ] 2023-07-27 12:34:57.771 [main] GROStepDefinition - Crelio Automation Script Run In :  Chrome Browser
[INFO ] 2023-07-27 12:35:08.635 [main] GROStepDefinition - Patient ID : 1473
[INFO ] 2023-07-27 12:35:09.093 [main] GROStepDefinition - Select Patient Type : Direct
[INFO ] 2023-07-27 12:35:10.280 [main] GROStepDefinition - Patient Name :BUN/Creatinine Ratio
[INFO ] 2023-07-27 12:35:10.866 [main] GROStepDefinition - Gender : Male
[INFO ] 2023-07-27 12:35:11.573 [main] GROStepDefinition - Age : 25
[INFO ] 2023-07-27 12:35:16.625 [main] GROStepDefinition - Test Name :BUN/Creatinine Ratio
[INFO ] 2023-07-27 12:35:20.028 [main] GROStepDefinition - Amount : ₱ 0
[INFO ] 2023-07-27 12:35:30.886 [main] GROStepDefinition - Patient ID : 1474
[INFO ] 2023-07-27 12:35:31.299 [main] GROStepDefinition - Select Patient Type : Direct
[INFO ] 2023-07-27 12:35:32.195 [main] GROStepDefinition - Patient Name :C-Peptide
[INFO ] 2023-07-27 12:35:32.811 [main] GROStepDefinition - Gender : Male
[INFO ] 2023-07-27 12:35:33.602 [main] GROStepDefinition - Age : 25
[INFO ] 2023-07-27 12:35:38.623 [main] GROStepDefinition - Test Name :C-Peptide
[INFO ] 2023-07-27 12:35:42.035 [main] GROStepDefinition - Amount : ₱ 1,520
[INFO ] 2023-07-27 12:35:53.124 [main] GROStepDefinition - Patient ID : 1475
[INFO ] 2023-07-27 12:35:53.541 [main] GROStepDefinition - Select Patient Type : Direct
[INFO ] 2023-07-27 12:35:54.638 [main] GROStepDefinition - Patient Name :Calcium Ionized
[INFO ] 2023-07-27 12:35:55.253 [main] GROStepDefinition - Gender : Male
[INFO ] 2023-07-27 12:35:56.045 [main] GROStepDefinition - Age : 25
[INFO ] 2023-07-27 12:36:01.084 [main] GROStepDefinition - Test Name :Calcium Ionized
[INFO ] 2023-07-27 12:36:04.486 [main] GROStepDefinition - Amount : ₱ 210
[INFO ] 2023-07-27 12:36:15.548 [main] GROStepDefinition - Patient ID : 1476
[INFO ] 2023-07-27 12:36:15.957 [main] GROStepDefinition - Select Patient Type : Direct
[INFO ] 2023-07-27 12:36:17.080 [main] GROStepDefinition - Patient Name :Cannabinoids (THC)
[INFO ] 2023-07-27 12:36:17.694 [main] GROStepDefinition - Gender : Male
[INFO ] 2023-07-27 12:36:18.490 [main] GROStepDefinition - Age : 25
[INFO ] 2023-07-27 12:36:23.529 [main] GROStepDefinition - Test Name :Cannabinoids (THC)
[INFO ] 2023-07-27 12:36:26.950 [main] GROStepDefinition - Amount : ₱ 0
[INFO ] 2023-07-27 12:36:37.895 [main] GROStepDefinition - Patient ID : 1477
[INFO ] 2023-07-27 12:36:38.308 [main] GROStepDefinition - Select Patient Type : Direct
[INFO ] 2023-07-27 12:36:39.531 [main] GROStepDefinition - Patient Name :CERULOPLASMIN (CER)
[INFO ] 2023-07-27 12:36:40.176 [main] GROStepDefinition - Gender : Male
[INFO ] 2023-07-27 12:36:40.941 [main] GROStepDefinition - Age : 25
[INFO ] 2023-07-27 12:36:46.067 [main] GROStepDefinition - Test Name :CERULOPLASMIN (CER)
[INFO ] 2023-07-27 12:36:49.497 [main] GROStepDefinition - Amount : ₱ 3,800
[INFO ] 2023-07-27 12:37:00.506 [main] GROStepDefinition - Patient ID : 1478
[INFO ] 2023-07-27 12:37:00.910 [main] GROStepDefinition - Select Patient Type : Direct
[INFO ] 2023-07-27 12:37:01.806 [main] GROStepDefinition - Patient Name :Chagas
[INFO ] 2023-07-27 12:37:02.438 [main] GROStepDefinition - Gender : Male
[INFO ] 2023-07-27 12:37:03.242 [main] GROStepDefinition - Age : 25
[INFO ] 2023-07-27 12:37:08.259 [main] GROStepDefinition - Test Name :Chagas
[INFO ] 2023-07-27 12:37:11.664 [main] GROStepDefinition - Amount : ₱ 0
[INFO ] 2023-07-27 12:37:22.737 [main] GROStepDefinition - Patient ID : 1479
[INFO ] 2023-07-27 12:37:23.143 [main] GROStepDefinition - Select Patient Type : Direct
[INFO ] 2023-07-27 12:37:24.379 [main] GROStepDefinition - Patient Name :Chickungunya IgG and IgM
[INFO ] 2023-07-27 12:37:25.003 [main] GROStepDefinition - Gender : Male
[INFO ] 2023-07-27 12:37:25.813 [main] GROStepDefinition - Age : 25
[INFO ] 2023-07-27 12:37:31.047 [main] GROStepDefinition - Test Name :Chickungunya IgG and IgM
[INFO ] 2023-07-27 12:39:54.708 [main] GROStepDefinition - Crelio Automation Script Run In :  Chrome Browser
[INFO ] 2023-07-27 12:40:07.202 [main] GROStepDefinition - Patient ID : 1480
[INFO ] 2023-07-27 12:40:07.704 [main] GROStepDefinition - Select Patient Type : Direct
[INFO ] 2023-07-27 12:40:08.984 [main] GROStepDefinition - Patient Name :Chickungunya IgG and IgM
[INFO ] 2023-07-27 12:40:09.564 [main] GROStepDefinition - Gender : Male
[INFO ] 2023-07-27 12:40:10.290 [main] GROStepDefinition - Age : 25
[INFO ] 2023-07-27 12:40:15.334 [main] GROStepDefinition - Test Name :Chickungunya IgG and IgM
[INFO ] 2023-07-27 12:42:37.878 [main] GROStepDefinition - Crelio Automation Script Run In :  Chrome Browser
[INFO ] 2023-07-27 12:42:49.331 [main] GROStepDefinition - Patient ID : 1481
[INFO ] 2023-07-27 12:42:49.773 [main] GROStepDefinition - Select Patient Type : Direct
[INFO ] 2023-07-27 12:42:51.160 [main] GROStepDefinition - Patient Name :Cholesterol Total/HDL Ratio
[INFO ] 2023-07-27 12:42:51.764 [main] GROStepDefinition - Gender : Male
[INFO ] 2023-07-27 12:42:52.491 [main] GROStepDefinition - Age : 25
[INFO ] 2023-07-27 12:43:20.166 [main] GROStepDefinition - Crelio Automation Script Run In :  Chrome Browser
[INFO ] 2023-07-27 12:43:33.030 [main] GROStepDefinition - Patient ID : 1481
[INFO ] 2023-07-27 12:43:33.580 [main] GROStepDefinition - Select Patient Type : Direct
[INFO ] 2023-07-27 12:43:34.947 [main] GROStepDefinition - Patient Name :Cholesterol Total/HDL Ratio
[INFO ] 2023-07-27 12:43:35.580 [main] GROStepDefinition - Gender : Male
[INFO ] 2023-07-27 12:43:36.381 [main] GROStepDefinition - Age : 25
[INFO ] 2023-07-27 12:43:41.564 [main] GROStepDefinition - Test Name :Cholesterol Total/HDL Ratio
[INFO ] 2023-07-27 12:43:45.005 [main] GROStepDefinition - Amount : ₱ 0
[INFO ] 2023-07-27 12:43:55.963 [main] GROStepDefinition - Patient ID : 1482
[INFO ] 2023-07-27 12:43:56.376 [main] GROStepDefinition - Select Patient Type : Direct
[INFO ] 2023-07-27 12:43:57.867 [main] GROStepDefinition - Patient Name :CMV IgG - Cytomegalovirus- IgG
[INFO ] 2023-07-27 12:43:58.492 [main] GROStepDefinition - Gender : Male
[INFO ] 2023-07-27 12:43:59.262 [main] GROStepDefinition - Age : 25
[INFO ] 2023-07-27 12:44:04.597 [main] GROStepDefinition - Test Name :CMV IgG - Cytomegalovirus- IgG
[INFO ] 2023-07-27 12:44:08.027 [main] GROStepDefinition - Amount : ₱ 1,670
[INFO ] 2023-07-27 12:44:48.280 [main] GROStepDefinition - Crelio Automation Script Run In :  Chrome Browser
[INFO ] 2023-07-27 12:45:00.070 [main] GROStepDefinition - Patient ID : 1483
[INFO ] 2023-07-27 12:45:00.581 [main] GROStepDefinition - Select Patient Type : Direct
[INFO ] 2023-07-27 12:45:01.719 [main] GROStepDefinition - Patient Name :Cocaine (COC)
[INFO ] 2023-07-27 12:45:02.310 [main] GROStepDefinition - Gender : Male
[INFO ] 2023-07-27 12:45:03.047 [main] GROStepDefinition - Age : 25
[INFO ] 2023-07-27 12:45:07.963 [main] GROStepDefinition - Test Name :Cocaine (COC)
[INFO ] 2023-07-27 12:45:11.386 [main] GROStepDefinition - Amount : ₱ 0
[INFO ] 2023-07-27 12:45:22.366 [main] GROStepDefinition - Patient ID : 1484
[INFO ] 2023-07-27 12:45:22.770 [main] GROStepDefinition - Select Patient Type : Direct
[INFO ] 2023-07-27 12:45:23.700 [main] GROStepDefinition - Patient Name :Cortisol
[INFO ] 2023-07-27 12:45:24.297 [main] GROStepDefinition - Gender : Male
[INFO ] 2023-07-27 12:45:25.082 [main] GROStepDefinition - Age : 25
[INFO ] 2023-07-27 12:45:30.152 [main] GROStepDefinition - Test Name :Cortisol
[INFO ] 2023-07-27 12:45:33.574 [main] GROStepDefinition - Amount : ₱ 0
[INFO ] 2023-07-27 12:45:44.596 [main] GROStepDefinition - Patient ID : 1485
[INFO ] 2023-07-27 12:45:45.010 [main] GROStepDefinition - Select Patient Type : Direct
[INFO ] 2023-07-27 12:45:45.876 [main] GROStepDefinition - Patient Name :D-DIMER
[INFO ] 2023-07-27 12:45:46.472 [main] GROStepDefinition - Gender : Male
[INFO ] 2023-07-27 12:45:47.251 [main] GROStepDefinition - Age : 25
[INFO ] 2023-07-27 12:45:52.214 [main] GROStepDefinition - Test Name :D-DIMER
[INFO ] 2023-07-27 12:45:55.666 [main] GROStepDefinition - Amount : ₱ 2,090
[INFO ] 2023-07-27 12:46:06.801 [main] GROStepDefinition - Patient ID : 1486
[INFO ] 2023-07-27 12:46:07.203 [main] GROStepDefinition - Select Patient Type : Direct
[INFO ] 2023-07-27 12:46:08.316 [main] GROStepDefinition - Patient Name :FILARIAL ANTIGEN
[INFO ] 2023-07-27 12:46:08.942 [main] GROStepDefinition - Gender : Male
[INFO ] 2023-07-27 12:46:09.747 [main] GROStepDefinition - Age : 25
[INFO ] 2023-07-27 12:46:14.861 [main] GROStepDefinition - Test Name :FILARIAL ANTIGEN
[INFO ] 2023-07-27 12:46:18.310 [main] GROStepDefinition - Amount : ₱ 0
[INFO ] 2023-07-27 12:46:29.377 [main] GROStepDefinition - Patient ID : 1487
[INFO ] 2023-07-27 12:46:29.795 [main] GROStepDefinition - Select Patient Type : Direct
[INFO ] 2023-07-27 12:46:31.070 [main] GROStepDefinition - Patient Name :Glucose in 24 hr Urine
[INFO ] 2023-07-27 12:46:31.708 [main] GROStepDefinition - Gender : Male
[INFO ] 2023-07-27 12:46:32.522 [main] GROStepDefinition - Age : 25
[INFO ] 2023-07-27 12:46:37.741 [main] GROStepDefinition - Test Name :Glucose in 24 hr Urine
[INFO ] 2023-07-27 12:46:41.122 [main] GROStepDefinition - Amount : ₱ 0
[INFO ] 2023-07-27 12:46:52.104 [main] GROStepDefinition - Patient ID : 1488
[INFO ] 2023-07-27 12:46:52.508 [main] GROStepDefinition - Select Patient Type : Direct
[INFO ] 2023-07-27 12:46:53.682 [main] GROStepDefinition - Patient Name :Glucose in spot urine
[INFO ] 2023-07-27 12:46:54.298 [main] GROStepDefinition - Gender : Male
[INFO ] 2023-07-27 12:46:55.104 [main] GROStepDefinition - Age : 25
[INFO ] 2023-07-27 12:47:00.386 [main] GROStepDefinition - Test Name :Glucose in spot urine
[INFO ] 2023-07-27 12:47:03.830 [main] GROStepDefinition - Amount : ₱ 0
[INFO ] 2023-07-27 12:47:14.801 [main] GROStepDefinition - Patient ID : 1489
[INFO ] 2023-07-27 12:47:15.210 [main] GROStepDefinition - Select Patient Type : Direct
[INFO ] 2023-07-27 12:47:16.753 [main] GROStepDefinition - Patient Name :HBSAG - Qualitative (Screening Test)
[INFO ] 2023-07-27 12:47:17.341 [main] GROStepDefinition - Gender : Male
[INFO ] 2023-07-27 12:47:18.136 [main] GROStepDefinition - Age : 25
[INFO ] 2023-07-27 12:47:23.477 [main] GROStepDefinition - Test Name :HBSAG - Qualitative (Screening Test)
[INFO ] 2023-07-27 12:47:26.915 [main] GROStepDefinition - Amount : ₱ 190
[INFO ] 2023-07-27 12:47:37.914 [main] GROStepDefinition - Patient ID : 1490
[INFO ] 2023-07-27 12:47:38.330 [main] GROStepDefinition - Select Patient Type : Direct
[INFO ] 2023-07-27 12:47:39.231 [main] GROStepDefinition - Patient Name :HCV Ag
[INFO ] 2023-07-27 12:47:39.822 [main] GROStepDefinition - Gender : Male
[INFO ] 2023-07-27 12:47:40.624 [main] GROStepDefinition - Age : 25
[INFO ] 2023-07-27 12:47:45.669 [main] GROStepDefinition - Test Name :HCV Ag
[INFO ] 2023-07-27 12:47:49.153 [main] GROStepDefinition - Amount : ₱ 0
[INFO ] 2023-07-27 12:48:00.167 [main] GROStepDefinition - Patient ID : 1491
[INFO ] 2023-07-27 12:48:00.579 [main] GROStepDefinition - Select Patient Type : Direct
[INFO ] 2023-07-27 12:48:01.889 [main] GROStepDefinition - Patient Name :HDL/LDL Cholesterol Ratio
[INFO ] 2023-07-27 12:48:02.500 [main] GROStepDefinition - Gender : Male
[INFO ] 2023-07-27 12:48:03.323 [main] GROStepDefinition - Age : 25
[INFO ] 2023-07-27 12:48:08.492 [main] GROStepDefinition - Test Name :HDL/LDL Cholesterol Ratio
[INFO ] 2023-07-27 12:48:11.994 [main] GROStepDefinition - Amount : ₱ 0
[INFO ] 2023-07-27 12:48:22.857 [main] GROStepDefinition - Patient ID : 1492
[INFO ] 2023-07-27 12:48:23.264 [main] GROStepDefinition - Select Patient Type : Direct
[INFO ] 2023-07-27 12:48:24.154 [main] GROStepDefinition - Patient Name :HOMA IR
[INFO ] 2023-07-27 12:48:24.798 [main] GROStepDefinition - Gender : Male
[INFO ] 2023-07-27 12:48:25.621 [main] GROStepDefinition - Age : 25
[INFO ] 2023-07-27 12:48:30.671 [main] GROStepDefinition - Test Name :HOMA IR
[INFO ] 2023-07-27 12:48:34.115 [main] GROStepDefinition - Amount : ₱ 0
[INFO ] 2023-07-27 12:48:45.192 [main] GROStepDefinition - Patient ID : 1493
[INFO ] 2023-07-27 12:48:45.604 [main] GROStepDefinition - Select Patient Type : Direct
[INFO ] 2023-07-27 12:48:46.658 [main] GROStepDefinition - Patient Name :LDL Calculated
[INFO ] 2023-07-27 12:48:47.257 [main] GROStepDefinition - Gender : Male
[INFO ] 2023-07-27 12:48:48.005 [main] GROStepDefinition - Age : 25
[INFO ] 2023-07-27 12:48:53.126 [main] GROStepDefinition - Test Name :LDL Calculated
[INFO ] 2023-07-27 12:50:12.081 [main] GROStepDefinition - Crelio Automation Script Run In :  Chrome Browser
[INFO ] 2023-07-27 12:50:22.489 [main] GROStepDefinition - Patient ID : 1494
[INFO ] 2023-07-27 12:50:23.083 [main] GROStepDefinition - Select Patient Type : Direct
[INFO ] 2023-07-27 12:50:24.128 [main] GROStepDefinition - Patient Name :LDL/HDL Ratio
[INFO ] 2023-07-27 12:50:24.722 [main] GROStepDefinition - Gender : Male
[INFO ] 2023-07-27 12:50:25.438 [main] GROStepDefinition - Age : 25
[INFO ] 2023-07-27 12:50:30.418 [main] GROStepDefinition - Test Name :LDL/HDL Ratio
[INFO ] 2023-07-27 12:51:38.045 [main] GROStepDefinition - Crelio Automation Script Run In :  Chrome Browser
[INFO ] 2023-07-27 12:51:47.123 [main] GROStepDefinition - Patient ID : 1495
[INFO ] 2023-07-27 12:51:47.672 [main] GROStepDefinition - Select Patient Type : Direct
[INFO ] 2023-07-27 12:51:49.084 [main] GROStepDefinition - Patient Name :Mean platelet Volume (MPV)
[INFO ] 2023-07-27 12:51:49.706 [main] GROStepDefinition - Gender : Male
[INFO ] 2023-07-27 12:51:50.491 [main] GROStepDefinition - Age : 25
[INFO ] 2023-07-27 12:51:55.500 [main] GROStepDefinition - Test Name :Mean platelet Volume (MPV)
[INFO ] 2023-07-27 12:51:58.938 [main] GROStepDefinition - Amount : ₱ 265
[INFO ] 2023-07-27 12:52:09.975 [main] GROStepDefinition - Patient ID : 1496
[INFO ] 2023-07-27 12:52:10.380 [main] GROStepDefinition - Select Patient Type : Direct
[INFO ] 2023-07-27 12:52:11.397 [main] GROStepDefinition - Patient Name :Methadone (MTD)
[INFO ] 2023-07-27 12:52:12.025 [main] GROStepDefinition - Gender : Male
[INFO ] 2023-07-27 12:52:12.809 [main] GROStepDefinition - Age : 25
[INFO ] 2023-07-27 12:52:17.906 [main] GROStepDefinition - Test Name :Methadone (MTD)
[INFO ] 2023-07-27 12:52:21.325 [main] GROStepDefinition - Amount : ₱ 0
[INFO ] 2023-07-27 12:53:13.836 [main] GROStepDefinition - Crelio Automation Script Run In :  Chrome Browser
[INFO ] 2023-07-27 12:53:22.409 [main] GROStepDefinition - Patient ID : 1497
[INFO ] 2023-07-27 12:53:22.912 [main] GROStepDefinition - Select Patient Type : Direct
[INFO ] 2023-07-27 12:53:24.059 [main] GROStepDefinition - Patient Name :Methaqualone(MQL)
[INFO ] 2023-07-27 12:53:24.643 [main] GROStepDefinition - Gender : Male
[INFO ] 2023-07-27 12:53:25.370 [main] GROStepDefinition - Age : 25
[INFO ] 2023-07-27 12:53:30.381 [main] GROStepDefinition - Test Name :Methaqualone(MQL)
[INFO ] 2023-07-27 12:53:33.806 [main] GROStepDefinition - Amount : ₱ 0
[INFO ] 2023-07-27 12:53:44.713 [main] GROStepDefinition - Patient ID : 1498
[INFO ] 2023-07-27 12:53:45.117 [main] GROStepDefinition - Select Patient Type : Direct
[INFO ] 2023-07-27 12:53:46.462 [main] GROStepDefinition - Patient Name :Microalbumin - Spot Urine
[INFO ] 2023-07-27 12:53:47.106 [main] GROStepDefinition - Gender : Male
[INFO ] 2023-07-27 12:53:47.870 [main] GROStepDefinition - Age : 25
[INFO ] 2023-07-27 12:53:53.040 [main] GROStepDefinition - Test Name :Microalbumin - Spot Urine
[INFO ] 2023-07-27 12:53:56.489 [main] GROStepDefinition - Amount : ₱ 0
[INFO ] 2023-07-27 12:54:07.483 [main] GROStepDefinition - Patient ID : 1499
[INFO ] 2023-07-27 12:54:07.890 [main] GROStepDefinition - Select Patient Type : Direct
[INFO ] 2023-07-27 12:54:09.573 [main] GROStepDefinition - Patient Name :Microalbumin / Creatinine Ratio - spot
[INFO ] 2023-07-27 12:54:10.193 [main] GROStepDefinition - Gender : Male
[INFO ] 2023-07-27 12:54:10.971 [main] GROStepDefinition - Age : 25
[INFO ] 2023-07-27 12:54:16.350 [main] GROStepDefinition - Test Name :Microalbumin / Creatinine Ratio - spot
[INFO ] 2023-07-27 12:54:19.784 [main] GROStepDefinition - Amount : ₱ 0
[INFO ] 2023-07-27 12:54:30.711 [main] GROStepDefinition - Patient ID : 1500
[INFO ] 2023-07-27 12:54:31.124 [main] GROStepDefinition - Select Patient Type : Direct
[INFO ] 2023-07-27 12:54:32.045 [main] GROStepDefinition - Patient Name :NO GROWTH
[INFO ] 2023-07-27 12:54:32.681 [main] GROStepDefinition - Gender : Male
[INFO ] 2023-07-27 12:54:33.452 [main] GROStepDefinition - Age : 25
[INFO ] 2023-07-27 12:54:38.583 [main] GROStepDefinition - Test Name :NO GROWTH
[INFO ] 2023-07-27 12:54:42.051 [main] GROStepDefinition - Amount : ₱ 0
[INFO ] 2023-07-27 12:54:53.041 [main] GROStepDefinition - Patient ID : 1501
[INFO ] 2023-07-27 12:54:53.445 [main] GROStepDefinition - Select Patient Type : Direct
[INFO ] 2023-07-27 12:54:54.664 [main] GROStepDefinition - Patient Name :Non- HDL Cholesterol
[INFO ] 2023-07-27 12:54:55.249 [main] GROStepDefinition - Gender : Male
[INFO ] 2023-07-27 12:54:55.995 [main] GROStepDefinition - Age : 25
[INFO ] 2023-07-27 12:55:01.224 [main] GROStepDefinition - Test Name :Non- HDL Cholesterol
[INFO ] 2023-07-27 12:55:04.671 [main] GROStepDefinition - Amount : ₱ 0
[INFO ] 2023-07-27 12:55:15.705 [main] GROStepDefinition - Patient ID : 1502
[INFO ] 2023-07-27 12:55:16.123 [main] GROStepDefinition - Select Patient Type : Direct
[INFO ] 2023-07-27 12:55:17.157 [main] GROStepDefinition - Patient Name :Opiates(OPI)
[INFO ] 2023-07-27 12:55:17.793 [main] GROStepDefinition - Gender : Male
[INFO ] 2023-07-27 12:55:18.605 [main] GROStepDefinition - Age : 25
[INFO ] 2023-07-27 12:55:23.731 [main] GROStepDefinition - Test Name :Opiates(OPI)
[INFO ] 2023-07-27 12:55:27.187 [main] GROStepDefinition - Amount : ₱ 0
[INFO ] 2023-07-27 12:55:38.128 [main] GROStepDefinition - Patient ID : 1503
[INFO ] 2023-07-27 12:55:38.537 [main] GROStepDefinition - Select Patient Type : Direct
[INFO ] 2023-07-27 12:55:39.505 [main] GROStepDefinition - Patient Name :Ova and cyst
[INFO ] 2023-07-27 12:55:40.131 [main] GROStepDefinition - Gender : Male
[INFO ] 2023-07-27 12:55:40.909 [main] GROStepDefinition - Age : 25
[INFO ] 2023-07-27 12:55:45.993 [main] GROStepDefinition - Test Name :Ova and cyst
[INFO ] 2023-07-27 12:55:49.420 [main] GROStepDefinition - Amount : ₱ 0
[INFO ] 2023-07-27 12:56:00.339 [main] GROStepDefinition - Patient ID : 1504
[INFO ] 2023-07-27 12:56:00.746 [main] GROStepDefinition - Select Patient Type : Direct
[INFO ] 2023-07-27 12:56:01.553 [main] GROStepDefinition - Patient Name :PH
[INFO ] 2023-07-27 12:56:02.174 [main] GROStepDefinition - Gender : Male
[INFO ] 2023-07-27 12:56:02.978 [main] GROStepDefinition - Age : 25
[INFO ] 2023-07-27 12:56:07.993 [main] GROStepDefinition - Test Name :PH
[INFO ] 2023-07-27 12:56:11.422 [main] GROStepDefinition - Amount : ₱ 0
[INFO ] 2023-07-27 12:56:22.420 [main] GROStepDefinition - Patient ID : 1505
[INFO ] 2023-07-27 12:56:22.830 [main] GROStepDefinition - Select Patient Type : Direct
[INFO ] 2023-07-27 12:56:24.055 [main] GROStepDefinition - Patient Name :Phencyclidine (PCP)
[INFO ] 2023-07-27 12:56:24.639 [main] GROStepDefinition - Gender : Male
[INFO ] 2023-07-27 12:56:25.436 [main] GROStepDefinition - Age : 25
[INFO ] 2023-07-27 12:56:30.594 [main] GROStepDefinition - Test Name :Phencyclidine (PCP)
[INFO ] 2023-07-27 12:56:34.042 [main] GROStepDefinition - Amount : ₱ 0
[INFO ] 2023-07-27 12:56:45.015 [main] GROStepDefinition - Patient ID : 1506
[INFO ] 2023-07-27 12:56:45.419 [main] GROStepDefinition - Select Patient Type : Direct
[INFO ] 2023-07-27 12:56:47.042 [main] GROStepDefinition - Patient Name :Red Cell distribution width (RDW -CV )
[INFO ] 2023-07-27 12:56:47.663 [main] GROStepDefinition - Gender : Male
[INFO ] 2023-07-27 12:56:48.444 [main] GROStepDefinition - Age : 25
[INFO ] 2023-07-27 12:56:53.815 [main] GROStepDefinition - Test Name :Red Cell distribution width (RDW -CV )
[INFO ] 2023-07-27 12:56:57.231 [main] GROStepDefinition - Amount : ₱ 265
[INFO ] 2023-07-27 12:57:08.252 [main] GROStepDefinition - Patient ID : 1507
[INFO ] 2023-07-27 12:57:08.665 [main] GROStepDefinition - Select Patient Type : Direct
[INFO ] 2023-07-27 12:57:09.445 [main] GROStepDefinition - Patient Name :RF
[INFO ] 2023-07-27 12:57:10.074 [main] GROStepDefinition - Gender : Male
[INFO ] 2023-07-27 12:57:10.891 [main] GROStepDefinition - Age : 25
[INFO ] 2023-07-27 12:57:15.949 [main] GROStepDefinition - Test Name :RF
[INFO ] 2023-07-27 12:57:19.393 [main] GROStepDefinition - Amount : ₱ 0
[INFO ] 2023-07-27 12:57:30.330 [main] GROStepDefinition - Patient ID : 1509
[INFO ] 2023-07-27 12:57:30.739 [main] GROStepDefinition - Select Patient Type : Direct
[INFO ] 2023-07-27 12:57:32.658 [main] GROStepDefinition - Patient Name :Serum UIBC (unsaturated iron-binding capacity )
[INFO ] 2023-07-27 12:57:33.280 [main] GROStepDefinition - Gender : Male
[INFO ] 2023-07-27 12:57:34.084 [main] GROStepDefinition - Age : 25
[INFO ] 2023-07-27 12:57:39.546 [main] GROStepDefinition - Test Name :Serum UIBC (unsaturated iron-binding capacity )
[INFO ] 2023-07-27 12:57:42.990 [main] GROStepDefinition - Amount : ₱ 300
[INFO ] 2023-07-27 12:58:35.674 [main] GROStepDefinition - Crelio Automation Script Run In :  Chrome Browser
[INFO ] 2023-07-27 12:58:44.137 [main] GROStepDefinition - Patient ID : 1510
[INFO ] 2023-07-27 12:58:44.674 [main] GROStepDefinition - Select Patient Type : Direct
[INFO ] 2023-07-27 12:58:45.609 [main] GROStepDefinition - Patient Name :STAT CK-MB
[INFO ] 2023-07-27 12:58:46.190 [main] GROStepDefinition - Gender : Male
[INFO ] 2023-07-27 12:58:46.905 [main] GROStepDefinition - Age : 25
[INFO ] 2023-07-27 12:58:51.847 [main] GROStepDefinition - Test Name :STAT CK-MB
[INFO ] 2023-07-27 12:58:55.299 [main] GROStepDefinition - Amount : ₱ 0
[INFO ] 2023-07-27 12:59:06.284 [main] GROStepDefinition - Patient ID : 1511
[INFO ] 2023-07-27 12:59:06.698 [main] GROStepDefinition - Select Patient Type : Direct
[INFO ] 2023-07-27 12:59:08.358 [main] GROStepDefinition - Patient Name :Stool CULTURE & SENSITIVITY (MANUAL)
[INFO ] 2023-07-27 12:59:08.984 [main] GROStepDefinition - Gender : Male
[INFO ] 2023-07-27 12:59:09.795 [main] GROStepDefinition - Age : 25
[INFO ] 2023-07-27 12:59:15.140 [main] GROStepDefinition - Test Name :Stool CULTURE & SENSITIVITY (MANUAL)
[INFO ] 2023-07-27 12:59:18.572 [main] GROStepDefinition - Amount : ₱ 760
[INFO ] 2023-07-27 12:59:29.574 [main] GROStepDefinition - Patient ID : 1512
[INFO ] 2023-07-27 12:59:29.992 [main] GROStepDefinition - Select Patient Type : Direct
[INFO ] 2023-07-27 12:59:31.058 [main] GROStepDefinition - Patient Name :Thyroid Panel
[INFO ] 2023-07-27 12:59:31.668 [main] GROStepDefinition - Gender : Male
[INFO ] 2023-07-27 12:59:32.450 [main] GROStepDefinition - Age : 25
[INFO ] 2023-07-27 12:59:37.589 [main] GROStepDefinition - Test Name :Thyroid Panel
[INFO ] 2023-07-27 12:59:41.026 [main] GROStepDefinition - Amount : ₱ 550
[INFO ] 2023-07-27 12:59:51.949 [main] GROStepDefinition - Patient ID : 1513
[INFO ] 2023-07-27 12:59:52.367 [main] GROStepDefinition - Select Patient Type : Direct
[INFO ] 2023-07-27 12:59:53.494 [main] GROStepDefinition - Patient Name :Thyroid Panel II
[INFO ] 2023-07-27 12:59:54.105 [main] GROStepDefinition - Gender : Male
[INFO ] 2023-07-27 12:59:54.902 [main] GROStepDefinition - Age : 25
[INFO ] 2023-07-27 12:59:59.995 [main] GROStepDefinition - Test Name :Thyroid Panel II
[INFO ] 2023-07-27 13:00:03.430 [main] GROStepDefinition - Amount : ₱ 1,000
[INFO ] 2023-07-27 13:03:43.547 [main] GROStepDefinition - Crelio Automation Script Run In :  Chrome Browser
[INFO ] 2023-07-27 13:03:54.269 [main] GROStepDefinition - Patient ID : 1514
[INFO ] 2023-07-27 13:03:54.824 [main] GROStepDefinition - Select Patient Type : Direct
[INFO ] 2023-07-27 13:03:56.149 [main] GROStepDefinition - Patient Name :Thyroid Screening Panel
[INFO ] 2023-07-27 13:03:56.780 [main] GROStepDefinition - Gender : Male
[INFO ] 2023-07-27 13:03:57.573 [main] GROStepDefinition - Age : 25
[INFO ] 2023-07-27 13:04:18.628 [main] GROStepDefinition - Crelio Automation Script Run In :  Chrome Browser
[INFO ] 2023-07-27 13:04:29.179 [main] GROStepDefinition - Patient ID : 1514
[INFO ] 2023-07-27 13:04:29.727 [main] GROStepDefinition - Select Patient Type : Direct
[INFO ] 2023-07-27 13:04:31.076 [main] GROStepDefinition - Patient Name :Thyroid Screening Panel
[INFO ] 2023-07-27 13:04:31.685 [main] GROStepDefinition - Gender : Male
[INFO ] 2023-07-27 13:04:32.423 [main] GROStepDefinition - Age : 25
[INFO ] 2023-07-27 13:04:37.445 [main] GROStepDefinition - Test Name :Thyroid Screening Panel
[INFO ] 2023-07-27 13:04:40.909 [main] GROStepDefinition - Amount : ₱ 1,750
[INFO ] 2023-07-27 13:04:51.749 [main] GROStepDefinition - Patient ID : 1515
[INFO ] 2023-07-27 13:04:52.152 [main] GROStepDefinition - Select Patient Type : Direct
[INFO ] 2023-07-27 13:04:52.962 [main] GROStepDefinition - Patient Name :TIBC
[INFO ] 2023-07-27 13:04:53.585 [main] GROStepDefinition - Gender : Male
[INFO ] 2023-07-27 13:04:54.330 [main] GROStepDefinition - Age : 25
[INFO ] 2023-07-27 13:04:59.347 [main] GROStepDefinition - Test Name :TIBC
[INFO ] 2023-07-27 13:05:02.785 [main] GROStepDefinition - Amount : ₱ 0
[INFO ] 2023-07-27 13:05:13.774 [main] GROStepDefinition - Patient ID : 1516
[INFO ] 2023-07-27 13:05:14.188 [main] GROStepDefinition - Select Patient Type : Direct
[INFO ] 2023-07-27 13:05:15.124 [main] GROStepDefinition - Patient Name :Torch IgG
[INFO ] 2023-07-27 13:05:15.722 [main] GROStepDefinition - Gender : Male
[INFO ] 2023-07-27 13:05:16.514 [main] GROStepDefinition - Age : 25
[INFO ] 2023-07-27 13:05:21.456 [main] GROStepDefinition - Test Name :Torch IgG
[INFO ] 2023-07-27 13:05:24.902 [main] GROStepDefinition - Amount : ₱ 0
[INFO ] 2023-07-27 13:05:35.954 [main] GROStepDefinition - Patient ID : 1517
[INFO ] 2023-07-27 13:05:36.357 [main] GROStepDefinition - Select Patient Type : Direct
[INFO ] 2023-07-27 13:05:37.313 [main] GROStepDefinition - Patient Name :Torch IgM
[INFO ] 2023-07-27 13:05:37.929 [main] GROStepDefinition - Gender : Male
[INFO ] 2023-07-27 13:05:38.734 [main] GROStepDefinition - Age : 25
[INFO ] 2023-07-27 13:05:43.803 [main] GROStepDefinition - Test Name :Torch IgM
[INFO ] 2023-07-27 13:05:47.258 [main] GROStepDefinition - Amount : ₱ 0
[INFO ] 2023-07-27 13:05:58.226 [main] GROStepDefinition - Patient ID : 1518
[INFO ] 2023-07-27 13:05:58.642 [main] GROStepDefinition - Select Patient Type : Direct
[INFO ] 2023-07-27 13:05:59.657 [main] GROStepDefinition - Patient Name :Total β-hCG
[INFO ] 2023-07-27 13:06:00.254 [main] GROStepDefinition - Gender : Male
[INFO ] 2023-07-27 13:06:01.084 [main] GROStepDefinition - Age : 25
[INFO ] 2023-07-27 13:06:06.086 [main] GROStepDefinition - Test Name :Total β-hCG
[INFO ] 2023-07-27 13:06:09.532 [main] GROStepDefinition - Amount : ₱ 1,000
[INFO ] 2023-07-27 13:06:20.524 [main] GROStepDefinition - Patient ID : 1519
[INFO ] 2023-07-27 13:06:20.934 [main] GROStepDefinition - Select Patient Type : Direct
[INFO ] 2023-07-27 13:06:21.772 [main] GROStepDefinition - Patient Name :Trop I
[INFO ] 2023-07-27 13:06:22.368 [main] GROStepDefinition - Gender : Male
[INFO ] 2023-07-27 13:06:23.103 [main] GROStepDefinition - Age : 25
[INFO ] 2023-07-27 13:06:27.909 [main] GROStepDefinition - Test Name :Trop I
[INFO ] 2023-07-27 13:06:31.288 [main] GROStepDefinition - Amount : ₱ 3,000
[INFO ] 2023-07-27 13:06:42.185 [main] GROStepDefinition - Patient ID : 1520
[INFO ] 2023-07-27 13:06:42.586 [main] GROStepDefinition - Select Patient Type : Direct
[INFO ] 2023-07-27 13:06:43.506 [main] GROStepDefinition - Patient Name :Troponin-I
[INFO ] 2023-07-27 13:06:44.102 [main] GROStepDefinition - Gender : Male
[INFO ] 2023-07-27 13:06:44.838 [main] GROStepDefinition - Age : 25
[INFO ] 2023-07-27 13:06:49.740 [main] GROStepDefinition - Test Name :Troponin-I
[INFO ] 2023-07-27 13:06:53.214 [main] GROStepDefinition - Amount : ₱ 0
[INFO ] 2023-07-27 13:07:04.182 [main] GROStepDefinition - Patient ID : 1521
[INFO ] 2023-07-27 13:07:04.587 [main] GROStepDefinition - Select Patient Type : Direct
[INFO ] 2023-07-27 13:07:05.625 [main] GROStepDefinition - Patient Name :Urea in Urine
[INFO ] 2023-07-27 13:07:06.239 [main] GROStepDefinition - Gender : Male
[INFO ] 2023-07-27 13:07:07.057 [main] GROStepDefinition - Age : 25
[INFO ] 2023-07-27 13:07:12.155 [main] GROStepDefinition - Test Name :Urea in Urine
[INFO ] 2023-07-27 13:07:15.580 [main] GROStepDefinition - Amount : ₱ 0
[INFO ] 2023-07-27 13:07:26.615 [main] GROStepDefinition - Patient ID : 1522
[INFO ] 2023-07-27 13:07:27.033 [main] GROStepDefinition - Select Patient Type : Direct
[INFO ] 2023-07-27 13:07:28.093 [main] GROStepDefinition - Patient Name :Urine Amylase
[INFO ] 2023-07-27 13:07:28.710 [main] GROStepDefinition - Gender : Male
[INFO ] 2023-07-27 13:07:29.523 [main] GROStepDefinition - Age : 25
[INFO ] 2023-07-27 13:07:34.634 [main] GROStepDefinition - Test Name :Urine Amylase
[INFO ] 2023-07-27 13:07:38.044 [main] GROStepDefinition - Amount : ₱ 0
[INFO ] 2023-07-27 13:07:49.002 [main] GROStepDefinition - Patient ID : 1523
[INFO ] 2023-07-27 13:07:49.404 [main] GROStepDefinition - Select Patient Type : Direct
[INFO ] 2023-07-27 13:07:50.446 [main] GROStepDefinition - Patient Name :URINE Sodium
[INFO ] 2023-07-27 13:07:51.058 [main] GROStepDefinition - Gender : Male
[INFO ] 2023-07-27 13:07:51.864 [main] GROStepDefinition - Age : 25
[INFO ] 2023-07-27 13:07:56.917 [main] GROStepDefinition - Test Name :URINE Sodium
[INFO ] 2023-07-27 13:08:00.370 [main] GROStepDefinition - Amount : ₱ 0
[INFO ] 2023-07-27 13:08:11.334 [main] GROStepDefinition - Patient ID : 1524
[INFO ] 2023-07-27 13:08:11.739 [main] GROStepDefinition - Select Patient Type : Direct
[INFO ] 2023-07-27 13:08:13.298 [main] GROStepDefinition - Patient Name :VLDL - Very Low Density Lipoprotein
[INFO ] 2023-07-27 13:08:13.918 [main] GROStepDefinition - Gender : Male
[INFO ] 2023-07-27 13:08:14.703 [main] GROStepDefinition - Age : 25
[INFO ] 2023-07-27 13:08:19.962 [main] GROStepDefinition - Test Name :VLDL - Very Low Density Lipoprotein
[INFO ] 2023-07-27 13:08:23.433 [main] GROStepDefinition - Amount : ₱ 0
[INFO ] 2023-07-27 13:10:45.964 [main] GROStepDefinition - Crelio Automation Script Run In :  Chrome Browser
[INFO ] 2023-07-27 13:10:56.948 [main] GROStepDefinition - Patient ID : 1525
[INFO ] 2023-07-27 13:10:57.415 [main] GROStepDefinition - Select Patient Type : Direct
[INFO ] 2023-07-27 13:10:58.767 [main] GROStepDefinition - Patient Name :White Blood Cells (WBC)
[INFO ] 2023-07-27 13:10:59.361 [main] GROStepDefinition - Gender : Male
[INFO ] 2023-07-27 13:11:00.101 [main] GROStepDefinition - Age : 25
[INFO ] 2023-07-27 13:11:05.266 [main] GROStepDefinition - Test Name :White Blood Cells (WBC)
[INFO ] 2023-07-27 13:11:08.632 [main] GROStepDefinition - Amount : ₱ 265
[INFO ] 2023-07-27 13:11:19.543 [main] GROStepDefinition - Patient ID : 1526
[INFO ] 2023-07-27 13:11:19.955 [main] GROStepDefinition - Select Patient Type : Direct
[INFO ] 2023-07-27 13:11:20.657 [main] GROStepDefinition - Patient Name :
[INFO ] 2023-07-27 13:11:21.263 [main] GROStepDefinition - Gender : Male
[INFO ] 2023-07-27 13:11:22.025 [main] GROStepDefinition - Age : 25
[INFO ] 2023-07-27 16:28:30.368 [main] GROStepDefinition - Crelio Automation Script Run In :  Chrome Browser
[INFO ] 2023-07-27 16:28:40.208 [main] GROStepDefinition - Patient ID : 1533
[INFO ] 2023-07-27 16:28:40.660 [main] GROStepDefinition - Select Patient Type : Direct
[INFO ] 2023-07-27 16:28:41.693 [main] GROStepDefinition - Patient Name :% Saturation
[INFO ] 2023-07-27 16:28:42.288 [main] GROStepDefinition - Gender : Male
[INFO ] 2023-07-27 16:28:43.094 [main] GROStepDefinition - Age : 60
[INFO ] 2023-07-27 16:28:48.399 [main] GROStepDefinition - Test Name :% Saturation
[INFO ] 2023-07-27 16:28:51.802 [main] GROStepDefinition - Amount : ₱ 0
[INFO ] 2023-07-27 16:29:02.659 [main] GROStepDefinition - Patient ID : 1534
[INFO ] 2023-07-27 16:29:03.066 [main] GROStepDefinition - Select Patient Type : Direct
[INFO ] 2023-07-27 16:29:04.292 [main] GROStepDefinition - Patient Name :24 hr Urine C peptide
[INFO ] 2023-07-27 16:29:04.930 [main] GROStepDefinition - Gender : Male
[INFO ] 2023-07-27 16:29:05.712 [main] GROStepDefinition - Age : 60
[INFO ] 2023-07-27 16:29:10.746 [main] GROStepDefinition - Test Name :24 hr Urine C peptide
[INFO ] 2023-07-27 16:29:14.343 [main] GROStepDefinition - Amount : ₱ 0
[INFO ] 2023-07-27 16:29:25.422 [main] GROStepDefinition - Patient ID : 1535
[INFO ] 2023-07-27 16:29:25.832 [main] GROStepDefinition - Select Patient Type : Direct
[INFO ] 2023-07-27 16:29:27.124 [main] GROStepDefinition - Patient Name :24 hr Urine Chloride
[INFO ] 2023-07-27 16:29:27.775 [main] GROStepDefinition - Gender : Male
[INFO ] 2023-07-27 16:29:28.558 [main] GROStepDefinition - Age : 60
[INFO ] 2023-07-27 16:29:33.807 [main] GROStepDefinition - Test Name :24 hr Urine Chloride
[INFO ] 2023-07-27 16:29:37.354 [main] GROStepDefinition - Amount : ₱ 0
[INFO ] 2023-07-27 16:30:42.544 [main] GROStepDefinition - Crelio Automation Script Run In :  Chrome Browser
[INFO ] 2023-07-27 16:30:53.765 [main] GROStepDefinition - Patient ID : 1536
[INFO ] 2023-07-27 16:30:54.295 [main] GROStepDefinition - Select Patient Type : Direct
[INFO ] 2023-07-27 16:30:55.599 [main] GROStepDefinition - Patient Name :24 hr Urine Cortisol
[INFO ] 2023-07-27 16:30:56.244 [main] GROStepDefinition - Gender : Male
[INFO ] 2023-07-27 16:30:57.069 [main] GROStepDefinition - Age : 60
[INFO ] 2023-07-27 16:31:02.147 [main] GROStepDefinition - Test Name :24 hr Urine Cortisol
[INFO ] 2023-07-27 16:31:05.623 [main] GROStepDefinition - Amount : ₱ 0
[INFO ] 2023-07-27 16:31:16.723 [main] GROStepDefinition - Patient ID : 1537
[INFO ] 2023-07-27 16:31:17.137 [main] GROStepDefinition - Select Patient Type : Direct
[INFO ] 2023-07-27 16:31:18.356 [main] GROStepDefinition - Patient Name :24 hr Urine Magnesium
[INFO ] 2023-07-27 16:31:18.980 [main] GROStepDefinition - Gender : Male
[INFO ] 2023-07-27 16:31:19.707 [main] GROStepDefinition - Age : 60
[INFO ] 2023-07-27 16:31:24.742 [main] GROStepDefinition - Test Name :24 hr Urine Magnesium
[INFO ] 2023-07-27 16:31:28.111 [main] GROStepDefinition - Amount : ₱ 0
[INFO ] 2023-07-27 16:31:39.079 [main] GROStepDefinition - Patient ID : 1538
[INFO ] 2023-07-27 16:31:39.494 [main] GROStepDefinition - Select Patient Type : Direct
[INFO ] 2023-07-27 16:31:40.877 [main] GROStepDefinition - Patient Name :24 hr Urine Microalbumin
[INFO ] 2023-07-27 16:31:41.481 [main] GROStepDefinition - Gender : Male
[INFO ] 2023-07-27 16:31:42.268 [main] GROStepDefinition - Age : 60
[INFO ] 2023-07-27 16:31:47.532 [main] GROStepDefinition - Test Name :24 hr Urine Microalbumin
[INFO ] 2023-07-27 16:31:50.970 [main] GROStepDefinition - Amount : ₱ 0
[INFO ] 2023-07-27 16:32:02.138 [main] GROStepDefinition - Patient ID : 1539
[INFO ] 2023-07-27 16:32:02.553 [main] GROStepDefinition - Select Patient Type : Direct
[INFO ] 2023-07-27 16:32:03.754 [main] GROStepDefinition - Patient Name :24 hr Urine Phosphate
[INFO ] 2023-07-27 16:32:04.393 [main] GROStepDefinition - Gender : Male
[INFO ] 2023-07-27 16:32:05.225 [main] GROStepDefinition - Age : 60
[INFO ] 2023-07-27 16:32:10.505 [main] GROStepDefinition - Test Name :24 hr Urine Phosphate
[INFO ] 2023-07-27 16:32:13.982 [main] GROStepDefinition - Amount : ₱ 0
[INFO ] 2023-07-27 16:32:25.138 [main] GROStepDefinition - Patient ID : 1540
[INFO ] 2023-07-27 16:32:25.544 [main] GROStepDefinition - Select Patient Type : Direct
[INFO ] 2023-07-27 16:32:26.836 [main] GROStepDefinition - Patient Name :24 hr Urine Potassium
[INFO ] 2023-07-27 16:32:27.453 [main] GROStepDefinition - Gender : Male
[INFO ] 2023-07-27 16:32:28.285 [main] GROStepDefinition - Age : 60
[INFO ] 2023-07-27 16:32:33.603 [main] GROStepDefinition - Test Name :24 hr Urine Potassium
[INFO ] 2023-07-27 16:32:37.117 [main] GROStepDefinition - Amount : ₱ 0
[INFO ] 2023-07-27 16:32:48.107 [main] GROStepDefinition - Patient ID : 1541
[INFO ] 2023-07-27 16:32:48.516 [main] GROStepDefinition - Select Patient Type : Direct
[INFO ] 2023-07-27 16:32:49.762 [main] GROStepDefinition - Patient Name :24 hrs Urine Calcium
[INFO ] 2023-07-27 16:32:50.418 [main] GROStepDefinition - Gender : Male
[INFO ] 2023-07-27 16:32:51.207 [main] GROStepDefinition - Age : 60
[INFO ] 2023-07-27 16:32:56.504 [main] GROStepDefinition - Test Name :24 hrs Urine Calcium
[INFO ] 2023-07-27 16:33:00.073 [main] GROStepDefinition - Amount : ₱ 0
[INFO ] 2023-07-27 16:33:11.197 [main] GROStepDefinition - Patient ID : 1542
[INFO ] 2023-07-27 16:33:11.602 [main] GROStepDefinition - Select Patient Type : Direct
[INFO ] 2023-07-27 16:33:12.911 [main] GROStepDefinition - Patient Name :24 hrs Urine Uric Acid
[INFO ] 2023-07-27 16:33:13.558 [main] GROStepDefinition - Gender : Male
[INFO ] 2023-07-27 16:33:14.367 [main] GROStepDefinition - Age : 60
[INFO ] 2023-07-27 16:33:19.661 [main] GROStepDefinition - Test Name :24 hrs Urine Uric Acid
[INFO ] 2023-07-27 16:33:23.154 [main] GROStepDefinition - Amount : ₱ 335
[INFO ] 2023-07-27 16:33:34.491 [main] GROStepDefinition - Patient ID : 1543
[INFO ] 2023-07-27 16:33:34.899 [main] GROStepDefinition - Select Patient Type : Direct
[INFO ] 2023-07-27 16:33:36.119 [main] GROStepDefinition - Patient Name :Albumin Spot Urine
[INFO ] 2023-07-27 16:33:36.762 [main] GROStepDefinition - Gender : Male
[INFO ] 2023-07-27 16:33:37.538 [main] GROStepDefinition - Age : 60
[INFO ] 2023-07-27 16:33:42.721 [main] GROStepDefinition - Test Name :Albumin Spot Urine
[INFO ] 2023-07-27 16:33:46.260 [main] GROStepDefinition - Amount : ₱ 0
[INFO ] 2023-07-27 16:34:44.875 [main] GROStepDefinition - Crelio Automation Script Run In :  Chrome Browser
[INFO ] 2023-07-27 16:34:55.927 [main] GROStepDefinition - Patient ID : 1544
[INFO ] 2023-07-27 16:34:56.483 [main] GROStepDefinition - Select Patient Type : Direct
[INFO ] 2023-07-27 16:34:57.286 [main] GROStepDefinition - Patient Name :AMF
[INFO ] 2023-07-27 16:34:57.893 [main] GROStepDefinition - Gender : Male
[INFO ] 2023-07-27 16:34:58.652 [main] GROStepDefinition - Age : 60
[INFO ] 2023-07-27 16:35:03.520 [main] GROStepDefinition - Test Name :AMF
[INFO ] 2023-07-27 16:35:06.949 [main] GROStepDefinition - Amount : ₱ 0
[INFO ] 2023-07-27 16:35:17.866 [main] GROStepDefinition - Patient ID : 1545
[INFO ] 2023-07-27 16:35:18.273 [main] GROStepDefinition - Select Patient Type : Direct
[INFO ] 2023-07-27 16:35:19.456 [main] GROStepDefinition - Patient Name :Amphetamine(AMP)
[INFO ] 2023-07-27 16:35:20.045 [main] GROStepDefinition - Gender : Male
[INFO ] 2023-07-27 16:35:20.817 [main] GROStepDefinition - Age : 60
[INFO ] 2023-07-27 16:35:25.780 [main] GROStepDefinition - Test Name :Amphetamine(AMP)
[INFO ] 2023-07-27 16:35:29.273 [main] GROStepDefinition - Amount : ₱ 0
[INFO ] 2023-07-27 16:36:24.646 [main] GROStepDefinition - Crelio Automation Script Run In :  Chrome Browser
[INFO ] 2023-07-27 16:36:35.492 [main] GROStepDefinition - Patient ID : 1546
[INFO ] 2023-07-27 16:36:36.013 [main] GROStepDefinition - Select Patient Type : Direct
[INFO ] 2023-07-27 16:36:37.261 [main] GROStepDefinition - Patient Name :Barbiturates (BAR)
[INFO ] 2023-07-27 16:36:37.854 [main] GROStepDefinition - Gender : Male
[INFO ] 2023-07-27 16:36:38.591 [main] GROStepDefinition - Age : 60
[INFO ] 2023-07-27 16:36:43.691 [main] GROStepDefinition - Test Name :Barbiturates (BAR)
[INFO ] 2023-07-27 16:36:47.182 [main] GROStepDefinition - Amount : ₱ 0
[INFO ] 2023-07-27 16:36:58.027 [main] GROStepDefinition - Patient ID : 1547
[INFO ] 2023-07-27 16:36:58.440 [main] GROStepDefinition - Select Patient Type : Direct
[INFO ] 2023-07-27 16:36:59.628 [main] GROStepDefinition - Patient Name :Benzodiazepines(BZ0)
[INFO ] 2023-07-27 16:37:00.213 [main] GROStepDefinition - Gender : Male
[INFO ] 2023-07-27 16:37:00.971 [main] GROStepDefinition - Age : 60
[INFO ] 2023-07-27 16:37:06.014 [main] GROStepDefinition - Test Name :Benzodiazepines(BZ0)
[INFO ] 2023-07-27 16:37:09.463 [main] GROStepDefinition - Amount : ₱ 0
[INFO ] 2023-07-27 16:37:20.626 [main] GROStepDefinition - Patient ID : 1548
[INFO ] 2023-07-27 16:37:21.043 [main] GROStepDefinition - Select Patient Type : Direct
[INFO ] 2023-07-27 16:37:22.253 [main] GROStepDefinition - Patient Name :BICARBONATE (CO2)
[INFO ] 2023-07-27 16:37:22.929 [main] GROStepDefinition - Gender : Male
[INFO ] 2023-07-27 16:37:23.749 [main] GROStepDefinition - Age : 60
[INFO ] 2023-07-27 16:37:29.134 [main] GROStepDefinition - Test Name :BICARBONATE (CO2)
[INFO ] 2023-07-27 16:37:32.677 [main] GROStepDefinition - Amount : ₱ 0
[INFO ] 2023-07-27 16:37:43.941 [main] GROStepDefinition - Patient ID : 1549
[INFO ] 2023-07-27 16:37:44.345 [main] GROStepDefinition - Select Patient Type : Direct
[INFO ] 2023-07-27 16:37:45.430 [main] GROStepDefinition - Patient Name :Bleeding Time
[INFO ] 2023-07-27 16:37:46.070 [main] GROStepDefinition - Gender : Male
[INFO ] 2023-07-27 16:37:46.882 [main] GROStepDefinition - Age : 60
[INFO ] 2023-07-27 16:37:52.056 [main] GROStepDefinition - Test Name :Bleeding Time
[INFO ] 2023-07-27 16:37:55.569 [main] GROStepDefinition - Amount : ₱ 0
[INFO ] 2023-07-27 16:38:06.848 [main] GROStepDefinition - Patient ID : 1550
[INFO ] 2023-07-27 16:38:07.262 [main] GROStepDefinition - Select Patient Type : Direct
[INFO ] 2023-07-27 16:38:08.723 [main] GROStepDefinition - Patient Name :BUN (Blood Urea Nitrogen)
[INFO ] 2023-07-27 16:38:09.476 [main] GROStepDefinition - Gender : Male
[INFO ] 2023-07-27 16:38:10.300 [main] GROStepDefinition - Age : 60
[INFO ] 2023-07-27 16:38:15.749 [main] GROStepDefinition - Test Name :BUN (Blood Urea Nitrogen)
[INFO ] 2023-07-27 16:38:19.264 [main] GROStepDefinition - Amount : ₱ 125
[INFO ] 2023-07-27 16:38:30.373 [main] GROStepDefinition - Patient ID : 1551
[INFO ] 2023-07-27 16:38:30.775 [main] GROStepDefinition - Select Patient Type : Direct
[INFO ] 2023-07-27 16:38:31.813 [main] GROStepDefinition - Patient Name :C-Peptide
[INFO ] 2023-07-27 16:38:32.459 [main] GROStepDefinition - Gender : Male
[INFO ] 2023-07-27 16:38:33.292 [main] GROStepDefinition - Age : 60
[INFO ] 2023-07-27 16:38:38.547 [main] GROStepDefinition - Test Name :C-Peptide
[INFO ] 2023-07-27 16:38:42.014 [main] GROStepDefinition - Amount : ₱ 1,520
[INFO ] 2023-07-27 16:38:53.338 [main] GROStepDefinition - Patient ID : 1552
[INFO ] 2023-07-27 16:38:53.752 [main] GROStepDefinition - Select Patient Type : Direct
[INFO ] 2023-07-27 16:38:55.140 [main] GROStepDefinition - Patient Name :Cannabinoids (THC)
[INFO ] 2023-07-27 16:38:55.798 [main] GROStepDefinition - Gender : Male
[INFO ] 2023-07-27 16:38:56.625 [main] GROStepDefinition - Age : 60
[INFO ] 2023-07-27 16:39:01.794 [main] GROStepDefinition - Test Name :Cannabinoids (THC)
[INFO ] 2023-07-27 16:39:05.306 [main] GROStepDefinition - Amount : ₱ 0
[INFO ] 2023-07-27 16:39:16.414 [main] GROStepDefinition - Patient ID : 1553
[INFO ] 2023-07-27 16:39:16.818 [main] GROStepDefinition - Select Patient Type : Direct
[INFO ] 2023-07-27 16:39:17.770 [main] GROStepDefinition - Patient Name :Chagas
[INFO ] 2023-07-27 16:39:18.383 [main] GROStepDefinition - Gender : Male
[INFO ] 2023-07-27 16:39:19.215 [main] GROStepDefinition - Age : 60
[INFO ] 2023-07-27 16:39:24.447 [main] GROStepDefinition - Test Name :Chagas
[INFO ] 2023-07-27 16:39:27.916 [main] GROStepDefinition - Amount : ₱ 0
[INFO ] 2023-07-27 16:39:39.357 [main] GROStepDefinition - Patient ID : 1554
[INFO ] 2023-07-27 16:39:39.761 [main] GROStepDefinition - Select Patient Type : Direct
[INFO ] 2023-07-27 16:39:41.126 [main] GROStepDefinition - Patient Name :Chickungunya IgG and IgM
[INFO ] 2023-07-27 16:39:41.855 [main] GROStepDefinition - Gender : Male
[INFO ] 2023-07-27 16:39:42.690 [main] GROStepDefinition - Age : 60
[INFO ] 2023-07-27 16:39:48.127 [main] GROStepDefinition - Test Name :Chickungunya IgG and IgM
[INFO ] 2023-07-27 16:40:52.692 [main] GROStepDefinition - Crelio Automation Script Run In :  Chrome Browser
[INFO ] 2023-07-27 16:41:04.378 [main] GROStepDefinition - Patient ID : 1555
[INFO ] 2023-07-27 16:41:04.917 [main] GROStepDefinition - Select Patient Type : Direct
[INFO ] 2023-07-27 16:41:06.444 [main] GROStepDefinition - Patient Name :Cholesterol Total/HDL Ratio
[INFO ] 2023-07-27 16:41:07.051 [main] GROStepDefinition - Gender : Male
[INFO ] 2023-07-27 16:41:07.796 [main] GROStepDefinition - Age : 60
[INFO ] 2023-07-27 16:41:12.979 [main] GROStepDefinition - Test Name :Cholesterol Total/HDL Ratio
[INFO ] 2023-07-27 16:41:56.540 [main] GROStepDefinition - Crelio Automation Script Run In :  Chrome Browser
[INFO ] 2023-07-27 16:42:07.857 [main] GROStepDefinition - Patient ID : 1556
[INFO ] 2023-07-27 16:42:08.386 [main] GROStepDefinition - Select Patient Type : Direct
[INFO ] 2023-07-27 16:42:09.850 [main] GROStepDefinition - Patient Name :Cholesterol Total/HDL Ratio
[INFO ] 2023-07-27 16:42:10.450 [main] GROStepDefinition - Gender : Male
[INFO ] 2023-07-27 16:42:11.215 [main] GROStepDefinition - Age : 60
[INFO ] 2023-07-27 16:42:16.410 [main] GROStepDefinition - Test Name :Cholesterol Total/HDL Ratio
[INFO ] 2023-07-27 16:42:19.845 [main] GROStepDefinition - Amount : ₱ 0
[INFO ] 2023-07-27 16:43:12.416 [main] GROStepDefinition - Crelio Automation Script Run In :  Chrome Browser
[INFO ] 2023-07-27 16:43:23.522 [main] GROStepDefinition - Patient ID : 1557
[INFO ] 2023-07-27 16:43:24.002 [main] GROStepDefinition - Select Patient Type : Direct
[INFO ] 2023-07-27 16:43:25.686 [main] GROStepDefinition - Patient Name :Coagulation Profile (PT/INR & APTT)
[INFO ] 2023-07-27 16:43:26.344 [main] GROStepDefinition - Gender : Male
[INFO ] 2023-07-27 16:43:27.154 [main] GROStepDefinition - Age : 60
[INFO ] 2023-07-27 16:43:32.313 [main] GROStepDefinition - Test Name :Coagulation Profile (PT/INR & APTT)
[INFO ] 2023-07-27 16:43:35.723 [main] GROStepDefinition - Amount : ₱ 650
[INFO ] 2023-07-27 16:43:46.683 [main] GROStepDefinition - Patient ID : 1558
[INFO ] 2023-07-27 16:43:47.086 [main] GROStepDefinition - Select Patient Type : Direct
[INFO ] 2023-07-27 16:43:48.119 [main] GROStepDefinition - Patient Name :Cocaine (COC)
[INFO ] 2023-07-27 16:43:48.716 [main] GROStepDefinition - Gender : Male
[INFO ] 2023-07-27 16:43:49.426 [main] GROStepDefinition - Age : 60
[INFO ] 2023-07-27 16:43:54.520 [main] GROStepDefinition - Test Name :Cocaine (COC)
[INFO ] 2023-07-27 16:43:58.030 [main] GROStepDefinition - Amount : ₱ 0
[INFO ] 2023-07-27 16:44:09.187 [main] GROStepDefinition - Patient ID : 1559
[INFO ] 2023-07-27 16:44:09.605 [main] GROStepDefinition - Select Patient Type : Direct
[INFO ] 2023-07-27 16:44:11.021 [main] GROStepDefinition - Patient Name :Complete Blood Count - CBC
[INFO ] 2023-07-27 16:44:11.670 [main] GROStepDefinition - Gender : Male
[INFO ] 2023-07-27 16:44:12.461 [main] GROStepDefinition - Age : 60
[INFO ] 2023-07-27 16:44:17.758 [main] GROStepDefinition - Test Name :Complete Blood Count - CBC
[INFO ] 2023-07-27 16:44:21.331 [main] GROStepDefinition - Amount : ₱ 265
[INFO ] 2023-07-27 16:44:32.523 [main] GROStepDefinition - Patient ID : 1560
[INFO ] 2023-07-27 16:44:32.926 [main] GROStepDefinition - Select Patient Type : Direct
[INFO ] 2023-07-27 16:44:33.874 [main] GROStepDefinition - Patient Name :Cortisol
[INFO ] 2023-07-27 16:44:34.546 [main] GROStepDefinition - Gender : Male
[INFO ] 2023-07-27 16:44:35.389 [main] GROStepDefinition - Age : 60
[INFO ] 2023-07-27 16:44:40.495 [main] GROStepDefinition - Test Name :Cortisol
[INFO ] 2023-07-27 16:44:43.985 [main] GROStepDefinition - Amount : ₱ 0
[INFO ] 2023-07-27 16:45:49.602 [main] GROStepDefinition - Crelio Automation Script Run In :  Chrome Browser
[INFO ] 2023-07-27 16:46:00.996 [main] GROStepDefinition - Patient ID : 1561
[INFO ] 2023-07-27 16:46:01.528 [main] GROStepDefinition - Select Patient Type : Direct
[INFO ] 2023-07-27 16:46:02.905 [main] GROStepDefinition - Patient Name :Fecalysis ( Stool R/M)
[INFO ] 2023-07-27 16:46:03.546 [main] GROStepDefinition - Gender : Male
[INFO ] 2023-07-27 16:46:04.347 [main] GROStepDefinition - Age : 60
[INFO ] 2023-07-27 16:46:09.452 [main] GROStepDefinition - Test Name :Fecalysis ( Stool R/M)
[INFO ] 2023-07-27 16:46:12.924 [main] GROStepDefinition - Amount : ₱ 95
[INFO ] 2023-07-27 16:46:24.223 [main] GROStepDefinition - Patient ID : 1562
[INFO ] 2023-07-27 16:46:24.626 [main] GROStepDefinition - Select Patient Type : Direct
[INFO ] 2023-07-27 16:46:25.731 [main] GROStepDefinition - Patient Name :FILARIAL ANTIGEN
[INFO ] 2023-07-27 16:46:26.323 [main] GROStepDefinition - Gender : Male
[INFO ] 2023-07-27 16:46:27.056 [main] GROStepDefinition - Age : 60
[INFO ] 2023-07-27 16:46:31.932 [main] GROStepDefinition - Test Name :FILARIAL ANTIGEN
[INFO ] 2023-07-27 16:46:35.351 [main] GROStepDefinition - Amount : ₱ 0
[INFO ] 2023-07-27 16:46:46.786 [main] GROStepDefinition - Patient ID : 1563
[INFO ] 2023-07-27 16:46:47.194 [main] GROStepDefinition - Select Patient Type : Direct
[INFO ] 2023-07-27 16:46:48.289 [main] GROStepDefinition - Patient Name :Fructosamine
[INFO ] 2023-07-27 16:46:48.903 [main] GROStepDefinition - Gender : Male
[INFO ] 2023-07-27 16:46:49.728 [main] GROStepDefinition - Age : 60
[INFO ] 2023-07-27 16:46:54.895 [main] GROStepDefinition - Test Name :Fructosamine
[INFO ] 2023-07-27 16:46:58.418 [main] GROStepDefinition - Amount : ₱ 0
[INFO ] 2023-07-27 16:47:09.882 [main] GROStepDefinition - Patient ID : 1564
[INFO ] 2023-07-27 16:47:10.294 [main] GROStepDefinition - Select Patient Type : Direct
[INFO ] 2023-07-27 16:47:11.661 [main] GROStepDefinition - Patient Name :Gastric Bx - H.Pylori
[INFO ] 2023-07-27 16:47:12.291 [main] GROStepDefinition - Gender : Male
[INFO ] 2023-07-27 16:47:13.140 [main] GROStepDefinition - Age : 60
[INFO ] 2023-07-27 16:47:18.395 [main] GROStepDefinition - Test Name :Gastric Bx - H.Pylori
[INFO ] 2023-07-27 16:47:22.016 [main] GROStepDefinition - Amount : ₱ 1,100
[INFO ] 2023-07-27 16:47:33.601 [main] GROStepDefinition - Patient ID : 1565
[INFO ] 2023-07-27 16:47:34.009 [main] GROStepDefinition - Select Patient Type : Direct
[INFO ] 2023-07-27 16:47:34.981 [main] GROStepDefinition - Patient Name :Globulin
[INFO ] 2023-07-27 16:47:35.672 [main] GROStepDefinition - Gender : Male
[INFO ] 2023-07-27 16:47:36.538 [main] GROStepDefinition - Age : 60
[INFO ] 2023-07-27 16:47:41.691 [main] GROStepDefinition - Test Name :Globulin
[INFO ] 2023-07-27 16:47:45.265 [main] GROStepDefinition - Amount : ₱ 0
[INFO ] 2023-07-27 16:47:56.838 [main] GROStepDefinition - Patient ID : 1566
[INFO ] 2023-07-27 16:47:57.249 [main] GROStepDefinition - Select Patient Type : Direct
[INFO ] 2023-07-27 16:47:58.567 [main] GROStepDefinition - Patient Name :Glucose in 24 hr Urine
[INFO ] 2023-07-27 16:47:59.211 [main] GROStepDefinition - Gender : Male
[INFO ] 2023-07-27 16:48:00.035 [main] GROStepDefinition - Age : 60
[INFO ] 2023-07-27 16:48:05.288 [main] GROStepDefinition - Test Name :Glucose in 24 hr Urine
[INFO ] 2023-07-27 16:48:08.758 [main] GROStepDefinition - Amount : ₱ 0
[INFO ] 2023-07-27 16:49:05.525 [main] GROStepDefinition - Crelio Automation Script Run In :  Chrome Browser
[INFO ] 2023-07-27 16:49:17.337 [main] GROStepDefinition - Patient ID : 1567
[INFO ] 2023-07-27 16:49:17.818 [main] GROStepDefinition - Select Patient Type : Direct
[INFO ] 2023-07-27 16:49:19.169 [main] GROStepDefinition - Patient Name :Glucose in spot urine
[INFO ] 2023-07-27 16:49:19.770 [main] GROStepDefinition - Gender : Male
[INFO ] 2023-07-27 16:49:20.501 [main] GROStepDefinition - Age : 60
[INFO ] 2023-07-27 16:49:25.766 [main] GROStepDefinition - Test Name :Glucose in spot urine
[INFO ] 2023-07-27 16:49:29.226 [main] GROStepDefinition - Amount : ₱ 0
[INFO ] 2023-07-27 16:50:23.394 [main] GROStepDefinition - Crelio Automation Script Run In :  Chrome Browser
[INFO ] 2023-07-27 16:50:34.295 [main] GROStepDefinition - Patient ID : 1568
[INFO ] 2023-07-27 16:50:34.753 [main] GROStepDefinition - Select Patient Type : Direct
[INFO ] 2023-07-27 16:50:35.660 [main] GROStepDefinition - Patient Name :HCV Ag
[INFO ] 2023-07-27 16:50:36.261 [main] GROStepDefinition - Gender : Male
[INFO ] 2023-07-27 16:50:36.984 [main] GROStepDefinition - Age : 60
[INFO ] 2023-07-27 16:50:42.056 [main] GROStepDefinition - Test Name :HCV Ag
[INFO ] 2023-07-27 16:50:45.435 [main] GROStepDefinition - Amount : ₱ 0
[INFO ] 2023-07-27 16:50:56.769 [main] GROStepDefinition - Patient ID : 1569
[INFO ] 2023-07-27 16:50:57.183 [main] GROStepDefinition - Select Patient Type : Direct
[INFO ] 2023-07-27 16:50:58.042 [main] GROStepDefinition - Patient Name :HOMA IR
[INFO ] 2023-07-27 16:50:58.662 [main] GROStepDefinition - Gender : Male
[INFO ] 2023-07-27 16:50:59.392 [main] GROStepDefinition - Age : 60
[INFO ] 2023-07-27 16:52:13.003 [main] GROStepDefinition - Crelio Automation Script Run In :  Chrome Browser
[INFO ] 2023-07-27 16:52:24.724 [main] GROStepDefinition - Patient ID : 1570
[INFO ] 2023-07-27 16:52:25.195 [main] GROStepDefinition - Select Patient Type : Direct
[INFO ] 2023-07-27 16:52:26.086 [main] GROStepDefinition - Patient Name :HOMA IR
[INFO ] 2023-07-27 16:52:26.702 [main] GROStepDefinition - Gender : Male
[INFO ] 2023-07-27 16:52:27.442 [main] GROStepDefinition - Age : 60
[INFO ] 2023-07-27 16:52:32.444 [main] GROStepDefinition - Test Name :HOMA IR
[INFO ] 2023-07-27 16:52:35.915 [main] GROStepDefinition - Amount : ₱ 0
[INFO ] 2023-07-27 16:53:35.820 [main] GROStepDefinition - Crelio Automation Script Run In :  Chrome Browser
[INFO ] 2023-07-27 16:53:47.845 [main] GROStepDefinition - Patient ID : 1571
[INFO ] 2023-07-27 16:53:48.376 [main] GROStepDefinition - Select Patient Type : Direct
[INFO ] 2023-07-27 16:53:49.526 [main] GROStepDefinition - Patient Name :LDL Calculated
[INFO ] 2023-07-27 16:53:50.174 [main] GROStepDefinition - Gender : Male
[INFO ] 2023-07-27 16:53:50.990 [main] GROStepDefinition - Age : 60
[INFO ] 2023-07-27 16:53:55.965 [main] GROStepDefinition - Test Name :LDL Calculated
[INFO ] 2023-07-27 16:55:11.870 [main] GROStepDefinition - Crelio Automation Script Run In :  Chrome Browser
[INFO ] 2023-07-27 16:55:22.705 [main] GROStepDefinition - Patient ID : 1573
[INFO ] 2023-07-27 16:55:23.218 [main] GROStepDefinition - Select Patient Type : Direct
[INFO ] 2023-07-27 16:55:24.372 [main] GROStepDefinition - Patient Name :Methadone (MTD)
[INFO ] 2023-07-27 16:55:25.013 [main] GROStepDefinition - Gender : Male
[INFO ] 2023-07-27 16:55:25.836 [main] GROStepDefinition - Age : 60
[INFO ] 2023-07-27 16:55:30.782 [main] GROStepDefinition - Test Name :Methadone (MTD)
[INFO ] 2023-07-27 16:55:34.273 [main] GROStepDefinition - Amount : ₱ 0
[INFO ] 2023-07-27 16:55:45.503 [main] GROStepDefinition - Patient ID : 1574
[INFO ] 2023-07-27 16:55:45.918 [main] GROStepDefinition - Select Patient Type : Direct
[INFO ] 2023-07-27 16:55:47.016 [main] GROStepDefinition - Patient Name :Methaqualone(MQL)
[INFO ] 2023-07-27 16:55:47.631 [main] GROStepDefinition - Gender : Male
[INFO ] 2023-07-27 16:55:48.380 [main] GROStepDefinition - Age : 60
[INFO ] 2023-07-27 16:55:53.397 [main] GROStepDefinition - Test Name :Methaqualone(MQL)
[INFO ] 2023-07-27 16:55:56.769 [main] GROStepDefinition - Amount : ₱ 0
[INFO ] 2023-07-27 16:56:08.068 [main] GROStepDefinition - Patient ID : 1575
[INFO ] 2023-07-27 16:56:08.481 [main] GROStepDefinition - Select Patient Type : Direct
[INFO ] 2023-07-27 16:56:09.859 [main] GROStepDefinition - Patient Name :Microalbumin - Spot Urine
[INFO ] 2023-07-27 16:56:10.497 [main] GROStepDefinition - Gender : Male
[INFO ] 2023-07-27 16:56:11.310 [main] GROStepDefinition - Age : 60
[INFO ] 2023-07-27 16:56:16.536 [main] GROStepDefinition - Test Name :Microalbumin - Spot Urine
[INFO ] 2023-07-27 16:56:19.998 [main] GROStepDefinition - Amount : ₱ 0
[INFO ] 2023-07-27 16:56:31.481 [main] GROStepDefinition - Patient ID : 
[INFO ] 2023-07-27 16:56:31.891 [main] GROStepDefinition - Select Patient Type : Direct
[INFO ] 2023-07-27 16:56:33.737 [main] GROStepDefinition - Patient Name :Microalbumin / Creatinine Ratio - spot
[INFO ] 2023-07-27 16:56:34.396 [main] GROStepDefinition - Gender : Male
[INFO ] 2023-07-27 16:56:35.222 [main] GROStepDefinition - Age : 60
[INFO ] 2023-07-27 16:56:40.722 [main] GROStepDefinition - Test Name :Microalbumin / Creatinine Ratio - spot
[INFO ] 2023-07-27 16:56:44.246 [main] GROStepDefinition - Amount : ₱ 0
[INFO ] 2023-07-27 16:56:55.594 [main] GROStepDefinition - Patient ID : 1577
[INFO ] 2023-07-27 16:56:56.000 [main] GROStepDefinition - Select Patient Type : Direct
[INFO ] 2023-07-27 16:56:56.985 [main] GROStepDefinition - Patient Name :NO GROWTH
[INFO ] 2023-07-27 16:56:57.679 [main] GROStepDefinition - Gender : Male
[INFO ] 2023-07-27 16:56:58.510 [main] GROStepDefinition - Age : 60
[INFO ] 2023-07-27 16:57:03.823 [main] GROStepDefinition - Test Name :NO GROWTH
[INFO ] 2023-07-27 16:57:07.286 [main] GROStepDefinition - Amount : ₱ 0
[INFO ] 2023-07-27 16:57:57.471 [main] GROStepDefinition - Crelio Automation Script Run In :  Chrome Browser
[INFO ] 2023-07-27 16:58:08.682 [main] GROStepDefinition - Patient ID : 1578
[INFO ] 2023-07-27 16:58:09.217 [main] GROStepDefinition - Select Patient Type : Direct
[INFO ] 2023-07-27 16:58:10.561 [main] GROStepDefinition - Patient Name :Opiates(OPI)
[INFO ] 2023-07-27 16:58:11.291 [main] GROStepDefinition - Gender : Male
[INFO ] 2023-07-27 16:58:12.204 [main] GROStepDefinition - Age : 60
[INFO ] 2023-07-27 16:59:43.567 [main] GROStepDefinition - Crelio Automation Script Run In :  Chrome Browser
[INFO ] 2023-07-27 16:59:54.343 [main] GROStepDefinition - Patient ID : 1578
[INFO ] 2023-07-27 16:59:54.795 [main] GROStepDefinition - Select Patient Type : Direct
[INFO ] 2023-07-27 16:59:55.845 [main] GROStepDefinition - Patient Name :Opiates(OPI)
[INFO ] 2023-07-27 16:59:56.437 [main] GROStepDefinition - Gender : Male
[INFO ] 2023-07-27 16:59:57.189 [main] GROStepDefinition - Age : 60
[INFO ] 2023-07-27 17:00:02.196 [main] GROStepDefinition - Test Name :Opiates(OPI)
[INFO ] 2023-07-27 17:00:05.665 [main] GROStepDefinition - Amount : ₱ 0
[INFO ] 2023-07-27 17:00:16.894 [main] GROStepDefinition - Patient ID : 1579
[INFO ] 2023-07-27 17:00:17.305 [main] GROStepDefinition - Select Patient Type : Direct
[INFO ] 2023-07-27 17:00:18.285 [main] GROStepDefinition - Patient Name :Ova and cyst
[INFO ] 2023-07-27 17:00:18.919 [main] GROStepDefinition - Gender : Male
[INFO ] 2023-07-27 17:00:19.647 [main] GROStepDefinition - Age : 60
[INFO ] 2023-07-27 17:00:24.589 [main] GROStepDefinition - Test Name :Ova and cyst
[INFO ] 2023-07-27 17:00:27.958 [main] GROStepDefinition - Amount : ₱ 0
[INFO ] 2023-07-27 17:00:39.359 [main] GROStepDefinition - Patient ID : 1580
[INFO ] 2023-07-27 17:00:39.771 [main] GROStepDefinition - Select Patient Type : Direct
[INFO ] 2023-07-27 17:00:40.579 [main] GROStepDefinition - Patient Name :PH
[INFO ] 2023-07-27 17:00:41.187 [main] GROStepDefinition - Gender : Male
[INFO ] 2023-07-27 17:00:41.965 [main] GROStepDefinition - Age : 60
[INFO ] 2023-07-27 17:00:47.081 [main] GROStepDefinition - Test Name :PH
[INFO ] 2023-07-27 17:00:50.635 [main] GROStepDefinition - Amount : ₱ 0
[INFO ] 2023-07-27 17:01:02.289 [main] GROStepDefinition - Patient ID : 1581
[INFO ] 2023-07-27 17:01:02.698 [main] GROStepDefinition - Select Patient Type : Direct
[INFO ] 2023-07-27 17:01:03.523 [main] GROStepDefinition - Patient Name :RF
[INFO ] 2023-07-27 17:01:04.218 [main] GROStepDefinition - Gender : Male
[INFO ] 2023-07-27 17:01:05.060 [main] GROStepDefinition - Age : 60
[INFO ] 2023-07-27 17:01:10.188 [main] GROStepDefinition - Test Name :RF
[INFO ] 2023-07-27 17:01:13.696 [main] GROStepDefinition - Amount : ₱ 0
[INFO ] 2023-07-27 17:01:25.200 [main] GROStepDefinition - Patient ID : 1582
[INFO ] 2023-07-27 17:01:25.605 [main] GROStepDefinition - Select Patient Type : Direct
[INFO ] 2023-07-27 17:01:26.904 [main] GROStepDefinition - Patient Name :Semen Analysis
[INFO ] 2023-07-27 17:01:27.527 [main] GROStepDefinition - Gender : Male
[INFO ] 2023-07-27 17:01:28.290 [main] GROStepDefinition - Age : 60
[INFO ] 2023-07-27 17:01:33.325 [main] GROStepDefinition - Test Name :Semen Analysis
[INFO ] 2023-07-27 17:01:36.814 [main] GROStepDefinition - Amount : ₱ 710
[INFO ] 2023-07-27 17:01:48.411 [main] GROStepDefinition - Patient ID : 1583
[INFO ] 2023-07-27 17:01:48.821 [main] GROStepDefinition - Select Patient Type : Direct
[INFO ] 2023-07-27 17:01:49.840 [main] GROStepDefinition - Patient Name :STAT CK-MB
[INFO ] 2023-07-27 17:01:50.531 [main] GROStepDefinition - Gender : Male
[INFO ] 2023-07-27 17:01:51.363 [main] GROStepDefinition - Age : 60
[INFO ] 2023-07-27 17:01:56.408 [main] GROStepDefinition - Test Name :STAT CK-MB
[INFO ] 2023-07-27 17:01:59.852 [main] GROStepDefinition - Amount : ₱ 0
[INFO ] 2023-07-27 17:03:00.027 [main] GROStepDefinition - Crelio Automation Script Run In :  Chrome Browser
[INFO ] 2023-07-27 17:03:11.001 [main] GROStepDefinition - Patient ID : 1584
[INFO ] 2023-07-27 17:03:11.545 [main] GROStepDefinition - Select Patient Type : Direct
[INFO ] 2023-07-27 17:03:12.906 [main] GROStepDefinition - Patient Name :Thyroid Screening Panel
[INFO ] 2023-07-27 17:03:13.559 [main] GROStepDefinition - Gender : Male
[INFO ] 2023-07-27 17:03:14.363 [main] GROStepDefinition - Age : 60
[INFO ] 2023-07-27 17:03:19.399 [main] GROStepDefinition - Test Name :Thyroid Screening Panel
[INFO ] 2023-07-27 17:03:22.870 [main] GROStepDefinition - Amount : ₱ 1,750
[INFO ] 2023-07-27 17:04:03.642 [main] GROStepDefinition - Crelio Automation Script Run In :  Chrome Browser
[INFO ] 2023-07-27 17:04:15.189 [main] GROStepDefinition - Patient ID : 1585
[INFO ] 2023-07-27 17:04:15.730 [main] GROStepDefinition - Select Patient Type : Direct
[INFO ] 2023-07-27 17:04:16.617 [main] GROStepDefinition - Patient Name :TIBC
[INFO ] 2023-07-27 17:04:17.223 [main] GROStepDefinition - Gender : Male
[INFO ] 2023-07-27 17:04:17.957 [main] GROStepDefinition - Age : 60
[INFO ] 2023-07-27 17:04:22.827 [main] GROStepDefinition - Test Name :TIBC
[INFO ] 2023-07-27 17:04:26.307 [main] GROStepDefinition - Amount : ₱ 0
[INFO ] 2023-07-27 17:04:37.601 [main] GROStepDefinition - Patient ID : 1586
[INFO ] 2023-07-27 17:04:38.016 [main] GROStepDefinition - Select Patient Type : Direct
[INFO ] 2023-07-27 17:04:38.975 [main] GROStepDefinition - Patient Name :Torch IgG
[INFO ] 2023-07-27 17:04:39.573 [main] GROStepDefinition - Gender : Male
[INFO ] 2023-07-27 17:04:40.284 [main] GROStepDefinition - Age : 60
[INFO ] 2023-07-27 17:04:45.159 [main] GROStepDefinition - Test Name :Torch IgG
[INFO ] 2023-07-27 17:04:48.665 [main] GROStepDefinition - Amount : ₱ 0
[INFO ] 2023-07-27 17:04:59.994 [main] GROStepDefinition - Patient ID : 1587
[INFO ] 2023-07-27 17:05:00.405 [main] GROStepDefinition - Select Patient Type : Direct
[INFO ] 2023-07-27 17:05:01.361 [main] GROStepDefinition - Patient Name :Torch IgM
[INFO ] 2023-07-27 17:05:01.968 [main] GROStepDefinition - Gender : Male
[INFO ] 2023-07-27 17:05:02.762 [main] GROStepDefinition - Age : 60
[INFO ] 2023-07-27 17:05:07.850 [main] GROStepDefinition - Test Name :Torch IgM
[INFO ] 2023-07-27 17:05:11.365 [main] GROStepDefinition - Amount : ₱ 0
[INFO ] 2023-07-27 17:05:22.810 [main] GROStepDefinition - Patient ID : 1588
[INFO ] 2023-07-27 17:05:23.216 [main] GROStepDefinition - Select Patient Type : Direct
[INFO ] 2023-07-27 17:05:24.229 [main] GROStepDefinition - Patient Name :Total β-hCG
[INFO ] 2023-07-27 17:05:24.877 [main] GROStepDefinition - Gender : Male
[INFO ] 2023-07-27 17:05:25.715 [main] GROStepDefinition - Age : 60
[INFO ] 2023-07-27 17:05:30.917 [main] GROStepDefinition - Test Name :Total β-hCG
[INFO ] 2023-07-27 17:05:34.460 [main] GROStepDefinition - Amount : ₱ 1,000
[INFO ] 2023-07-27 17:05:45.949 [main] GROStepDefinition - Patient ID : 1589
[INFO ] 2023-07-27 17:05:46.362 [main] GROStepDefinition - Select Patient Type : Direct
[INFO ] 2023-07-27 17:05:47.327 [main] GROStepDefinition - Patient Name :Toxo IgM
[INFO ] 2023-07-27 17:05:47.988 [main] GROStepDefinition - Gender : Male
[INFO ] 2023-07-27 17:05:48.796 [main] GROStepDefinition - Age : 60
[INFO ] 2023-07-27 17:05:53.909 [main] GROStepDefinition - Test Name :Toxo IgM
[INFO ] 2023-07-27 17:05:57.460 [main] GROStepDefinition - Amount : ₱ 0
[INFO ] 2023-07-27 17:06:08.892 [main] GROStepDefinition - Patient ID : 1591
[INFO ] 2023-07-27 17:06:09.304 [main] GROStepDefinition - Select Patient Type : Direct
[INFO ] 2023-07-27 17:06:10.332 [main] GROStepDefinition - Patient Name :Troponin-I
[INFO ] 2023-07-27 17:06:10.978 [main] GROStepDefinition - Gender : Male
[INFO ] 2023-07-27 17:06:11.798 [main] GROStepDefinition - Age : 60
[INFO ] 2023-07-27 17:06:17.033 [main] GROStepDefinition - Test Name :Troponin-I
[INFO ] 2023-07-27 17:06:20.493 [main] GROStepDefinition - Amount : ₱ 0
[INFO ] 2023-07-27 17:06:32.029 [main] GROStepDefinition - Patient ID : 1592
[INFO ] 2023-07-27 17:06:32.439 [main] GROStepDefinition - Select Patient Type : Direct
[INFO ] 2023-07-27 17:06:33.557 [main] GROStepDefinition - Patient Name :Urine Amylase
[INFO ] 2023-07-27 17:06:34.210 [main] GROStepDefinition - Gender : Male
[INFO ] 2023-07-27 17:06:35.040 [main] GROStepDefinition - Age : 60
[INFO ] 2023-07-27 17:06:40.346 [main] GROStepDefinition - Test Name :Urine Amylase
[INFO ] 2023-07-27 17:06:43.920 [main] GROStepDefinition - Amount : ₱ 0
[INFO ] 2023-07-27 17:06:55.534 [main] GROStepDefinition - Patient ID : 1593
[INFO ] 2023-07-27 17:06:55.946 [main] GROStepDefinition - Select Patient Type : Direct
[INFO ] 2023-07-27 17:06:57.099 [main] GROStepDefinition - Patient Name :Urine Analysis
[INFO ] 2023-07-27 17:06:57.728 [main] GROStepDefinition - Gender : Male
[INFO ] 2023-07-27 17:06:58.562 [main] GROStepDefinition - Age : 60
[INFO ] 2023-07-27 17:07:03.778 [main] GROStepDefinition - Test Name :Urine Analysis
[INFO ] 2023-07-27 17:07:07.360 [main] GROStepDefinition - Amount : ₱ 105
[INFO ] 2023-07-27 17:07:18.755 [main] GROStepDefinition - Patient ID : 1594
[INFO ] 2023-07-27 17:07:19.161 [main] GROStepDefinition - Select Patient Type : Direct
[INFO ] 2023-07-27 17:07:20.231 [main] GROStepDefinition - Patient Name :URINE Sodium
[INFO ] 2023-07-27 17:07:20.885 [main] GROStepDefinition - Gender : Male
[INFO ] 2023-07-27 17:07:21.711 [main] GROStepDefinition - Age : 60
[INFO ] 2023-07-27 17:07:26.922 [main] GROStepDefinition - Test Name :URINE Sodium
[INFO ] 2023-07-27 17:07:30.490 [main] GROStepDefinition - Amount : ₱ 0
[INFO ] 2023-07-27 17:08:53.419 [main] GROStepDefinition - Crelio Automation Script Run In :  Chrome Browser
[INFO ] 2023-07-27 17:09:04.475 [main] GROStepDefinition - Patient ID : 1596
[INFO ] 2023-07-27 17:09:04.930 [main] GROStepDefinition - Select Patient Type : Direct
[INFO ] 2023-07-27 17:09:06.667 [main] GROStepDefinition - Patient Name :VLDL - Very Low Density Lipoprotein
[INFO ] 2023-07-27 17:09:07.272 [main] GROStepDefinition - Gender : Male
[INFO ] 2023-07-27 17:09:08.023 [main] GROStepDefinition - Age : 60
[INFO ] 2023-07-27 17:09:13.510 [main] GROStepDefinition - Test Name :VLDL - Very Low Density Lipoprotein
[INFO ] 2023-07-27 17:09:16.904 [main] GROStepDefinition - Amount : ₱ 0
[INFO ] 2023-07-27 17:09:28.113 [main] GROStepDefinition - Patient ID : 1597
[INFO ] 2023-07-27 17:09:28.522 [main] GROStepDefinition - Select Patient Type : Direct
[INFO ] 2023-07-27 17:09:29.182 [main] GROStepDefinition - Patient Name :
[INFO ] 2023-07-27 17:09:29.772 [main] GROStepDefinition - Gender : Male
[INFO ] 2023-07-27 17:09:30.533 [main] GROStepDefinition - Age : 60
[INFO ] 2023-07-27 17:50:34.210 [main] GROStepDefinition - Crelio Automation Script Run In :  Chrome Browser
[INFO ] 2023-07-27 17:50:55.454 [main] GROStepDefinition - Crelio Automation Script Run In :  Chrome Browser
[INFO ] 2023-07-27 17:51:06.589 [main] GROStepDefinition - Patient ID : 1598
[INFO ] 2023-07-27 17:51:07.091 [main] GROStepDefinition - Select Patient Type : Direct
[INFO ] 2023-07-27 17:51:08.276 [main] GROStepDefinition - Patient Name :% Saturation
[INFO ] 2023-07-27 17:51:09.056 [main] GROStepDefinition - Gender : Female
[INFO ] 2023-07-27 17:51:09.889 [main] GROStepDefinition - Age : 25
[INFO ] 2023-07-27 17:51:14.882 [main] GROStepDefinition - Test Name :% Saturation
[INFO ] 2023-07-27 17:51:18.299 [main] GROStepDefinition - Amount : ₱ 0
[INFO ] 2023-07-27 17:51:29.621 [main] GROStepDefinition - Patient ID : 1599
[INFO ] 2023-07-27 17:51:30.025 [main] GROStepDefinition - Select Patient Type : Direct
[INFO ] 2023-07-27 17:51:31.382 [main] GROStepDefinition - Patient Name :24 hr Urine C peptide
[INFO ] 2023-07-27 17:51:32.067 [main] GROStepDefinition - Gender : Female
[INFO ] 2023-07-27 17:51:32.854 [main] GROStepDefinition - Age : 25
[INFO ] 2023-07-27 17:51:38.184 [main] GROStepDefinition - Test Name :24 hr Urine C peptide
[INFO ] 2023-07-27 17:51:41.654 [main] GROStepDefinition - Amount : ₱ 0
[INFO ] 2023-07-27 17:51:53.080 [main] GROStepDefinition - Patient ID : 1600
[INFO ] 2023-07-27 17:51:53.499 [main] GROStepDefinition - Select Patient Type : Direct
[INFO ] 2023-07-27 17:51:54.795 [main] GROStepDefinition - Patient Name :24 hr Urine Chloride
[INFO ] 2023-07-27 17:51:55.447 [main] GROStepDefinition - Gender : Female
[INFO ] 2023-07-27 17:51:56.239 [main] GROStepDefinition - Age : 25
[INFO ] 2023-07-27 17:52:01.497 [main] GROStepDefinition - Test Name :24 hr Urine Chloride
[INFO ] 2023-07-27 17:52:05.017 [main] GROStepDefinition - Amount : ₱ 0
[INFO ] 2023-07-27 17:52:16.413 [main] GROStepDefinition - Patient ID : 1601
[INFO ] 2023-07-27 17:52:16.832 [main] GROStepDefinition - Select Patient Type : Direct
[INFO ] 2023-07-27 17:52:52.315 [main] GROStepDefinition - Crelio Automation Script Run In :  Chrome Browser
[INFO ] 2023-07-27 17:53:03.374 [main] GROStepDefinition - Patient ID : 1601
[INFO ] 2023-07-27 17:53:03.893 [main] GROStepDefinition - Select Patient Type : Direct
[INFO ] 2023-07-27 17:53:05.231 [main] GROStepDefinition - Patient Name :24 hr Urine Cortisol
[INFO ] 2023-07-27 17:53:05.843 [main] GROStepDefinition - Gender : Female
[INFO ] 2023-07-27 17:53:06.597 [main] GROStepDefinition - Age : 25
[INFO ] 2023-07-27 17:53:11.733 [main] GROStepDefinition - Test Name :24 hr Urine Cortisol
[INFO ] 2023-07-27 17:53:15.206 [main] GROStepDefinition - Amount : ₱ 0
[INFO ] 2023-07-27 17:53:26.465 [main] GROStepDefinition - Patient ID : 1602
[INFO ] 2023-07-27 17:53:26.871 [main] GROStepDefinition - Select Patient Type : Direct
[INFO ] 2023-07-27 17:53:28.217 [main] GROStepDefinition - Patient Name :24 hr Urine Magnesium
[INFO ] 2023-07-27 17:53:28.837 [main] GROStepDefinition - Gender : Female
[INFO ] 2023-07-27 17:53:29.589 [main] GROStepDefinition - Age : 25
[INFO ] 2023-07-27 17:53:34.761 [main] GROStepDefinition - Test Name :24 hr Urine Magnesium
[INFO ] 2023-07-27 17:53:38.277 [main] GROStepDefinition - Amount : ₱ 0
[INFO ] 2023-07-27 17:53:49.695 [main] GROStepDefinition - Patient ID : 1603
[INFO ] 2023-07-27 17:53:50.114 [main] GROStepDefinition - Select Patient Type : Direct
[INFO ] 2023-07-27 17:53:51.578 [main] GROStepDefinition - Patient Name :24 hr Urine Microalbumin
[INFO ] 2023-07-27 17:53:52.271 [main] GROStepDefinition - Gender : Female
[INFO ] 2023-07-27 17:53:53.084 [main] GROStepDefinition - Age : 25
[INFO ] 2023-07-27 17:53:58.342 [main] GROStepDefinition - Test Name :24 hr Urine Microalbumin
[INFO ] 2023-07-27 17:54:01.854 [main] GROStepDefinition - Amount : ₱ 0
[INFO ] 2023-07-27 17:54:13.199 [main] GROStepDefinition - Patient ID : 1604
[INFO ] 2023-07-27 17:54:13.605 [main] GROStepDefinition - Select Patient Type : Direct
[INFO ] 2023-07-27 17:54:14.943 [main] GROStepDefinition - Patient Name :24 hr Urine Phosphate
[INFO ] 2023-07-27 17:54:15.547 [main] GROStepDefinition - Gender : Female
[INFO ] 2023-07-27 17:54:16.377 [main] GROStepDefinition - Age : 25
[INFO ] 2023-07-27 17:54:21.571 [main] GROStepDefinition - Test Name :24 hr Urine Phosphate
[INFO ] 2023-07-27 17:54:25.076 [main] GROStepDefinition - Amount : ₱ 0
[INFO ] 2023-07-27 17:54:36.457 [main] GROStepDefinition - Patient ID : 1605
[INFO ] 2023-07-27 17:54:36.871 [main] GROStepDefinition - Select Patient Type : Direct
[INFO ] 2023-07-27 17:54:38.296 [main] GROStepDefinition - Patient Name :24 hr Urine Potassium
[INFO ] 2023-07-27 17:54:38.916 [main] GROStepDefinition - Gender : Female
[INFO ] 2023-07-27 17:54:39.767 [main] GROStepDefinition - Age : 25
[INFO ] 2023-07-27 17:54:45.028 [main] GROStepDefinition - Test Name :24 hr Urine Potassium
[INFO ] 2023-07-27 17:54:48.483 [main] GROStepDefinition - Amount : ₱ 0
[INFO ] 2023-07-27 17:54:59.839 [main] GROStepDefinition - Patient ID : 1606
[INFO ] 2023-07-27 17:55:00.246 [main] GROStepDefinition - Select Patient Type : Direct
[INFO ] 2023-07-27 17:55:01.548 [main] GROStepDefinition - Patient Name :24 hrs Urine Calcium
[INFO ] 2023-07-27 17:55:02.197 [main] GROStepDefinition - Gender : Female
[INFO ] 2023-07-27 17:55:03.045 [main] GROStepDefinition - Age : 25
[INFO ] 2023-07-27 17:55:08.403 [main] GROStepDefinition - Test Name :24 hrs Urine Calcium
[INFO ] 2023-07-27 17:55:11.963 [main] GROStepDefinition - Amount : ₱ 0
[INFO ] 2023-07-27 17:56:37.409 [main] GROStepDefinition - Crelio Automation Script Run In :  Chrome Browser
[INFO ] 2023-07-27 17:56:48.663 [main] GROStepDefinition - Patient ID : 1607
[INFO ] 2023-07-27 17:56:49.183 [main] GROStepDefinition - Select Patient Type : Direct
[INFO ] 2023-07-27 17:56:50.591 [main] GROStepDefinition - Patient Name :24 hrs Urine Uric Acid
[INFO ] 2023-07-27 17:56:51.225 [main] GROStepDefinition - Gender : Female
[INFO ] 2023-07-27 17:56:51.974 [main] GROStepDefinition - Age : 25
[INFO ] 2023-07-27 17:56:57.182 [main] GROStepDefinition - Test Name :24 hrs Urine Uric Acid
[INFO ] 2023-07-27 17:57:00.646 [main] GROStepDefinition - Amount : ₱ 335
[INFO ] 2023-07-27 17:57:13.493 [main] GROStepDefinition - Patient ID : 1608
[INFO ] 2023-07-27 17:57:13.903 [main] GROStepDefinition - Select Patient Type : Direct
[INFO ] 2023-07-27 17:57:15.350 [main] GROStepDefinition - Patient Name :Absolute Basophils Count
[INFO ] 2023-07-27 17:57:15.953 [main] GROStepDefinition - Gender : Female
[INFO ] 2023-07-27 17:57:16.694 [main] GROStepDefinition - Age : 25
[INFO ] 2023-07-27 17:57:21.941 [main] GROStepDefinition - Test Name :Absolute Basophils Count
[INFO ] 2023-07-27 17:57:25.434 [main] GROStepDefinition - Amount : ₱ 265
[INFO ] 2023-07-27 17:57:38.632 [main] GROStepDefinition - Patient ID : 1609
[INFO ] 2023-07-27 17:57:39.048 [main] GROStepDefinition - Select Patient Type : Direct
[INFO ] 2023-07-27 17:57:40.575 [main] GROStepDefinition - Patient Name :Absolute Neutrophils Count
[INFO ] 2023-07-27 17:57:41.197 [main] GROStepDefinition - Gender : Female
[INFO ] 2023-07-27 17:57:42.005 [main] GROStepDefinition - Age : 25
[INFO ] 2023-07-27 17:57:47.329 [main] GROStepDefinition - Test Name :Absolute Neutrophils Count
[INFO ] 2023-07-27 17:57:50.845 [main] GROStepDefinition - Amount : ₱ 265
[INFO ] 2023-07-27 17:58:04.013 [main] GROStepDefinition - Patient ID : 1610
[INFO ] 2023-07-27 17:58:04.416 [main] GROStepDefinition - Select Patient Type : Direct
[INFO ] 2023-07-27 17:58:06.232 [main] GROStepDefinition - Patient Name :Albumin / Globulin Ration (A:G Ratio)
[INFO ] 2023-07-27 17:58:06.886 [main] GROStepDefinition - Gender : Female
[INFO ] 2023-07-27 17:58:07.739 [main] GROStepDefinition - Age : 25
[INFO ] 2023-07-27 17:58:13.328 [main] GROStepDefinition - Test Name :Albumin / Globulin Ration (A:G Ratio)
[INFO ] 2023-07-27 17:58:16.796 [main] GROStepDefinition - Amount : ₱ 430
[INFO ] 2023-07-27 17:58:30.029 [main] GROStepDefinition - Patient ID : 1611
[INFO ] 2023-07-27 17:58:30.446 [main] GROStepDefinition - Select Patient Type : Direct
[INFO ] 2023-07-27 17:58:31.748 [main] GROStepDefinition - Patient Name :Albumin 24 hr Urine
[INFO ] 2023-07-27 17:58:32.360 [main] GROStepDefinition - Gender : Female
[INFO ] 2023-07-27 17:58:33.199 [main] GROStepDefinition - Age : 25
[INFO ] 2023-07-27 17:58:38.551 [main] GROStepDefinition - Test Name :Albumin 24 hr Urine
[INFO ] 2023-07-27 17:58:42.042 [main] GROStepDefinition - Amount : ₱ 0
[INFO ] 2023-07-27 17:58:54.936 [main] GROStepDefinition - Patient ID : 1612
[INFO ] 2023-07-27 17:58:55.354 [main] GROStepDefinition - Select Patient Type : Direct
[INFO ] 2023-07-27 17:58:56.417 [main] GROStepDefinition - Patient Name :Albumin CSF
[INFO ] 2023-07-27 17:58:57.067 [main] GROStepDefinition - Gender : Female
[INFO ] 2023-07-27 17:58:57.908 [main] GROStepDefinition - Age : 25
[INFO ] 2023-07-27 17:59:03.126 [main] GROStepDefinition - Test Name :Albumin CSF
[INFO ] 2023-07-27 17:59:06.621 [main] GROStepDefinition - Amount : ₱ 0
[INFO ] 2023-07-27 17:59:19.615 [main] GROStepDefinition - Patient ID : 1613
[INFO ] 2023-07-27 17:59:20.017 [main] GROStepDefinition - Select Patient Type : Direct
[INFO ] 2023-07-27 17:59:21.270 [main] GROStepDefinition - Patient Name :Albumin Spot Urine
[INFO ] 2023-07-27 17:59:21.927 [main] GROStepDefinition - Gender : Female
[INFO ] 2023-07-27 17:59:22.769 [main] GROStepDefinition - Age : 25
[INFO ] 2023-07-27 17:59:28.226 [main] GROStepDefinition - Test Name :Albumin Spot Urine
[INFO ] 2023-07-27 17:59:31.711 [main] GROStepDefinition - Amount : ₱ 0
[INFO ] 2023-07-27 17:59:44.690 [main] GROStepDefinition - Patient ID : 1614
[INFO ] 2023-07-27 17:59:45.104 [main] GROStepDefinition - Select Patient Type : Direct
[INFO ] 2023-07-27 17:59:45.970 [main] GROStepDefinition - Patient Name :AMF
[INFO ] 2023-07-27 17:59:46.712 [main] GROStepDefinition - Gender : Female
[INFO ] 2023-07-27 17:59:47.581 [main] GROStepDefinition - Age : 25
[INFO ] 2023-07-27 17:59:52.580 [main] GROStepDefinition - Test Name :AMF
[INFO ] 2023-07-27 17:59:56.038 [main] GROStepDefinition - Amount : ₱ 0
