[INFO ] 2023-07-26 12:33:57.193 [main] GROStepDefinition - Crelio Automation Script Run In :  Chrome Browser
[INFO ] 2023-07-26 12:34:09.127 [main] GROStepDefinition - Patient ID : 1399
[INFO ] 2023-07-26 12:34:09.713 [main] GROStepDefinition - Select Patient Type : Direct
[INFO ] 2023-07-26 12:34:11.615 [main] GROStepDefinition - Patient Name :Anti-HBs - Hepatitis B surface antibody
[INFO ] 2023-07-26 12:34:12.253 [main] GROStepDefinition - Gender : Female
[INFO ] 2023-07-26 12:34:13.081 [main] GROStepDefinition - Age : 25
[INFO ] 2023-07-26 12:34:56.958 [main] GROStepDefinition - Crelio Automation Script Run In :  null Browser
[INFO ] 2023-07-26 12:43:38.130 [main] GROStepDefinition - Crelio Automation Script Run In :  Chrome Browser
[INFO ] 2023-07-26 12:48:37.065 [main] GROStepDefinition - Crelio Automation Script Run In :  Chrome Browser
[INFO ] 2023-07-26 12:49:11.306 [main] GROStepDefinition - Crelio Automation Script Run In :  Chrome Browser
[INFO ] 2023-07-26 12:49:23.876 [main] GROStepDefinition - Patient ID : 1399
[INFO ] 2023-07-26 12:49:24.394 [main] GROStepDefinition - Select Patient Type : Direct
[INFO ] 2023-07-26 12:49:26.436 [main] GROStepDefinition - Patient Name :Anti-HBs - Hepatitis B surface antibody
[INFO ] 2023-07-26 12:49:27.079 [main] GROStepDefinition - Gender : Female
[INFO ] 2023-07-26 12:49:27.890 [main] GROStepDefinition - Age : 25
[INFO ] 2023-07-26 12:49:37.432 [main] GROStepDefinition - Crelio Automation Script Run In :  Chrome Browser
[INFO ] 2023-07-26 12:55:31.553 [main] GROStepDefinition - Crelio Automation Script Run In :  Chrome Browser
[INFO ] 2023-07-26 12:55:42.762 [main] GROStepDefinition - Patient ID : 1399
[INFO ] 2023-07-26 12:55:43.228 [main] GROStepDefinition - Select Patient Type : Direct
[INFO ] 2023-07-26 12:55:45.241 [main] GROStepDefinition - Patient Name :Anti-HBs - Hepatitis B surface antibody
[INFO ] 2023-07-26 12:55:45.865 [main] GROStepDefinition - Gender : Female
[INFO ] 2023-07-26 12:55:46.641 [main] GROStepDefinition - Age : 25
[INFO ] 2023-07-26 12:57:04.868 [main] GROStepDefinition - Crelio Automation Script Run In :  Chrome Browser
[INFO ] 2023-07-26 12:57:16.443 [main] GROStepDefinition - Patient ID : 1399
[INFO ] 2023-07-26 12:57:16.935 [main] GROStepDefinition - Select Patient Type : Direct
[INFO ] 2023-07-26 12:57:18.998 [main] GROStepDefinition - Patient Name :Anti-HBs - Hepatitis B surface antibody
[INFO ] 2023-07-26 12:57:19.621 [main] GROStepDefinition - Gender : Female
[INFO ] 2023-07-26 12:57:20.440 [main] GROStepDefinition - Age : 25
[INFO ] 2023-07-26 12:57:59.385 [main] GROStepDefinition - Crelio Automation Script Run In :  Chrome Browser
[INFO ] 2023-07-26 12:58:11.244 [main] GROStepDefinition - Patient ID : 1399
[INFO ] 2023-07-26 12:58:11.753 [main] GROStepDefinition - Select Patient Type : Direct
[INFO ] 2023-07-26 12:58:14.032 [main] GROStepDefinition - Patient Name :Anti-HBs - Hepatitis B surface antibody
[INFO ] 2023-07-26 12:58:14.744 [main] GROStepDefinition - Gender : Female
[INFO ] 2023-07-26 12:58:15.630 [main] GROStepDefinition - Age : 25
[INFO ] 2023-07-26 12:58:42.968 [main] GROStepDefinition - Crelio Automation Script Run In :  Chrome Browser
[INFO ] 2023-07-26 12:58:54.475 [main] GROStepDefinition - Patient ID : 1399
[INFO ] 2023-07-26 12:58:54.960 [main] GROStepDefinition - Select Patient Type : Direct
[INFO ] 2023-07-26 12:58:57.020 [main] GROStepDefinition - Patient Name :Anti-HBs - Hepatitis B surface antibody
[INFO ] 2023-07-26 12:58:57.655 [main] GROStepDefinition - Gender : Female
[INFO ] 2023-07-26 12:58:58.425 [main] GROStepDefinition - Age : 25
[INFO ] 2023-07-26 13:14:54.326 [main] GROStepDefinition - Crelio Automation Script Run In :  Chrome Browser
[INFO ] 2023-07-26 13:15:07.796 [main] GROStepDefinition - Patient ID : 1399
[INFO ] 2023-07-26 13:15:08.309 [main] GROStepDefinition - Select Patient Type : Direct
[INFO ] 2023-07-26 13:15:09.368 [main] GROStepDefinition - Patient Name :Test Name
[INFO ] 2023-07-26 13:15:10.019 [main] GROStepDefinition - Gender : Female
[INFO ] 2023-07-26 13:15:10.817 [main] GROStepDefinition - Age : 25
[INFO ] 2023-07-26 13:35:08.088 [main] GROStepDefinition - Crelio Automation Script Run In :  Chrome Browser
[INFO ] 2023-07-26 13:35:22.059 [main] GROStepDefinition - Patient ID : 1401
[INFO ] 2023-07-26 13:35:22.588 [main] GROStepDefinition - Select Patient Type : Direct
[INFO ] 2023-07-26 13:35:23.677 [main] GROStepDefinition - Patient Name :Test Name
[INFO ] 2023-07-26 13:35:24.430 [main] GROStepDefinition - Gender : Female
[INFO ] 2023-07-26 13:35:25.287 [main] GROStepDefinition - Age : 25
[INFO ] 2023-07-26 13:36:07.448 [main] GROStepDefinition - Crelio Automation Script Run In :  Chrome Browser
[INFO ] 2023-07-26 13:36:20.985 [main] GROStepDefinition - Patient ID : 1401
[INFO ] 2023-07-26 13:36:21.511 [main] GROStepDefinition - Select Patient Type : Direct
[INFO ] 2023-07-26 13:36:22.678 [main] GROStepDefinition - Patient Name :Test Name
[INFO ] 2023-07-26 13:36:23.397 [main] GROStepDefinition - Gender : Female
[INFO ] 2023-07-26 13:36:24.266 [main] GROStepDefinition - Age : 25
[INFO ] 2023-07-26 13:36:29.748 [main] GROStepDefinition - Test Name :Test Name
[INFO ] 2023-07-26 13:38:43.609 [main] GROStepDefinition - Crelio Automation Script Run In :  Chrome Browser
[INFO ] 2023-07-26 13:38:58.119 [main] GROStepDefinition - Patient ID : 1402
[INFO ] 2023-07-26 13:38:58.594 [main] GROStepDefinition - Select Patient Type : Direct
[INFO ] 2023-07-26 13:39:00.150 [main] GROStepDefinition - Patient Name :Hemogram (CBC with ESR)
[INFO ] 2023-07-26 13:39:00.823 [main] GROStepDefinition - Gender : Female
[INFO ] 2023-07-26 13:39:01.584 [main] GROStepDefinition - Age : 25
[INFO ] 2023-07-26 13:39:07.206 [main] GROStepDefinition - Test Name :Hemogram (CBC with ESR)
[INFO ] 2023-07-26 13:39:10.748 [main] GROStepDefinition - Amount : ₹ 350
[INFO ] 2023-07-26 13:39:20.860 [main] GROStepDefinition - Patient ID : 1403
[INFO ] 2023-07-26 13:39:21.285 [main] GROStepDefinition - Select Patient Type : Direct
[INFO ] 2023-07-26 13:39:23.026 [main] GROStepDefinition - Patient Name :Albumin 24 hr Urine
[INFO ] 2023-07-26 13:39:23.738 [main] GROStepDefinition - Gender : Female
[INFO ] 2023-07-26 13:39:26.035 [main] GROStepDefinition - Age : 25
[INFO ] 2023-07-26 13:45:17.792 [main] GROStepDefinition - Crelio Automation Script Run In :  Chrome Browser
[INFO ] 2023-07-26 13:45:35.723 [main] GROStepDefinition - Patient ID : 1405
[INFO ] 2023-07-26 13:45:36.176 [main] GROStepDefinition - Select Patient Type : Direct
[INFO ] 2023-07-26 13:45:37.455 [main] GROStepDefinition - Patient Name :Hemogram (CBC with ESR)
[INFO ] 2023-07-26 13:45:38.071 [main] GROStepDefinition - Gender : Female
[INFO ] 2023-07-26 13:45:38.849 [main] GROStepDefinition - Age : 25
[INFO ] 2023-07-26 13:46:54.305 [main] GROStepDefinition - Crelio Automation Script Run In :  Chrome Browser
[INFO ] 2023-07-26 13:47:08.543 [main] GROStepDefinition - Patient ID : 1405
[INFO ] 2023-07-26 13:47:09.079 [main] GROStepDefinition - Select Patient Type : Direct
[INFO ] 2023-07-26 13:47:10.431 [main] GROStepDefinition - Patient Name :Hemogram (CBC with ESR)
[INFO ] 2023-07-26 13:47:11.059 [main] GROStepDefinition - Gender : Female
[INFO ] 2023-07-26 13:47:11.852 [main] GROStepDefinition - Age : 25
[INFO ] 2023-07-26 13:47:47.247 [main] GROStepDefinition - Crelio Automation Script Run In :  Chrome Browser
[INFO ] 2023-07-26 13:47:59.776 [main] GROStepDefinition - Patient ID : 1405
[INFO ] 2023-07-26 13:48:00.271 [main] GROStepDefinition - Select Patient Type : Direct
[INFO ] 2023-07-26 13:48:01.533 [main] GROStepDefinition - Patient Name :Hemogram (CBC with ESR)
[INFO ] 2023-07-26 13:48:02.134 [main] GROStepDefinition - Gender : Female
[INFO ] 2023-07-26 13:48:02.846 [main] GROStepDefinition - Age : 25
[INFO ] 2023-07-26 13:52:56.096 [main] GROStepDefinition - Crelio Automation Script Run In :  Chrome Browser
[INFO ] 2023-07-26 13:53:06.540 [main] GROStepDefinition - Patient ID : 1405
[INFO ] 2023-07-26 13:53:07.011 [main] GROStepDefinition - Select Patient Type : Direct
[INFO ] 2023-07-26 13:53:08.343 [main] GROStepDefinition - Patient Name :Hemogram (CBC with ESR)
[INFO ] 2023-07-26 13:53:08.979 [main] GROStepDefinition - Gender : Female
[INFO ] 2023-07-26 13:53:09.774 [main] GROStepDefinition - Age : 25
[INFO ] 2023-07-26 13:57:38.418 [main] GROStepDefinition - Crelio Automation Script Run In :  Chrome Browser
[INFO ] 2023-07-26 13:57:50.637 [main] GROStepDefinition - Patient ID : 1406
[INFO ] 2023-07-26 13:57:51.089 [main] GROStepDefinition - Select Patient Type : Direct
[INFO ] 2023-07-26 13:57:52.375 [main] GROStepDefinition - Patient Name :Hemogram (CBC with ESR)
[INFO ] 2023-07-26 13:57:52.975 [main] GROStepDefinition - Gender : Female
[INFO ] 2023-07-26 13:57:53.680 [main] GROStepDefinition - Age : 25
[INFO ] 2023-07-26 13:57:59.090 [main] GROStepDefinition - Test Name :Hemogram (CBC with ESR)
[INFO ] 2023-07-26 13:58:02.491 [main] GROStepDefinition - Amount : ₹ 350
[INFO ] 2023-07-26 13:58:12.304 [main] GROStepDefinition - Patient ID : 1407
[INFO ] 2023-07-26 13:58:12.722 [main] GROStepDefinition - Select Patient Type : Direct
[INFO ] 2023-07-26 13:58:13.882 [main] GROStepDefinition - Patient Name :Albumin 24 hr Urine
[INFO ] 2023-07-26 13:58:14.502 [main] GROStepDefinition - Gender : Female
[INFO ] 2023-07-26 13:58:15.219 [main] GROStepDefinition - Age : 25
[INFO ] 2023-07-26 14:00:48.444 [main] GROStepDefinition - Crelio Automation Script Run In :  Chrome Browser
[INFO ] 2023-07-26 14:01:05.864 [main] GROStepDefinition - Patient ID : 1407
[INFO ] 2023-07-26 14:01:06.433 [main] GROStepDefinition - Select Patient Type : Direct
[INFO ] 2023-07-26 14:01:07.715 [main] GROStepDefinition - Patient Name :Hemogram (CBC with ESR)
[INFO ] 2023-07-26 14:01:08.302 [main] GROStepDefinition - Gender : Female
[INFO ] 2023-07-26 14:01:09.095 [main] GROStepDefinition - Age : 25
[INFO ] 2023-07-26 14:01:14.028 [main] GROStepDefinition - Test Name :Hemogram (CBC with ESR)
[INFO ] 2023-07-26 14:01:17.440 [main] GROStepDefinition - Amount : ₹ 350
[INFO ] 2023-07-26 14:01:27.213 [main] GROStepDefinition - Patient ID : 1408
[INFO ] 2023-07-26 14:01:27.629 [main] GROStepDefinition - Select Patient Type : Direct
[INFO ] 2023-07-26 14:01:28.771 [main] GROStepDefinition - Patient Name :Albumin 24 hr Urine
[INFO ] 2023-07-26 14:01:29.395 [main] GROStepDefinition - Gender : Female
[INFO ] 2023-07-26 14:01:30.121 [main] GROStepDefinition - Age : 25
[INFO ] 2023-07-26 14:15:32.482 [main] GROStepDefinition - Crelio Automation Script Run In :  Chrome Browser
[INFO ] 2023-07-26 14:15:44.561 [main] GROStepDefinition - Patient ID : 1409
[INFO ] 2023-07-26 14:15:45.072 [main] GROStepDefinition - Select Patient Type : Direct
[INFO ] 2023-07-26 14:15:46.390 [main] GROStepDefinition - Patient Name :Hemogram (CBC with ESR)
[INFO ] 2023-07-26 14:15:47.007 [main] GROStepDefinition - Gender : Female
[INFO ] 2023-07-26 14:15:47.745 [main] GROStepDefinition - Age : 25
[INFO ] 2023-07-26 14:16:40.675 [main] GROStepDefinition - Crelio Automation Script Run In :  Chrome Browser
[INFO ] 2023-07-26 14:16:51.988 [main] GROStepDefinition - Patient ID : 1409
[INFO ] 2023-07-26 14:16:52.464 [main] GROStepDefinition - Select Patient Type : Direct
[INFO ] 2023-07-26 14:16:53.759 [main] GROStepDefinition - Patient Name :Hemogram (CBC with ESR)
[INFO ] 2023-07-26 14:16:54.383 [main] GROStepDefinition - Gender : Female
[INFO ] 2023-07-26 14:16:55.147 [main] GROStepDefinition - Age : 25
[INFO ] 2023-07-26 14:17:58.682 [main] GROStepDefinition - Crelio Automation Script Run In :  Chrome Browser
[INFO ] 2023-07-26 14:18:09.719 [main] GROStepDefinition - Patient ID : 1409
[INFO ] 2023-07-26 14:18:10.194 [main] GROStepDefinition - Select Patient Type : Direct
[INFO ] 2023-07-26 14:18:11.479 [main] GROStepDefinition - Patient Name :Hemogram (CBC with ESR)
[INFO ] 2023-07-26 14:18:12.064 [main] GROStepDefinition - Gender : Female
[INFO ] 2023-07-26 14:18:12.783 [main] GROStepDefinition - Age : 25
[INFO ] 2023-07-26 14:18:32.588 [main] GROStepDefinition - Crelio Automation Script Run In :  Chrome Browser
[INFO ] 2023-07-26 14:56:33.729 [main] GROStepDefinition - Crelio Automation Script Run In :  Chrome Browser
[INFO ] 2023-07-26 14:56:46.152 [main] GROStepDefinition - Patient ID : 1409
[INFO ] 2023-07-26 14:56:46.685 [main] GROStepDefinition - Select Patient Type : Direct
[INFO ] 2023-07-26 14:56:48.068 [main] GROStepDefinition - Patient Name :Hemogram (CBC with ESR)
[INFO ] 2023-07-26 14:56:48.724 [main] GROStepDefinition - Gender : Female
[INFO ] 2023-07-26 14:56:49.558 [main] GROStepDefinition - Age : 25
[INFO ] 2023-07-26 14:56:54.638 [main] GROStepDefinition - Test Name :Hemogram (CBC with ESR)
[INFO ] 2023-07-26 14:56:58.128 [main] GROStepDefinition - Amount : ₹ 350
[INFO ] 2023-07-26 14:57:09.171 [main] GROStepDefinition - Patient ID : 1410
[INFO ] 2023-07-26 14:57:09.575 [main] GROStepDefinition - Select Patient Type : Direct
[INFO ] 2023-07-26 14:57:11.023 [main] GROStepDefinition - Patient Name :Albumin 24 hr Urine
[INFO ] 2023-07-26 14:57:11.734 [main] GROStepDefinition - Gender : Female
[INFO ] 2023-07-26 14:57:12.547 [main] GROStepDefinition - Age : 25
[INFO ] 2023-07-26 14:57:17.993 [main] GROStepDefinition - Test Name :Albumin 24 hr Urine
[INFO ] 2023-07-26 14:57:21.487 [main] GROStepDefinition - Amount : ₹ 0
[INFO ] 2023-07-26 14:57:32.621 [main] GROStepDefinition - Patient ID : 1411
[INFO ] 2023-07-26 14:57:33.037 [main] GROStepDefinition - Select Patient Type : Direct
[INFO ] 2023-07-26 14:57:34.239 [main] GROStepDefinition - Patient Name :Neutrophils Count
[INFO ] 2023-07-26 14:57:34.868 [main] GROStepDefinition - Gender : Female
[INFO ] 2023-07-26 14:57:35.688 [main] GROStepDefinition - Age : 25
[INFO ] 2023-07-26 14:57:40.926 [main] GROStepDefinition - Test Name :Neutrophils Count
[INFO ] 2023-07-26 14:57:44.484 [main] GROStepDefinition - Amount : ₹ 265
[INFO ] 2023-07-26 14:57:55.667 [main] GROStepDefinition - Patient ID : 1412
[INFO ] 2023-07-26 14:57:56.088 [main] GROStepDefinition - Select Patient Type : Direct
[INFO ] 2023-07-26 14:57:57.080 [main] GROStepDefinition - Patient Name :Eosinophil
[INFO ] 2023-07-26 14:57:57.672 [main] GROStepDefinition - Gender : Female
[INFO ] 2023-07-26 14:57:58.496 [main] GROStepDefinition - Age : 25
[INFO ] 2023-07-26 14:58:03.677 [main] GROStepDefinition - Test Name :Eosinophil
[INFO ] 2023-07-26 14:58:07.172 [main] GROStepDefinition - Amount : ₹ 265
[INFO ] 2023-07-26 14:58:18.471 [main] GROStepDefinition - Patient ID : 1413
[INFO ] 2023-07-26 14:58:18.875 [main] GROStepDefinition - Select Patient Type : Direct
[INFO ] 2023-07-26 14:58:19.942 [main] GROStepDefinition - Patient Name :Monocyte Count
[INFO ] 2023-07-26 14:58:20.638 [main] GROStepDefinition - Gender : Female
[INFO ] 2023-07-26 14:58:21.417 [main] GROStepDefinition - Age : 25
[INFO ] 2023-07-26 14:58:26.815 [main] GROStepDefinition - Test Name :Monocyte Count
[INFO ] 2023-07-26 14:58:30.287 [main] GROStepDefinition - Amount : ₹ 265
[INFO ] 2023-07-26 14:58:41.532 [main] GROStepDefinition - Patient ID : 1414
[INFO ] 2023-07-26 14:58:41.948 [main] GROStepDefinition - Select Patient Type : Direct
[INFO ] 2023-07-26 14:58:42.990 [main] GROStepDefinition - Patient Name :Lymphocyte
[INFO ] 2023-07-26 14:58:43.656 [main] GROStepDefinition - Gender : Female
[INFO ] 2023-07-26 14:58:44.463 [main] GROStepDefinition - Age : 25
[INFO ] 2023-07-26 14:58:49.732 [main] GROStepDefinition - Test Name :Lymphocyte
[INFO ] 2023-07-26 14:58:53.294 [main] GROStepDefinition - Amount : ₹ 265
[INFO ] 2023-07-26 14:59:04.719 [main] GROStepDefinition - Patient ID : 1415
[INFO ] 2023-07-26 14:59:05.125 [main] GROStepDefinition - Select Patient Type : Direct
[INFO ] 2023-07-26 14:59:06.467 [main] GROStepDefinition - Patient Name :Absolute Basophils Count
[INFO ] 2023-07-26 14:59:07.071 [main] GROStepDefinition - Gender : Female
[INFO ] 2023-07-26 14:59:07.899 [main] GROStepDefinition - Age : 25
[INFO ] 2023-07-26 14:59:13.208 [main] GROStepDefinition - Test Name :Absolute Basophils Count
[INFO ] 2023-07-26 14:59:16.695 [main] GROStepDefinition - Amount : ₹ 265
[INFO ] 2023-07-26 14:59:27.975 [main] GROStepDefinition - Patient ID : 1416
[INFO ] 2023-07-26 14:59:28.393 [main] GROStepDefinition - Select Patient Type : Direct
[INFO ] 2023-07-26 14:59:29.685 [main] GROStepDefinition - Patient Name :Thyroid Screening Panel
[INFO ] 2023-07-26 14:59:30.320 [main] GROStepDefinition - Gender : Female
[INFO ] 2023-07-26 14:59:31.204 [main] GROStepDefinition - Age : 25
[INFO ] 2023-07-26 14:59:36.512 [main] GROStepDefinition - Test Name :Thyroid Screening Panel
[INFO ] 2023-07-26 14:59:40.043 [main] GROStepDefinition - Amount : ₹ 1,750
[INFO ] 2023-07-26 14:59:51.393 [main] GROStepDefinition - Patient ID : 1417
[INFO ] 2023-07-26 14:59:51.816 [main] GROStepDefinition - Select Patient Type : Direct
[INFO ] 2023-07-26 14:59:53.185 [main] GROStepDefinition - Patient Name :Thyroid Panel II
[INFO ] 2023-07-26 14:59:53.831 [main] GROStepDefinition - Gender : Female
[INFO ] 2023-07-26 14:59:54.628 [main] GROStepDefinition - Age : 25
[INFO ] 2023-07-26 14:59:59.971 [main] GROStepDefinition - Test Name :Thyroid Panel II
[INFO ] 2023-07-26 15:00:03.521 [main] GROStepDefinition - Amount : ₹ 1,000
[INFO ] 2023-07-26 15:00:14.818 [main] GROStepDefinition - Patient ID : 1418
[INFO ] 2023-07-26 15:00:15.225 [main] GROStepDefinition - Select Patient Type : Direct
[INFO ] 2023-07-26 15:00:16.306 [main] GROStepDefinition - Patient Name :Thyroid Panel
[INFO ] 2023-07-26 15:00:16.959 [main] GROStepDefinition - Gender : Female
[INFO ] 2023-07-26 15:00:17.785 [main] GROStepDefinition - Age : 25
[INFO ] 2023-07-26 15:00:23.110 [main] GROStepDefinition - Test Name :Thyroid Panel
[INFO ] 2023-07-26 15:00:26.626 [main] GROStepDefinition - Amount : ₹ 550
[INFO ] 2023-07-26 15:00:37.760 [main] GROStepDefinition - Patient ID : 1419
[INFO ] 2023-07-26 15:00:38.175 [main] GROStepDefinition - Select Patient Type : Direct
[INFO ] 2023-07-26 15:00:39.932 [main] GROStepDefinition - Patient Name :Drugs of Abuse screen- 10 Drug Panel
[INFO ] 2023-07-26 15:00:40.530 [main] GROStepDefinition - Gender : Female
[INFO ] 2023-07-26 15:00:41.346 [main] GROStepDefinition - Age : 25
[INFO ] 2023-07-26 15:00:46.983 [main] GROStepDefinition - Test Name :Drugs of Abuse screen- 10 Drug Panel
[INFO ] 2023-07-26 15:00:50.470 [main] GROStepDefinition - Amount : ₹ 9,000
[INFO ] 2023-07-26 15:01:01.659 [main] GROStepDefinition - Patient ID : 1420
[INFO ] 2023-07-26 15:01:02.073 [main] GROStepDefinition - Select Patient Type : Direct
[INFO ] 2023-07-26 15:01:03.229 [main] GROStepDefinition - Patient Name :INSULIN- PP
[INFO ] 2023-07-26 15:01:03.844 [main] GROStepDefinition - Gender : Female
[INFO ] 2023-07-26 15:01:04.682 [main] GROStepDefinition - Age : 25
[INFO ] 2023-07-26 15:01:09.868 [main] GROStepDefinition - Test Name :INSULIN- PP
[INFO ] 2023-07-26 15:01:13.410 [main] GROStepDefinition - Amount : ₹ 1,400
[INFO ] 2023-07-26 15:01:24.683 [main] GROStepDefinition - Patient ID : 1421
[INFO ] 2023-07-26 15:01:25.084 [main] GROStepDefinition - Select Patient Type : Direct
[INFO ] 2023-07-26 15:01:26.469 [main] GROStepDefinition - Patient Name :Absolute Neutrophils Count
[INFO ] 2023-07-26 15:01:27.124 [main] GROStepDefinition - Gender : Female
[INFO ] 2023-07-26 15:01:27.964 [main] GROStepDefinition - Age : 25
[INFO ] 2023-07-26 15:01:33.319 [main] GROStepDefinition - Test Name :Absolute Neutrophils Count
[INFO ] 2023-07-26 15:01:36.878 [main] GROStepDefinition - Amount : ₹ 265
[INFO ] 2023-07-26 15:01:48.179 [main] GROStepDefinition - Patient ID : 1422
[INFO ] 2023-07-26 15:01:48.595 [main] GROStepDefinition - Select Patient Type : Direct
[INFO ] 2023-07-26 15:01:49.801 [main] GROStepDefinition - Patient Name :Creatinine in Urine
[INFO ] 2023-07-26 15:01:50.485 [main] GROStepDefinition - Gender : Female
[INFO ] 2023-07-26 15:01:51.299 [main] GROStepDefinition - Age : 25
[INFO ] 2023-07-26 15:01:56.408 [main] GROStepDefinition - Test Name :Creatinine in Urine
[INFO ] 2023-07-26 15:01:59.818 [main] GROStepDefinition - Amount : ₹ 0
[INFO ] 2023-07-26 18:55:52.802 [main] GROStepDefinition - Crelio Automation Script Run In :  Chrome Browser
[INFO ] 2023-07-26 18:56:08.276 [main] GROStepDefinition - Crelio Automation Script Run In :  Chrome Browser
[INFO ] 2023-07-26 18:56:18.003 [main] GROStepDefinition - Patient ID : 1435
[INFO ] 2023-07-26 18:56:18.594 [main] GROStepDefinition - Select Patient Type : Direct
[INFO ] 2023-07-26 18:56:19.704 [main] GROStepDefinition - Patient Name :% Saturation
[INFO ] 2023-07-26 18:56:20.302 [main] GROStepDefinition - Gender : Female
[INFO ] 2023-07-26 18:56:21.069 [main] GROStepDefinition - Age : 25
[INFO ] 2023-07-26 18:56:25.929 [main] GROStepDefinition - Test Name :% Saturation
[INFO ] 2023-07-26 18:56:29.362 [main] GROStepDefinition - Amount : ₹ 0
[INFO ] 2023-07-26 18:56:40.347 [main] GROStepDefinition - Patient ID : 1436
[INFO ] 2023-07-26 18:56:40.761 [main] GROStepDefinition - Select Patient Type : Direct
[INFO ] 2023-07-26 18:56:42.086 [main] GROStepDefinition - Patient Name :24 hr Urine C peptide
[INFO ] 2023-07-26 18:56:42.686 [main] GROStepDefinition - Gender : Female
[INFO ] 2023-07-26 18:56:43.467 [main] GROStepDefinition - Age : 25
[INFO ] 2023-07-26 19:00:24.104 [main] GROStepDefinition - Crelio Automation Script Run In :  Chrome Browser
[INFO ] 2023-07-26 19:00:32.335 [main] GROStepDefinition - Patient ID : 1437
[INFO ] 2023-07-26 19:00:32.865 [main] GROStepDefinition - Select Patient Type : Direct
[INFO ] 2023-07-26 19:00:33.942 [main] GROStepDefinition - Patient Name :% Saturation
[INFO ] 2023-07-26 19:00:34.538 [main] GROStepDefinition - Gender : Male
[INFO ] 2023-07-26 19:00:35.251 [main] GROStepDefinition - Age : 25
[INFO ] 2023-07-26 19:00:40.110 [main] GROStepDefinition - Test Name :% Saturation
[INFO ] 2023-07-26 19:00:43.542 [main] GROStepDefinition - Amount : ₹ 0
[INFO ] 2023-07-26 19:00:59.982 [main] GROStepDefinition - Crelio Automation Script Run In :  Chrome Browser
[INFO ] 2023-07-26 19:01:08.761 [main] GROStepDefinition - Patient ID : 1438
[INFO ] 2023-07-26 19:01:09.298 [main] GROStepDefinition - Select Patient Type : Direct
[INFO ] 2023-07-26 19:01:10.371 [main] GROStepDefinition - Patient Name :% Saturation
[INFO ] 2023-07-26 19:01:10.994 [main] GROStepDefinition - Gender : Male
[INFO ] 2023-07-26 19:01:11.704 [main] GROStepDefinition - Age : 25
[INFO ] 2023-07-26 19:01:16.556 [main] GROStepDefinition - Test Name :% Saturation
[INFO ] 2023-07-26 19:01:19.969 [main] GROStepDefinition - Amount : ₹ 0
[INFO ] 2023-07-26 19:01:30.840 [main] GROStepDefinition - Patient ID : 1439
[INFO ] 2023-07-26 19:01:31.258 [main] GROStepDefinition - Select Patient Type : Direct
[INFO ] 2023-07-26 19:01:32.543 [main] GROStepDefinition - Patient Name :24 hr Urine C peptide
[INFO ] 2023-07-26 19:01:33.172 [main] GROStepDefinition - Gender : Male
[INFO ] 2023-07-26 19:01:33.936 [main] GROStepDefinition - Age : 25
[INFO ] 2023-07-26 19:01:39.169 [main] GROStepDefinition - Test Name :24 hr Urine C peptide
[INFO ] 2023-07-26 19:01:42.527 [main] GROStepDefinition - Amount : ₹ 0
[INFO ] 2023-07-26 19:01:53.389 [main] GROStepDefinition - Patient ID : 1440
[INFO ] 2023-07-26 19:01:53.803 [main] GROStepDefinition - Select Patient Type : Direct
[INFO ] 2023-07-26 19:01:55.010 [main] GROStepDefinition - Patient Name :24 hr Urine Chloride
[INFO ] 2023-07-26 19:01:55.605 [main] GROStepDefinition - Gender : Male
[INFO ] 2023-07-26 19:01:56.384 [main] GROStepDefinition - Age : 25
[INFO ] 2023-07-26 19:02:01.508 [main] GROStepDefinition - Test Name :24 hr Urine Chloride
[INFO ] 2023-07-26 19:02:04.968 [main] GROStepDefinition - Amount : ₹ 0
[INFO ] 2023-07-26 19:02:15.903 [main] GROStepDefinition - Patient ID : 1441
[INFO ] 2023-07-26 19:02:16.317 [main] GROStepDefinition - Select Patient Type : Direct
[INFO ] 2023-07-26 19:02:17.568 [main] GROStepDefinition - Patient Name :24 hr Urine Cortisol
[INFO ] 2023-07-26 19:02:18.194 [main] GROStepDefinition - Gender : Male
[INFO ] 2023-07-26 19:02:18.994 [main] GROStepDefinition - Age : 25
[INFO ] 2023-07-26 19:02:24.088 [main] GROStepDefinition - Test Name :24 hr Urine Cortisol
[INFO ] 2023-07-26 19:02:27.539 [main] GROStepDefinition - Amount : ₹ 0
[INFO ] 2023-07-26 19:02:38.505 [main] GROStepDefinition - Patient ID : 1442
[INFO ] 2023-07-26 19:02:38.916 [main] GROStepDefinition - Select Patient Type : Direct
[INFO ] 2023-07-26 19:02:40.139 [main] GROStepDefinition - Patient Name :24 hr Urine Magnesium
[INFO ] 2023-07-26 19:02:40.725 [main] GROStepDefinition - Gender : Male
[INFO ] 2023-07-26 19:02:41.502 [main] GROStepDefinition - Age : 25
[INFO ] 2023-07-26 19:02:46.575 [main] GROStepDefinition - Test Name :24 hr Urine Magnesium
[INFO ] 2023-07-26 19:02:50.014 [main] GROStepDefinition - Amount : ₹ 0
[INFO ] 2023-07-26 19:03:00.944 [main] GROStepDefinition - Patient ID : 1443
[INFO ] 2023-07-26 19:03:01.350 [main] GROStepDefinition - Select Patient Type : Direct
[INFO ] 2023-07-26 19:03:02.634 [main] GROStepDefinition - Patient Name :24 hr Urine Microalbumin
[INFO ] 2023-07-26 19:03:03.258 [main] GROStepDefinition - Gender : Male
[INFO ] 2023-07-26 19:03:04.055 [main] GROStepDefinition - Age : 25
[INFO ] 2023-07-26 19:03:09.191 [main] GROStepDefinition - Test Name :24 hr Urine Microalbumin
[INFO ] 2023-07-26 19:03:12.608 [main] GROStepDefinition - Amount : ₹ 0
