[INFO ] 2023-09-12 16:34:56.168 [main] GROStepDefinition - Crelio Automation Script Run In :  null Browser
[INFO ] 2023-09-12 16:35:29.767 [main] GROStepDefinition - Crelio Automation Script Run In :  Chrome Browser
[INFO ] 2023-09-12 16:35:59.693 [main] GROStepDefinition - Crelio Automation Script Run In :  MicrosoftEdge Browser
[INFO ] 2023-09-12 16:36:10.826 [main] GROStepDefinition - Patient ID : 2132
[INFO ] 2023-09-12 16:36:11.408 [main] GROStepDefinition - Select Patient Type : Direct
[INFO ] 2023-09-12 16:36:12.571 [main] GROStepDefinition - Patient Name :Semen Analysis
[INFO ] 2023-09-12 16:36:13.202 [main] GROStepDefinition - Gender : Female
[INFO ] 2023-09-12 16:36:14.012 [main] GROStepDefinition - Age : 25
[INFO ] 2023-09-12 16:37:27.460 [main] GROStepDefinition - Crelio Automation Script Run In :  MicrosoftEdge Browser
[INFO ] 2023-09-12 16:37:40.375 [main] GROStepDefinition - Patient ID : 2132
[INFO ] 2023-09-12 16:37:51.202 [main] GROStepDefinition - Crelio Automation Script Run In :  MicrosoftEdge Browser
[INFO ] 2023-09-12 16:38:04.605 [main] GROStepDefinition - Patient ID : 2132
[INFO ] 2023-09-12 16:38:05.244 [main] GROStepDefinition - Select Patient Type : Direct
[INFO ] 2023-09-12 16:38:06.764 [main] GROStepDefinition - Patient Name :Hemogram (CBC with ESR)
[INFO ] 2023-09-12 16:38:07.399 [main] GROStepDefinition - Gender : Female
[INFO ] 2023-09-12 16:38:08.182 [main] GROStepDefinition - Age : 25
[INFO ] 2023-09-12 16:39:57.178 [main] GROStepDefinition - Crelio Automation Script Run In :  MicrosoftEdge Browser
[INFO ] 2023-09-12 16:40:14.180 [main] GROStepDefinition - Patient ID : 2132
[INFO ] 2023-09-12 16:40:14.802 [main] GROStepDefinition - Select Patient Type : Direct
[INFO ] 2023-09-12 16:40:16.272 [main] GROStepDefinition - Patient Name :Hemogram (CBC with ESR)
[INFO ] 2023-09-12 16:40:16.913 [main] GROStepDefinition - Gender : Female
[INFO ] 2023-09-12 16:40:17.702 [main] GROStepDefinition - Age : 25
[INFO ] 2023-09-12 16:40:54.210 [main] GROStepDefinition - Crelio Automation Script Run In :  MicrosoftEdge Browser
[INFO ] 2023-09-12 16:41:06.529 [main] GROStepDefinition - Patient ID : 2132
[INFO ] 2023-09-12 16:41:07.142 [main] GROStepDefinition - Select Patient Type : Direct
[INFO ] 2023-09-12 16:41:08.563 [main] GROStepDefinition - Patient Name :Hemogram (CBC with ESR)
[INFO ] 2023-09-12 16:41:09.166 [main] GROStepDefinition - Gender : Female
[INFO ] 2023-09-12 16:41:09.926 [main] GROStepDefinition - Age : 25
[INFO ] 2023-09-12 16:55:52.334 [main] GROStepDefinition - Crelio Automation Script Run In :  MicrosoftEdge Browser
[INFO ] 2023-09-12 16:56:05.482 [main] GROStepDefinition - Patient ID : 2133
[INFO ] 2023-09-12 16:56:06.054 [main] GROStepDefinition - Select Patient Type : Direct
[INFO ] 2023-09-12 16:56:07.465 [main] GROStepDefinition - Patient Name :Hemogram (CBC with ESR)
[INFO ] 2023-09-12 16:56:08.089 [main] GROStepDefinition - Gender : Female
[INFO ] 2023-09-12 16:56:08.893 [main] GROStepDefinition - Age : 25
[INFO ] 2023-09-12 16:57:05.887 [main] GROStepDefinition - Crelio Automation Script Run In :  MicrosoftEdge Browser
[INFO ] 2023-09-12 16:57:16.866 [main] GROStepDefinition - Patient ID : 2133
[INFO ] 2023-09-12 16:57:17.528 [main] GROStepDefinition - Select Patient Type : Direct
[INFO ] 2023-09-12 16:57:19.049 [main] GROStepDefinition - Patient Name :Hemogram (CBC with ESR)
[INFO ] 2023-09-12 16:57:19.657 [main] GROStepDefinition - Gender : Female
[INFO ] 2023-09-12 16:57:20.448 [main] GROStepDefinition - Age : 25
[INFO ] 2023-09-12 16:57:25.789 [main] GROStepDefinition - Test Name :Hemogram (CBC with ESR)
[INFO ] 2023-09-12 16:58:11.081 [main] GROStepDefinition - Crelio Automation Script Run In :  MicrosoftEdge Browser
[INFO ] 2023-09-12 16:58:23.847 [main] GROStepDefinition - Patient ID : 2134
[INFO ] 2023-09-12 16:58:24.491 [main] GROStepDefinition - Select Patient Type : Direct
[INFO ] 2023-09-12 16:58:25.927 [main] GROStepDefinition - Patient Name :Hemogram (CBC with ESR)
[INFO ] 2023-09-12 16:58:26.536 [main] GROStepDefinition - Gender : Female
[INFO ] 2023-09-12 16:58:27.333 [main] GROStepDefinition - Age : 25
[INFO ] 2023-09-12 16:59:03.111 [main] GROStepDefinition - Crelio Automation Script Run In :  MicrosoftEdge Browser
[INFO ] 2023-09-12 16:59:14.355 [main] GROStepDefinition - Patient ID : 2134
[INFO ] 2023-09-12 16:59:14.934 [main] GROStepDefinition - Select Patient Type : Direct
[INFO ] 2023-09-12 16:59:16.375 [main] GROStepDefinition - Patient Name :Hemogram (CBC with ESR)
[INFO ] 2023-09-12 16:59:17.016 [main] GROStepDefinition - Gender : Female
[INFO ] 2023-09-12 16:59:17.806 [main] GROStepDefinition - Age : 25
[INFO ] 2023-09-12 16:59:23.182 [main] GROStepDefinition - Test Name :Hemogram (CBC with ESR)
[INFO ] 2023-09-12 16:59:45.156 [main] GROStepDefinition - Crelio Automation Script Run In :  MicrosoftEdge Browser
[INFO ] 2023-09-12 16:59:57.117 [main] GROStepDefinition - Patient ID : 2135
[INFO ] 2023-09-12 16:59:57.689 [main] GROStepDefinition - Select Patient Type : Direct
[INFO ] 2023-09-12 16:59:59.096 [main] GROStepDefinition - Patient Name :Hemogram (CBC with ESR)
[INFO ] 2023-09-12 16:59:59.733 [main] GROStepDefinition - Gender : Female
[INFO ] 2023-09-12 17:00:00.533 [main] GROStepDefinition - Age : 25
[INFO ] 2023-09-12 17:00:05.723 [main] GROStepDefinition - Test Name :Hemogram (CBC with ESR)
[INFO ] 2023-09-12 17:01:09.387 [main] GROStepDefinition - Crelio Automation Script Run In :  MicrosoftEdge Browser
[INFO ] 2023-09-12 17:01:20.748 [main] GROStepDefinition - Patient ID : 2136
[INFO ] 2023-09-12 17:01:21.359 [main] GROStepDefinition - Select Patient Type : Direct
[INFO ] 2023-09-12 17:01:22.700 [main] GROStepDefinition - Patient Name :Hemogram (CBC with ESR)
[INFO ] 2023-09-12 17:01:23.322 [main] GROStepDefinition - Gender : Female
[INFO ] 2023-09-12 17:01:24.127 [main] GROStepDefinition - Age : 25
[INFO ] 2023-09-12 17:01:29.469 [main] GROStepDefinition - Test Name :Hemogram (CBC with ESR)
[INFO ] 2023-09-12 17:01:44.575 [main] GROStepDefinition - Crelio Automation Script Run In :  MicrosoftEdge Browser
[INFO ] 2023-09-12 17:01:57.030 [main] GROStepDefinition - Patient ID : 2137
[INFO ] 2023-09-12 17:02:19.433 [main] GROStepDefinition - Crelio Automation Script Run In :  MicrosoftEdge Browser
[INFO ] 2023-09-12 17:02:32.199 [main] GROStepDefinition - Patient ID : 2137
[INFO ] 2023-09-12 17:02:32.836 [main] GROStepDefinition - Select Patient Type : Direct
[INFO ] 2023-09-12 17:02:34.415 [main] GROStepDefinition - Patient Name :Hemogram (CBC with ESR)
[INFO ] 2023-09-12 17:02:35.053 [main] GROStepDefinition - Gender : Female
[INFO ] 2023-09-12 17:02:35.836 [main] GROStepDefinition - Age : 25
[INFO ] 2023-09-12 17:02:41.059 [main] GROStepDefinition - Test Name :Hemogram (CBC with ESR)
[INFO ] 2023-09-12 17:02:45.140 [main] GROStepDefinition - Amount : ₱ 350
[INFO ] 2023-09-12 17:03:43.190 [main] GROStepDefinition - Crelio Automation Script Run In :  MicrosoftEdge Browser
[INFO ] 2023-09-12 17:03:59.725 [main] GROStepDefinition - Patient ID : 2138
[INFO ] 2023-09-12 17:04:00.304 [main] GROStepDefinition - Select Patient Type : Direct
[INFO ] 2023-09-12 17:04:01.794 [main] GROStepDefinition - Patient Name :Hemogram (CBC with ESR)
[INFO ] 2023-09-12 17:04:02.426 [main] GROStepDefinition - Gender : Female
[INFO ] 2023-09-12 17:04:03.239 [main] GROStepDefinition - Age : 25
[INFO ] 2023-09-12 17:04:20.467 [main] GROStepDefinition - Crelio Automation Script Run In :  MicrosoftEdge Browser
[INFO ] 2023-09-12 17:04:33.347 [main] GROStepDefinition - Patient ID : 2138
[INFO ] 2023-09-12 17:04:33.939 [main] GROStepDefinition - Select Patient Type : Direct
[INFO ] 2023-09-12 17:04:35.334 [main] GROStepDefinition - Patient Name :Hemogram (CBC with ESR)
[INFO ] 2023-09-12 17:04:35.970 [main] GROStepDefinition - Gender : Female
[INFO ] 2023-09-12 17:04:36.783 [main] GROStepDefinition - Age : 25
[INFO ] 2023-09-12 17:04:42.069 [main] GROStepDefinition - Test Name :Hemogram (CBC with ESR)
[INFO ] 2023-09-12 17:04:46.152 [main] GROStepDefinition - Amount : ₱ 350
[INFO ] 2023-09-12 17:05:09.990 [main] GROStepDefinition - Crelio Automation Script Run In :  MicrosoftEdge Browser
[INFO ] 2023-09-12 17:05:22.175 [main] GROStepDefinition - Patient ID : 2139
[INFO ] 2023-09-12 17:05:22.791 [main] GROStepDefinition - Select Patient Type : Direct
[INFO ] 2023-09-12 17:05:24.280 [main] GROStepDefinition - Patient Name :Hemogram (CBC with ESR)
[INFO ] 2023-09-12 17:05:24.878 [main] GROStepDefinition - Gender : Female
[INFO ] 2023-09-12 17:05:25.615 [main] GROStepDefinition - Age : 25
[INFO ] 2023-09-12 17:05:30.892 [main] GROStepDefinition - Test Name :Hemogram (CBC with ESR)
[INFO ] 2023-09-12 17:05:34.976 [main] GROStepDefinition - Amount : ₱ 350
[INFO ] 2023-09-12 17:09:14.949 [main] GROStepDefinition - Crelio Automation Script Run In :  MicrosoftEdge Browser
[INFO ] 2023-09-12 17:09:28.427 [main] GROStepDefinition - Patient ID : 2142
[INFO ] 2023-09-12 17:09:29.051 [main] GROStepDefinition - Select Patient Type : Direct
[INFO ] 2023-09-12 17:09:30.541 [main] GROStepDefinition - Patient Name :Hemogram (CBC with ESR)
[INFO ] 2023-09-12 17:09:31.167 [main] GROStepDefinition - Gender : Female
[INFO ] 2023-09-12 17:09:32.006 [main] GROStepDefinition - Age : 25
[INFO ] 2023-09-12 17:09:43.669 [main] GROStepDefinition - Crelio Automation Script Run In :  MicrosoftEdge Browser
[INFO ] 2023-09-12 17:09:55.147 [main] GROStepDefinition - Patient ID : 2142
[INFO ] 2023-09-12 17:10:14.703 [main] GROStepDefinition - Crelio Automation Script Run In :  MicrosoftEdge Browser
[INFO ] 2023-09-12 17:10:28.553 [main] GROStepDefinition - Patient ID : 2142
[INFO ] 2023-09-12 17:10:29.189 [main] GROStepDefinition - Select Patient Type : Direct
[INFO ] 2023-09-12 17:10:30.617 [main] GROStepDefinition - Patient Name :Hemogram (CBC with ESR)
[INFO ] 2023-09-12 17:10:31.236 [main] GROStepDefinition - Gender : Female
[INFO ] 2023-09-12 17:10:32.050 [main] GROStepDefinition - Age : 25
[INFO ] 2023-09-12 17:10:37.251 [main] GROStepDefinition - Test Name :Hemogram (CBC with ESR)
[INFO ] 2023-09-12 17:10:41.358 [main] GROStepDefinition - Amount : ₱ 350
[INFO ] 2023-09-12 17:10:53.317 [main] GROStepDefinition - Patient ID : 2143
[INFO ] 2023-09-12 17:10:53.883 [main] GROStepDefinition - Select Patient Type : Direct
[INFO ] 2023-09-12 17:10:55.303 [main] GROStepDefinition - Patient Name :Albumin 24 hr Urine
[INFO ] 2023-09-12 17:10:55.917 [main] GROStepDefinition - Gender : Female
[INFO ] 2023-09-12 17:10:56.715 [main] GROStepDefinition - Age : 25
[INFO ] 2023-09-12 17:11:01.971 [main] GROStepDefinition - Test Name :Albumin 24 hr Urine
[INFO ] 2023-09-12 17:14:14.233 [main] GROStepDefinition - Crelio Automation Script Run In :  MicrosoftEdge Browser
[INFO ] 2023-09-12 17:14:25.437 [main] GROStepDefinition - Patient ID : 
[INFO ] 2023-09-12 17:14:26.036 [main] GROStepDefinition - Select Patient Type : Direct
[INFO ] 2023-09-12 17:14:27.256 [main] GROStepDefinition - Patient Name :Neutrophils Count
[INFO ] 2023-09-12 17:14:27.867 [main] GROStepDefinition - Gender : Female
[INFO ] 2023-09-12 17:14:28.691 [main] GROStepDefinition - Age : 25
[INFO ] 2023-09-12 17:14:33.769 [main] GROStepDefinition - Test Name :Neutrophils Count
[INFO ] 2023-09-12 17:14:37.776 [main] GROStepDefinition - Amount : ₱ 265
[INFO ] 2023-09-12 17:14:49.633 [main] GROStepDefinition - Patient ID : 2145
[INFO ] 2023-09-12 17:15:14.719 [main] GROStepDefinition - Crelio Automation Script Run In :  MicrosoftEdge Browser
[INFO ] 2023-09-12 17:15:26.795 [main] GROStepDefinition - Patient ID : 2145
[INFO ] 2023-09-12 17:15:27.397 [main] GROStepDefinition - Select Patient Type : Direct
[INFO ] 2023-09-12 17:15:28.691 [main] GROStepDefinition - Patient Name :Neutrophils Count
[INFO ] 2023-09-12 17:15:29.285 [main] GROStepDefinition - Gender : Female
[INFO ] 2023-09-12 17:15:30.087 [main] GROStepDefinition - Age : 25
[INFO ] 2023-09-12 17:15:35.389 [main] GROStepDefinition - Test Name :Neutrophils Count
[INFO ] 2023-09-12 17:15:50.080 [main] GROStepDefinition - Crelio Automation Script Run In :  MicrosoftEdge Browser
[INFO ] 2023-09-12 17:16:01.405 [main] GROStepDefinition - Patient ID : 2146
[INFO ] 2023-09-12 17:16:02.007 [main] GROStepDefinition - Select Patient Type : Direct
[INFO ] 2023-09-12 17:16:03.315 [main] GROStepDefinition - Patient Name :Neutrophils Count
[INFO ] 2023-09-12 17:16:03.935 [main] GROStepDefinition - Gender : Female
[INFO ] 2023-09-12 17:16:04.761 [main] GROStepDefinition - Age : 25
[INFO ] 2023-09-12 17:16:09.970 [main] GROStepDefinition - Test Name :Neutrophils Count
[INFO ] 2023-09-12 17:16:14.048 [main] GROStepDefinition - Amount : ₱ 265
[INFO ] 2023-09-12 17:16:26.027 [main] GROStepDefinition - Patient ID : 2147
[INFO ] 2023-09-12 17:16:26.630 [main] GROStepDefinition - Select Patient Type : Direct
[INFO ] 2023-09-12 17:16:27.674 [main] GROStepDefinition - Patient Name :Eosinophil
[INFO ] 2023-09-12 17:16:28.323 [main] GROStepDefinition - Gender : Female
[INFO ] 2023-09-12 17:16:29.113 [main] GROStepDefinition - Age : 25
[INFO ] 2023-09-12 17:16:34.305 [main] GROStepDefinition - Test Name :Eosinophil
[INFO ] 2023-09-12 17:16:38.245 [main] GROStepDefinition - Amount : ₱ 265
[INFO ] 2023-09-12 17:16:50.397 [main] GROStepDefinition - Patient ID : 2148
[INFO ] 2023-09-12 17:20:14.842 [main] GROStepDefinition - Crelio Automation Script Run In :  MicrosoftEdge Browser
[INFO ] 2023-09-12 17:20:27.711 [main] GROStepDefinition - Patient ID : 2148
[INFO ] 2023-09-12 17:20:28.528 [main] GROStepDefinition - Select Patient Type : Direct
[INFO ] 2023-09-12 17:20:29.710 [main] GROStepDefinition - Patient Name :Monocyte Count
[INFO ] 2023-09-12 17:20:30.342 [main] GROStepDefinition - Gender : Female
[INFO ] 2023-09-12 17:20:31.152 [main] GROStepDefinition - Age : 25
[INFO ] 2023-09-12 17:20:36.306 [main] GROStepDefinition - Test Name :Monocyte Count
[INFO ] 2023-09-12 17:20:49.639 [main] GROStepDefinition - Crelio Automation Script Run In :  MicrosoftEdge Browser
[INFO ] 2023-09-12 17:21:00.299 [main] GROStepDefinition - Patient ID : 2149
[INFO ] 2023-09-12 17:21:17.136 [main] GROStepDefinition - Crelio Automation Script Run In :  MicrosoftEdge Browser
[INFO ] 2023-09-12 17:21:30.665 [main] GROStepDefinition - Patient ID : 2149
[INFO ] 2023-09-12 17:21:31.428 [main] GROStepDefinition - Select Patient Type : Direct
[INFO ] 2023-09-12 17:21:32.636 [main] GROStepDefinition - Patient Name :Monocyte Count
[INFO ] 2023-09-12 17:21:33.280 [main] GROStepDefinition - Gender : Female
[INFO ] 2023-09-12 17:21:34.096 [main] GROStepDefinition - Age : 25
[INFO ] 2023-09-12 17:22:03.764 [main] GROStepDefinition - Crelio Automation Script Run In :  MicrosoftEdge Browser
[INFO ] 2023-09-12 17:22:15.174 [main] GROStepDefinition - Patient ID : 2149
[INFO ] 2023-09-12 17:22:15.955 [main] GROStepDefinition - Select Patient Type : Direct
[INFO ] 2023-09-12 17:22:17.065 [main] GROStepDefinition - Patient Name :Monocyte Count
[INFO ] 2023-09-12 17:22:17.810 [main] GROStepDefinition - Gender : Female
[INFO ] 2023-09-12 17:22:18.626 [main] GROStepDefinition - Age : 25
[INFO ] 2023-09-12 17:22:23.738 [main] GROStepDefinition - Test Name :Monocyte Count
[INFO ] 2023-09-12 17:22:27.750 [main] GROStepDefinition - Amount : ₱ 265
[INFO ] 2023-09-12 17:22:39.750 [main] GROStepDefinition - Patient ID : 2150
[INFO ] 2023-09-12 17:22:40.557 [main] GROStepDefinition - Select Patient Type : Direct
[INFO ] 2023-09-12 17:22:41.588 [main] GROStepDefinition - Patient Name :Lymphocyte
[INFO ] 2023-09-12 17:22:42.233 [main] GROStepDefinition - Gender : Female
[INFO ] 2023-09-12 17:22:43.056 [main] GROStepDefinition - Age : 25
[INFO ] 2023-09-12 17:22:48.165 [main] GROStepDefinition - Test Name :Lymphocyte
[INFO ] 2023-09-12 17:22:52.114 [main] GROStepDefinition - Amount : ₱ 265
[INFO ] 2023-09-12 17:23:04.198 [main] GROStepDefinition - Patient ID : 2151
[INFO ] 2023-09-12 17:23:05.072 [main] GROStepDefinition - Select Patient Type : Direct
[INFO ] 2023-09-12 17:23:06.483 [main] GROStepDefinition - Patient Name :Absolute Basophils Count
[INFO ] 2023-09-12 17:23:07.071 [main] GROStepDefinition - Gender : Female
[INFO ] 2023-09-12 17:23:07.847 [main] GROStepDefinition - Age : 25
[INFO ] 2023-09-12 17:23:13.086 [main] GROStepDefinition - Test Name :Absolute Basophils Count
[INFO ] 2023-09-12 17:23:17.027 [main] GROStepDefinition - Amount : ₱ 265
[INFO ] 2023-09-12 17:23:28.958 [main] GROStepDefinition - Patient ID : 2152
[INFO ] 2023-09-12 17:23:29.707 [main] GROStepDefinition - Select Patient Type : Direct
[INFO ] 2023-09-12 17:23:30.888 [main] GROStepDefinition - Patient Name :Thyroid Panel
[INFO ] 2023-09-12 17:23:31.509 [main] GROStepDefinition - Gender : Female
[INFO ] 2023-09-12 17:23:32.310 [main] GROStepDefinition - Age : 25
[INFO ] 2023-09-12 17:23:37.484 [main] GROStepDefinition - Test Name :Thyroid Panel
[INFO ] 2023-09-12 17:23:41.445 [main] GROStepDefinition - Amount : ₱ 550
[INFO ] 2023-09-12 17:23:53.372 [main] GROStepDefinition - Patient ID : 2153
[INFO ] 2023-09-12 17:23:54.198 [main] GROStepDefinition - Select Patient Type : Direct
[INFO ] 2023-09-12 17:23:55.911 [main] GROStepDefinition - Patient Name :Drugs of Abuse screen- 10 Drug Panel
[INFO ] 2023-09-12 17:23:56.529 [main] GROStepDefinition - Gender : Female
[INFO ] 2023-09-12 17:23:57.304 [main] GROStepDefinition - Age : 25
[INFO ] 2023-09-12 17:24:02.851 [main] GROStepDefinition - Test Name :Drugs of Abuse screen- 10 Drug Panel
[INFO ] 2023-09-12 17:24:06.851 [main] GROStepDefinition - Amount : ₱ 9,000
[INFO ] 2023-09-12 17:24:18.975 [main] GROStepDefinition - Patient ID : 2154
[INFO ] 2023-09-12 17:24:19.743 [main] GROStepDefinition - Select Patient Type : Direct
[INFO ] 2023-09-12 17:24:20.785 [main] GROStepDefinition - Patient Name :INSULIN- PP
[INFO ] 2023-09-12 17:24:21.385 [main] GROStepDefinition - Gender : Female
[INFO ] 2023-09-12 17:24:22.195 [main] GROStepDefinition - Age : 25
[INFO ] 2023-09-12 17:24:27.282 [main] GROStepDefinition - Test Name :INSULIN- PP
[INFO ] 2023-09-12 17:24:31.228 [main] GROStepDefinition - Amount : ₱ 500
[INFO ] 2023-09-12 17:24:43.129 [main] GROStepDefinition - Patient ID : 2155
[INFO ] 2023-09-12 17:24:43.890 [main] GROStepDefinition - Select Patient Type : Direct
[INFO ] 2023-09-12 17:24:45.347 [main] GROStepDefinition - Patient Name :Absolute Neutrophils Count
[INFO ] 2023-09-12 17:24:45.956 [main] GROStepDefinition - Gender : Female
[INFO ] 2023-09-12 17:24:46.749 [main] GROStepDefinition - Age : 25
[INFO ] 2023-09-12 17:24:52.160 [main] GROStepDefinition - Test Name :Absolute Neutrophils Count
[INFO ] 2023-09-12 17:24:56.096 [main] GROStepDefinition - Amount : ₱ 265
[INFO ] 2023-09-12 17:25:08.061 [main] GROStepDefinition - Patient ID : 2156
[INFO ] 2023-09-12 17:25:08.814 [main] GROStepDefinition - Select Patient Type : Direct
[INFO ] 2023-09-12 17:25:13.425 [main] GROStepDefinition - Patient Name :Creatinine in Urine
[INFO ] 2023-09-12 17:25:14.013 [main] GROStepDefinition - Gender : Female
[INFO ] 2023-09-12 17:25:19.227 [main] GROStepDefinition - Age : 25
[INFO ] 2023-09-12 17:28:46.119 [main] GROStepDefinition - Crelio Automation Script Run In :  MicrosoftEdge Browser
[INFO ] 2023-09-12 17:29:02.087 [main] GROStepDefinition - Patient ID : 2157
[INFO ] 2023-09-12 17:29:25.842 [main] GROStepDefinition - Crelio Automation Script Run In :  MicrosoftEdge Browser
[INFO ] 2023-09-12 17:29:36.841 [main] GROStepDefinition - Patient ID : 2157
[INFO ] 2023-09-12 17:29:37.663 [main] GROStepDefinition - Select Patient Type : Direct
[INFO ] 2023-09-12 17:29:39.003 [main] GROStepDefinition - Patient Name :Creatinine in Urine
[INFO ] 2023-09-12 17:29:39.641 [main] GROStepDefinition - Gender : Female
[INFO ] 2023-09-12 17:29:40.413 [main] GROStepDefinition - Age : 25
[INFO ] 2023-09-12 17:29:45.629 [main] GROStepDefinition - Test Name :Creatinine in Urine
[INFO ] 2023-09-12 17:30:12.487 [main] GROStepDefinition - Crelio Automation Script Run In :  MicrosoftEdge Browser
[INFO ] 2023-09-12 17:30:24.830 [main] GROStepDefinition - Patient ID : 2158
[INFO ] 2023-09-12 17:30:25.693 [main] GROStepDefinition - Select Patient Type : Direct
[INFO ] 2023-09-12 17:30:26.713 [main] GROStepDefinition - Patient Name :ANTl-CCP
[INFO ] 2023-09-12 17:30:27.337 [main] GROStepDefinition - Gender : Female
[INFO ] 2023-09-12 17:30:28.135 [main] GROStepDefinition - Age : 25
[INFO ] 2023-09-12 17:30:33.120 [main] GROStepDefinition - Test Name :ANTl-CCP
[INFO ] 2023-09-12 17:30:37.217 [main] GROStepDefinition - Amount : ₱ 2,660
[INFO ] 2023-09-12 17:33:11.228 [main] GROStepDefinition - Crelio Automation Script Run In :  MicrosoftEdge Browser
[INFO ] 2023-09-12 17:33:38.764 [main] GROStepDefinition - Crelio Automation Script Run In :  MicrosoftEdge Browser
[INFO ] 2023-09-12 17:33:57.879 [main] GROStepDefinition - Patient ID : 2160
[INFO ] 2023-09-12 17:33:58.677 [main] GROStepDefinition - Select Patient Type : Direct
[INFO ] 2023-09-12 17:33:59.952 [main] GROStepDefinition - Patient Name :Typhi dot IgG & IgM
[INFO ] 2023-09-12 17:34:00.557 [main] GROStepDefinition - Gender : Female
[INFO ] 2023-09-12 17:34:01.371 [main] GROStepDefinition - Age : 25
[INFO ] 2023-09-12 17:34:06.610 [main] GROStepDefinition - Test Name :Typhi dot IgG & IgM
[INFO ] 2023-09-12 17:34:10.707 [main] GROStepDefinition - Amount : ₱ 510
[INFO ] 2023-09-12 17:34:22.663 [main] GROStepDefinition - Patient ID : 2161
[INFO ] 2023-09-12 17:34:23.464 [main] GROStepDefinition - Select Patient Type : Direct
[INFO ] 2023-09-12 17:34:24.852 [main] GROStepDefinition - Patient Name :CRP - C reactive Protein
[INFO ] 2023-09-12 17:34:25.484 [main] GROStepDefinition - Gender : Female
[INFO ] 2023-09-12 17:34:26.288 [main] GROStepDefinition - Age : 25
[INFO ] 2023-09-12 17:34:31.519 [main] GROStepDefinition - Test Name :CRP - C reactive Protein
[INFO ] 2023-09-12 17:35:52.338 [main] GROStepDefinition - Crelio Automation Script Run In :  MicrosoftEdge Browser
[INFO ] 2023-09-12 17:36:06.509 [main] GROStepDefinition - Patient ID : 
[INFO ] 2023-09-12 17:36:07.358 [main] GROStepDefinition - Select Patient Type : Direct
[INFO ] 2023-09-12 17:36:09.084 [main] GROStepDefinition - Patient Name :Alanine aminotransferase (ALT)
[INFO ] 2023-09-12 17:36:09.697 [main] GROStepDefinition - Gender : Female
[INFO ] 2023-09-12 17:36:10.494 [main] GROStepDefinition - Age : 25
[INFO ] 2023-09-12 17:36:51.556 [main] GROStepDefinition - Crelio Automation Script Run In :  MicrosoftEdge Browser
[INFO ] 2023-09-12 17:37:20.889 [main] GROStepDefinition - Crelio Automation Script Run In :  MicrosoftEdge Browser
[INFO ] 2023-09-12 17:37:33.417 [main] GROStepDefinition - Patient ID : 2162
[INFO ] 2023-09-12 17:37:34.190 [main] GROStepDefinition - Select Patient Type : Direct
[INFO ] 2023-09-12 17:37:35.789 [main] GROStepDefinition - Patient Name :Alanine aminotransferase (ALT)
[INFO ] 2023-09-12 17:37:36.400 [main] GROStepDefinition - Gender : Female
[INFO ] 2023-09-12 17:37:37.197 [main] GROStepDefinition - Age : 25
[INFO ] 2023-09-12 17:37:42.595 [main] GROStepDefinition - Test Name :Alanine aminotransferase (ALT)
[INFO ] 2023-09-12 17:38:06.394 [main] GROStepDefinition - Crelio Automation Script Run In :  MicrosoftEdge Browser
[INFO ] 2023-09-12 17:38:18.514 [main] GROStepDefinition - Patient ID : 2163
[INFO ] 2023-09-12 17:38:19.362 [main] GROStepDefinition - Select Patient Type : Direct
[INFO ] 2023-09-12 17:38:20.498 [main] GROStepDefinition - Patient Name :STOOL PH
[INFO ] 2023-09-12 17:38:21.118 [main] GROStepDefinition - Gender : Female
[INFO ] 2023-09-12 17:38:21.882 [main] GROStepDefinition - Age : 25
[INFO ] 2023-09-12 17:38:26.978 [main] GROStepDefinition - Test Name :STOOL PH
[INFO ] 2023-09-12 17:39:45.878 [main] GROStepDefinition - Crelio Automation Script Run In :  MicrosoftEdge Browser
[INFO ] 2023-09-12 17:40:00.297 [main] GROStepDefinition - Patient ID : 2164
[INFO ] 2023-09-12 17:40:01.117 [main] GROStepDefinition - Select Patient Type : Direct
[INFO ] 2023-09-12 17:40:02.138 [main] GROStepDefinition - Patient Name :STOOL PH
[INFO ] 2023-09-12 17:40:02.752 [main] GROStepDefinition - Gender : Female
[INFO ] 2023-09-12 17:40:03.586 [main] GROStepDefinition - Age : 25
[INFO ] 2023-09-12 17:40:08.624 [main] GROStepDefinition - Test Name :STOOL PH
[INFO ] 2023-09-12 17:40:12.685 [main] GROStepDefinition - Amount : ₱ 220
[INFO ] 2023-09-12 17:40:24.666 [main] GROStepDefinition - Patient ID : 2165
[INFO ] 2023-09-12 17:40:25.439 [main] GROStepDefinition - Select Patient Type : Direct
[INFO ] 2023-09-12 17:40:26.527 [main] GROStepDefinition - Patient Name :Serum Lipase
[INFO ] 2023-09-12 17:40:27.151 [main] GROStepDefinition - Gender : Female
[INFO ] 2023-09-12 17:40:27.965 [main] GROStepDefinition - Age : 25
[INFO ] 2023-09-12 17:40:33.237 [main] GROStepDefinition - Test Name :Serum Lipase
[INFO ] 2023-09-12 17:40:37.160 [main] GROStepDefinition - Amount : ₱ 300
[INFO ] 2023-09-12 17:40:49.265 [main] GROStepDefinition - Patient ID : 2166
[INFO ] 2023-09-12 17:40:50.076 [main] GROStepDefinition - Select Patient Type : Direct
[INFO ] 2023-09-12 17:40:51.739 [main] GROStepDefinition - Patient Name :TSH- Thyroid Stimulating Hormone
[INFO ] 2023-09-12 17:40:52.356 [main] GROStepDefinition - Gender : Female
[INFO ] 2023-09-12 17:40:53.162 [main] GROStepDefinition - Age : 25
[INFO ] 2023-09-12 17:40:58.497 [main] GROStepDefinition - Test Name :TSH- Thyroid Stimulating Hormone
[INFO ] 2023-09-12 17:41:02.399 [main] GROStepDefinition - Amount : ₱ 475
[INFO ] 2023-09-12 17:41:14.426 [main] GROStepDefinition - Patient ID : 2167
