[INFO ] 2022-11-25 14:33:03.095 [main] GROStepDefinition - Glosys Automation Script 2.0 Run In :  Chrome Browser
[INFO ] 2022-11-25 14:33:10.419 [main] GROStepDefinition - Start Time  = 1669366990419
[INFO ] 2022-11-25 14:33:10.427 [main] GROStepDefinition - Case:5: Enter The Correct Username And Password
[INFO ] 2022-11-25 14:33:10.538 [main] GROStepDefinition - Username: venkat
[INFO ] 2022-11-25 14:33:10.635 [main] GROStepDefinition - Password: xOET6k1gUY
[INFO ] 2022-11-25 14:33:15.758 [main] GROStepDefinition - Role Section: GRO - Chennai
[INFO ] 2022-11-25 14:33:22.049 [main] GROStepDefinition - Choose The Counter is: 
[ERROR] 2022-11-25 14:33:22.050 [main] GROStepDefinition - New Counter is  available please add this counter  : 
[INFO ] 2022-11-25 14:33:23.638 [main] GROStepDefinition - Signed into the counter successfully
[INFO ] 2022-11-25 14:33:27.858 [main] GROStepDefinition - Visa Number: 998090988037
[INFO ] 2022-11-25 14:33:29.969 [main] GROStepDefinition - Biometric skip request sent successfully
[INFO ] 2022-11-25 14:33:33.274 [main] GROStepDefinition - Patient Profile Page
[INFO ] 2022-11-25 14:33:33.274 [main] GROStepDefinition - Personal Details: 
[INFO ] 2022-11-25 14:33:33.274 [main] GROStepDefinition - Visa Gender Type: Select Gender
[INFO ] 2022-11-25 14:33:38.249 [main] GROStepDefinition - Successfully enter the Personal information details
[INFO ] 2022-11-25 14:33:38.250 [main] GROStepDefinition - Communcation Details: 
[INFO ] 2022-11-25 14:33:39.305 [main] GROStepDefinition - Country: India
[INFO ] 2022-11-25 14:33:41.436 [main] GROStepDefinition - Preferred Language to Speak: Tamil
[INFO ] 2022-11-25 14:33:42.567 [main] GROStepDefinition - Preferred Language to Read: Tamil
[INFO ] 2022-11-25 14:34:09.223 [main] LabJuniorStepDefinition - Start Time  = 1669367049223
[INFO ] 2022-11-25 14:34:26.249 [main] GROStepDefinition - Glosys Automation Script 2.0 Run In :  Chrome Browser
[INFO ] 2022-11-25 14:34:34.193 [main] GROStepDefinition - Start Time  = 1669367074193
[INFO ] 2022-11-25 14:34:34.193 [main] GROStepDefinition - Case:5: Enter The Correct Username And Password
[INFO ] 2022-11-25 14:34:34.308 [main] GROStepDefinition - Username: venkat
[INFO ] 2022-11-25 14:34:34.406 [main] GROStepDefinition - Password: xOET6k1gUY
[INFO ] 2022-11-25 14:34:39.814 [main] GROStepDefinition - Role Section: GRO - Chennai
[INFO ] 2022-11-25 14:34:45.526 [main] GROStepDefinition - Choose The Counter is: 
[ERROR] 2022-11-25 14:34:45.527 [main] GROStepDefinition - New Counter is  available please add this counter  : 
[INFO ] 2022-11-25 14:34:47.143 [main] GROStepDefinition - Signed into the counter successfully
[INFO ] 2022-11-25 14:34:51.447 [main] GROStepDefinition - Visa Number: 998090988038
[INFO ] 2022-11-25 14:34:53.558 [main] GROStepDefinition - Biometric skip request sent successfully
[INFO ] 2022-11-25 14:34:58.742 [main] GROStepDefinition - Patient Profile Page
[INFO ] 2022-11-25 14:34:58.742 [main] GROStepDefinition - Personal Details: 
[INFO ] 2022-11-25 14:34:58.742 [main] GROStepDefinition - Visa Gender Type: 
[INFO ] 2022-11-25 14:35:04.172 [main] GROStepDefinition - Successfully enter the Personal information details
[INFO ] 2022-11-25 14:35:04.173 [main] GROStepDefinition - Communcation Details: 
[INFO ] 2022-11-25 14:35:05.230 [main] GROStepDefinition - Country: India
[INFO ] 2022-11-25 14:35:07.380 [main] GROStepDefinition - Preferred Language to Speak: Tamil
[INFO ] 2022-11-25 14:35:08.516 [main] GROStepDefinition - Preferred Language to Read: Tamil
[INFO ] 2022-11-25 14:35:18.567 [main] LabJuniorStepDefinition - Start Time  = 1669367118567
[INFO ] 2022-11-25 14:35:20.603 [main] LabSeniorStepDefinition - Start Time  = 1669367120603
[INFO ] 2022-11-25 14:35:22.646 [main] LabSupervisorStepDefinition - Start Time  = 1669367122646
[INFO ] 2022-11-25 14:35:41.280 [main] GROStepDefinition - Glosys Automation Script 2.0 Run In :  Chrome Browser
[INFO ] 2022-11-25 14:35:49.551 [main] GROStepDefinition - Start Time  = 1669367149551
[INFO ] 2022-11-25 14:35:49.556 [main] GROStepDefinition - Case:5: Enter The Correct Username And Password
[INFO ] 2022-11-25 14:35:49.635 [main] GROStepDefinition - Username: venkat
[INFO ] 2022-11-25 14:35:49.739 [main] GROStepDefinition - Password: xOET6k1gUY
[INFO ] 2022-11-25 14:35:55.036 [main] GROStepDefinition - Role Section: GRO - Chennai
[INFO ] 2022-11-25 14:36:00.781 [main] GROStepDefinition - Choose The Counter is: 
[ERROR] 2022-11-25 14:36:00.781 [main] GROStepDefinition - New Counter is  available please add this counter  : 
[INFO ] 2022-11-25 14:36:02.384 [main] GROStepDefinition - Signed into the counter successfully
[INFO ] 2022-11-25 14:36:06.690 [main] GROStepDefinition - Visa Number: 998090988039
[INFO ] 2022-11-25 14:36:08.812 [main] GROStepDefinition - Biometric skip request sent successfully
[INFO ] 2022-11-25 14:36:11.859 [main] GROStepDefinition - Patient Profile Page
[INFO ] 2022-11-25 14:36:11.859 [main] GROStepDefinition - Personal Details: 
[INFO ] 2022-11-25 14:36:11.859 [main] GROStepDefinition - Visa Gender Type: Select Gender
[INFO ] 2022-11-25 14:36:17.825 [main] GROStepDefinition - Successfully enter the Personal information details
[INFO ] 2022-11-25 14:36:17.825 [main] GROStepDefinition - Communcation Details: 
[INFO ] 2022-11-25 14:36:18.881 [main] GROStepDefinition - Country: India
[INFO ] 2022-11-25 14:36:21.032 [main] GROStepDefinition - Preferred Language to Speak: Tamil
[INFO ] 2022-11-25 14:36:22.175 [main] GROStepDefinition - Preferred Language to Read: Tamil
[INFO ] 2022-11-25 14:36:26.848 [main] GROStepDefinition - Preferred Location for Referral: Chennai
[INFO ] 2022-11-25 14:36:28.968 [main] GROStepDefinition - Preferred Hospital: Apollo Hospital
[INFO ] 2022-11-25 14:36:28.968 [main] GROStepDefinition - Successfully enter The Communication Details
[INFO ] 2022-11-25 14:36:28.968 [main] GROStepDefinition - Encounter Details: 
[INFO ] 2022-11-25 14:36:33.082 [main] LabJuniorStepDefinition - Start Time  = 1669367193082
[INFO ] 2022-11-25 14:36:35.097 [main] LabSeniorStepDefinition - Start Time  = 1669367195097
[INFO ] 2022-11-25 14:36:37.119 [main] LabSupervisorStepDefinition - Start Time  = 1669367197119
[INFO ] 2022-11-25 14:36:55.776 [main] GROStepDefinition - Glosys Automation Script 2.0 Run In :  Chrome Browser
[INFO ] 2022-11-25 14:36:59.049 [main] LabJuniorStepDefinition - Start Time  = 1669367219049
[INFO ] 2022-11-25 14:37:01.675 [main] LabSeniorStepDefinition - Start Time  = 1669367221675
[INFO ] 2022-11-25 14:37:04.304 [main] LabSupervisorStepDefinition - Start Time  = 1669367224304
[INFO ] 2022-11-25 14:37:43.831 [main] GROStepDefinition - Glosys Automation Script 2.0 Run In :  Chrome Browser
[INFO ] 2022-11-25 14:37:50.475 [main] GROStepDefinition - Start Time  = 1669367270475
[INFO ] 2022-11-25 14:37:50.475 [main] GROStepDefinition - Case:5: Enter The Correct Username And Password
[INFO ] 2022-11-25 14:37:50.559 [main] GROStepDefinition - Username: venkat
[INFO ] 2022-11-25 14:37:50.654 [main] GROStepDefinition - Password: xOET6k1gUY
[INFO ] 2022-11-25 14:37:56.049 [main] GROStepDefinition - Role Section: GRO - Chennai
[INFO ] 2022-11-25 14:38:01.725 [main] GROStepDefinition - Choose The Counter is: 
[ERROR] 2022-11-25 14:38:01.725 [main] GROStepDefinition - New Counter is  available please add this counter  : 
[INFO ] 2022-11-25 14:38:03.330 [main] GROStepDefinition - Signed into the counter successfully
[INFO ] 2022-11-25 14:38:07.540 [main] GROStepDefinition - Visa Number: 998090988040
[INFO ] 2022-11-25 14:38:09.650 [main] GROStepDefinition - Biometric skip request sent successfully
[INFO ] 2022-11-25 14:38:12.704 [main] GROStepDefinition - Patient Profile Page
[INFO ] 2022-11-25 14:38:12.704 [main] GROStepDefinition - Personal Details: 
[INFO ] 2022-11-25 14:38:12.704 [main] GROStepDefinition - Visa Gender Type: Select Gender
[INFO ] 2022-11-25 14:38:18.133 [main] GROStepDefinition - Successfully enter the Personal information details
[INFO ] 2022-11-25 14:38:18.133 [main] GROStepDefinition - Communcation Details: 
[INFO ] 2022-11-25 14:38:19.208 [main] GROStepDefinition - Country: India
[INFO ] 2022-11-25 14:38:21.381 [main] GROStepDefinition - Preferred Language to Speak: Tamil
[INFO ] 2022-11-25 14:38:22.501 [main] GROStepDefinition - Preferred Language to Read: Tamil
[INFO ] 2022-11-25 14:38:26.610 [main] LabJuniorStepDefinition - Start Time  = 1669367306610
[INFO ] 2022-11-25 14:38:28.649 [main] LabSeniorStepDefinition - Start Time  = 1669367308649
[INFO ] 2022-11-25 14:38:30.683 [main] LabSupervisorStepDefinition - Start Time  = 1669367310683
[INFO ] 2022-11-25 14:39:55.256 [main] GROStepDefinition - Glosys Automation Script 2.0 Run In :  Chrome Browser
[INFO ] 2022-11-25 14:40:02.291 [main] GROStepDefinition - Start Time  = 1669367402291
[INFO ] 2022-11-25 14:40:02.301 [main] GROStepDefinition - Case:5: Enter The Correct Username And Password
[INFO ] 2022-11-25 14:40:02.392 [main] GROStepDefinition - Username: venkat
[INFO ] 2022-11-25 14:40:02.499 [main] GROStepDefinition - Password: xOET6k1gUY
[INFO ] 2022-11-25 14:40:07.678 [main] GROStepDefinition - Role Section: GRO - Chennai
[INFO ] 2022-11-25 14:40:13.339 [main] GROStepDefinition - Choose The Counter is: 
[ERROR] 2022-11-25 14:40:13.340 [main] GROStepDefinition - New Counter is  available please add this counter  : 
[INFO ] 2022-11-25 14:40:14.941 [main] GROStepDefinition - Signed into the counter successfully
[INFO ] 2022-11-25 14:40:19.129 [main] GROStepDefinition - Visa Number: 998090988041
[INFO ] 2022-11-25 14:40:21.238 [main] GROStepDefinition - Biometric skip request sent successfully
[INFO ] 2022-11-25 14:40:24.403 [main] GROStepDefinition - Patient Profile Page
[INFO ] 2022-11-25 14:40:24.403 [main] GROStepDefinition - Personal Details: 
[INFO ] 2022-11-25 14:40:24.403 [main] GROStepDefinition - Visa Gender Type: Select Gender
[INFO ] 2022-11-25 14:40:30.864 [main] GROStepDefinition - Successfully enter the Personal information details
[INFO ] 2022-11-25 14:40:30.865 [main] GROStepDefinition - Communcation Details: 
[INFO ] 2022-11-25 14:40:31.947 [main] GROStepDefinition - Country: India
[INFO ] 2022-11-25 14:40:34.096 [main] GROStepDefinition - Preferred Language to Speak: Tamil
[INFO ] 2022-11-25 14:40:35.216 [main] GROStepDefinition - Preferred Language to Read: Tamil
[INFO ] 2022-11-25 14:40:39.288 [main] LabJuniorStepDefinition - Start Time  = 1669367439288
[INFO ] 2022-11-25 14:40:41.322 [main] LabSeniorStepDefinition - Start Time  = 1669367441322
[INFO ] 2022-11-25 14:40:43.343 [main] LabSupervisorStepDefinition - Start Time  = 1669367443343
[INFO ] 2022-11-25 14:41:28.888 [main] GROStepDefinition - Glosys Automation Script 2.0 Run In :  Chrome Browser
[INFO ] 2022-11-25 14:41:35.721 [main] GROStepDefinition - Start Time  = 1669367495721
[INFO ] 2022-11-25 14:41:35.737 [main] GROStepDefinition - Case:5: Enter The Correct Username And Password
[INFO ] 2022-11-25 14:41:35.838 [main] GROStepDefinition - Username: venkat
[INFO ] 2022-11-25 14:41:35.936 [main] GROStepDefinition - Password: xOET6k1gUY
[INFO ] 2022-11-25 14:41:41.093 [main] GROStepDefinition - Role Section: GRO - Chennai
[INFO ] 2022-11-25 14:41:46.812 [main] GROStepDefinition - Choose The Counter is: 
[ERROR] 2022-11-25 14:41:46.812 [main] GROStepDefinition - New Counter is  available please add this counter  : 
[INFO ] 2022-11-25 14:41:48.416 [main] GROStepDefinition - Signed into the counter successfully
[INFO ] 2022-11-25 14:41:52.682 [main] GROStepDefinition - Visa Number: 998090988042
[INFO ] 2022-11-25 14:41:54.787 [main] GROStepDefinition - Biometric skip request sent successfully
[INFO ] 2022-11-25 14:41:59.031 [main] GROStepDefinition - Patient Profile Page
[INFO ] 2022-11-25 14:41:59.032 [main] GROStepDefinition - Personal Details: 
[INFO ] 2022-11-25 14:41:59.032 [main] GROStepDefinition - Visa Gender Type: Select Gender
[INFO ] 2022-11-25 14:42:06.477 [main] GROStepDefinition - Successfully enter the Personal information details
[INFO ] 2022-11-25 14:42:06.478 [main] GROStepDefinition - Communcation Details: 
[INFO ] 2022-11-25 14:42:07.547 [main] GROStepDefinition - Country: India
[INFO ] 2022-11-25 14:42:09.707 [main] GROStepDefinition - Preferred Language to Speak: Tamil
[INFO ] 2022-11-25 14:42:10.817 [main] GROStepDefinition - Preferred Language to Read: Tamil
[INFO ] 2022-11-25 14:42:15.478 [main] GROStepDefinition - Preferred Location for Referral: Chennai
[INFO ] 2022-11-25 14:42:17.599 [main] GROStepDefinition - Preferred Hospital: Select Preferred Hospital
[INFO ] 2022-11-25 14:42:17.599 [main] GROStepDefinition - Successfully enter The Communication Details
[INFO ] 2022-11-25 14:42:17.599 [main] GROStepDefinition - Encounter Details: 
[INFO ] 2022-11-25 14:42:21.028 [main] GROStepDefinition - SMS Alert Number: 9790498180
[INFO ] 2022-11-25 14:42:21.056 [main] GROStepDefinition - Job Position : Pharmacist
[INFO ] 2022-11-25 14:42:21.079 [main] GROStepDefinition - Is Job applicable of Driving: false
[INFO ] 2022-11-25 14:42:21.079 [main] GROStepDefinition - Successfully enter The Encounter details
[INFO ] 2022-11-25 14:42:47.239 [main] LabJuniorStepDefinition - Start Time  = 1669367567239
[INFO ] 2022-11-25 14:43:09.352 [main] LabSeniorStepDefinition - Start Time  = 1669367589352
[INFO ] 2022-11-25 14:43:31.423 [main] LabSupervisorStepDefinition - Start Time  = 1669367611423
[INFO ] 2022-11-25 14:44:03.744 [main] GROStepDefinition - Role Section: GRO - Chennai
[INFO ] 2022-11-25 14:44:21.228 [main] GROStepDefinition - Glosys Automation Script 2.0 Run In :  Chrome Browser
[INFO ] 2022-11-25 14:44:28.650 [main] GROStepDefinition - Start Time  = 1669367668650
[INFO ] 2022-11-25 14:44:28.665 [main] GROStepDefinition - Case:5: Enter The Correct Username And Password
[INFO ] 2022-11-25 14:44:28.796 [main] GROStepDefinition - Username: venkat
[INFO ] 2022-11-25 14:44:28.889 [main] GROStepDefinition - Password: xOET6k1gUY
[INFO ] 2022-11-25 14:44:33.967 [main] GROStepDefinition - Role Section: GRO - Chennai
[INFO ] 2022-11-25 14:44:39.687 [main] GROStepDefinition - Choose The Counter is: 
[ERROR] 2022-11-25 14:44:39.697 [main] GROStepDefinition - New Counter is  available please add this counter  : 
[INFO ] 2022-11-25 14:44:41.325 [main] GROStepDefinition - Signed into the counter successfully
[INFO ] 2022-11-25 14:44:45.568 [main] GROStepDefinition - Visa Number: 998090988043
[INFO ] 2022-11-25 14:44:47.694 [main] GROStepDefinition - Biometric skip request sent successfully
[INFO ] 2022-11-25 14:44:51.247 [main] GROStepDefinition - Patient Profile Page
[INFO ] 2022-11-25 14:44:51.247 [main] GROStepDefinition - Personal Details: 
[INFO ] 2022-11-25 14:44:51.247 [main] GROStepDefinition - Visa Gender Type: Select Gender
[INFO ] 2022-11-25 14:44:57.205 [main] GROStepDefinition - Successfully enter the Personal information details
[INFO ] 2022-11-25 14:44:57.206 [main] GROStepDefinition - Communcation Details: 
[INFO ] 2022-11-25 14:44:58.268 [main] GROStepDefinition - Country: India
[INFO ] 2022-11-25 14:45:00.420 [main] GROStepDefinition - Preferred Language to Speak: Tamil
[INFO ] 2022-11-25 14:45:01.550 [main] GROStepDefinition - Preferred Language to Read: Tamil
[INFO ] 2022-11-25 14:45:07.190 [main] LabJuniorStepDefinition - Start Time  = 1669367707190
[INFO ] 2022-11-25 14:45:09.251 [main] LabSeniorStepDefinition - Start Time  = 1669367709251
[INFO ] 2022-11-25 14:45:11.308 [main] LabSupervisorStepDefinition - Start Time  = 1669367711308
[INFO ] 2022-11-25 14:45:57.097 [main] GROStepDefinition - Glosys Automation Script 2.0 Run In :  Chrome Browser
[INFO ] 2022-11-25 14:46:05.003 [main] GROStepDefinition - Start Time  = 1669367765003
[INFO ] 2022-11-25 14:46:05.007 [main] GROStepDefinition - Case:5: Enter The Correct Username And Password
[INFO ] 2022-11-25 14:46:05.087 [main] GROStepDefinition - Username: venkat
[INFO ] 2022-11-25 14:46:05.187 [main] GROStepDefinition - Password: xOET6k1gUY
[INFO ] 2022-11-25 14:46:10.327 [main] GROStepDefinition - Role Section: GRO - Chennai
[INFO ] 2022-11-25 14:46:16.041 [main] GROStepDefinition - Choose The Counter is: 
[ERROR] 2022-11-25 14:46:16.041 [main] GROStepDefinition - New Counter is  available please add this counter  : 
[INFO ] 2022-11-25 14:46:17.620 [main] GROStepDefinition - Signed into the counter successfully
[INFO ] 2022-11-25 14:46:21.875 [main] GROStepDefinition - Visa Number: 998090988044
[INFO ] 2022-11-25 14:46:23.991 [main] GROStepDefinition - Biometric skip request sent successfully
[INFO ] 2022-11-25 14:46:28.054 [main] GROStepDefinition - Patient Profile Page
[INFO ] 2022-11-25 14:46:28.054 [main] GROStepDefinition - Personal Details: 
[INFO ] 2022-11-25 14:46:28.054 [main] GROStepDefinition - Visa Gender Type: Select Gender
[INFO ] 2022-11-25 14:46:33.981 [main] GROStepDefinition - Successfully enter the Personal information details
[INFO ] 2022-11-25 14:46:33.982 [main] GROStepDefinition - Communcation Details: 
[INFO ] 2022-11-25 14:46:35.024 [main] GROStepDefinition - Country: India
[INFO ] 2022-11-25 14:46:37.173 [main] GROStepDefinition - Preferred Language to Speak: Tamil
[INFO ] 2022-11-25 14:46:38.331 [main] GROStepDefinition - Preferred Language to Read: Tamil
[INFO ] 2022-11-25 14:46:42.993 [main] GROStepDefinition - Preferred Location for Referral: Chennai
[INFO ] 2022-11-25 14:46:45.171 [main] GROStepDefinition - Preferred Hospital: Apollo Hospital
[INFO ] 2022-11-25 14:46:45.171 [main] GROStepDefinition - Successfully enter The Communication Details
[INFO ] 2022-11-25 14:46:45.171 [main] GROStepDefinition - Encounter Details: 
[INFO ] 2022-11-25 14:46:48.476 [main] GROStepDefinition - SMS Alert Number: 9790498180
[INFO ] 2022-11-25 14:46:48.507 [main] GROStepDefinition - Job Position : Pharmacist
[INFO ] 2022-11-25 14:46:48.531 [main] GROStepDefinition - Is Job applicable of Driving: false
[INFO ] 2022-11-25 14:46:48.532 [main] GROStepDefinition - Successfully enter The Encounter details
[INFO ] 2022-11-25 14:47:24.151 [main] LabJuniorStepDefinition - Start Time  = 1669367844151
[INFO ] 2022-11-25 14:47:46.243 [main] LabSeniorStepDefinition - Start Time  = 1669367866243
[INFO ] 2022-11-25 14:48:08.289 [main] LabSupervisorStepDefinition - Start Time  = 1669367888289
[INFO ] 2022-11-25 15:01:05.977 [main] GROStepDefinition - Glosys Automation Script 2.0 Run In :  Chrome Browser
[INFO ] 2022-11-25 15:01:12.887 [main] GROStepDefinition - Start Time  = 1669368672887
[INFO ] 2022-11-25 15:01:12.887 [main] GROStepDefinition - Case:5: Enter The Correct Username And Password
[INFO ] 2022-11-25 15:01:12.972 [main] GROStepDefinition - Username: venkat
[INFO ] 2022-11-25 15:01:13.073 [main] GROStepDefinition - Password: xOET6k1gUY
[INFO ] 2022-11-25 15:01:18.248 [main] GROStepDefinition - Role Section: GRO - Chennai
[INFO ] 2022-11-25 15:01:23.905 [main] GROStepDefinition - Choose The Counter is: 
[ERROR] 2022-11-25 15:01:23.905 [main] GROStepDefinition - New Counter is  available please add this counter  : 
[INFO ] 2022-11-25 15:01:25.539 [main] GROStepDefinition - Signed into the counter successfully
[INFO ] 2022-11-25 15:01:29.825 [main] GROStepDefinition - Visa Number: 998090988045
[INFO ] 2022-11-25 15:01:31.958 [main] GROStepDefinition - Biometric skip request sent successfully
[INFO ] 2022-11-25 15:01:37.001 [main] GROStepDefinition - Patient Profile Page
[INFO ] 2022-11-25 15:01:37.001 [main] GROStepDefinition - Personal Details: 
[INFO ] 2022-11-25 15:01:37.001 [main] GROStepDefinition - Visa Gender Type: Female
[INFO ] 2022-11-25 15:01:43.981 [main] GROStepDefinition - Applicant Believes Pregnant?: Yes
[INFO ] 2022-11-25 15:01:43.981 [main] GROStepDefinition - Successfully enter the Personal information details
[INFO ] 2022-11-25 15:01:43.981 [main] GROStepDefinition - Communcation Details: 
[INFO ] 2022-11-25 15:01:45.018 [main] GROStepDefinition - Country: India
[INFO ] 2022-11-25 15:01:47.364 [main] GROStepDefinition - Preferred Language to Speak: Tamil
[INFO ] 2022-11-25 15:01:48.481 [main] GROStepDefinition - Preferred Language to Read: Tamil
[INFO ] 2022-11-25 15:01:53.202 [main] GROStepDefinition - Preferred Location for Referral: Chennai
[INFO ] 2022-11-25 15:01:55.532 [main] GROStepDefinition - Preferred Hospital: Apollo Hospital
[INFO ] 2022-11-25 15:01:55.533 [main] GROStepDefinition - Successfully enter The Communication Details
[INFO ] 2022-11-25 15:01:55.533 [main] GROStepDefinition - Encounter Details: 
[INFO ] 2022-11-25 15:01:58.860 [main] GROStepDefinition - SMS Alert Number: 9790498180
[INFO ] 2022-11-25 15:01:58.894 [main] GROStepDefinition - Job Position : Pharmacist
[INFO ] 2022-11-25 15:01:58.914 [main] GROStepDefinition - Is Job applicable of Driving: false
[INFO ] 2022-11-25 15:01:58.914 [main] GROStepDefinition - Successfully enter The Encounter details
[INFO ] 2022-11-25 15:02:12.504 [main] GROStepDefinition - APPLICANT CONSENT AND DECLARATION FORM
[INFO ] 2022-11-25 15:02:12.505 [main] GROStepDefinition - Applicant Details Created Successflly
[INFO ] 2022-11-25 15:02:12.505 [main] GROStepDefinition - Place Order Page
[INFO ] 2022-11-25 15:02:12.623 [main] GROStepDefinition - Token Genarated :   Token no (NND012) generated successfully
[INFO ] 2022-11-25 15:02:12.625 [main] GROStepDefinition - Visa Gender Type: Female - YesXray Page Not Allowed
[INFO ] 2022-11-25 15:02:12.625 [main] GROStepDefinition - Token : NND012
[INFO ] 2022-11-25 15:02:17.769 [main] GROStepDefinition -  Generate Service Recipt
[INFO ] 2022-11-25 15:02:19.854 [main] GROStepDefinition - Capture Identify Page:
[INFO ] 2022-11-25 15:02:19.854 [main] GROStepDefinition - Vaccination Document Status Condition is: No
[INFO ] 2022-11-25 15:02:19.854 [main] GROStepDefinition - Referral Document Status Condition is: No
[INFO ] 2022-11-25 15:02:21.954 [main] GROStepDefinition - Applicant identity details updated successfully
[INFO ] 2022-11-25 15:02:24.434 [main] GROStepDefinition - GRO Module Feedback Collected
[INFO ] 2022-11-25 15:02:36.896 [main] CommonDefinition - Logout Successfully
[INFO ] 2022-11-25 15:02:38.900 [main] GROStepDefinition - GRO Runing Time:
[INFO ] 2022-11-25 15:02:38.900 [main] CommonDefinition - Total Time Mints = Mints: 1 mints  26 seconds
[INFO ] 2022-11-25 15:02:38.900 [main] CommonDefinition -  Total Time  Seconds = 86 seconds
[INFO ] 2022-11-25 15:02:41.116 [main] NurseModuleStepDefinition - Start Time  = 1669368758964
[INFO ] 2022-11-25 15:02:42.260 [main] NurseModuleStepDefinition - Nurse Module
[INFO ] 2022-11-25 15:02:46.494 [main] NurseModuleStepDefinition - Role Section: Nurse - Chennai
[INFO ] 2022-11-25 15:02:48.900 [main] NurseModuleStepDefinition - Choose The Counter Is: 
[INFO ] 2022-11-25 15:02:51.284 [main] LabJuniorStepDefinition - Start Time  = 1669368771284
[INFO ] 2022-11-25 15:03:13.339 [main] LabSeniorStepDefinition - Start Time  = 1669368793339
[INFO ] 2022-11-25 15:03:35.375 [main] LabSupervisorStepDefinition - Start Time  = 1669368815375
[INFO ] 2022-11-25 15:04:13.901 [main] GROStepDefinition - Glosys Automation Script 2.0 Run In :  Chrome Browser
[INFO ] 2022-11-25 15:04:21.972 [main] GROStepDefinition - Start Time  = 1669368861972
[INFO ] 2022-11-25 15:04:21.972 [main] GROStepDefinition - Case:5: Enter The Correct Username And Password
[INFO ] 2022-11-25 15:04:22.095 [main] GROStepDefinition - Username: venkat
[INFO ] 2022-11-25 15:04:22.187 [main] GROStepDefinition - Password: xOET6k1gUY
[INFO ] 2022-11-25 15:04:27.258 [main] GROStepDefinition - Role Section: GRO - Chennai
[INFO ] 2022-11-25 15:04:32.988 [main] GROStepDefinition - Choose The Counter is: 
[ERROR] 2022-11-25 15:04:32.988 [main] GROStepDefinition - New Counter is  available please add this counter  : 
[INFO ] 2022-11-25 15:04:34.574 [main] GROStepDefinition - Signed into the counter successfully
[INFO ] 2022-11-25 15:04:38.899 [main] GROStepDefinition - Visa Number: 998090988046
[INFO ] 2022-11-25 15:04:40.990 [main] GROStepDefinition - Biometric skip request sent successfully
[INFO ] 2022-11-25 15:04:46.394 [main] GROStepDefinition - Patient Profile Page
[INFO ] 2022-11-25 15:04:46.395 [main] GROStepDefinition - Personal Details: 
[INFO ] 2022-11-25 15:04:46.395 [main] GROStepDefinition - Visa Gender Type: Select Gender
[INFO ] 2022-11-25 15:04:52.376 [main] GROStepDefinition - Successfully enter the Personal information details
[INFO ] 2022-11-25 15:04:52.377 [main] GROStepDefinition - Communcation Details: 
[INFO ] 2022-11-25 15:04:53.413 [main] GROStepDefinition - Country: India
[INFO ] 2022-11-25 15:04:55.581 [main] GROStepDefinition - Preferred Language to Speak: Tamil
[INFO ] 2022-11-25 15:04:56.699 [main] GROStepDefinition - Preferred Language to Read: Tamil
[INFO ] 2022-11-25 15:05:01.433 [main] GROStepDefinition - Preferred Location for Referral: Chennai
[INFO ] 2022-11-25 15:05:03.611 [main] GROStepDefinition - Preferred Hospital: Apollo Hospital
[INFO ] 2022-11-25 15:05:03.611 [main] GROStepDefinition - Successfully enter The Communication Details
[INFO ] 2022-11-25 15:05:03.611 [main] GROStepDefinition - Encounter Details: 
[INFO ] 2022-11-25 15:05:06.898 [main] GROStepDefinition - SMS Alert Number: 9790498180
[INFO ] 2022-11-25 15:05:06.929 [main] GROStepDefinition - Job Position : Pharmacist
[INFO ] 2022-11-25 15:05:06.948 [main] GROStepDefinition - Is Job applicable of Driving: false
[INFO ] 2022-11-25 15:05:06.950 [main] GROStepDefinition - Successfully enter The Encounter details
[INFO ] 2022-11-25 15:05:25.722 [main] LabJuniorStepDefinition - Start Time  = 1669368925722
[INFO ] 2022-11-25 15:05:27.763 [main] LabSeniorStepDefinition - Start Time  = 1669368927763
[INFO ] 2022-11-25 15:05:29.789 [main] LabSupervisorStepDefinition - Start Time  = 1669368929789
[INFO ] 2022-11-25 15:06:38.434 [main] GROStepDefinition - Glosys Automation Script 2.0 Run In :  Chrome Browser
[INFO ] 2022-11-25 15:06:45.734 [main] GROStepDefinition - Start Time  = 1669369005734
[INFO ] 2022-11-25 15:06:45.738 [main] GROStepDefinition - Case:5: Enter The Correct Username And Password
[INFO ] 2022-11-25 15:06:45.832 [main] GROStepDefinition - Username: venkat
[INFO ] 2022-11-25 15:06:45.965 [main] GROStepDefinition - Password: xOET6k1gUY
[INFO ] 2022-11-25 15:06:51.128 [main] GROStepDefinition - Role Section: GRO - Chennai
[INFO ] 2022-11-25 15:06:56.894 [main] GROStepDefinition - Choose The Counter is: 
[ERROR] 2022-11-25 15:06:56.894 [main] GROStepDefinition - New Counter is  available please add this counter  : 
[INFO ] 2022-11-25 15:06:59.398 [main] GROStepDefinition - Signed into the counter successfully
[INFO ] 2022-11-25 15:07:33.157 [main] GROStepDefinition - Glosys Automation Script 2.0 Run In :  Chrome Browser
[INFO ] 2022-11-25 15:07:40.486 [main] GROStepDefinition - Start Time  = 1669369060486
[INFO ] 2022-11-25 15:07:40.500 [main] GROStepDefinition - Case:5: Enter The Correct Username And Password
[INFO ] 2022-11-25 15:07:40.597 [main] GROStepDefinition - Username: venkat
[INFO ] 2022-11-25 15:07:40.701 [main] GROStepDefinition - Password: xOET6k1gUY
[INFO ] 2022-11-25 15:07:45.777 [main] GROStepDefinition - Role Section: GRO - Chennai
[INFO ] 2022-11-25 15:07:52.500 [main] GROStepDefinition - Choose The Counter is: 
[ERROR] 2022-11-25 15:07:52.500 [main] GROStepDefinition - New Counter is  available please add this counter  : 
[INFO ] 2022-11-25 15:07:54.128 [main] GROStepDefinition - Signed into the counter successfully
[INFO ] 2022-11-25 15:07:58.408 [main] GROStepDefinition - Visa Number: 998090988047
[INFO ] 2022-11-25 15:08:00.516 [main] GROStepDefinition - Biometric skip request sent successfully
[INFO ] 2022-11-25 15:08:05.555 [main] GROStepDefinition - Patient Profile Page
[INFO ] 2022-11-25 15:08:05.555 [main] GROStepDefinition - Personal Details: 
[INFO ] 2022-11-25 15:08:05.555 [main] GROStepDefinition - Visa Gender Type: Female
[INFO ] 2022-11-25 15:08:13.071 [main] GROStepDefinition - Applicant Believes Pregnant?: Yes
[INFO ] 2022-11-25 15:08:13.071 [main] GROStepDefinition - Successfully enter the Personal information details
[INFO ] 2022-11-25 15:08:13.071 [main] GROStepDefinition - Communcation Details: 
[INFO ] 2022-11-25 15:08:14.108 [main] GROStepDefinition - Country: India
[INFO ] 2022-11-25 15:08:16.238 [main] GROStepDefinition - Preferred Language to Speak: Tamil
[INFO ] 2022-11-25 15:08:17.373 [main] GROStepDefinition - Preferred Language to Read: Tamil
[INFO ] 2022-11-25 15:08:22.093 [main] GROStepDefinition - Preferred Location for Referral: Chennai
[INFO ] 2022-11-25 15:08:24.292 [main] GROStepDefinition - Preferred Hospital: Apollo Hospital
[INFO ] 2022-11-25 15:08:24.292 [main] GROStepDefinition - Successfully enter The Communication Details
[INFO ] 2022-11-25 15:08:24.293 [main] GROStepDefinition - Encounter Details: 
[INFO ] 2022-11-25 15:08:27.622 [main] GROStepDefinition - SMS Alert Number: 9790498180
[INFO ] 2022-11-25 15:08:27.651 [main] GROStepDefinition - Job Position : Pharmacist
[INFO ] 2022-11-25 15:08:27.673 [main] GROStepDefinition - Is Job applicable of Driving: false
[INFO ] 2022-11-25 15:08:27.673 [main] GROStepDefinition - Successfully enter The Encounter details
[INFO ] 2022-11-25 15:08:41.240 [main] GROStepDefinition - APPLICANT CONSENT AND DECLARATION FORM
[INFO ] 2022-11-25 15:08:41.241 [main] GROStepDefinition - Applicant Details Created Successflly
[INFO ] 2022-11-25 15:08:41.241 [main] GROStepDefinition - Place Order Page
[INFO ] 2022-11-25 15:08:41.347 [main] GROStepDefinition - Token Genarated :   Token no (NND013) generated successfully
[INFO ] 2022-11-25 15:08:41.348 [main] GROStepDefinition - Visa Gender Type: Female - YesXray Page Not Allowed
[INFO ] 2022-11-25 15:08:41.348 [main] GROStepDefinition - Token : NND013
[INFO ] 2022-11-25 15:08:46.509 [main] GROStepDefinition -  Generate Service Recipt
[INFO ] 2022-11-25 15:08:48.589 [main] GROStepDefinition - Capture Identify Page:
[INFO ] 2022-11-25 15:08:48.589 [main] GROStepDefinition - Vaccination Document Status Condition is: No
[INFO ] 2022-11-25 15:08:48.589 [main] GROStepDefinition - Referral Document Status Condition is: No
[INFO ] 2022-11-25 15:08:50.741 [main] GROStepDefinition - Applicant identity details updated successfully
[INFO ] 2022-11-25 15:08:52.871 [main] GROStepDefinition - GRO Module Feedback Collected
[INFO ] 2022-11-25 15:09:05.354 [main] CommonDefinition - Logout Successfully
[INFO ] 2022-11-25 15:09:07.361 [main] GROStepDefinition - GRO Runing Time:
[INFO ] 2022-11-25 15:09:07.361 [main] CommonDefinition - Total Time Mints = Mints: 1 mints  26 seconds
[INFO ] 2022-11-25 15:09:07.363 [main] CommonDefinition -  Total Time  Seconds = 86 seconds
[INFO ] 2022-11-25 15:09:09.537 [main] NurseModuleStepDefinition - Start Time  = 1669369147441
[INFO ] 2022-11-25 15:09:10.761 [main] NurseModuleStepDefinition - Nurse Module
[INFO ] 2022-11-25 15:09:15.024 [main] NurseModuleStepDefinition - Role Section: Nurse - Chennai
[INFO ] 2022-11-25 15:09:17.405 [main] NurseModuleStepDefinition - Choose The Counter Is: 
[INFO ] 2022-11-25 15:09:21.575 [main] LabJuniorStepDefinition - Start Time  = 1669369161575
[INFO ] 2022-11-25 15:09:43.623 [main] LabSeniorStepDefinition - Start Time  = 1669369183623
[INFO ] 2022-11-25 15:10:13.001 [main] GROStepDefinition - Glosys Automation Script 2.0 Run In :  Chrome Browser
[INFO ] 2022-11-25 15:10:19.906 [main] GROStepDefinition - Start Time  = 1669369219906
[INFO ] 2022-11-25 15:10:19.906 [main] GROStepDefinition - Case:5: Enter The Correct Username And Password
[INFO ] 2022-11-25 15:10:19.991 [main] GROStepDefinition - Username: venkat
[INFO ] 2022-11-25 15:10:20.096 [main] GROStepDefinition - Password: xOET6k1gUY
[INFO ] 2022-11-25 15:10:25.309 [main] GROStepDefinition - Role Section: GRO - Chennai
[INFO ] 2022-11-25 15:10:32.018 [main] GROStepDefinition - Choose The Counter is: 
[ERROR] 2022-11-25 15:10:32.018 [main] GROStepDefinition - New Counter is  available please add this counter  : 
[INFO ] 2022-11-25 15:10:33.595 [main] GROStepDefinition - Signed into the counter successfully
[INFO ] 2022-11-25 15:10:38.431 [main] GROStepDefinition - Visa Number: 998090988048
[INFO ] 2022-11-25 15:10:40.554 [main] GROStepDefinition - Biometric skip request sent successfully
[INFO ] 2022-11-25 15:10:45.604 [main] GROStepDefinition - Patient Profile Page
[INFO ] 2022-11-25 15:10:45.604 [main] GROStepDefinition - Personal Details: 
[INFO ] 2022-11-25 15:10:45.604 [main] GROStepDefinition - Visa Gender Type: Select Gender
[INFO ] 2022-11-25 15:10:52.084 [main] GROStepDefinition - Successfully enter the Personal information details
[INFO ] 2022-11-25 15:10:52.085 [main] GROStepDefinition - Communcation Details: 
[INFO ] 2022-11-25 15:10:53.146 [main] GROStepDefinition - Country: India
[INFO ] 2022-11-25 15:10:55.307 [main] GROStepDefinition - Preferred Language to Speak: Tamil
[INFO ] 2022-11-25 15:10:56.460 [main] GROStepDefinition - Preferred Language to Read: Tamil
[INFO ] 2022-11-25 15:11:01.168 [main] GROStepDefinition - Preferred Location for Referral: Chennai
[INFO ] 2022-11-25 15:11:03.340 [main] GROStepDefinition - Preferred Hospital: Apollo Hospital
[INFO ] 2022-11-25 15:11:03.341 [main] GROStepDefinition - Successfully enter The Communication Details
[INFO ] 2022-11-25 15:11:03.341 [main] GROStepDefinition - Encounter Details: 
[INFO ] 2022-11-25 15:11:06.601 [main] GROStepDefinition - SMS Alert Number: 9790498180
[INFO ] 2022-11-25 15:11:06.629 [main] GROStepDefinition - Job Position : Pharmacist
[INFO ] 2022-11-25 15:11:06.647 [main] GROStepDefinition - Is Job applicable of Driving: false
[INFO ] 2022-11-25 15:11:06.647 [main] GROStepDefinition - Successfully enter The Encounter details
[INFO ] 2022-11-25 15:11:42.173 [main] LabJuniorStepDefinition - Start Time  = 1669369302173
[INFO ] 2022-11-25 15:12:05.550 [main] GROStepDefinition - Glosys Automation Script 2.0 Run In :  Chrome Browser
[INFO ] 2022-11-25 15:12:12.325 [main] GROStepDefinition - Start Time  = 1669369332325
[INFO ] 2022-11-25 15:12:12.336 [main] GROStepDefinition - Case:5: Enter The Correct Username And Password
[INFO ] 2022-11-25 15:12:12.454 [main] GROStepDefinition - Username: venkat
[INFO ] 2022-11-25 15:12:12.552 [main] GROStepDefinition - Password: xOET6k1gUY
[INFO ] 2022-11-25 15:12:17.655 [main] GROStepDefinition - Role Section: GRO - Chennai
[INFO ] 2022-11-25 15:12:24.382 [main] GROStepDefinition - Choose The Counter is: 
[ERROR] 2022-11-25 15:12:24.382 [main] GROStepDefinition - New Counter is  available please add this counter  : 
[INFO ] 2022-11-25 15:12:26.012 [main] GROStepDefinition - Signed into the counter successfully
[INFO ] 2022-11-25 15:12:30.272 [main] GROStepDefinition - Visa Number: 998090988049
[INFO ] 2022-11-25 15:12:32.397 [main] GROStepDefinition - Biometric skip request sent successfully
[INFO ] 2022-11-25 15:12:38.441 [main] GROStepDefinition - Patient Profile Page
[INFO ] 2022-11-25 15:12:38.441 [main] GROStepDefinition - Personal Details: 
[INFO ] 2022-11-25 15:12:38.441 [main] GROStepDefinition - Visa Gender Type: Female
[INFO ] 2022-11-25 15:12:45.924 [main] GROStepDefinition - Applicant Believes Pregnant?: Yes
[INFO ] 2022-11-25 15:12:45.924 [main] GROStepDefinition - Successfully enter the Personal information details
[INFO ] 2022-11-25 15:12:45.924 [main] GROStepDefinition - Communcation Details: 
[INFO ] 2022-11-25 15:12:46.990 [main] GROStepDefinition - Country: India
[INFO ] 2022-11-25 15:12:49.319 [main] GROStepDefinition - Preferred Language to Speak: Tamil
[INFO ] 2022-11-25 15:12:50.438 [main] GROStepDefinition - Preferred Language to Read: Tamil
[INFO ] 2022-11-25 15:12:55.161 [main] GROStepDefinition - Preferred Location for Referral: Chennai
[INFO ] 2022-11-25 15:12:57.322 [main] GROStepDefinition - Preferred Hospital: Apollo Hospital
[INFO ] 2022-11-25 15:12:57.322 [main] GROStepDefinition - Successfully enter The Communication Details
[INFO ] 2022-11-25 15:12:57.322 [main] GROStepDefinition - Encounter Details: 
[INFO ] 2022-11-25 15:13:00.620 [main] GROStepDefinition - SMS Alert Number: 9790498180
[INFO ] 2022-11-25 15:13:00.649 [main] GROStepDefinition - Job Position : Pharmacist
[INFO ] 2022-11-25 15:13:00.668 [main] GROStepDefinition - Is Job applicable of Driving: false
[INFO ] 2022-11-25 15:13:00.668 [main] GROStepDefinition - Successfully enter The Encounter details
[INFO ] 2022-11-25 15:13:14.217 [main] GROStepDefinition - APPLICANT CONSENT AND DECLARATION FORM
[INFO ] 2022-11-25 15:13:14.217 [main] GROStepDefinition - Applicant Details Created Successflly
[INFO ] 2022-11-25 15:13:14.218 [main] GROStepDefinition - Place Order Page
[INFO ] 2022-11-25 15:13:14.333 [main] GROStepDefinition - Token Genarated :   Token no (NND014) generated successfully
[INFO ] 2022-11-25 15:13:14.333 [main] GROStepDefinition - Visa Gender Type: Female - YesXray Page Not Allowed
[INFO ] 2022-11-25 15:13:14.335 [main] GROStepDefinition - Token : NND014
[INFO ] 2022-11-25 15:13:19.450 [main] GROStepDefinition -  Generate Service Recipt
[INFO ] 2022-11-25 15:13:21.572 [main] GROStepDefinition - Capture Identify Page:
[INFO ] 2022-11-25 15:13:21.572 [main] GROStepDefinition - Vaccination Document Status Condition is: No
[INFO ] 2022-11-25 15:13:21.574 [main] GROStepDefinition - Referral Document Status Condition is: No
[INFO ] 2022-11-25 15:13:23.684 [main] GROStepDefinition - Applicant identity details updated successfully
[INFO ] 2022-11-25 15:13:25.776 [main] GROStepDefinition - GRO Module Feedback Collected
[INFO ] 2022-11-25 15:13:38.150 [main] CommonDefinition - Logout Successfully
[INFO ] 2022-11-25 15:13:40.163 [main] GROStepDefinition - GRO Runing Time:
[INFO ] 2022-11-25 15:13:40.164 [main] CommonDefinition - Total Time Mints = Mints: 1 mints  27 seconds
[INFO ] 2022-11-25 15:13:40.164 [main] CommonDefinition -  Total Time  Seconds = 87 seconds
[INFO ] 2022-11-25 15:13:42.332 [main] NurseModuleStepDefinition - Start Time  = 1669369420184
[INFO ] 2022-11-25 15:13:43.490 [main] NurseModuleStepDefinition - Nurse Module
[INFO ] 2022-11-25 15:13:47.697 [main] NurseModuleStepDefinition - Role Section: Nurse - Chennai
[INFO ] 2022-11-25 15:13:50.780 [main] NurseModuleStepDefinition - Choose The Counter Is: MA Counter 03
[INFO ] 2022-11-25 15:14:03.620 [main] NurseModuleStepDefinition - Verification  Token
[INFO ] 2022-11-25 15:14:05.773 [main] NurseModuleStepDefinition - Record Vitals:
[INFO ] 2022-11-25 15:14:09.261 [main] NurseModuleStepDefinition - Height: 160
[INFO ] 2022-11-25 15:14:10.957 [main] NurseModuleStepDefinition - Weight: 60
[INFO ] 2022-11-25 15:14:10.957 [main] NurseModuleStepDefinition - Successfully enter the Body Mass Index
[INFO ] 2022-11-25 15:14:13.676 [main] NurseModuleStepDefinition - Vision (R): 6/6
[INFO ] 2022-11-25 15:14:16.354 [main] NurseModuleStepDefinition - Vision (L): 6/6
[INFO ] 2022-11-25 15:14:16.356 [main] NurseModuleStepDefinition - Successfully enter the Vision Module
[INFO ] 2022-11-25 15:14:16.973 [main] NurseModuleStepDefinition - Blood Pressure: 120
[INFO ] 2022-11-25 15:14:17.622 [main] NurseModuleStepDefinition - Systolic Pressure: 80
[INFO ] 2022-11-25 15:14:18.739 [main] NurseModuleStepDefinition - Successfully enter the Other Module
[INFO ] 2022-11-25 15:14:18.740 [main] NurseModuleStepDefinition - New applicant vitals details created successfully
[INFO ] 2022-11-25 15:14:18.740 [main] NurseModuleStepDefinition - Speciman Genaration :
[INFO ] 2022-11-25 15:14:21.870 [main] NurseModuleStepDefinition - Plasma Specimen Number: Yet to be Generated
[INFO ] 2022-11-25 15:14:21.871 [main] NurseModuleStepDefinition - Serum Specimen Number: Yet to be Generated
[INFO ] 2022-11-25 15:14:21.871 [main] NurseModuleStepDefinition - Whole Blood Specimen Number: Yet to be Generated
[INFO ] 2022-11-25 15:14:38.010 [main] NurseModuleStepDefinition - Speciman Genarated Successfully
[INFO ] 2022-11-25 15:14:38.010 [main] NurseModuleStepDefinition - Speciman Collection :
[INFO ] 2022-11-25 15:14:39.608 [main] NurseModuleStepDefinition - Plasma Specimen Number: BLP1428187319: Generated
[INFO ] 2022-11-25 15:14:39.608 [main] NurseModuleStepDefinition - Serum Specimen Number: BLS1448050074: Generated
[INFO ] 2022-11-25 15:14:39.608 [main] NurseModuleStepDefinition - Whole Blood Specimen Number: WBL1463934566: Generated
[INFO ] 2022-11-25 15:14:41.879 [main] NurseModuleStepDefinition - Speciman Collected Successfully
[INFO ] 2022-11-25 15:14:41.879 [main] NurseModuleStepDefinition - Vaccination: 
[INFO ] 2022-11-25 15:14:45.963 [main] NurseModuleStepDefinition - Nurse Module Feedback collected successfully
[INFO ] 2022-11-25 15:14:51.977 [main] NurseModuleStepDefinition - Sample Outgoing
[INFO ] 2022-11-25 15:15:09.747 [main] NurseModuleStepDefinition - Plasma Specimen Number: BLP1428187319
[INFO ] 2022-11-25 15:15:09.747 [main] NurseModuleStepDefinition - Serum Specimen Number: BLS1448050074
[INFO ] 2022-11-25 15:15:09.747 [main] NurseModuleStepDefinition - Whole Blood Specimen Number: WBL1463934566
[INFO ] 2022-11-25 15:15:09.747 [main] NurseModuleStepDefinition - Scan Specimen Number
[INFO ] 2022-11-25 15:15:12.039 [main] NurseModuleStepDefinition - Successfully scan the Plasma Specimen Number: BLP1428187319
[INFO ] 2022-11-25 15:15:14.257 [main] NurseModuleStepDefinition - Successfully scan the Serum Specimen Number: BLS1448050074
[INFO ] 2022-11-25 15:15:16.430 [main] NurseModuleStepDefinition - Suceessfully scan the Whole Blood Specimen Number: WBL1463934566
[INFO ] 2022-11-25 15:15:16.430 [main] NurseModuleStepDefinition - Lab Technician and GRO Information
[INFO ] 2022-11-25 15:15:20.618 [main] NurseModuleStepDefinition - Lab Tech Name: Lab Technician Glossys
[INFO ] 2022-11-25 15:15:22.756 [main] NurseModuleStepDefinition - GRO Name: GRO Glossys
[INFO ] 2022-11-25 15:15:23.880 [main] NurseModuleStepDefinition -  Sample's Sent to LAB successfully
[INFO ] 2022-11-25 15:15:33.329 [main] CommonDefinition - Logout Successfully
[INFO ] 2022-11-25 15:15:35.339 [main] NurseModuleStepDefinition - Nurse Runing Time:
[INFO ] 2022-11-25 15:15:35.339 [main] CommonDefinition - Total Time Mints = Mints: 1 mints  55 seconds
[INFO ] 2022-11-25 15:15:35.339 [main] CommonDefinition -  Total Time  Seconds = 115 seconds
[INFO ] 2022-11-25 15:15:35.355 [main] LabJuniorStepDefinition - Start Time  = 1669369535355
[INFO ] 2022-11-25 15:15:39.645 [main] LabJuniorStepDefinition - Lab Junior Module
[INFO ] 2022-11-25 15:15:42.923 [main] LabJuniorStepDefinition - Role Section: Lab Junior - Chennai
[INFO ] 2022-11-25 15:15:44.132 [main] LabJuniorStepDefinition - Specimen Inscan Process
[INFO ] 2022-11-25 15:15:58.420 [main] LabJuniorStepDefinition - Plasma Specimen Number: BLP1428187319
[INFO ] 2022-11-25 15:15:59.024 [main] LabJuniorStepDefinition - Successfully Scan Plasma Specimen Number
[INFO ] 2022-11-25 15:16:00.227 [main] LabJuniorStepDefinition - Serum Specimen Number: BLS1448050074
[INFO ] 2022-11-25 15:16:01.342 [main] LabJuniorStepDefinition - Successfully Scan Serum Specimen Number
[INFO ] 2022-11-25 15:16:02.517 [main] LabJuniorStepDefinition - Whole Blood Specimen Number: WBL1463934566
[INFO ] 2022-11-25 15:16:03.106 [main] LabJuniorStepDefinition - Successfully Scan Whole Blood Number
[INFO ] 2022-11-25 15:16:04.154 [main] LabJuniorStepDefinition - Lab ID: 3326
[INFO ] 2022-11-25 15:16:07.285 [main] LabJuniorStepDefinition - Specimen inscan details saved successfully
[INFO ] 2022-11-25 15:16:07.286 [main] LabJuniorStepDefinition - Lab Work List
[INFO ] 2022-11-25 15:16:07.286 [main] LabJuniorStepDefinition - Gender Type: Female
[INFO ] 2022-11-25 15:16:29.063 [main] LabJuniorWorkList - Haemoglobin: 11
[INFO ] 2022-11-25 15:16:35.332 [main] LabJuniorWorkList - Blood Group: O Positive
[INFO ] 2022-11-25 15:16:41.691 [main] LabJuniorWorkList - HIV: Positive
[INFO ] 2022-11-25 15:16:47.947 [main] LabJuniorWorkList - Anti HCV: Negative
[INFO ] 2022-11-25 15:16:52.233 [main] LabJuniorWorkList - HBsAg: Negative
[INFO ] 2022-11-25 15:16:55.449 [main] LabJuniorWorkList - SGOT: 22
[INFO ] 2022-11-25 15:16:58.646 [main] LabJuniorWorkList - SGPT: 44
[INFO ] 2022-11-25 15:17:04.850 [main] LabJuniorWorkList - Creatinine: 1
[INFO ] 2022-11-25 15:17:09.127 [main] LabJuniorWorkList - RPR: NonReactive
[INFO ] 2022-11-25 15:17:13.371 [main] LabJuniorWorkList - BEta HC: Negative
[INFO ] 2022-11-25 15:17:15.465 [main] LabJuniorWorkList - Glucose: 80
[INFO ] 2022-11-25 15:17:18.656 [main] LabJuniorWorkList - Result submitted for authorization successfully
[INFO ] 2022-11-25 15:17:30.050 [main] CommonDefinition - Logout Successfully
[INFO ] 2022-11-25 15:17:32.063 [main] LabJuniorStepDefinition - Lab Junior Runing Time:
[INFO ] 2022-11-25 15:17:32.063 [main] CommonDefinition - Total Time Mints = Mints: 1 mints  56 seconds
[INFO ] 2022-11-25 15:17:32.063 [main] CommonDefinition -  Total Time  Seconds = 116 seconds
[INFO ] 2022-11-25 15:17:32.070 [main] LabSeniorStepDefinition - Start Time  = 1669369652070
[INFO ] 2022-11-25 15:17:36.317 [main] LabSeniorStepDefinition - Lab Senior Module
[INFO ] 2022-11-25 15:17:39.447 [main] LabSeniorStepDefinition - Role Section: Lab Senior - Chennai
[INFO ] 2022-11-25 15:17:40.549 [main] LabSeniorStepDefinition - Result Entry Review
[INFO ] 2022-11-25 15:17:45.825 [main] LabSeniorStepDefinition - Lab ID: 3326
[INFO ] 2022-11-25 15:17:55.994 [main] LabSeniorStepDefinition - Lab Senior First Review
[INFO ] 2022-11-25 15:17:55.994 [main] LabSeniorStepDefinition - Gender Type: Female
[INFO ] 2022-11-25 15:17:56.549 [main] LabSeniorStepDefinition - Haemoglobin: 11 = Reviewed
[INFO ] 2022-11-25 15:17:57.118 [main] LabSeniorStepDefinition - Blood Group: O Positive = Reviewed
[INFO ] 2022-11-25 15:17:57.681 [main] LabSeniorStepDefinition - HIV: Positive = Reviewed
[INFO ] 2022-11-25 15:17:58.277 [main] LabSeniorStepDefinition - Anti HCV: Negative = Reviewed
[INFO ] 2022-11-25 15:17:58.827 [main] LabSeniorStepDefinition - HBsAg: Negative = Reviewed
[INFO ] 2022-11-25 15:17:59.419 [main] LabSeniorStepDefinition - SGOT: 22 = Reviewed
[INFO ] 2022-11-25 15:18:00.720 [main] LabSeniorStepDefinition - SGPT: 44 = Reviewed
[INFO ] 2022-11-25 15:18:01.285 [main] LabSeniorStepDefinition - Creatinine: 1 = Reviewed
[INFO ] 2022-11-25 15:18:01.847 [main] LabSeniorStepDefinition - RPR: NonReactive = Reviewed
[INFO ] 2022-11-25 15:18:02.388 [main] LabSeniorStepDefinition - BEta HC: Negative = Reviewed
[INFO ] 2022-11-25 15:18:03.046 [main] LabSeniorStepDefinition - Glucose: 80 = Reviewed
[INFO ] 2022-11-25 15:18:04.129 [main] LabSeniorStepDefinition - Result submitted for authorization successfully
[INFO ] 2022-11-25 15:18:10.491 [main] CommonDefinition - Logout Successfully
[INFO ] 2022-11-25 15:18:12.502 [main] LabSeniorStepDefinition - Lab Senior Runing Time:
[INFO ] 2022-11-25 15:18:12.502 [main] CommonDefinition - Total Time Mints = Mints: 0 mints  40 seconds
[INFO ] 2022-11-25 15:18:12.502 [main] CommonDefinition -  Total Time  Seconds = 40 seconds
[INFO ] 2022-11-25 15:18:12.519 [main] LabSupervisorStepDefinition - Start Time  = 1669369692519
[INFO ] 2022-11-25 15:18:16.770 [main] LabSupervisorStepDefinition - Lab Supervisor Module
[INFO ] 2022-11-25 15:18:20.236 [main] LabSupervisorStepDefinition - Role Section: Lab Supervisor - Chennai
[INFO ] 2022-11-25 15:18:21.336 [main] LabSupervisorStepDefinition - Pathalogist Worklist :
[INFO ] 2022-11-25 15:18:26.599 [main] LabSupervisorStepDefinition - Lab ID: 3326
[INFO ] 2022-11-25 15:18:35.902 [main] LabSupervisorStepDefinition - Result Entry :
[INFO ] 2022-11-25 15:18:36.909 [main] LabSupervisorStepDefinition - Lab Supervisor Authorize in Result Entry :
[INFO ] 2022-11-25 15:18:36.909 [main] LabSupervisorStepDefinition - Gender Type: Female
[INFO ] 2022-11-25 15:18:36.909 [main] LabSupervisorStepDefinition - Haemoglobin: 11 = Authorized
[INFO ] 2022-11-25 15:18:36.909 [main] LabSupervisorStepDefinition - Blood Group: O Positive = Authorized
[INFO ] 2022-11-25 15:18:36.909 [main] LabSupervisorStepDefinition - HIV: Positive = Authorized
[INFO ] 2022-11-25 15:18:36.909 [main] LabSupervisorStepDefinition - Anti HCV: Negative = Authorized
[INFO ] 2022-11-25 15:18:36.909 [main] LabSupervisorStepDefinition - HBsAg: Negative = Authorized
[INFO ] 2022-11-25 15:18:38.942 [main] LabSupervisorStepDefinition - SGOT: 22 = Authorized
[INFO ] 2022-11-25 15:18:38.943 [main] LabSupervisorStepDefinition - SGPT: 44 = Authorized
[INFO ] 2022-11-25 15:18:38.943 [main] LabSupervisorStepDefinition - Creatinine: 1 = Authorized
[INFO ] 2022-11-25 15:18:38.943 [main] LabSupervisorStepDefinition - RPR: NonReactive = Authorized
[INFO ] 2022-11-25 15:18:38.943 [main] LabSupervisorStepDefinition - BEta HC: Negative = Authorized
[INFO ] 2022-11-25 15:18:38.943 [main] LabSupervisorStepDefinition - Glucose: 80 = Authorized
[INFO ] 2022-11-25 15:18:41.033 [main] LabSupervisorStepDefinition - Results authorized successfully!
[INFO ] 2022-11-25 15:18:47.418 [main] CommonDefinition - Logout Successfully
[INFO ] 2022-11-25 15:18:49.426 [main] LabSupervisorStepDefinition - Log out For Supervisor
[INFO ] 2022-11-25 15:18:49.426 [main] LabSupervisorStepDefinition - Lab Supervisor Runing Time:
[INFO ] 2022-11-25 15:18:49.426 [main] CommonDefinition - Total Time Mints = Mints: 0 mints  36 seconds
[INFO ] 2022-11-25 15:18:49.426 [main] CommonDefinition -  Total Time  Seconds = 36 seconds
[INFO ] 2022-11-25 15:18:59.170 [main] GROStepDefinition - Role Section: GRO - Chennai
[INFO ] 2022-11-25 15:19:05.767 [main] GROStepDefinition - Choose The Counter is: 
[ERROR] 2022-11-25 15:19:05.767 [main] GROStepDefinition - New Counter is  available please add this counter  : 
[INFO ] 2022-11-25 15:19:07.345 [main] GROStepDefinition - Signed into the counter successfully
[INFO ] 2022-11-25 15:19:40.827 [main] PrintReferralLetter - Print Referral Letter Page: 
[INFO ] 2022-11-25 15:19:41.862 [main] PrintReferralLetter - Referral: Confirmatory Lab,External Speciality
Speciality: Gynaecology
Confirmatory Test Western Blot for HIV
[INFO ] 2022-11-25 15:19:42.886 [main] PrintReferralLetter - Document Type: Gynaecology
[INFO ] 2022-11-25 15:19:53.274 [main] PrintReferralLetter - Gynaecology Print Referral Letter saved Successfully
[INFO ] 2022-11-25 15:19:53.300 [main] PrintReferralLetter - Document Type : Western Blot for HIV
[INFO ] 2022-11-25 15:20:02.747 [main] PrintReferralLetter - Western Blot for HIV Print Referral Letter saved Successfully
[INFO ] 2022-11-25 15:20:09.114 [main] UploadReferralLetter - Referral: Confirmatory Lab,External Speciality
Speciality: Gynaecology
Confirmatory Test Western Blot for HIV
[INFO ] 2022-11-25 15:20:36.281 [main] UploadReferralLetter - Upload Referral Letter Page :
[INFO ] 2022-11-25 15:20:37.332 [main] UploadReferralLetter - Document Type : Gynaecology
[INFO ] 2022-11-25 15:20:57.378 [main] UploadReferralLetter - Gynaecology document uploaded successfully
[INFO ] 2022-11-25 15:21:00.410 [main] UploadReferralLetter - Document Type : Western Blot for HIV
[INFO ] 2022-11-25 15:21:21.338 [main] UploadReferralLetter - Western Blot for HIV document uploaded successfully
[INFO ] 2022-11-25 15:21:31.636 [main] PrintReceipt - Print Receipt : Gynaecology
[INFO ] 2022-11-25 15:21:42.988 [main] PrintReceipt - Collected Feedback Successfully
[INFO ] 2022-11-25 15:21:51.367 [main] CommonDefinition - Logout Successfully
[INFO ] 2022-11-25 15:21:55.460 [main] NurseModuleStepDefinition - Start Time  = 1669369913373
[INFO ] 2022-11-25 15:21:56.600 [main] NurseModuleStepDefinition - Nurse Module
[INFO ] 2022-11-25 15:22:00.775 [main] NurseModuleStepDefinition - Role Section: Nurse - Chennai
[INFO ] 2022-11-25 15:22:03.879 [main] NurseModuleStepDefinition - Choose The Counter Is: MA Counter 03
[INFO ] 2022-11-25 15:22:16.757 [main] NurseModuleStepDefinition - Verification  Token
[INFO ] 2022-11-25 15:22:21.920 [main] LabConfirmatory - Serum Specimen Number: Yet to be Generated
[INFO ] 2022-11-25 15:22:22.054 [main] LabConfirmatory - Speciman Genarated Successfully
[INFO ] 2022-11-25 15:22:41.342 [main] LabConfirmatory - Serum Specimen Number : BLS1482969112
[INFO ] 2022-11-25 15:22:41.434 [main] LabConfirmatory - Speciman Collected Successfully
[INFO ] 2022-11-25 15:22:46.554 [main] LabConfirmatory - Feedback Collected
[INFO ] 2022-11-25 15:23:38.969 [main] LabConfirmatory - Serum Specimen Number: BLS1482969112
[INFO ] 2022-11-25 15:23:38.969 [main] LabConfirmatory - Scan Specimen Number
[INFO ] 2022-11-25 15:23:41.195 [main] LabConfirmatory - Successfully scan the Serum Specimen Number: BLS1482969112
[INFO ] 2022-11-25 15:23:41.195 [main] NurseModuleStepDefinition - Lab Technician and GRO Information
[INFO ] 2022-11-25 15:23:45.405 [main] NurseModuleStepDefinition - Lab Tech Name: Lab Technician Glossys
[INFO ] 2022-11-25 15:23:47.546 [main] NurseModuleStepDefinition - GRO Name: GRO Glossys
[INFO ] 2022-11-25 15:23:48.680 [main] NurseModuleStepDefinition -  Sample's Sent to LAB successfully
[INFO ] 2022-11-25 15:23:55.081 [main] CommonDefinition - Logout Successfully
[INFO ] 2022-11-25 15:24:06.614 [main] LabJuniorStepDefinition - Role Section: Lab Junior - Chennai
[INFO ] 2022-11-25 15:24:07.758 [main] LabJuniorStepDefinition - Specimen Inscan Process
[INFO ] 2022-11-25 15:24:27.958 [main] LabJuniorStepDefinition - Serum Specimen Number: BLS1482969112
[INFO ] 2022-11-25 15:24:30.029 [main] LabJuniorStepDefinition - Successfully Scan Serum Specimen Number
[INFO ] 2022-11-25 15:24:33.151 [main] LabJuniorStepDefinition - Specimen inscan details saved successfully
[INFO ] 2022-11-25 15:24:39.678 [main] CommonDefinition - Logout Successfully
[INFO ] 2022-11-25 15:24:47.999 [main] LabConfirmatory - Lab Director 
[INFO ] 2022-11-25 15:24:54.681 [main] LabConfirmatory - Role Section: Lab Director
[INFO ] 2022-11-25 15:25:04.948 [main] LabConfirmatory - External Barcode Approval:
[INFO ] 2022-11-25 15:25:16.195 [main] LabConfirmatory - Site Name: Stemz Healthcare Center Pvt Limited
[INFO ] 2022-11-25 15:25:16.195 [main] LabConfirmatory - Serum Specimen Number: BLS1482969112
[INFO ] 2022-11-25 15:25:18.219 [main] LabConfirmatory - External Specimen Name: 975333E
[INFO ] 2022-11-25 15:25:39.056 [main] CommonDefinition - Logout Successfully
[INFO ] 2022-11-25 15:25:56.063 [main] LabConfirmatory - Role Section: Center Manager - Chennai
[INFO ] 2022-11-25 15:26:05.481 [main] LabConfirmatory - Status  : Approved
[INFO ] 2022-11-25 15:26:21.948 [main] LabConfirmatory - Status  : Completed
[INFO ] 2022-11-25 15:26:26.158 [main] LabConfirmatory - External barcode marked as complete successfully
[INFO ] 2022-11-25 15:26:51.990 [main] CommonDefinition - Logout Successfully
[INFO ] 2022-11-25 15:27:07.524 [main] LabJuniorStepDefinition - Role Section: Lab Junior - Chennai
[INFO ] 2022-11-25 15:27:18.164 [main] LabConfirmatory - Lab ID: 3326
[INFO ] 2022-11-25 15:27:31.087 [main] LabConfirmatory - External barcode saved as complete successfully
[INFO ] 2022-11-25 15:27:39.536 [main] CommonDefinition - Logout Successfully
[INFO ] 2022-11-25 15:27:53.361 [main] LabSupervisorStepDefinition - Role Section: Lab Supervisor - Chennai
[INFO ] 2022-11-25 15:27:56.862 [main] LabConfirmatory - Outsource Pending
[INFO ] 2022-11-25 15:27:56.862 [main] LabConfirmatory - Pending :
[INFO ] 2022-11-25 15:28:02.994 [main] LabConfirmatory - Successfully Scan The Serum Specimen Number: BLS1482969112
[INFO ] 2022-11-25 15:28:21.710 [main] LabConfirmatory - Action: Outsourcing
[INFO ] 2022-11-25 15:28:25.901 [main] LabConfirmatory - Transfer Location: Core Diagnostics center
[INFO ] 2022-11-25 15:28:30.110 [main] LabConfirmatory - Transfer Date: 
[INFO ] 2022-11-25 15:28:32.192 [main] LabConfirmatory - Diagnostic centre details updated successfully
[INFO ] 2022-11-25 15:28:39.317 [main] LabConfirmatory - Generate STF :
[INFO ] 2022-11-25 15:28:41.512 [main] LabConfirmatory - Speciment Batch STF ID: Speciment Batch STF ID
[INFO ] 2022-11-25 15:28:41.534 [main] LabConfirmatory - Generated date: Generated date
[INFO ] 2022-11-25 15:28:49.695 [main] LabConfirmatory - External Specimen Id: 975333E
[INFO ] 2022-11-25 15:28:51.839 [main] LabConfirmatory - STF generated successfully!
[INFO ] 2022-11-25 15:28:56.999 [main] LabConfirmatory - Completed :
[INFO ] 2022-11-25 15:29:17.132 [main] LabConfirmatory - Lab Id :3326
[INFO ] 2022-11-25 15:29:46.318 [main] LabConfirmatory - Lab Tests Details
[INFO ] 2022-11-25 15:29:46.318 [main] LabConfirmatory - Test Name : Western Blot for HIV
[INFO ] 2022-11-25 15:29:46.318 [main] LabConfirmatory - Priority : Normal
[INFO ] 2022-11-25 15:29:57.831 [main] CommonDefinition - Logout Successfully
[INFO ] 2022-11-25 15:30:10.337 [main] GROReferralStepDefinition - Role Section: GRO - Chennai
[INFO ] 2022-11-25 15:30:16.920 [main] GROStepDefinition - Choose The Counter is: 
[ERROR] 2022-11-25 15:30:16.921 [main] GROStepDefinition - New Counter is  available please add this counter  : 
[INFO ] 2022-11-25 15:30:18.522 [main] GROStepDefinition - Signed into the counter successfully
[INFO ] 2022-11-25 15:30:22.883 [main] LabConfirmatory - Specimen Transmittal form : 
[INFO ] 2022-11-25 15:30:46.706 [main] CommonDefinition - Logout Successfully
[INFO ] 2022-11-25 15:31:02.197 [main] CentralLabAuthority - Role Section: Central Lab Authority
[INFO ] 2022-11-25 15:31:10.584 [main] CentralLabAuthority - CLA Result Entry :
[INFO ] 2022-11-25 15:31:39.522 [main] CentralLabAuthority - Result saved successfully
[INFO ] 2022-11-25 15:31:39.583 [main] CentralLabAuthority - Completed :
[INFO ] 2022-11-25 15:32:16.879 [main] CommonDefinition - Logout Successfully
[INFO ] 2022-11-25 15:32:28.314 [main] GpModuleStepDefinition - Role Section: STEMZ GP - Chennai
[INFO ] 2022-11-25 15:32:31.520 [main] GpModuleStepDefinition - Choose The Counter Is: 
[INFO ] 2022-11-25 15:33:19.654 [main] GROStepDefinition - Role Section: GRO - Chennai
[INFO ] 2022-11-25 15:33:26.362 [main] GROStepDefinition - Choose The Counter is: 
[ERROR] 2022-11-25 15:33:26.363 [main] GROStepDefinition - New Counter is  available please add this counter  : 
[INFO ] 2022-11-25 15:45:28.517 [main] GROStepDefinition - Glosys Automation Script 2.0 Run In :  Chrome Browser
[INFO ] 2022-11-25 15:45:35.876 [main] GROStepDefinition - Start Time  = 1669371335876
[INFO ] 2022-11-25 15:45:35.892 [main] GROStepDefinition - Case:5: Enter The Correct Username And Password
[INFO ] 2022-11-25 15:45:36.013 [main] GROStepDefinition - Username: venkat
[INFO ] 2022-11-25 15:45:36.113 [main] GROStepDefinition - Password: xOET6k1gUY
[INFO ] 2022-11-25 15:45:41.284 [main] GROStepDefinition - Role Section: GRO - Chennai
[INFO ] 2022-11-25 15:45:48.068 [main] GROStepDefinition - Choose The Counter is: 
[ERROR] 2022-11-25 15:45:48.068 [main] GROStepDefinition - New Counter is  available please add this counter  : 
[INFO ] 2022-11-25 15:45:49.688 [main] GROStepDefinition - Signed into the counter successfully
[INFO ] 2022-11-25 15:45:53.918 [main] GROStepDefinition - Visa Number: 998090988050
[INFO ] 2022-11-25 15:45:56.039 [main] GROStepDefinition - Biometric skip request sent successfully
[INFO ] 2022-11-25 15:46:02.107 [main] GROStepDefinition - Patient Profile Page
[INFO ] 2022-11-25 15:46:02.107 [main] GROStepDefinition - Personal Details: 
[INFO ] 2022-11-25 15:46:02.107 [main] GROStepDefinition - Visa Gender Type: Female
[INFO ] 2022-11-25 15:46:09.638 [main] GROStepDefinition - Applicant Believes Pregnant?: Yes
[INFO ] 2022-11-25 15:46:09.638 [main] GROStepDefinition - Successfully enter the Personal information details
[INFO ] 2022-11-25 15:46:09.639 [main] GROStepDefinition - Communcation Details: 
[INFO ] 2022-11-25 15:46:10.694 [main] GROStepDefinition - Country: India
[INFO ] 2022-11-25 15:46:12.840 [main] GROStepDefinition - Preferred Language to Speak: Tamil
[INFO ] 2022-11-25 15:46:13.966 [main] GROStepDefinition - Preferred Language to Read: Tamil
[INFO ] 2022-11-25 15:46:18.688 [main] GROStepDefinition - Preferred Location for Referral: Chennai
[INFO ] 2022-11-25 15:46:20.875 [main] GROStepDefinition - Preferred Hospital: Select Preferred Hospital
[INFO ] 2022-11-25 15:46:20.876 [main] GROStepDefinition - Successfully enter The Communication Details
[INFO ] 2022-11-25 15:46:20.876 [main] GROStepDefinition - Encounter Details: 
[INFO ] 2022-11-25 15:46:24.237 [main] GROStepDefinition - SMS Alert Number: 9790498180
[INFO ] 2022-11-25 15:46:24.268 [main] GROStepDefinition - Job Position : Pharmacist
[INFO ] 2022-11-25 15:46:24.287 [main] GROStepDefinition - Is Job applicable of Driving: false
[INFO ] 2022-11-25 15:46:24.288 [main] GROStepDefinition - Successfully enter The Encounter details
[INFO ] 2022-11-25 15:46:50.662 [main] LabJuniorStepDefinition - Start Time  = 1669371410662
[INFO ] 2022-11-25 15:47:12.760 [main] LabSeniorStepDefinition - Start Time  = 1669371432760
[INFO ] 2022-11-25 15:47:34.853 [main] LabSupervisorStepDefinition - Start Time  = 1669371454853
[INFO ] 2022-11-25 15:48:06.687 [main] GROStepDefinition - Role Section: GRO - Chennai
[INFO ] 2022-11-25 15:48:13.328 [main] GROStepDefinition - Choose The Counter is: 
[ERROR] 2022-11-25 15:48:13.328 [main] GROStepDefinition - New Counter is  available please add this counter  : 
[INFO ] 2022-11-25 15:48:14.942 [main] GROStepDefinition - Signed into the counter successfully
[INFO ] 2022-11-25 16:21:31.372 [main] GROStepDefinition - Glosys Automation Script 2.0 Run In :  Chrome Browser
[INFO ] 2022-11-25 16:21:51.511 [main] GROStepDefinition - Start Time  = 1669373511511
[INFO ] 2022-11-25 16:21:51.527 [main] GROStepDefinition - Case:5: Enter The Correct Username And Password
[INFO ] 2022-11-25 16:22:19.836 [main] LabJuniorStepDefinition - Start Time  = 1669373539836
[INFO ] 2022-11-25 16:22:21.864 [main] LabSeniorStepDefinition - Start Time  = 1669373541864
[INFO ] 2022-11-25 16:22:23.924 [main] LabSupervisorStepDefinition - Start Time  = 1669373543924
[INFO ] 2022-11-25 16:23:58.034 [main] GROStepDefinition - Glosys Automation Script 2.0 Run In :  Chrome Browser
[INFO ] 2022-11-25 16:24:02.060 [main] GROStepDefinition - Start Time  = 1669373642060
[INFO ] 2022-11-25 16:24:02.065 [main] GROStepDefinition - Case:5: Enter The Correct Username And Password
[INFO ] 2022-11-25 16:24:02.153 [main] GROStepDefinition - Username: venkat
[INFO ] 2022-11-25 16:24:02.248 [main] GROStepDefinition - Password: xOET6k1gUY
[INFO ] 2022-11-25 16:24:07.316 [main] GROStepDefinition - Role Section: GRO - Chennai
[INFO ] 2022-11-25 16:24:14.089 [main] GROStepDefinition - Choose The Counter is: 
[ERROR] 2022-11-25 16:24:14.089 [main] GROStepDefinition - New Counter is  available please add this counter  : 
[INFO ] 2022-11-25 16:24:15.695 [main] GROStepDefinition - Signed into the counter successfully
[INFO ] 2022-11-25 16:24:20.122 [main] GROStepDefinition - Visa Number: 998090988052
[INFO ] 2022-11-25 16:24:22.263 [main] GROStepDefinition - Biometric skip request sent successfully
[INFO ] 2022-11-25 16:24:28.312 [main] GROStepDefinition - Patient Profile Page
[INFO ] 2022-11-25 16:24:28.312 [main] GROStepDefinition - Personal Details: 
[INFO ] 2022-11-25 16:24:28.312 [main] GROStepDefinition - Visa Gender Type: Female
[INFO ] 2022-11-25 16:24:35.869 [main] GROStepDefinition - Applicant Believes Pregnant?: Yes
[INFO ] 2022-11-25 16:24:35.869 [main] GROStepDefinition - Successfully enter the Personal information details
[INFO ] 2022-11-25 16:24:35.870 [main] GROStepDefinition - Communcation Details: 
[INFO ] 2022-11-25 16:24:36.944 [main] GROStepDefinition - Country: India
[INFO ] 2022-11-25 16:24:39.142 [main] GROStepDefinition - Preferred Language to Speak: Tamil
[INFO ] 2022-11-25 16:24:40.263 [main] GROStepDefinition - Preferred Language to Read: Tamil
[INFO ] 2022-11-25 16:24:45.000 [main] GROStepDefinition - Preferred Location for Referral: Chennai
[INFO ] 2022-11-25 16:24:47.188 [main] GROStepDefinition - Preferred Hospital: Apollo Hospital
[INFO ] 2022-11-25 16:24:47.189 [main] GROStepDefinition - Successfully enter The Communication Details
[INFO ] 2022-11-25 16:24:47.189 [main] GROStepDefinition - Encounter Details: 
[INFO ] 2022-11-25 16:24:50.469 [main] GROStepDefinition - SMS Alert Number: 9790498180
[INFO ] 2022-11-25 16:24:50.500 [main] GROStepDefinition - Job Position : Pharmacist
[INFO ] 2022-11-25 16:24:50.521 [main] GROStepDefinition - Is Job applicable of Driving: false
[INFO ] 2022-11-25 16:24:50.521 [main] GROStepDefinition - Successfully enter The Encounter details
[INFO ] 2022-11-25 16:25:04.106 [main] GROStepDefinition - APPLICANT CONSENT AND DECLARATION FORM
[INFO ] 2022-11-25 16:25:04.106 [main] GROStepDefinition - Applicant Details Created Successflly
[INFO ] 2022-11-25 16:25:04.107 [main] GROStepDefinition - Place Order Page
[INFO ] 2022-11-25 16:25:04.222 [main] GROStepDefinition - Token Genarated :   Token no (NND017) generated successfully
[INFO ] 2022-11-25 16:25:04.222 [main] GROStepDefinition - Visa Gender Type: Female - YesXray Page Not Allowed
[INFO ] 2022-11-25 16:25:04.222 [main] GROStepDefinition - Token : NND017
[INFO ] 2022-11-25 16:25:09.359 [main] GROStepDefinition -  Generate Service Recipt
[INFO ] 2022-11-25 16:25:11.515 [main] GROStepDefinition - Capture Identify Page:
[INFO ] 2022-11-25 16:25:11.515 [main] GROStepDefinition - Vaccination Document Status Condition is: No
[INFO ] 2022-11-25 16:25:11.515 [main] GROStepDefinition - Referral Document Status Condition is: No
[INFO ] 2022-11-25 16:25:13.642 [main] GROStepDefinition - Applicant identity details updated successfully
[INFO ] 2022-11-25 16:25:15.732 [main] GROStepDefinition - GRO Module Feedback Collected
[INFO ] 2022-11-25 16:25:28.144 [main] CommonDefinition - Logout Successfully
[INFO ] 2022-11-25 16:25:30.154 [main] GROStepDefinition - GRO Runing Time:
[INFO ] 2022-11-25 16:25:30.154 [main] CommonDefinition - Total Time Mints = Mints: 1 mints  28 seconds
[INFO ] 2022-11-25 16:25:30.154 [main] CommonDefinition -  Total Time  Seconds = 88 seconds
[INFO ] 2022-11-25 16:25:32.368 [main] NurseModuleStepDefinition - Start Time  = 1669373730232
[INFO ] 2022-11-25 16:25:33.533 [main] NurseModuleStepDefinition - Nurse Module
[INFO ] 2022-11-25 16:25:37.726 [main] NurseModuleStepDefinition - Role Section: Nurse - Chennai
[INFO ] 2022-11-25 16:25:40.867 [main] NurseModuleStepDefinition - Choose The Counter Is: MA Counter 03
[INFO ] 2022-11-25 16:25:44.817 [main] LabJuniorStepDefinition - Start Time  = 1669373744817
[INFO ] 2022-11-25 16:26:06.870 [main] LabSeniorStepDefinition - Start Time  = 1669373766870
[INFO ] 2022-11-25 16:26:28.936 [main] LabSupervisorStepDefinition - Start Time  = 1669373788936
[INFO ] 2022-11-25 16:26:53.040 [main] GROStepDefinition - Glosys Automation Script 2.0 Run In :  Chrome Browser
[INFO ] 2022-11-25 16:27:00.971 [main] GROStepDefinition - Start Time  = 1669373820971
[INFO ] 2022-11-25 16:27:00.980 [main] GROStepDefinition - Case:5: Enter The Correct Username And Password
[INFO ] 2022-11-25 16:27:01.102 [main] GROStepDefinition - Username: venkat
[INFO ] 2022-11-25 16:27:01.199 [main] GROStepDefinition - Password: xOET6k1gUY
[INFO ] 2022-11-25 16:27:06.672 [main] GROStepDefinition - Role Section: GRO - Chennai
[INFO ] 2022-11-25 16:27:13.377 [main] GROStepDefinition - Choose The Counter is: 
[ERROR] 2022-11-25 16:27:13.377 [main] GROStepDefinition - New Counter is  available please add this counter  : 
[INFO ] 2022-11-25 16:27:15.004 [main] GROStepDefinition - Signed into the counter successfully
[INFO ] 2022-11-25 16:27:19.314 [main] GROStepDefinition - Visa Number: 998090988053
[INFO ] 2022-11-25 16:27:21.452 [main] GROStepDefinition - Biometric skip request sent successfully
[INFO ] 2022-11-25 16:27:27.511 [main] GROStepDefinition - Patient Profile Page
[INFO ] 2022-11-25 16:27:27.511 [main] GROStepDefinition - Personal Details: 
[INFO ] 2022-11-25 16:27:27.511 [main] GROStepDefinition - Visa Gender Type: Select Gender
[INFO ] 2022-11-25 16:27:33.969 [main] GROStepDefinition - Successfully enter the Personal information details
[INFO ] 2022-11-25 16:27:33.971 [main] GROStepDefinition - Communcation Details: 
[INFO ] 2022-11-25 16:27:35.044 [main] GROStepDefinition - Country: India
[INFO ] 2022-11-25 16:27:37.189 [main] GROStepDefinition - Preferred Language to Speak: Tamil
[INFO ] 2022-11-25 16:27:38.356 [main] GROStepDefinition - Preferred Language to Read: Tamil
[INFO ] 2022-11-25 16:27:44.999 [main] LabJuniorStepDefinition - Start Time  = 1669373864999
[INFO ] 2022-11-25 16:27:47.058 [main] LabSeniorStepDefinition - Start Time  = 1669373867058
[INFO ] 2022-11-25 16:27:49.087 [main] LabSupervisorStepDefinition - Start Time  = 1669373869087
[INFO ] 2022-11-25 16:28:12.705 [main] GROStepDefinition - Glosys Automation Script 2.0 Run In :  Chrome Browser
[INFO ] 2022-11-25 16:28:22.801 [main] GROStepDefinition - Start Time  = 1669373902801
[INFO ] 2022-11-25 16:28:22.801 [main] GROStepDefinition - Case:5: Enter The Correct Username And Password
[INFO ] 2022-11-25 16:28:22.914 [main] GROStepDefinition - Username: venkat
[INFO ] 2022-11-25 16:28:23.022 [main] GROStepDefinition - Password: xOET6k1gUY
[INFO ] 2022-11-25 16:28:28.336 [main] GROStepDefinition - Role Section: GRO - Chennai
[INFO ] 2022-11-25 16:28:34.971 [main] GROStepDefinition - Choose The Counter is: 
[ERROR] 2022-11-25 16:28:34.971 [main] GROStepDefinition - New Counter is  available please add this counter  : 
[INFO ] 2022-11-25 16:28:36.558 [main] GROStepDefinition - Signed into the counter successfully
[INFO ] 2022-11-25 16:28:40.787 [main] GROStepDefinition - Visa Number: 998090988053
[INFO ] 2022-11-25 16:29:16.034 [main] GROStepDefinition - Glosys Automation Script 2.0 Run In :  Chrome Browser
[INFO ] 2022-11-25 16:29:21.080 [main] GROStepDefinition - Start Time  = 1669373961080
[INFO ] 2022-11-25 16:29:21.080 [main] GROStepDefinition - Case:5: Enter The Correct Username And Password
[INFO ] 2022-11-25 16:29:21.172 [main] GROStepDefinition - Username: venkat
[INFO ] 2022-11-25 16:29:21.291 [main] GROStepDefinition - Password: xOET6k1gUY
[INFO ] 2022-11-25 16:29:26.358 [main] GROStepDefinition - Role Section: GRO - Chennai
[INFO ] 2022-11-25 16:29:32.996 [main] GROStepDefinition - Choose The Counter is: 
[ERROR] 2022-11-25 16:29:32.996 [main] GROStepDefinition - New Counter is  available please add this counter  : 
[INFO ] 2022-11-25 16:29:34.583 [main] GROStepDefinition - Signed into the counter successfully
[INFO ] 2022-11-25 16:29:38.796 [main] GROStepDefinition - Visa Number: 998090988054
[INFO ] 2022-11-25 16:29:40.886 [main] GROStepDefinition - Biometric skip request sent successfully
[INFO ] 2022-11-25 16:29:47.443 [main] GROStepDefinition - Patient Profile Page
[INFO ] 2022-11-25 16:29:47.443 [main] GROStepDefinition - Personal Details: 
[INFO ] 2022-11-25 16:29:47.443 [main] GROStepDefinition - Visa Gender Type: Female
[INFO ] 2022-11-25 16:29:54.870 [main] GROStepDefinition - Applicant Believes Pregnant?: Yes
[INFO ] 2022-11-25 16:29:54.870 [main] GROStepDefinition - Successfully enter the Personal information details
[INFO ] 2022-11-25 16:29:54.870 [main] GROStepDefinition - Communcation Details: 
[INFO ] 2022-11-25 16:29:55.917 [main] GROStepDefinition - Country: India
[INFO ] 2022-11-25 16:29:58.051 [main] GROStepDefinition - Preferred Language to Speak: Tamil
[INFO ] 2022-11-25 16:29:59.187 [main] GROStepDefinition - Preferred Language to Read: Tamil
[INFO ] 2022-11-25 16:30:03.850 [main] GROStepDefinition - Preferred Location for Referral: Chennai
[INFO ] 2022-11-25 16:30:06.011 [main] GROStepDefinition - Preferred Hospital: Apollo Hospital
[INFO ] 2022-11-25 16:30:06.011 [main] GROStepDefinition - Successfully enter The Communication Details
[INFO ] 2022-11-25 16:30:06.011 [main] GROStepDefinition - Encounter Details: 
[INFO ] 2022-11-25 16:30:09.265 [main] GROStepDefinition - SMS Alert Number: 9790498180
[INFO ] 2022-11-25 16:30:09.292 [main] GROStepDefinition - Job Position : Pharmacist
[INFO ] 2022-11-25 16:30:09.311 [main] GROStepDefinition - Is Job applicable of Driving: false
[INFO ] 2022-11-25 16:30:09.311 [main] GROStepDefinition - Successfully enter The Encounter details
[INFO ] 2022-11-25 16:30:22.877 [main] GROStepDefinition - APPLICANT CONSENT AND DECLARATION FORM
[INFO ] 2022-11-25 16:30:22.879 [main] GROStepDefinition - Applicant Details Created Successflly
[INFO ] 2022-11-25 16:30:22.879 [main] GROStepDefinition - Place Order Page
[INFO ] 2022-11-25 16:30:22.977 [main] GROStepDefinition - Token Genarated :   Token no (NND018) generated successfully
[INFO ] 2022-11-25 16:30:22.977 [main] GROStepDefinition - Visa Gender Type: Female - YesXray Page Not Allowed
[INFO ] 2022-11-25 16:30:22.977 [main] GROStepDefinition - Token : NND018
[INFO ] 2022-11-25 16:30:28.097 [main] GROStepDefinition -  Generate Service Recipt
[INFO ] 2022-11-25 16:30:30.206 [main] GROStepDefinition - Capture Identify Page:
[INFO ] 2022-11-25 16:30:30.206 [main] GROStepDefinition - Vaccination Document Status Condition is: No
[INFO ] 2022-11-25 16:30:30.206 [main] GROStepDefinition - Referral Document Status Condition is: No
[INFO ] 2022-11-25 16:30:32.322 [main] GROStepDefinition - Applicant identity details updated successfully
[INFO ] 2022-11-25 16:30:34.415 [main] GROStepDefinition - GRO Module Feedback Collected
[INFO ] 2022-11-25 16:30:46.785 [main] CommonDefinition - Logout Successfully
[INFO ] 2022-11-25 16:30:48.789 [main] GROStepDefinition - GRO Runing Time:
[INFO ] 2022-11-25 16:30:48.790 [main] CommonDefinition - Total Time Mints = Mints: 1 mints  27 seconds
[INFO ] 2022-11-25 16:30:48.790 [main] CommonDefinition -  Total Time  Seconds = 87 seconds
[INFO ] 2022-11-25 16:30:50.889 [main] NurseModuleStepDefinition - Start Time  = 1669374048805
[INFO ] 2022-11-25 16:30:52.040 [main] NurseModuleStepDefinition - Nurse Module
[INFO ] 2022-11-25 16:30:57.165 [main] NurseModuleStepDefinition - Role Section: Nurse - Chennai
[INFO ] 2022-11-25 16:31:00.290 [main] NurseModuleStepDefinition - Choose The Counter Is: philipinesnurse1 01
[INFO ] 2022-11-25 16:31:12.998 [main] NurseModuleStepDefinition - Verification  Token
[INFO ] 2022-11-25 16:31:15.132 [main] NurseModuleStepDefinition - Record Vitals:
[INFO ] 2022-11-25 16:31:18.611 [main] NurseModuleStepDefinition - Height: 160
[INFO ] 2022-11-25 16:31:20.286 [main] NurseModuleStepDefinition - Weight: 60
[INFO ] 2022-11-25 16:31:20.286 [main] NurseModuleStepDefinition - Successfully enter the Body Mass Index
[INFO ] 2022-11-25 16:31:22.935 [main] NurseModuleStepDefinition - Vision (R): 6/6
[INFO ] 2022-11-25 16:31:25.586 [main] NurseModuleStepDefinition - Vision (L): 6/6
[INFO ] 2022-11-25 16:31:25.586 [main] NurseModuleStepDefinition - Successfully enter the Vision Module
[INFO ] 2022-11-25 16:31:26.206 [main] NurseModuleStepDefinition - Blood Pressure: 120
[INFO ] 2022-11-25 16:31:26.827 [main] NurseModuleStepDefinition - Systolic Pressure: 80
[INFO ] 2022-11-25 16:31:27.931 [main] NurseModuleStepDefinition - Successfully enter the Other Module
[INFO ] 2022-11-25 16:31:27.931 [main] NurseModuleStepDefinition - New applicant vitals details created successfully
[INFO ] 2022-11-25 16:31:27.931 [main] NurseModuleStepDefinition - Speciman Genaration :
[INFO ] 2022-11-25 16:31:31.049 [main] NurseModuleStepDefinition - Plasma Specimen Number: Yet to be Generated
[INFO ] 2022-11-25 16:31:31.049 [main] NurseModuleStepDefinition - Serum Specimen Number: Yet to be Generated
[INFO ] 2022-11-25 16:31:31.049 [main] NurseModuleStepDefinition - Whole Blood Specimen Number: Yet to be Generated
[INFO ] 2022-11-25 16:31:47.210 [main] NurseModuleStepDefinition - Speciman Genarated Successfully
[INFO ] 2022-11-25 16:31:47.210 [main] NurseModuleStepDefinition - Speciman Collection :
[INFO ] 2022-11-25 16:31:48.800 [main] NurseModuleStepDefinition - Plasma Specimen Number: BLP1402263509: Generated
[INFO ] 2022-11-25 16:31:48.800 [main] NurseModuleStepDefinition - Serum Specimen Number: BLS1436633782: Generated
[INFO ] 2022-11-25 16:31:48.800 [main] NurseModuleStepDefinition - Whole Blood Specimen Number: WBL1432437900: Generated
[INFO ] 2022-11-25 16:31:51.025 [main] NurseModuleStepDefinition - Speciman Collected Successfully
[INFO ] 2022-11-25 16:31:51.025 [main] NurseModuleStepDefinition - Vaccination: 
[INFO ] 2022-11-25 16:31:55.105 [main] NurseModuleStepDefinition - Nurse Module Feedback collected successfully
[INFO ] 2022-11-25 16:32:01.108 [main] NurseModuleStepDefinition - Sample Outgoing
[INFO ] 2022-11-25 16:32:12.470 [main] NurseModuleStepDefinition - Plasma Specimen Number: BLP1402263509
[INFO ] 2022-11-25 16:32:12.470 [main] NurseModuleStepDefinition - Serum Specimen Number: BLS1436633782
[INFO ] 2022-11-25 16:32:12.470 [main] NurseModuleStepDefinition - Whole Blood Specimen Number: WBL1432437900
[INFO ] 2022-11-25 16:32:12.470 [main] NurseModuleStepDefinition - Scan Specimen Number
[INFO ] 2022-11-25 16:32:14.652 [main] NurseModuleStepDefinition - Successfully scan the Plasma Specimen Number: BLP1402263509
[INFO ] 2022-11-25 16:32:16.859 [main] NurseModuleStepDefinition - Successfully scan the Serum Specimen Number: BLS1436633782
[INFO ] 2022-11-25 16:32:19.006 [main] NurseModuleStepDefinition - Suceessfully scan the Whole Blood Specimen Number: WBL1432437900
[INFO ] 2022-11-25 16:32:19.006 [main] NurseModuleStepDefinition - Lab Technician and GRO Information
[INFO ] 2022-11-25 16:32:23.168 [main] NurseModuleStepDefinition - Lab Tech Name: Lab Technician Glossys
[INFO ] 2022-11-25 16:32:25.299 [main] NurseModuleStepDefinition - GRO Name: GRO Glossys
[INFO ] 2022-11-25 16:32:26.391 [main] NurseModuleStepDefinition -  Sample's Sent to LAB successfully
[INFO ] 2022-11-25 16:32:34.770 [main] CommonDefinition - Logout Successfully
[INFO ] 2022-11-25 16:32:36.777 [main] NurseModuleStepDefinition - Nurse Runing Time:
[INFO ] 2022-11-25 16:32:36.777 [main] CommonDefinition - Total Time Mints = Mints: 1 mints  47 seconds
[INFO ] 2022-11-25 16:32:36.777 [main] CommonDefinition -  Total Time  Seconds = 107 seconds
[INFO ] 2022-11-25 16:32:36.797 [main] LabJuniorStepDefinition - Start Time  = 1669374156797
[INFO ] 2022-11-25 16:32:41.038 [main] LabJuniorStepDefinition - Lab Junior Module
[INFO ] 2022-11-25 16:32:44.190 [main] LabJuniorStepDefinition - Role Section: Lab Junior - Chennai
[INFO ] 2022-11-25 16:32:45.280 [main] LabJuniorStepDefinition - Specimen Inscan Process
[INFO ] 2022-11-25 16:32:59.465 [main] LabJuniorStepDefinition - Plasma Specimen Number: BLP1402263509
[INFO ] 2022-11-25 16:33:00.043 [main] LabJuniorStepDefinition - Successfully Scan Plasma Specimen Number
[INFO ] 2022-11-25 16:33:00.622 [main] LabJuniorStepDefinition - Serum Specimen Number: BLS1436633782
[INFO ] 2022-11-25 16:33:01.078 [main] LabJuniorStepDefinition - Successfully Scan Serum Specimen Number
[INFO ] 2022-11-25 16:33:01.639 [main] LabJuniorStepDefinition - Whole Blood Specimen Number: WBL1432437900
[INFO ] 2022-11-25 16:33:02.192 [main] LabJuniorStepDefinition - Successfully Scan Whole Blood Number
[INFO ] 2022-11-25 16:33:03.222 [main] LabJuniorStepDefinition - Lab ID: 3331
[INFO ] 2022-11-25 16:33:06.352 [main] LabJuniorStepDefinition - Specimen inscan details saved successfully
[INFO ] 2022-11-25 16:33:06.352 [main] LabJuniorStepDefinition - Lab Work List
[INFO ] 2022-11-25 16:33:06.352 [main] LabJuniorStepDefinition - Gender Type: Female
[INFO ] 2022-11-25 16:33:28.062 [main] LabJuniorWorkList - Haemoglobin: 11
[INFO ] 2022-11-25 16:33:34.341 [main] LabJuniorWorkList - Blood Group: O Positive
[INFO ] 2022-11-25 16:33:40.577 [main] LabJuniorWorkList - HIV: Positive
[INFO ] 2022-11-25 16:33:46.822 [main] LabJuniorWorkList - Anti HCV: Positive
[INFO ] 2022-11-25 16:33:51.082 [main] LabJuniorWorkList - HBsAg: Positive
[INFO ] 2022-11-25 16:33:54.285 [main] LabJuniorWorkList - SGOT: 22
[INFO ] 2022-11-25 16:33:57.478 [main] LabJuniorWorkList - SGPT: 44
[INFO ] 2022-11-25 16:34:03.692 [main] LabJuniorWorkList - Creatinine: 1
[INFO ] 2022-11-25 16:34:07.922 [main] LabJuniorWorkList - RPR: Reactive
[INFO ] 2022-11-25 16:34:12.168 [main] LabJuniorWorkList - BEta HC: Negative
[INFO ] 2022-11-25 16:34:14.267 [main] LabJuniorWorkList - Glucose: 80
[INFO ] 2022-11-25 16:34:17.476 [main] LabJuniorWorkList - Result submitted for authorization successfully
[INFO ] 2022-11-25 16:34:28.872 [main] CommonDefinition - Logout Successfully
[INFO ] 2022-11-25 16:34:30.879 [main] LabJuniorStepDefinition - Lab Junior Runing Time:
[INFO ] 2022-11-25 16:34:30.879 [main] CommonDefinition - Total Time Mints = Mints: 1 mints  54 seconds
[INFO ] 2022-11-25 16:34:30.879 [main] CommonDefinition -  Total Time  Seconds = 114 seconds
[INFO ] 2022-11-25 16:34:30.892 [main] LabSeniorStepDefinition - Start Time  = 1669374270892
[INFO ] 2022-11-25 16:34:35.132 [main] LabSeniorStepDefinition - Lab Senior Module
[INFO ] 2022-11-25 16:34:38.276 [main] LabSeniorStepDefinition - Role Section: Lab Senior - Chennai
[INFO ] 2022-11-25 16:34:39.355 [main] LabSeniorStepDefinition - Result Entry Review
[INFO ] 2022-11-25 16:34:44.623 [main] LabSeniorStepDefinition - Lab ID: 3331
[INFO ] 2022-11-25 16:34:54.792 [main] LabSeniorStepDefinition - Lab Senior First Review
[INFO ] 2022-11-25 16:34:54.792 [main] LabSeniorStepDefinition - Gender Type: Female
[INFO ] 2022-11-25 16:34:55.357 [main] LabSeniorStepDefinition - Haemoglobin: 11 = Reviewed
[INFO ] 2022-11-25 16:34:55.904 [main] LabSeniorStepDefinition - Blood Group: O Positive = Reviewed
[INFO ] 2022-11-25 16:34:56.462 [main] LabSeniorStepDefinition - HIV: Positive = Reviewed
[INFO ] 2022-11-25 16:34:57.020 [main] LabSeniorStepDefinition - Anti HCV: Positive = Reviewed
[INFO ] 2022-11-25 16:34:57.575 [main] LabSeniorStepDefinition - HBsAg: Positive = Reviewed
[INFO ] 2022-11-25 16:34:58.122 [main] LabSeniorStepDefinition - SGOT: 22 = Reviewed
[INFO ] 2022-11-25 16:34:59.406 [main] LabSeniorStepDefinition - SGPT: 44 = Reviewed
[INFO ] 2022-11-25 16:34:59.962 [main] LabSeniorStepDefinition - Creatinine: 1 = Reviewed
[INFO ] 2022-11-25 16:35:00.519 [main] LabSeniorStepDefinition - RPR: Reactive = Reviewed
[INFO ] 2022-11-25 16:35:01.076 [main] LabSeniorStepDefinition - BEta HC: Negative = Reviewed
[INFO ] 2022-11-25 16:35:01.722 [main] LabSeniorStepDefinition - Glucose: 80 = Reviewed
[INFO ] 2022-11-25 16:35:02.837 [main] LabSeniorStepDefinition - Result submitted for authorization successfully
[INFO ] 2022-11-25 16:35:09.192 [main] CommonDefinition - Logout Successfully
[INFO ] 2022-11-25 16:35:11.212 [main] LabSeniorStepDefinition - Lab Senior Runing Time:
[INFO ] 2022-11-25 16:35:11.212 [main] CommonDefinition - Total Time Mints = Mints: 0 mints  40 seconds
[INFO ] 2022-11-25 16:35:11.212 [main] CommonDefinition -  Total Time  Seconds = 40 seconds
[INFO ] 2022-11-25 16:35:11.222 [main] LabSupervisorStepDefinition - Start Time  = 1669374311222
[INFO ] 2022-11-25 16:35:15.454 [main] LabSupervisorStepDefinition - Lab Supervisor Module
[INFO ] 2022-11-25 16:35:18.902 [main] LabSupervisorStepDefinition - Role Section: Lab Supervisor - Chennai
[INFO ] 2022-11-25 16:35:19.992 [main] LabSupervisorStepDefinition - Pathalogist Worklist :
[INFO ] 2022-11-25 16:35:25.272 [main] LabSupervisorStepDefinition - Lab ID: 3331
[INFO ] 2022-11-25 16:35:34.537 [main] LabSupervisorStepDefinition - Result Entry :
[INFO ] 2022-11-25 16:35:35.550 [main] LabSupervisorStepDefinition - Lab Supervisor Authorize in Result Entry :
[INFO ] 2022-11-25 16:35:35.550 [main] LabSupervisorStepDefinition - Gender Type: Female
[INFO ] 2022-11-25 16:35:35.550 [main] LabSupervisorStepDefinition - Haemoglobin: 11 = Authorized
[INFO ] 2022-11-25 16:35:35.550 [main] LabSupervisorStepDefinition - Blood Group: O Positive = Authorized
[INFO ] 2022-11-25 16:35:35.550 [main] LabSupervisorStepDefinition - HIV: Positive = Authorized
[INFO ] 2022-11-25 16:35:35.550 [main] LabSupervisorStepDefinition - Anti HCV: Positive = Authorized
[INFO ] 2022-11-25 16:35:35.550 [main] LabSupervisorStepDefinition - HBsAg: Positive = Authorized
[INFO ] 2022-11-25 16:35:37.562 [main] LabSupervisorStepDefinition - SGOT: 22 = Authorized
[INFO ] 2022-11-25 16:35:37.562 [main] LabSupervisorStepDefinition - SGPT: 44 = Authorized
[INFO ] 2022-11-25 16:35:37.562 [main] LabSupervisorStepDefinition - Creatinine: 1 = Authorized
[INFO ] 2022-11-25 16:35:37.562 [main] LabSupervisorStepDefinition - RPR: Reactive = Authorized
[INFO ] 2022-11-25 16:35:37.562 [main] LabSupervisorStepDefinition - BEta HC: Negative = Authorized
[INFO ] 2022-11-25 16:35:37.562 [main] LabSupervisorStepDefinition - Glucose: 80 = Authorized
[INFO ] 2022-11-25 16:35:39.682 [main] LabSupervisorStepDefinition - Results authorized successfully!
[INFO ] 2022-11-25 16:35:46.200 [main] CommonDefinition - Logout Successfully
[INFO ] 2022-11-25 16:35:48.204 [main] LabSupervisorStepDefinition - Log out For Supervisor
[INFO ] 2022-11-25 16:35:48.204 [main] LabSupervisorStepDefinition - Lab Supervisor Runing Time:
[INFO ] 2022-11-25 16:35:48.204 [main] CommonDefinition - Total Time Mints = Mints: 0 mints  36 seconds
[INFO ] 2022-11-25 16:35:48.204 [main] CommonDefinition -  Total Time  Seconds = 36 seconds
[INFO ] 2022-11-25 16:35:57.575 [main] GROStepDefinition - Role Section: GRO - Chennai
[INFO ] 2022-11-25 16:36:04.184 [main] GROStepDefinition - Choose The Counter is: 
[ERROR] 2022-11-25 16:36:04.184 [main] GROStepDefinition - New Counter is  available please add this counter  : 
[INFO ] 2022-11-25 16:36:05.771 [main] GROStepDefinition - Signed into the counter successfully
[INFO ] 2022-11-25 16:36:39.413 [main] PrintReferralLetter - Print Referral Letter Page: 
[INFO ] 2022-11-25 16:36:40.450 [main] PrintReferralLetter - Referral: Confirmatory Lab,External Speciality
Speciality: Gynaecology
Confirmatory Test Neutralisation (HbsAg) anti HBc, Western Blot for HIV, PCR FOR HCV, RPR + Titer Value + TPHA
[INFO ] 2022-11-25 16:36:41.492 [main] PrintReferralLetter - Document Type: Gynaecology
[INFO ] 2022-11-25 16:36:52.023 [main] PrintReferralLetter - Gynaecology Print Referral Letter saved Successfully
[INFO ] 2022-11-25 16:36:52.058 [main] PrintReferralLetter - Document Type : Neutralisation (HbsAg) anti HBc
[INFO ] 2022-11-25 16:37:01.940 [main] PrintReferralLetter - Neutralisation (HbsAg) anti HBc Print Referral Letter saved Successfully
[INFO ] 2022-11-25 16:37:02.980 [main] PrintReferralLetter - Document Type : Western Blot for HIV
[INFO ] 2022-11-25 16:37:12.585 [main] PrintReferralLetter - Western Blot for HIV Print Referral Letter saved Successfully
[INFO ] 2022-11-25 16:37:13.617 [main] PrintReferralLetter - Document Type : PCR FOR HCV
[INFO ] 2022-11-25 16:37:23.013 [main] PrintReferralLetter - PCR FOR HCV Print Referral Letter saved Successfully
[INFO ] 2022-11-25 16:37:26.050 [main] PrintReferralLetter - Document Type : RPR + Titer Value + TPHA
[INFO ] 2022-11-25 16:37:35.573 [main] PrintReferralLetter - RPR + Titer Value + TPHA Print Referral Letter saved Successfully
[INFO ] 2022-11-25 16:37:43.960 [main] UploadReferralLetter - Referral: Confirmatory Lab,External Speciality
Speciality: Gynaecology
Confirmatory Test Neutralisation (HbsAg) anti HBc, Western Blot for HIV, PCR FOR HCV, RPR + Titer Value + TPHA
[INFO ] 2022-11-25 16:38:11.157 [main] UploadReferralLetter - Upload Referral Letter Page :
[INFO ] 2022-11-25 16:38:12.187 [main] UploadReferralLetter - Document Type : Gynaecology
[INFO ] 2022-11-25 16:38:32.150 [main] UploadReferralLetter - Gynaecology document uploaded successfully
[INFO ] 2022-11-25 16:38:35.190 [main] UploadReferralLetter - Document Type : Neutralisation (HbsAg) anti HBc
[INFO ] 2022-11-25 16:38:56.324 [main] UploadReferralLetter - Neutralisation (HbsAg) anti HBc document uploaded successfully
[INFO ] 2022-11-25 16:38:59.380 [main] UploadReferralLetter - Document Type : Western Blot for HIV
[INFO ] 2022-11-25 16:43:13.491 [main] GROStepDefinition - Glosys Automation Script 2.0 Run In :  Chrome Browser
[INFO ] 2022-11-25 16:43:55.584 [main] GROStepDefinition - Glosys Automation Script 2.0 Run In :  Chrome Browser
[INFO ] 2022-11-25 16:43:59.972 [main] GROStepDefinition - Start Time  = 1669374839972
[INFO ] 2022-11-25 16:43:59.975 [main] GROStepDefinition - Case:5: Enter The Correct Username And Password
[INFO ] 2022-11-25 16:44:00.076 [main] GROStepDefinition - Username: venkat
[INFO ] 2022-11-25 16:44:00.183 [main] GROStepDefinition - Password: xOET6k1gUY
[INFO ] 2022-11-25 16:44:05.432 [main] GROStepDefinition - Role Section: GRO - Chennai
[INFO ] 2022-11-25 16:44:12.080 [main] GROStepDefinition - Choose The Counter is: 
[ERROR] 2022-11-25 16:44:12.080 [main] GROStepDefinition - New Counter is  available please add this counter  : 
[INFO ] 2022-11-25 16:44:13.684 [main] GROStepDefinition - Signed into the counter successfully
[INFO ] 2022-11-25 16:44:17.907 [main] GROStepDefinition - Visa Number: 998090988056
[INFO ] 2022-11-25 16:44:20.005 [main] GROStepDefinition - Biometric skip request sent successfully
[INFO ] 2022-11-25 16:44:26.539 [main] GROStepDefinition - Patient Profile Page
[INFO ] 2022-11-25 16:44:26.539 [main] GROStepDefinition - Personal Details: 
[INFO ] 2022-11-25 16:44:26.539 [main] GROStepDefinition - Visa Gender Type: Female
[INFO ] 2022-11-25 16:44:33.959 [main] GROStepDefinition - Applicant Believes Pregnant?: Yes
[INFO ] 2022-11-25 16:44:33.959 [main] GROStepDefinition - Successfully enter the Personal information details
[INFO ] 2022-11-25 16:44:33.959 [main] GROStepDefinition - Communcation Details: 
[INFO ] 2022-11-25 16:44:35.008 [main] GROStepDefinition - Country: India
[INFO ] 2022-11-25 16:44:37.142 [main] GROStepDefinition - Preferred Language to Speak: Tamil
[INFO ] 2022-11-25 16:44:38.298 [main] GROStepDefinition - Preferred Language to Read: Tamil
[INFO ] 2022-11-25 16:44:42.978 [main] GROStepDefinition - Preferred Location for Referral: Chennai
[INFO ] 2022-11-25 16:44:45.105 [main] GROStepDefinition - Preferred Hospital: Apollo Hospital
[INFO ] 2022-11-25 16:44:45.105 [main] GROStepDefinition - Successfully enter The Communication Details
[INFO ] 2022-11-25 16:44:45.113 [main] GROStepDefinition - Encounter Details: 
[INFO ] 2022-11-25 16:44:48.371 [main] GROStepDefinition - SMS Alert Number: 9790498180
[INFO ] 2022-11-25 16:44:48.403 [main] GROStepDefinition - Job Position : Pharmacist
[INFO ] 2022-11-25 16:44:48.419 [main] GROStepDefinition - Is Job applicable of Driving: false
[INFO ] 2022-11-25 16:44:48.419 [main] GROStepDefinition - Successfully enter The Encounter details
[INFO ] 2022-11-25 16:45:01.947 [main] GROStepDefinition - APPLICANT CONSENT AND DECLARATION FORM
[INFO ] 2022-11-25 16:45:01.947 [main] GROStepDefinition - Applicant Details Created Successflly
[INFO ] 2022-11-25 16:45:01.947 [main] GROStepDefinition - Place Order Page
[INFO ] 2022-11-25 16:45:02.051 [main] GROStepDefinition - Token Genarated :   Token no (NND019) generated successfully
[INFO ] 2022-11-25 16:45:02.051 [main] GROStepDefinition - Visa Gender Type: Female - YesXray Page Not Allowed
[INFO ] 2022-11-25 16:45:02.051 [main] GROStepDefinition - Token : NND019
[INFO ] 2022-11-25 16:45:07.161 [main] GROStepDefinition -  Generate Service Recipt
[INFO ] 2022-11-25 16:45:09.234 [main] GROStepDefinition - Capture Identify Page:
[INFO ] 2022-11-25 16:45:09.234 [main] GROStepDefinition - Vaccination Document Status Condition is: No
[INFO ] 2022-11-25 16:45:09.234 [main] GROStepDefinition - Referral Document Status Condition is: No
[INFO ] 2022-11-25 16:45:11.352 [main] GROStepDefinition - Applicant identity details updated successfully
[INFO ] 2022-11-25 16:45:13.439 [main] GROStepDefinition - GRO Module Feedback Collected
[INFO ] 2022-11-25 16:45:25.803 [main] CommonDefinition - Logout Successfully
[INFO ] 2022-11-25 16:45:27.820 [main] GROStepDefinition - GRO Runing Time:
[INFO ] 2022-11-25 16:45:27.820 [main] CommonDefinition - Total Time Mints = Mints: 1 mints  27 seconds
[INFO ] 2022-11-25 16:45:27.820 [main] CommonDefinition -  Total Time  Seconds = 87 seconds
[INFO ] 2022-11-25 16:45:29.936 [main] NurseModuleStepDefinition - Start Time  = 1669374927836
[INFO ] 2022-11-25 16:45:31.092 [main] NurseModuleStepDefinition - Nurse Module
[INFO ] 2022-11-25 16:45:35.539 [main] NurseModuleStepDefinition - Role Section: Nurse - Chennai
[INFO ] 2022-11-25 16:45:38.646 [main] NurseModuleStepDefinition - Choose The Counter Is: MA Counter 03
[INFO ] 2022-11-25 16:45:51.456 [main] NurseModuleStepDefinition - Verification  Token
[INFO ] 2022-11-25 16:45:53.578 [main] NurseModuleStepDefinition - Record Vitals:
[INFO ] 2022-11-25 16:45:57.058 [main] NurseModuleStepDefinition - Height: 160
[INFO ] 2022-11-25 16:45:58.730 [main] NurseModuleStepDefinition - Weight: 60
[INFO ] 2022-11-25 16:45:58.730 [main] NurseModuleStepDefinition - Successfully enter the Body Mass Index
[INFO ] 2022-11-25 16:46:01.378 [main] NurseModuleStepDefinition - Vision (R): 6/6
[INFO ] 2022-11-25 16:46:04.028 [main] NurseModuleStepDefinition - Vision (L): 6/6
[INFO ] 2022-11-25 16:46:04.028 [main] NurseModuleStepDefinition - Successfully enter the Vision Module
[INFO ] 2022-11-25 16:46:04.675 [main] NurseModuleStepDefinition - Blood Pressure: 120
[INFO ] 2022-11-25 16:46:05.321 [main] NurseModuleStepDefinition - Systolic Pressure: 80
[INFO ] 2022-11-25 16:46:06.431 [main] NurseModuleStepDefinition - Successfully enter the Other Module
[INFO ] 2022-11-25 16:46:06.431 [main] NurseModuleStepDefinition - New applicant vitals details created successfully
[INFO ] 2022-11-25 16:46:06.431 [main] NurseModuleStepDefinition - Speciman Genaration :
[INFO ] 2022-11-25 16:46:09.539 [main] NurseModuleStepDefinition - Plasma Specimen Number: Yet to be Generated
[INFO ] 2022-11-25 16:46:09.539 [main] NurseModuleStepDefinition - Serum Specimen Number: Yet to be Generated
[INFO ] 2022-11-25 16:46:09.539 [main] NurseModuleStepDefinition - Whole Blood Specimen Number: Yet to be Generated
[INFO ] 2022-11-25 16:46:25.695 [main] NurseModuleStepDefinition - Speciman Genarated Successfully
[INFO ] 2022-11-25 16:46:25.695 [main] NurseModuleStepDefinition - Speciman Collection :
[INFO ] 2022-11-25 16:46:27.273 [main] NurseModuleStepDefinition - Plasma Specimen Number: BLP1406719932: Generated
[INFO ] 2022-11-25 16:46:27.273 [main] NurseModuleStepDefinition - Serum Specimen Number: BLS1478987798: Generated
[INFO ] 2022-11-25 16:46:27.273 [main] NurseModuleStepDefinition - Whole Blood Specimen Number: WBL1419526160: Generated
[INFO ] 2022-11-25 16:46:29.503 [main] NurseModuleStepDefinition - Speciman Collected Successfully
[INFO ] 2022-11-25 16:46:29.503 [main] NurseModuleStepDefinition - Vaccination: 
[INFO ] 2022-11-25 16:46:33.571 [main] NurseModuleStepDefinition - Nurse Module Feedback collected successfully
[INFO ] 2022-11-25 16:46:39.580 [main] NurseModuleStepDefinition - Sample Outgoing
[INFO ] 2022-11-25 16:46:50.934 [main] NurseModuleStepDefinition - Plasma Specimen Number: BLP1406719932
[INFO ] 2022-11-25 16:46:50.934 [main] NurseModuleStepDefinition - Serum Specimen Number: BLS1478987798
[INFO ] 2022-11-25 16:46:50.934 [main] NurseModuleStepDefinition - Whole Blood Specimen Number: WBL1419526160
[INFO ] 2022-11-25 16:46:50.934 [main] NurseModuleStepDefinition - Scan Specimen Number
[INFO ] 2022-11-25 16:46:53.108 [main] NurseModuleStepDefinition - Successfully scan the Plasma Specimen Number: BLP1406719932
[INFO ] 2022-11-25 16:46:55.280 [main] NurseModuleStepDefinition - Successfully scan the Serum Specimen Number: BLS1478987798
[INFO ] 2022-11-25 16:46:57.851 [main] NurseModuleStepDefinition - Suceessfully scan the Whole Blood Specimen Number: WBL1419526160
[INFO ] 2022-11-25 16:46:57.851 [main] NurseModuleStepDefinition - Lab Technician and GRO Information
[INFO ] 2022-11-25 16:47:02.012 [main] NurseModuleStepDefinition - Lab Tech Name: Lab Technician Glossys
[INFO ] 2022-11-25 16:47:04.136 [main] NurseModuleStepDefinition - GRO Name: GRO Glossys
[INFO ] 2022-11-25 16:47:05.216 [main] NurseModuleStepDefinition -  Sample's Sent to LAB successfully
[INFO ] 2022-11-25 16:47:13.593 [main] CommonDefinition - Logout Successfully
[INFO ] 2022-11-25 16:47:15.605 [main] NurseModuleStepDefinition - Nurse Runing Time:
[INFO ] 2022-11-25 16:47:15.605 [main] CommonDefinition - Total Time Mints = Mints: 1 mints  47 seconds
[INFO ] 2022-11-25 16:47:15.605 [main] CommonDefinition -  Total Time  Seconds = 107 seconds
[INFO ] 2022-11-25 16:47:15.605 [main] LabJuniorStepDefinition - Start Time  = 1669375035605
[INFO ] 2022-11-25 16:47:19.864 [main] LabJuniorStepDefinition - Lab Junior Module
[INFO ] 2022-11-25 16:47:23.017 [main] LabJuniorStepDefinition - Role Section: Lab Junior - Chennai
[INFO ] 2022-11-25 16:47:24.106 [main] LabJuniorStepDefinition - Specimen Inscan Process
[INFO ] 2022-11-25 16:47:38.333 [main] LabJuniorStepDefinition - Plasma Specimen Number: BLP1406719932
[INFO ] 2022-11-25 16:47:38.949 [main] LabJuniorStepDefinition - Successfully Scan Plasma Specimen Number
[INFO ] 2022-11-25 16:47:39.525 [main] LabJuniorStepDefinition - Serum Specimen Number: BLS1478987798
[INFO ] 2022-11-25 16:47:39.983 [main] LabJuniorStepDefinition - Successfully Scan Serum Specimen Number
[INFO ] 2022-11-25 16:47:40.536 [main] LabJuniorStepDefinition - Whole Blood Specimen Number: WBL1419526160
[INFO ] 2022-11-25 16:47:41.094 [main] LabJuniorStepDefinition - Successfully Scan Whole Blood Number
[INFO ] 2022-11-25 16:47:42.133 [main] LabJuniorStepDefinition - Lab ID: 3332
[INFO ] 2022-11-25 16:47:45.252 [main] LabJuniorStepDefinition - Specimen inscan details saved successfully
[INFO ] 2022-11-25 16:47:45.252 [main] LabJuniorStepDefinition - Lab Work List
[INFO ] 2022-11-25 16:47:45.252 [main] LabJuniorStepDefinition - Gender Type: Female
[INFO ] 2022-11-25 16:48:06.985 [main] LabJuniorWorkList - Haemoglobin: 11
[INFO ] 2022-11-25 16:48:06.985 [main] LabJuniorWorkList - Retest For: Haemoglobin- Restest Result Value : 15
[INFO ] 2022-11-25 16:48:18.462 [main] LabJuniorWorkList - Results updated successfully
[INFO ] 2022-11-25 16:48:29.018 [main] LabJuniorWorkList - Blood Group: O Positive
[ERROR] 2022-11-25 16:48:36.265 [main] LabJuniorWorkList - Lab Junior Work List Error
[INFO ] 2022-11-25 16:48:36.282 [main] LabSeniorStepDefinition - Start Time  = 1669375116282
[INFO ] 2022-11-25 16:48:58.334 [main] LabSupervisorStepDefinition - Start Time  = 1669375138334
[INFO ] 2022-11-25 16:49:29.839 [main] GROStepDefinition - Role Section: GRO - Chennai
[INFO ] 2022-11-25 16:49:36.407 [main] GROStepDefinition - Choose The Counter is: 
[ERROR] 2022-11-25 16:49:36.407 [main] GROStepDefinition - New Counter is  available please add this counter  : 
