[INFO ] 2023-01-19 11:21:31.720 [main] GROStepDefinition - Glosys Automation Script 2.0 Run In :  MicrosoftEdge Browser
[INFO ] 2023-01-19 11:21:35.992 [main] GROStepDefinition - Start Time  = 1674107495992
[INFO ] 2023-01-19 11:21:35.998 [main] GROStepDefinition - Case:5: Enter The Correct Username And Password
[INFO ] 2023-01-19 11:21:36.120 [main] GROStepDefinition - Username: venkat
[INFO ] 2023-01-19 11:21:36.294 [main] GROStepDefinition - Password: xOET6k1gUY
[INFO ] 2023-01-19 11:21:41.137 [main] GROStepDefinition - Role Section: GRO
[INFO ] 2023-01-19 11:21:54.491 [main] GROStepDefinition - Choose The Counter is: MA Counter 01
[ERROR] 2023-01-19 11:21:54.495 [main] GROStepDefinition - New Counter is  available please add this counter  : MA Counter 01
[INFO ] 2023-01-19 11:22:41.231 [main] GpModuleStepDefinition - Start Time  = 1674107561231
[INFO ] 2023-01-19 11:23:02.277 [main] LabJuniorStepDefinition - Start Time  = 1674107582277
[INFO ] 2023-01-19 11:23:08.072 [main] LabSeniorStepDefinition - Start Time  = 1674107588072
[INFO ] 2023-01-19 11:23:10.104 [main] LabSupervisorStepDefinition - Start Time  = 1674107590103
[INFO ] 2023-01-19 11:32:09.823 [main] GROStepDefinition - Glosys Automation Script 2.0 Run In :  MicrosoftEdge Browser
[INFO ] 2023-01-19 11:32:14.438 [main] GROStepDefinition - Start Time  = 1674108134438
[INFO ] 2023-01-19 11:32:14.442 [main] GROStepDefinition - Case:5: Enter The Correct Username And Password
[INFO ] 2023-01-19 11:32:14.530 [main] GROStepDefinition - Username: venkat
[INFO ] 2023-01-19 11:32:14.629 [main] GROStepDefinition - Password: xOET6k1gUY
[INFO ] 2023-01-19 11:32:19.498 [main] GROStepDefinition - Role Section: GRO
[INFO ] 2023-01-19 11:32:32.685 [main] GROStepDefinition - Choose The Counter is: MA Counter 01
[ERROR] 2023-01-19 11:32:32.685 [main] GROStepDefinition - New Counter is  available please add this counter  : MA Counter 01
[INFO ] 2023-01-19 11:32:34.370 [main] GROStepDefinition - Signed into the counter successfully
[INFO ] 2023-01-19 11:32:39.251 [main] GROStepDefinition - Visa Number: 998090981248
[INFO ] 2023-01-19 11:32:41.399 [main] GROStepDefinition - Biometric skip request sent successfully
[INFO ] 2023-01-19 11:32:45.531 [main] GROStepDefinition - Patient Profile Page
[INFO ] 2023-01-19 11:32:45.531 [main] GROStepDefinition - Personal Details: 
[INFO ] 2023-01-19 11:32:45.531 [main] GROStepDefinition - Visa Gender Type: Female
[INFO ] 2023-01-19 11:32:51.385 [main] GROStepDefinition - Applicant Believes Pregnant?: Maybe
[INFO ] 2023-01-19 11:32:51.385 [main] GROStepDefinition - Successfully enter the Personal information details
[INFO ] 2023-01-19 11:32:51.386 [main] GROStepDefinition - Communcation Details: 
[INFO ] 2023-01-19 11:32:52.416 [main] GROStepDefinition - Country: Philippines
[INFO ] 2023-01-19 11:32:54.752 [main] GROStepDefinition - Preferred Language to Speak: Tamil
[INFO ] 2023-01-19 11:32:55.737 [main] GROStepDefinition - Preferred Language to Read: Tamil
[INFO ] 2023-01-19 11:32:59.443 [main] GROStepDefinition - Preferred Location for Referral: Manila
[INFO ] 2023-01-19 11:33:01.548 [main] GROStepDefinition - Preferred Hospital: Manilla Hospital
[INFO ] 2023-01-19 11:33:01.549 [main] GROStepDefinition - Successfully enter The Communication Details
[INFO ] 2023-01-19 11:33:01.549 [main] GROStepDefinition - Encounter Details: 
[INFO ] 2023-01-19 11:33:04.964 [main] GROStepDefinition - SMS Alert Number: 9790000000
[INFO ] 2023-01-19 11:33:05.036 [main] GROStepDefinition - Job Position : Pharmacist
[INFO ] 2023-01-19 11:33:05.059 [main] GROStepDefinition - Is Job applicable of Driving: false
[INFO ] 2023-01-19 11:33:05.059 [main] GROStepDefinition - Successfully enter The Encounter details
[INFO ] 2023-01-19 11:33:22.095 [main] GROStepDefinition - APPLICANT CONSENT AND DECLARATION FORM
[INFO ] 2023-01-19 11:33:22.096 [main] GROStepDefinition - Applicant Details Created Successflly
[INFO ] 2023-01-19 11:33:22.096 [main] GROStepDefinition - Place Order Page
[INFO ] 2023-01-19 11:33:22.167 [main] GROStepDefinition - Token Genarated :   Token no (NND002) generated successfully
[INFO ] 2023-01-19 11:33:22.168 [main] GROStepDefinition - Visa Gender Type: Female - MaybeXray Page Not Allowed
[INFO ] 2023-01-19 11:33:22.168 [main] GROStepDefinition - Token : NND002
[INFO ] 2023-01-19 11:33:27.301 [main] GROStepDefinition -  Generate Service Recipt
[INFO ] 2023-01-19 11:33:27.303 [main] GROStepDefinition - Capture Identify Page:
[INFO ] 2023-01-19 11:33:27.303 [main] GROStepDefinition - Vaccination Document Status Condition is: No
[INFO ] 2023-01-19 11:33:27.303 [main] GROStepDefinition - Referral Document Status Condition is: No
[INFO ] 2023-01-19 11:33:30.442 [main] GROStepDefinition - Applicant identity details updated successfully
[INFO ] 2023-01-19 11:33:32.615 [main] GROStepDefinition - GRO Module Feedback Collected
[INFO ] 2023-01-19 11:33:45.098 [main] CommonDefinition - Logout Successfully
[INFO ] 2023-01-19 11:33:47.112 [main] GROStepDefinition - GRO Runing Time:
[INFO ] 2023-01-19 11:33:47.113 [main] CommonDefinition - Total Time Mints = Mints: 1 mints  32 seconds
[INFO ] 2023-01-19 11:33:47.113 [main] CommonDefinition -  Total Time  Seconds = 92 seconds
[INFO ] 2023-01-19 11:33:50.275 [main] NurseModuleStepDefinition - Start Time  = 1674108227147
[INFO ] 2023-01-19 11:33:51.520 [main] NurseModuleStepDefinition - Nurse Module
[INFO ] 2023-01-19 11:33:56.678 [main] NurseModuleStepDefinition - Role Section: Nurse
[INFO ] 2023-01-19 11:34:06.596 [main] NurseModuleStepDefinition - Choose The Counter Is: MA Counter 03
[INFO ] 2023-01-19 11:34:17.408 [main] NurseTokenVerify - Nurse Module Token : NND002
[INFO ] 2023-01-19 11:34:17.408 [main] NurseTokenVerify - Token Lenght For Nurse String : 02
[INFO ] 2023-01-19 11:34:17.409 [main] NurseTokenVerify -  Nurse Current Token Number Next Token In Last Two Number 2
[INFO ] 2023-01-19 11:34:17.409 [main] NurseTokenVerify - Gro Token for String 02
[INFO ] 2023-01-19 11:34:17.409 [main] NurseTokenVerify - Gro Token Last Two Number  In Int: 2
[INFO ] 2023-01-19 11:34:19.582 [main] GpModuleStepDefinition - Start Time  = 1674108259582
[INFO ] 2023-01-19 11:34:37.699 [main] LabJuniorStepDefinition - Start Time  = 1674108277699
[INFO ] 2023-01-19 11:34:39.723 [main] LabSeniorStepDefinition - Start Time  = 1674108279723
[INFO ] 2023-01-19 11:34:41.755 [main] LabSupervisorStepDefinition - Start Time  = 1674108281755
[INFO ] 2023-01-19 11:35:17.450 [main] GROStepDefinition - Glosys Automation Script 2.0 Run In :  MicrosoftEdge Browser
[INFO ] 2023-01-19 11:35:25.031 [main] GROStepDefinition - Start Time  = 1674108325031
[INFO ] 2023-01-19 11:35:25.045 [main] GROStepDefinition - Case:5: Enter The Correct Username And Password
[INFO ] 2023-01-19 11:35:25.165 [main] GROStepDefinition - Username: venkat
[INFO ] 2023-01-19 11:35:25.260 [main] GROStepDefinition - Password: xOET6k1gUY
[INFO ] 2023-01-19 11:35:30.122 [main] GROStepDefinition - Role Section: GRO
[INFO ] 2023-01-19 11:35:43.466 [main] GROStepDefinition - Choose The Counter is: MA Counter 01
[ERROR] 2023-01-19 11:35:43.466 [main] GROStepDefinition - New Counter is  available please add this counter  : MA Counter 01
[INFO ] 2023-01-19 11:35:45.187 [main] GROStepDefinition - Signed into the counter successfully
[INFO ] 2023-01-19 11:35:50.078 [main] GROStepDefinition - Visa Number: 998090981249
[INFO ] 2023-01-19 11:35:52.230 [main] GROStepDefinition - Biometric skip request sent successfully
[INFO ] 2023-01-19 11:35:56.376 [main] GROStepDefinition - Patient Profile Page
[INFO ] 2023-01-19 11:35:56.377 [main] GROStepDefinition - Personal Details: 
[INFO ] 2023-01-19 11:35:56.377 [main] GROStepDefinition - Visa Gender Type: Select Gender
[INFO ] 2023-01-19 11:36:01.143 [main] GROStepDefinition - Successfully enter the Personal information details
[INFO ] 2023-01-19 11:36:01.143 [main] GROStepDefinition - Communcation Details: 
[INFO ] 2023-01-19 11:36:02.205 [main] GROStepDefinition - Country: Philippines
[INFO ] 2023-01-19 11:36:04.561 [main] GROStepDefinition - Preferred Language to Speak: Tamil
[INFO ] 2023-01-19 11:36:07.162 [main] GROStepDefinition - Preferred Language to Read: Tamil
[INFO ] 2023-01-19 11:36:10.857 [main] GROStepDefinition - Preferred Location for Referral: Manila
[INFO ] 2023-01-19 14:10:48.310 [main] GROStepDefinition - Glosys Automation Script 2.0 Run In :  MicrosoftEdge Browser
[INFO ] 2023-01-19 14:10:51.740 [main] GpModuleStepDefinition - Start Time  = 1674117651739
[INFO ] 2023-01-19 14:10:52.766 [main] LabJuniorStepDefinition - Start Time  = 1674117652766
[INFO ] 2023-01-19 14:10:54.789 [main] LabSeniorStepDefinition - Start Time  = 1674117654789
[INFO ] 2023-01-19 14:15:10.966 [main] GROStepDefinition - Glosys Automation Script 2.0 Run In :  MicrosoftEdge Browser
[INFO ] 2023-01-19 14:15:56.897 [main] GpModuleStepDefinition - Start Time  = 1674117956897
[INFO ] 2023-01-19 14:15:57.931 [main] LabJuniorStepDefinition - Start Time  = 1674117957931
[INFO ] 2023-01-19 14:15:59.956 [main] LabSeniorStepDefinition - Start Time  = 1674117959956
[INFO ] 2023-01-19 14:16:01.972 [main] LabSupervisorStepDefinition - Start Time  = 1674117961972
[INFO ] 2023-01-19 16:35:42.871 [main] GROStepDefinition - Glosys Automation Script 2.0 Run In :  MicrosoftEdge Browser
[INFO ] 2023-01-19 16:35:53.937 [main] GROStepDefinition - Start Time  = 1674126353937
[INFO ] 2023-01-19 16:35:53.945 [main] GROStepDefinition - Case:5: Enter The Correct Username And Password
[INFO ] 2023-01-19 16:35:54.001 [main] GROStepDefinition - Username: venkat
[INFO ] 2023-01-19 16:35:54.085 [main] GROStepDefinition - Password: xOET6k1gUY
[INFO ] 2023-01-19 16:35:58.667 [main] GROStepDefinition - Role Section: GRO
[INFO ] 2023-01-19 16:36:12.548 [main] GROStepDefinition - Choose The Counter is: MA Counter 02
[ERROR] 2023-01-19 16:36:12.549 [main] GROStepDefinition - New Counter is  available please add this counter  : MA Counter 02
[INFO ] 2023-01-19 16:36:14.220 [main] GROStepDefinition - Signed into the counter successfully
[INFO ] 2023-01-19 16:36:19.101 [main] GROStepDefinition - Visa Number: 998090981253
[INFO ] 2023-01-19 16:36:21.265 [main] GROStepDefinition - Biometric skip request sent successfully
[INFO ] 2023-01-19 16:36:25.337 [main] GROStepDefinition - Patient Profile Page
[INFO ] 2023-01-19 16:36:25.337 [main] GROStepDefinition - Personal Details: 
[INFO ] 2023-01-19 16:36:25.338 [main] GROStepDefinition - Visa Gender Type: 
[INFO ] 2023-01-19 16:36:30.070 [main] GROStepDefinition - Successfully enter the Personal information details
[INFO ] 2023-01-19 16:36:30.071 [main] GROStepDefinition - Communcation Details: 
[INFO ] 2023-01-19 16:36:31.107 [main] GROStepDefinition - Country: Philippines
[INFO ] 2023-01-19 16:36:33.366 [main] GROStepDefinition - Preferred Language to Speak: Tamil
[INFO ] 2023-01-19 16:36:34.386 [main] GROStepDefinition - Preferred Language to Read: Tamil
[INFO ] 2023-01-19 16:36:38.063 [main] GROStepDefinition - Preferred Location for Referral: Manila
[INFO ] 2023-01-19 16:36:40.086 [main] GROStepDefinition - Preferred Hospital: Manilla Hospital
[INFO ] 2023-01-19 16:36:40.086 [main] GROStepDefinition - Successfully enter The Communication Details
[INFO ] 2023-01-19 16:36:40.086 [main] GROStepDefinition - Encounter Details: 
[INFO ] 2023-01-19 16:36:43.428 [main] GROStepDefinition - SMS Alert Number: 9790000000
[INFO ] 2023-01-19 16:36:43.456 [main] GROStepDefinition - Job Position : Pharmacist
[INFO ] 2023-01-19 16:36:43.480 [main] GROStepDefinition - Is Job applicable of Driving: false
[INFO ] 2023-01-19 16:36:43.480 [main] GROStepDefinition - Successfully enter The Encounter details
[INFO ] 2023-01-19 16:37:00.388 [main] GROStepDefinition - APPLICANT CONSENT AND DECLARATION FORM
[INFO ] 2023-01-19 16:37:00.388 [main] GROStepDefinition - Applicant Details Created Successflly
[INFO ] 2023-01-19 16:37:00.388 [main] GROStepDefinition - Place Order Page
[INFO ] 2023-01-19 16:37:03.807 [main] GpModuleStepDefinition - Start Time  = 1674126423807
[INFO ] 2023-01-19 16:37:07.347 [main] LabJuniorStepDefinition - Start Time  = 1674126427347
[INFO ] 2023-01-19 16:37:09.381 [main] LabSeniorStepDefinition - Start Time  = 1674126429381
[INFO ] 2023-01-19 16:37:11.412 [main] LabSupervisorStepDefinition - Start Time  = 1674126431412
[INFO ] 2023-01-19 16:44:58.863 [main] GROStepDefinition - Glosys Automation Script 2.0 Run In :  MicrosoftEdge Browser
[INFO ] 2023-01-19 16:45:03.259 [main] GROStepDefinition - Start Time  = 1674126903259
[INFO ] 2023-01-19 16:45:03.269 [main] GROStepDefinition - Case:5: Enter The Correct Username And Password
[INFO ] 2023-01-19 16:45:03.392 [main] GROStepDefinition - Username: venkat
[INFO ] 2023-01-19 16:45:03.478 [main] GROStepDefinition - Password: xOET6k1gUY
[INFO ] 2023-01-19 16:45:08.068 [main] GROStepDefinition - Role Section: GRO
[INFO ] 2023-01-19 16:45:21.202 [main] GROStepDefinition - Choose The Counter is: MA Counter 01
[ERROR] 2023-01-19 16:45:21.202 [main] GROStepDefinition - New Counter is  available please add this counter  : MA Counter 01
[INFO ] 2023-01-19 16:45:22.949 [main] GROStepDefinition - Signed into the counter successfully
[INFO ] 2023-01-19 16:45:27.865 [main] GROStepDefinition - Visa Number: 998090981254
[INFO ] 2023-01-19 16:45:29.991 [main] GROStepDefinition - Biometric skip request sent successfully
[INFO ] 2023-01-19 16:45:34.061 [main] GROStepDefinition - Patient Profile Page
[INFO ] 2023-01-19 16:45:34.062 [main] GROStepDefinition - Personal Details: 
[INFO ] 2023-01-19 16:45:34.062 [main] GROStepDefinition - Visa Gender Type: Female
[INFO ] 2023-01-19 16:45:39.991 [main] GROStepDefinition - Applicant Believes Pregnant?: Maybe
[INFO ] 2023-01-19 16:45:39.991 [main] GROStepDefinition - Successfully enter the Personal information details
[INFO ] 2023-01-19 16:45:39.991 [main] GROStepDefinition - Communcation Details: 
[INFO ] 2023-01-19 16:45:41.032 [main] GROStepDefinition - Country: Philippines
[INFO ] 2023-01-19 16:45:43.359 [main] GROStepDefinition - Preferred Language to Speak: Tamil
[INFO ] 2023-01-19 16:45:44.421 [main] GROStepDefinition - Preferred Language to Read: Tamil
[INFO ] 2023-01-19 16:45:48.020 [main] GROStepDefinition - Preferred Location for Referral: Manila
[INFO ] 2023-01-19 16:45:50.044 [main] GROStepDefinition - Preferred Hospital: Select Preferred Hospital
[INFO ] 2023-01-19 16:45:50.044 [main] GROStepDefinition - Successfully enter The Communication Details
[INFO ] 2023-01-19 16:45:50.044 [main] GROStepDefinition - Encounter Details: 
[INFO ] 2023-01-19 16:45:53.410 [main] GROStepDefinition - SMS Alert Number: 9790000000
[INFO ] 2023-01-19 16:45:53.437 [main] GROStepDefinition - Job Position : Pharmacist
[INFO ] 2023-01-19 16:45:53.458 [main] GROStepDefinition - Is Job applicable of Driving: false
[INFO ] 2023-01-19 16:45:53.458 [main] GROStepDefinition - Successfully enter The Encounter details
[INFO ] 2023-01-19 16:46:19.256 [main] GROStepDefinition - APPLICANT CONSENT AND DECLARATION FORM
[INFO ] 2023-01-19 16:46:19.257 [main] GROStepDefinition - Applicant Details Created Successflly
[INFO ] 2023-01-19 16:46:19.258 [main] GROStepDefinition - Place Order Page
[INFO ] 2023-01-19 16:46:22.453 [main] GpModuleStepDefinition - Start Time  = 1674126982453
[INFO ] 2023-01-19 16:46:43.553 [main] LabJuniorStepDefinition - Start Time  = 1674127003553
[INFO ] 2023-01-19 16:47:05.591 [main] LabSeniorStepDefinition - Start Time  = 1674127025591
[INFO ] 2023-01-19 16:47:27.686 [main] LabSupervisorStepDefinition - Start Time  = 1674127047686
[INFO ] 2023-01-19 16:48:10.262 [main] GROStepDefinition - Glosys Automation Script 2.0 Run In :  MicrosoftEdge Browser
[INFO ] 2023-01-19 16:48:14.732 [main] GROStepDefinition - Start Time  = 1674127094732
[INFO ] 2023-01-19 16:48:14.745 [main] GROStepDefinition - Case:5: Enter The Correct Username And Password
[INFO ] 2023-01-19 16:48:14.860 [main] GROStepDefinition - Username: venkat
[INFO ] 2023-01-19 16:48:14.957 [main] GROStepDefinition - Password: xOET6k1gUY
[INFO ] 2023-01-19 16:48:19.770 [main] GROStepDefinition - Role Section: GRO
[INFO ] 2023-01-19 16:48:32.901 [main] GROStepDefinition - Choose The Counter is: MA Counter 02
[ERROR] 2023-01-19 16:48:32.901 [main] GROStepDefinition - New Counter is  available please add this counter  : MA Counter 02
[INFO ] 2023-01-19 16:48:34.561 [main] GROStepDefinition - Signed into the counter successfully
[INFO ] 2023-01-19 16:48:39.401 [main] GROStepDefinition - Visa Number: 998090981256
[INFO ] 2023-01-19 16:48:41.548 [main] GROStepDefinition - Biometric skip request sent successfully
[INFO ] 2023-01-19 16:48:45.623 [main] GROStepDefinition - Patient Profile Page
[INFO ] 2023-01-19 16:48:45.624 [main] GROStepDefinition - Personal Details: 
[INFO ] 2023-01-19 16:48:45.624 [main] GROStepDefinition - Visa Gender Type: Female
[INFO ] 2023-01-19 16:48:51.523 [main] GROStepDefinition - Applicant Believes Pregnant?: Maybe
[INFO ] 2023-01-19 16:48:51.523 [main] GROStepDefinition - Successfully enter the Personal information details
[INFO ] 2023-01-19 16:48:51.524 [main] GROStepDefinition - Communcation Details: 
[INFO ] 2023-01-19 16:48:52.596 [main] GROStepDefinition - Country: Philippines
[INFO ] 2023-01-19 16:48:54.896 [main] GROStepDefinition - Preferred Language to Speak: Tamil
[INFO ] 2023-01-19 16:48:55.955 [main] GROStepDefinition - Preferred Language to Read: Tamil
[INFO ] 2023-01-19 16:48:59.546 [main] GROStepDefinition - Preferred Location for Referral: Manila
[INFO ] 2023-01-19 16:49:01.553 [main] GROStepDefinition - Preferred Hospital: Manilla Hospital
[INFO ] 2023-01-19 16:49:01.554 [main] GROStepDefinition - Successfully enter The Communication Details
[INFO ] 2023-01-19 16:49:01.554 [main] GROStepDefinition - Encounter Details: 
[INFO ] 2023-01-19 16:49:04.857 [main] GROStepDefinition - SMS Alert Number: 9790000000
[INFO ] 2023-01-19 16:49:04.883 [main] GROStepDefinition - Job Position : Pharmacist
[INFO ] 2023-01-19 16:49:04.904 [main] GROStepDefinition - Is Job applicable of Driving: false
[INFO ] 2023-01-19 16:49:04.905 [main] GROStepDefinition - Successfully enter The Encounter details
[INFO ] 2023-01-19 16:49:21.910 [main] GROStepDefinition - APPLICANT CONSENT AND DECLARATION FORM
[INFO ] 2023-01-19 16:49:21.911 [main] GROStepDefinition - Applicant Details Created Successflly
[INFO ] 2023-01-19 16:49:21.911 [main] GROStepDefinition - Place Order Page
[INFO ] 2023-01-19 16:49:21.992 [main] GROStepDefinition - Token Genarated :   Token no (NND012) generated successfully
[INFO ] 2023-01-19 16:49:21.993 [main] GROStepDefinition - Visa Gender Type: Female - MaybeXray Page Not Allowed
[INFO ] 2023-01-19 16:49:21.993 [main] GROStepDefinition - Token : NND012
[INFO ] 2023-01-19 16:49:27.167 [main] GROStepDefinition -  Generate Service Recipt
[INFO ] 2023-01-19 16:49:27.169 [main] GROStepDefinition - Capture Identify Page:
[INFO ] 2023-01-19 16:49:27.169 [main] GROStepDefinition - Vaccination Document Status Condition is: No
[INFO ] 2023-01-19 16:49:27.170 [main] GROStepDefinition - Referral Document Status Condition is: No
[INFO ] 2023-01-19 16:49:30.401 [main] GROStepDefinition - Applicant identity details updated successfully
[INFO ] 2023-01-19 16:49:32.535 [main] GROStepDefinition - GRO Module Feedback Collected
[INFO ] 2023-01-19 16:49:45.003 [main] CommonDefinition - Logout Successfully
[INFO ] 2023-01-19 16:49:47.005 [main] GROStepDefinition - GRO Runing Time:
[INFO ] 2023-01-19 16:49:47.005 [main] CommonDefinition - Total Time Mints = Mints: 1 mints  32 seconds
[INFO ] 2023-01-19 16:49:47.007 [main] CommonDefinition -  Total Time  Seconds = 92 seconds
[INFO ] 2023-01-19 16:50:10.222 [main] GpModuleStepDefinition - Start Time  = 1674127210221
[INFO ] 2023-01-19 16:50:31.308 [main] LabJuniorStepDefinition - Start Time  = 1674127231308
[INFO ] 2023-01-19 16:50:53.417 [main] LabSeniorStepDefinition - Start Time  = 1674127253417
[INFO ] 2023-01-19 16:51:28.360 [main] GROStepDefinition - Glosys Automation Script 2.0 Run In :  MicrosoftEdge Browser
[INFO ] 2023-01-19 16:51:39.108 [main] GROStepDefinition - Start Time  = 1674127299108
[INFO ] 2023-01-19 16:51:39.135 [main] GROStepDefinition - Case:5: Enter The Correct Username And Password
[INFO ] 2023-01-19 16:56:46.009 [main] GpModuleStepDefinition - Start Time  = 1674127606009
[INFO ] 2023-01-19 16:57:03.401 [main] GROStepDefinition - Glosys Automation Script 2.0 Run In :  MicrosoftEdge Browser
[INFO ] 2023-01-19 16:57:07.636 [main] GROStepDefinition - Start Time  = 1674127627635
[INFO ] 2023-01-19 16:57:07.640 [main] GROStepDefinition - Case:5: Enter The Correct Username And Password
[INFO ] 2023-01-19 16:57:07.746 [main] GROStepDefinition - Username: venkat
[INFO ] 2023-01-19 16:57:07.861 [main] GROStepDefinition - Password: xOET6k1gUY
[INFO ] 2023-01-19 16:57:12.500 [main] GROStepDefinition - Role Section: GRO
[INFO ] 2023-01-19 16:57:45.549 [main] GpModuleStepDefinition - Start Time  = 1674127665549
[INFO ] 2023-01-19 16:57:46.571 [main] LabJuniorStepDefinition - Start Time  = 1674127666571
[INFO ] 2023-01-19 16:57:48.600 [main] LabSeniorStepDefinition - Start Time  = 1674127668600
[INFO ] 2023-01-19 16:57:50.620 [main] LabSupervisorStepDefinition - Start Time  = 1674127670620
[INFO ] 2023-01-19 17:12:41.456 [main] GROStepDefinition - Glosys Automation Script 2.0 Run In :  MicrosoftEdge Browser
[INFO ] 2023-01-19 17:12:44.555 [main] GpModuleStepDefinition - Start Time  = 1674128564555
[INFO ] 2023-01-19 17:12:45.596 [main] LabJuniorStepDefinition - Start Time  = 1674128565596
[INFO ] 2023-01-19 17:29:06.147 [main] GROStepDefinition - Glosys Automation Script 2.0 Run In :  MicrosoftEdge Browser
[INFO ] 2023-01-19 17:29:10.327 [main] GROStepDefinition - Start Time  = 1674129550327
[INFO ] 2023-01-19 17:29:10.341 [main] GROStepDefinition - Case:5: Enter The Correct Username And Password
[INFO ] 2023-01-19 17:29:10.450 [main] GROStepDefinition - Username: venkat
[INFO ] 2023-01-19 17:29:10.548 [main] GROStepDefinition - Password: xOET6k1gUY
[INFO ] 2023-01-19 17:29:15.244 [main] GROStepDefinition - Role Section: GRO
[INFO ] 2023-01-19 17:29:28.439 [main] GROStepDefinition - Choose The Counter is: MA Counter 02
[ERROR] 2023-01-19 17:29:28.439 [main] GROStepDefinition - New Counter is  available please add this counter  : MA Counter 02
[INFO ] 2023-01-19 17:29:30.087 [main] GROStepDefinition - Signed into the counter successfully
[INFO ] 2023-01-19 17:29:34.335 [main] GROStepDefinition - Visa Number: 998090981260
[INFO ] 2023-01-19 17:29:36.444 [main] GROStepDefinition - Biometric skip request sent successfully
[INFO ] 2023-01-19 17:29:40.509 [main] GROStepDefinition - Patient Profile Page
[INFO ] 2023-01-19 17:29:40.509 [main] GROStepDefinition - Personal Details: 
[INFO ] 2023-01-19 17:29:40.510 [main] GROStepDefinition - Visa Gender Type: Female
[INFO ] 2023-01-19 17:29:46.476 [main] GROStepDefinition - Applicant Believes Pregnant?: Maybe
[INFO ] 2023-01-19 17:29:46.476 [main] GROStepDefinition - Successfully enter the Personal information details
[INFO ] 2023-01-19 17:29:46.476 [main] GROStepDefinition - Communcation Details: 
[INFO ] 2023-01-19 17:29:47.545 [main] GROStepDefinition - Country: Philippines
[INFO ] 2023-01-19 17:29:49.880 [main] GROStepDefinition - Preferred Language to Speak: Tamil
[INFO ] 2023-01-19 17:29:50.897 [main] GROStepDefinition - Preferred Language to Read: Tamil
[INFO ] 2023-01-19 17:29:54.482 [main] GROStepDefinition - Preferred Location for Referral: Manila
[INFO ] 2023-01-19 17:29:56.555 [main] GROStepDefinition - Preferred Hospital: Manilla Hospital
[INFO ] 2023-01-19 17:29:56.556 [main] GROStepDefinition - Successfully enter The Communication Details
[INFO ] 2023-01-19 17:29:56.556 [main] GROStepDefinition - Encounter Details: 
[INFO ] 2023-01-19 17:29:59.920 [main] GROStepDefinition - SMS Alert Number: 9790000000
[INFO ] 2023-01-19 17:29:59.947 [main] GROStepDefinition - Job Position : Pharmacist
[INFO ] 2023-01-19 17:29:59.968 [main] GROStepDefinition - Is Job applicable of Driving: false
[INFO ] 2023-01-19 17:29:59.968 [main] GROStepDefinition - Successfully enter The Encounter details
[INFO ] 2023-01-19 17:30:17.023 [main] GROStepDefinition - APPLICANT CONSENT AND DECLARATION FORM
[INFO ] 2023-01-19 17:30:17.023 [main] GROStepDefinition - Applicant Details Created Successflly
[INFO ] 2023-01-19 17:30:17.024 [main] GROStepDefinition - Place Order Page
[INFO ] 2023-01-19 17:30:17.092 [main] GROStepDefinition - Token Genarated :   Token no (NND015) generated successfully
[INFO ] 2023-01-19 17:30:17.092 [main] GROStepDefinition - Visa Gender Type: Female - MaybeXray Page Not Allowed
[INFO ] 2023-01-19 17:30:17.092 [main] GROStepDefinition - Token : NND015
[INFO ] 2023-01-19 17:30:22.262 [main] GROStepDefinition -  Generate Service Recipt
[INFO ] 2023-01-19 17:30:22.265 [main] GROStepDefinition - Capture Identify Page:
[INFO ] 2023-01-19 17:30:22.266 [main] GROStepDefinition - Vaccination Document Status Condition is: No
[INFO ] 2023-01-19 17:30:22.266 [main] GROStepDefinition - Referral Document Status Condition is: No
[INFO ] 2023-01-19 17:30:25.459 [main] GROStepDefinition - Applicant identity details updated successfully
[INFO ] 2023-01-19 17:30:27.605 [main] GROStepDefinition - GRO Module Feedback Collected
[INFO ] 2023-01-19 17:30:40.126 [main] CommonDefinition - Logout Successfully
[INFO ] 2023-01-19 17:30:42.128 [main] GROStepDefinition - GRO Runing Time:
[INFO ] 2023-01-19 17:30:42.129 [main] CommonDefinition - Total Time Mints = Mints: 1 mints  31 seconds
[INFO ] 2023-01-19 17:30:42.129 [main] CommonDefinition -  Total Time  Seconds = 91 seconds
[INFO ] 2023-01-19 17:30:45.300 [main] NurseModuleStepDefinition - Start Time  = 1674129642188
[INFO ] 2023-01-19 17:30:46.452 [main] NurseModuleStepDefinition - Nurse Module
[INFO ] 2023-01-19 17:30:51.645 [main] NurseModuleStepDefinition - Role Section: Nurse
[INFO ] 2023-01-19 17:31:01.589 [main] NurseModuleStepDefinition - Choose The Counter Is: MA Counter 03
[INFO ] 2023-01-19 17:31:11.998 [main] NurseTokenVerify - Nurse Module Token : NND004
[INFO ] 2023-01-19 17:31:11.998 [main] NurseTokenVerify - Token Lenght For Nurse String : 04
[INFO ] 2023-01-19 17:31:11.999 [main] NurseTokenVerify -  Nurse Current Token Number Next Token In Last Two Number 4
[INFO ] 2023-01-19 17:31:11.999 [main] NurseTokenVerify - Gro Token for String 15
[INFO ] 2023-01-19 17:31:11.999 [main] NurseTokenVerify - Gro Token Last Two Number  In Int: 15
[INFO ] 2023-01-19 17:31:11.999 [main] NurseTokenVerify - Nurse Token : 4 -- Gro Token  :15
[INFO ] 2023-01-19 17:31:20.062 [main] NurseTokenVerify - Nurse Module  Loop Token : NND007
[INFO ] 2023-01-19 17:31:20.063 [main] NurseTokenVerify - Get The Loop Next Token For Nurse  7
[INFO ] 2023-01-19 17:31:20.063 [main] NurseTokenVerify - Nurse Token : 7-- Gro Token  :15
[INFO ] 2023-01-19 17:31:28.177 [main] NurseTokenVerify - Nurse Module  Loop Token : NND015
[INFO ] 2023-01-19 17:31:28.177 [main] NurseTokenVerify - Get The Loop Next Token For Nurse  15
[INFO ] 2023-01-19 17:31:28.178 [main] NurseTokenVerify - Nurse Token : 15-- Gro Token  :15
[INFO ] 2023-01-19 17:31:29.325 [main] NurseTokenVerify - Successfully Verified The Token
[INFO ] 2023-01-19 17:31:31.491 [main] NurseModuleStepDefinition - Record Vitals:
[INFO ] 2023-01-19 17:31:35.097 [main] NurseModuleStepDefinition - Height: 160
[INFO ] 2023-01-19 17:31:35.393 [main] NurseModuleStepDefinition - Weight: 60
[INFO ] 2023-01-19 17:31:36.898 [main] NurseModuleStepDefinition - Successfully enter the Body Mass Index
[INFO ] 2023-01-19 17:31:39.723 [main] NurseModuleStepDefinition - Vision (R): 6/6
[INFO ] 2023-01-19 17:31:42.597 [main] NurseModuleStepDefinition - Vision (L): 6/6
[INFO ] 2023-01-19 17:31:42.597 [main] NurseModuleStepDefinition - Successfully enter the Vision Module
[INFO ] 2023-01-19 17:31:44.613 [main] NurseModuleStepDefinition - Job Describtion : Pharmacist
[INFO ] 2023-01-19 17:31:45.541 [main] NurseModuleStepDefinition -  Nurse Assign The Systolic Pressure Value: 120
[INFO ] 2023-01-19 17:31:46.380 [main] NurseModuleStepDefinition -  Nurse Assign The Diastolic Pressure Value: 80
[INFO ] 2023-01-19 17:31:47.563 [main] NurseModuleStepDefinition - Successfully enter the Other Module
[INFO ] 2023-01-19 17:31:47.563 [main] NurseModuleStepDefinition - New applicant vitals details created successfully
[INFO ] 2023-01-19 17:31:47.563 [main] NurseModuleStepDefinition - Speciman Genaration :
[INFO ] 2023-01-19 17:31:50.905 [main] NurseModuleStepDefinition - Order ID : 3803
[INFO ] 2023-01-19 17:31:50.905 [main] NurseModuleStepDefinition - Plasma Specimen Number: Yet to be Generated
[INFO ] 2023-01-19 17:31:50.905 [main] NurseModuleStepDefinition - Serum Specimen Number: Yet to be Generated
[INFO ] 2023-01-19 17:31:50.905 [main] NurseModuleStepDefinition - Whole Blood Specimen Number: Yet to be Generated
[INFO ] 2023-01-19 17:32:07.118 [main] NurseModuleStepDefinition - Speciman Genarated Successfully
[INFO ] 2023-01-19 17:32:07.119 [main] NurseModuleStepDefinition - Speciman Collection :
[INFO ] 2023-01-19 17:32:08.744 [main] NurseModuleStepDefinition - Plasma Specimen Number: BLP2052647568: Generated
[INFO ] 2023-01-19 17:32:08.744 [main] NurseModuleStepDefinition - Serum Specimen Number: BLS2053840487: Generated
[INFO ] 2023-01-19 17:32:08.744 [main] NurseModuleStepDefinition - Whole Blood Specimen Number: WBL2077666007: Generated
[INFO ] 2023-01-19 17:32:11.193 [main] NurseModuleStepDefinition - Speciman Collected Successfully
[INFO ] 2023-01-19 17:32:11.193 [main] NurseModuleStepDefinition - Vaccination: 
[INFO ] 2023-01-19 17:32:15.350 [main] NurseModuleStepDefinition - Nurse Module Feedback collected successfully
[INFO ] 2023-01-19 17:32:21.360 [main] NurseModuleStepDefinition - Sample Outgoing
[INFO ] 2023-01-19 17:32:29.782 [main] NurseModuleStepDefinition - Plasma Specimen Number: BLP2052647568
[INFO ] 2023-01-19 17:32:29.783 [main] NurseModuleStepDefinition - Serum Specimen Number: BLS2053840487
[INFO ] 2023-01-19 17:32:29.783 [main] NurseModuleStepDefinition - Whole Blood Specimen Number: WBL2077666007
[INFO ] 2023-01-19 17:32:29.784 [main] NurseModuleStepDefinition - Scan Specimen Number
[INFO ] 2023-01-19 17:32:32.612 [main] NurseModuleStepDefinition - Successfully scan the Plasma Specimen Number: BLP2052647568
[INFO ] 2023-01-19 17:32:34.911 [main] NurseModuleStepDefinition - Successfully scan the Serum Specimen Number: BLS2053840487
[INFO ] 2023-01-19 17:32:37.170 [main] NurseModuleStepDefinition - Suceessfully scan the Whole Blood Specimen Number: WBL2077666007
[INFO ] 2023-01-19 17:32:37.170 [main] NurseModuleStepDefinition - Lab Technician and GRO Information
[INFO ] 2023-01-19 17:32:40.946 [main] NurseModuleStepDefinition - Lab Tech Name: Lab Technician Glossys
[INFO ] 2023-01-19 17:32:42.766 [main] NurseModuleStepDefinition - GRO Name: GRO Glossys
[INFO ] 2023-01-19 17:32:43.962 [main] NurseModuleStepDefinition -  Sample's Sent to LAB successfully
[INFO ] 2023-01-19 17:32:52.412 [main] CommonDefinition - Logout Successfully
[INFO ] 2023-01-19 17:32:54.424 [main] NurseModuleStepDefinition - Nurse Runing Time:
[INFO ] 2023-01-19 17:32:54.424 [main] CommonDefinition - Total Time Mints = Mints: 2 mints  12 seconds
[INFO ] 2023-01-19 17:32:54.425 [main] CommonDefinition -  Total Time  Seconds = 132 seconds
[INFO ] 2023-01-19 17:32:54.479 [main] GpModuleStepDefinition - Start Time  = 1674129774479
[INFO ] 2023-01-19 17:32:55.574 [main] GpModuleStepDefinition - Username: venkat
[INFO ] 2023-01-19 17:32:56.658 [main] GpModuleStepDefinition - Password: xOET6k1gUY
[INFO ] 2023-01-19 17:32:57.735 [main] GpModuleStepDefinition - Stemz GP Module
[INFO ] 2023-01-19 17:33:00.985 [main] GpModuleStepDefinition - Role Section: STEMZ GP
[INFO ] 2023-01-19 17:33:09.440 [main] GpModuleStepDefinition - Choose The Counter Is: 
[INFO ] 2023-01-19 17:33:20.567 [main] NurseTokenVerify - Nurse Module Token : NND002
[INFO ] 2023-01-19 17:33:20.568 [main] NurseTokenVerify - Token Lenght For Nurse String : 02
[INFO ] 2023-01-19 17:33:20.568 [main] NurseTokenVerify -  Nurse Current Token Number Next Token In Last Two Number 2
[INFO ] 2023-01-19 17:33:20.568 [main] NurseTokenVerify - Gro Token for String 15
[INFO ] 2023-01-19 17:33:20.568 [main] NurseTokenVerify - Gro Token Last Two Number  In Int: 15
[INFO ] 2023-01-19 17:33:20.568 [main] NurseTokenVerify - Nurse Token : 2 -- Gro Token  :15
[INFO ] 2023-01-19 17:33:28.692 [main] NurseTokenVerify - Nurse Module  Loop Token : ND006
[INFO ] 2023-01-19 17:33:28.692 [main] NurseTokenVerify - Get The Loop Next Token For Nurse  6
[INFO ] 2023-01-19 17:33:28.692 [main] NurseTokenVerify - Nurse Token : 6-- Gro Token  :15
[INFO ] 2023-01-19 17:33:36.747 [main] NurseTokenVerify - Nurse Module  Loop Token : NND015
[INFO ] 2023-01-19 17:33:36.747 [main] NurseTokenVerify - Get The Loop Next Token For Nurse  15
[INFO ] 2023-01-19 17:33:36.747 [main] NurseTokenVerify - Nurse Token : 15-- Gro Token  :15
[INFO ] 2023-01-19 17:33:37.877 [main] NurseTokenVerify - Successfully Verified The Token
[INFO ] 2023-01-19 17:33:40.061 [main] GpModuleStepDefinition - Gp Consulation Process
[INFO ] 2023-01-19 17:33:50.097 [main] GpModuleStepDefinition - Stemz Gp Assign The AbNormal Blood Pressure Value: 120
[INFO ] 2023-01-19 17:33:51.430 [main] GpModuleStepDefinition -  Stemz Gp Assign The Diastolic Pressure Value: 80
[INFO ] 2023-01-19 17:33:52.446 [main] GpModuleStepDefinition - Consulation
[INFO ] 2023-01-19 17:33:57.978 [main] GpModuleStepDefinition - Preset: Normal
[INFO ] 2023-01-19 17:34:00.012 [main] GpModuleStepDefinition - Medical History: No
[INFO ] 2023-01-19 17:34:01.253 [main] GpModuleStepDefinition - Pervious Illness: No
[INFO ] 2023-01-19 17:34:02.458 [main] GpModuleStepDefinition - Your Meals In Last 10 Hours: No
[INFO ] 2023-01-19 17:34:03.629 [main] GpModuleStepDefinition - Psychiatric Or Neurological Disorder: No
[INFO ] 2023-01-19 17:34:06.069 [main] GpModuleStepDefinition - Comments: Okay
[INFO ] 2023-01-19 17:34:13.391 [main] GpModuleStepDefinition - Consultation details updated successfully
[INFO ] 2023-01-19 17:34:20.925 [main] GpModuleStepDefinition - Stemz GP Feedback collected successfully
[INFO ] 2023-01-19 17:34:34.515 [main] CommonDefinition - Logout Successfully
[INFO ] 2023-01-19 17:34:36.519 [main] GpModuleStepDefinition - Stemz Gp Run Time : 
[INFO ] 2023-01-19 17:34:36.520 [main] CommonDefinition - Total Time Mints = Mints: 1 mints  42 seconds
[INFO ] 2023-01-19 17:34:36.520 [main] CommonDefinition -  Total Time  Seconds = 102 seconds
[INFO ] 2023-01-19 17:34:36.523 [main] GpModuleStepDefinition - 91801
[INFO ] 2023-01-19 17:34:36.523 [main] GpModuleStepDefinition - 132236
[INFO ] 2023-01-19 17:34:36.524 [main] GpModuleStepDefinition - Female Applicant & Pregnant :Maybe
[INFO ] 2023-01-19 17:34:36.564 [main] LabJuniorStepDefinition - Start Time  = 1674129876564
[INFO ] 2023-01-19 17:34:40.809 [main] LabJuniorStepDefinition - Lab Junior Module
[INFO ] 2023-01-19 17:34:44.005 [main] LabJuniorStepDefinition - Role Section: Lab Junior
[INFO ] 2023-01-19 17:34:49.275 [main] LabJuniorStepDefinition - Specimen Inscan Process
[INFO ] 2023-01-19 17:35:05.484 [main] LabJuniorStepDefinition - Plasma Specimen Number: BLP2052647568
[INFO ] 2023-01-19 17:35:06.162 [main] LabJuniorStepDefinition - Successfully Scan Plasma Specimen Number
[INFO ] 2023-01-19 17:35:08.664 [main] LabJuniorStepDefinition - Serum Specimen Number: BLS2053840487
[INFO ] 2023-01-19 17:35:09.382 [main] LabJuniorStepDefinition - Successfully Scan Serum Specimen Number
[INFO ] 2023-01-19 17:35:11.898 [main] LabJuniorStepDefinition - Whole Blood Specimen Number: WBL2077666007
[INFO ] 2023-01-19 17:35:12.690 [main] LabJuniorStepDefinition - Successfully Scan Whole Blood Number
[INFO ] 2023-01-19 17:35:13.847 [main] LabJuniorStepDefinition - Lab ID: 1412
[INFO ] 2023-01-19 17:35:17.569 [main] LabJuniorStepDefinition - Specimen inscan details saved successfully
[INFO ] 2023-01-19 17:35:17.570 [main] LabJuniorStepDefinition - Lab Work List
[INFO ] 2023-01-19 17:35:17.570 [main] LabJuniorStepDefinition - Gender Type: Female
[INFO ] 2023-01-19 17:35:40.294 [main] LabJuniorWorkList - Haemoglobin: 11
[INFO ] 2023-01-19 17:35:46.931 [main] LabJuniorWorkList - Blood Group: O Positive
[INFO ] 2023-01-19 17:35:53.530 [main] LabJuniorWorkList - HIV: Negative
[INFO ] 2023-01-19 17:36:01.128 [main] LabJuniorWorkList - Anti HCV: Negative
[INFO ] 2023-01-19 17:36:06.728 [main] LabJuniorWorkList - HBsAg: Negative
[INFO ] 2023-01-19 17:36:09.010 [main] LabJuniorWorkList - SGOT Trigger Status :false
[INFO ] 2023-01-19 17:36:09.010 [main] LabJuniorWorkList - SGOT Referral Count :0
[INFO ] 2023-01-19 17:36:10.236 [main] LabJuniorWorkList - SGOT: 22
[INFO ] 2023-01-19 17:36:12.540 [main] LabJuniorWorkList - SGPT Trigger Status :true
[INFO ] 2023-01-19 17:36:12.540 [main] LabJuniorWorkList - SGPT Referral Count :2
[INFO ] 2023-01-19 17:36:13.747 [main] LabJuniorWorkList - SGPT: 200
[INFO ] 2023-01-19 17:36:19.001 [main] LabJuniorWorkList - Creatinine Trigger Status :true
[INFO ] 2023-01-19 17:36:19.001 [main] LabJuniorWorkList - Creatinine Referral Count :1
[INFO ] 2023-01-19 17:36:20.189 [main] LabJuniorWorkList - Creatinine: 2
[INFO ] 2023-01-19 17:36:24.701 [main] LabJuniorWorkList - RPR: NonReactive
[INFO ] 2023-01-19 17:36:29.168 [main] LabJuniorWorkList - BEta HC: Negative
[INFO ] 2023-01-19 17:36:31.409 [main] LabJuniorWorkList - Glucose Trigger Status :true
[INFO ] 2023-01-19 17:36:31.410 [main] LabJuniorWorkList - Glucose Referral Count :0
[INFO ] 2023-01-19 17:36:31.410 [main] LabJuniorWorkList - Glucose: 80
[INFO ] 2023-01-19 17:36:35.678 [main] LabJuniorWorkList - Result submitted for authorization successfully
[INFO ] 2023-01-19 17:36:47.072 [main] CommonDefinition - Logout Successfully
[INFO ] 2023-01-19 17:36:49.084 [main] LabJuniorStepDefinition - Lab Junior Runing Time:
[INFO ] 2023-01-19 17:36:49.086 [main] CommonDefinition - Total Time Mints = Mints: 2 mints  12 seconds
[INFO ] 2023-01-19 17:36:49.086 [main] CommonDefinition -  Total Time  Seconds = 132 seconds
[INFO ] 2023-01-19 17:36:49.096 [main] LabSeniorStepDefinition - Start Time  = 1674130009096
[INFO ] 2023-01-19 17:36:53.291 [main] LabSeniorStepDefinition - Lab Senior Module
[INFO ] 2023-01-19 17:36:56.432 [main] LabSeniorStepDefinition - Role Section: Lab Senior
[INFO ] 2023-01-19 17:37:02.632 [main] LabSeniorStepDefinition - Result Entry Review
[INFO ] 2023-01-19 17:37:08.195 [main] LabSeniorStepDefinition - Lab ID: 1412
[INFO ] 2023-01-19 17:37:21.421 [main] LabSeniorStepDefinition - Lab Senior First Review
[INFO ] 2023-01-19 17:37:21.423 [main] LabSeniorStepDefinition - Gender Type: Female
[INFO ] 2023-01-19 17:37:22.513 [main] LabSeniorStepDefinition - Haemoglobin: 11 = Reviewed
[INFO ] 2023-01-19 17:37:23.108 [main] LabSeniorStepDefinition - Blood Group: O Positive = Reviewed
[INFO ] 2023-01-19 17:37:23.721 [main] LabSeniorStepDefinition - HIV: Negative = Reviewed
[INFO ] 2023-01-19 17:37:24.345 [main] LabSeniorStepDefinition - Anti HCV: Negative = Reviewed
[INFO ] 2023-01-19 17:37:24.937 [main] LabSeniorStepDefinition - HBsAg: Negative = Reviewed
[INFO ] 2023-01-19 17:37:25.533 [main] LabSeniorStepDefinition - SGOT: 22 = Reviewed
[INFO ] 2023-01-19 17:37:27.874 [main] LabSeniorStepDefinition - SGPT: 200 = Reviewed
[INFO ] 2023-01-19 17:37:28.458 [main] LabSeniorStepDefinition - Creatinine: 2 = Reviewed
[INFO ] 2023-01-19 17:37:29.050 [main] LabSeniorStepDefinition - RPR: NonReactive = Reviewed
[INFO ] 2023-01-19 17:37:29.645 [main] LabSeniorStepDefinition - BEta HC: Negative = Reviewed
[INFO ] 2023-01-19 17:37:30.374 [main] LabSeniorStepDefinition - Glucose: 80 = Reviewed
[INFO ] 2023-01-19 17:37:31.822 [main] LabSeniorStepDefinition - Result submitted for authorization successfully
[INFO ] 2023-01-19 17:37:38.199 [main] CommonDefinition - Logout Successfully
[INFO ] 2023-01-19 17:37:40.214 [main] LabSeniorStepDefinition - Lab Senior Runing Time:
[INFO ] 2023-01-19 17:37:40.216 [main] CommonDefinition - Total Time Mints = Mints: 0 mints  51 seconds
[INFO ] 2023-01-19 17:37:40.216 [main] CommonDefinition -  Total Time  Seconds = 51 seconds
[INFO ] 2023-01-19 17:37:40.224 [main] LabSupervisorStepDefinition - Start Time  = 1674130060224
[INFO ] 2023-01-19 17:37:44.427 [main] LabSupervisorStepDefinition - Lab Supervisor Module
[INFO ] 2023-01-19 17:37:47.866 [main] LabSupervisorStepDefinition - Role Section: Lab Supervisor
[INFO ] 2023-01-19 17:37:53.069 [main] LabSupervisorStepDefinition - Pathalogist Worklist :
[INFO ] 2023-01-19 17:37:58.670 [main] LabSupervisorStepDefinition - Lab ID: 1412
[INFO ] 2023-01-19 17:38:08.157 [main] LabSupervisorStepDefinition - Result Entry :
[INFO ] 2023-01-19 17:38:09.160 [main] LabSupervisorStepDefinition - Lab Supervisor Authorize in Result Entry :
[INFO ] 2023-01-19 17:38:09.161 [main] LabSupervisorStepDefinition - Gender Type: Female
[INFO ] 2023-01-19 17:38:09.161 [main] LabSupervisorStepDefinition - Hemoglobin: 11 = Authorized
[INFO ] 2023-01-19 17:38:09.162 [main] LabSupervisorStepDefinition - Blood Group: O Positive = Authorized
[INFO ] 2023-01-19 17:38:09.162 [main] LabSupervisorStepDefinition - HIV: Negative = Authorized
[INFO ] 2023-01-19 17:38:09.162 [main] LabSupervisorStepDefinition - Anti HCV: Negative = Authorized
[INFO ] 2023-01-19 17:38:09.163 [main] LabSupervisorStepDefinition - HBsAg: Negative = Authorized
[INFO ] 2023-01-19 17:38:11.171 [main] LabSupervisorStepDefinition - SGOT: 22 = Authorized
[INFO ] 2023-01-19 17:38:11.173 [main] LabSupervisorStepDefinition - SGPT: 200 = Authorized
[INFO ] 2023-01-19 17:38:11.173 [main] LabSupervisorStepDefinition - Creatinine: 2 = Authorized
[INFO ] 2023-01-19 17:38:11.173 [main] LabSupervisorStepDefinition - RPR: NonReactive = Authorized
[INFO ] 2023-01-19 17:38:11.175 [main] LabSupervisorStepDefinition - BEta HC: Negative = Authorized
[INFO ] 2023-01-19 17:38:11.175 [main] LabSupervisorStepDefinition - Glucose: 80 = Authorized
[INFO ] 2023-01-19 17:38:15.863 [main] LabSupervisorStepDefinition - Results authorized successfully!
[INFO ] 2023-01-19 17:38:22.203 [main] CommonDefinition - Logout Successfully
[INFO ] 2023-01-19 17:38:24.217 [main] LabSupervisorStepDefinition - Log out For Supervisor
[INFO ] 2023-01-19 17:38:24.218 [main] LabSupervisorStepDefinition - Lab Supervisor Runing Time:
[INFO ] 2023-01-19 17:38:24.218 [main] CommonDefinition - Total Time Mints = Mints: 0 mints  43 seconds
[INFO ] 2023-01-19 17:38:24.219 [main] CommonDefinition -  Total Time  Seconds = 43 seconds
[INFO ] 2023-01-19 17:38:32.833 [main] GROStepDefinition - Role Section: GRO
[INFO ] 2023-01-19 17:38:45.655 [main] GROStepDefinition - Choose The Counter is: MA Counter 02
[ERROR] 2023-01-19 17:38:45.656 [main] GROStepDefinition - New Counter is  available please add this counter  : MA Counter 02
[INFO ] 2023-01-19 17:38:47.268 [main] GROStepDefinition - Signed into the counter successfully
[INFO ] 2023-01-19 17:38:53.523 [main] UploadReferralLetter - Total Referral Count And Details : 4
[INFO ] 2023-01-19 17:38:53.525 [main] UploadReferralLetter - How Many Referrals Details And Count : {SGOT : =0, Glucose : =0, Cardilogy : =0, Beta HCG=1, RPR : =0, Color Vision : =0, Stemz BP : =0, AntiHCV : =0, SGPT : =2, BMI : =0, HBsAg : =0, Deformatory : =0, HIV : =0, Xray=0, Creatinine : =1, Vision : =0, Hamoglobin : =0}
[INFO ] 2023-01-19 17:38:58.556 [main] PrintReferralLetter - Print Referral Letter Page: 
[INFO ] 2023-01-19 17:38:59.584 [main] PrintReferralLetter - Referral: External Speciality, Additional Lab Test
Speciality: General Medicine, Gynaecology
Additional Lab Test:SGPT-Repeat, Serum Creatinine-Repeat
[INFO ] 2023-01-19 17:39:00.624 [main] PrintReferralLetter - Document Type: General Medicine
[INFO ] 2023-01-19 17:39:07.173 [main] PrintReferralLetter - General Medicine Print Referral Letter saved Successfully
[INFO ] 2023-01-19 17:39:08.701 [main] PrintReferralLetter - Document Type : Gynaecology
[INFO ] 2023-01-19 17:39:15.003 [main] PrintReferralLetter - Gynaecology Print Referral Letter saved Successfully
[INFO ] 2023-01-19 17:39:16.531 [main] PrintReferralLetter - Document Type : SGPT-Repeat
[INFO ] 2023-01-19 17:39:20.804 [main] PrintReferralLetter - SGPT-Repeat Print Referral Letter saved Successfully
[INFO ] 2023-01-19 17:39:22.838 [main] PrintReferralLetter - Document Type : Serum Creatinine-Repeat
[INFO ] 2023-01-19 17:39:27.539 [main] PrintReferralLetter - Serum Creatinine-Repeat Print Referral Letter saved Successfully
[INFO ] 2023-01-19 17:39:36.016 [main] UploadReferralLetter - Referral: External Speciality,Additional Lab Test
Speciality: General Medicine, Gynaecology
Additional Lab Test SGPT-Repeat, Serum Creatinine-Repeat
[INFO ] 2023-01-19 17:39:40.030 [main] UploadReferralLetter - Upload Referral Count : 4
[INFO ] 2023-01-19 17:39:40.031 [main] UploadReferralLetter - Upload Referral Letter Page :
[INFO ] 2023-01-19 17:39:41.063 [main] UploadReferralLetter - Document Type : General Medicine
[INFO ] 2023-01-19 17:40:02.326 [main] UploadReferralLetter - General Medicine document uploaded successfully
[INFO ] 2023-01-19 17:40:05.373 [main] UploadReferralLetter - Document Type : Gynaecology
[INFO ] 2023-01-19 17:40:27.188 [main] UploadReferralLetter - Gynaecology document uploaded successfully
[INFO ] 2023-01-19 17:40:30.482 [main] UploadReferralLetter - Document Type : SGPT-Repeat
[INFO ] 2023-01-19 17:40:51.474 [main] UploadReferralLetter - SGPT-Repeat document uploaded successfully
[INFO ] 2023-01-19 17:40:54.518 [main] UploadReferralLetter - Document Type : SGPT-Repeat
[INFO ] 2023-01-19 17:41:31.476 [main] UploadReferralLetter - SGPT-Repeat document uploaded successfully
[INFO ] 2023-01-19 17:41:38.839 [main] PrintReceipt - Total Referral Count : 4
[INFO ] 2023-01-19 17:41:38.861 [main] PrintReceipt - Print Receipt Name : General Medicine
[INFO ] 2023-01-19 17:41:38.883 [main] PrintReceipt - Print Receipt Name : Gynaecology
[INFO ] 2023-01-19 17:41:38.903 [main] PrintReceipt - Print Receipt Name : Serum Creatinine-Repeat
[INFO ] 2023-01-19 17:41:38.924 [main] PrintReceipt - Print Receipt Name : SGPT-Repeat
[INFO ] 2023-01-19 17:41:52.232 [main] PrintReceipt - GRO Refferral Token :    Token no (ND016) generated successfully
[INFO ] 2023-01-19 17:41:55.363 [main] PrintReceipt - Collected Feedback Successfully
[INFO ] 2023-01-19 17:42:03.757 [main] CommonDefinition - Logout Successfully
[INFO ] 2023-01-19 17:42:05.774 [main] StemzGPCertificatePage - Nurse And Stemz Gp Referral : {BMI : =0, Deformatory : =0, Color Vision : =0, Vision : =0, Cardiology : =0}
[INFO ] 2023-01-19 17:42:05.775 [main] StemzGPCertificatePage - Nurse And Stemz Gp Referral Count : 0
[INFO ] 2023-01-19 17:42:05.775 [main] StemzGPCertificatePage -  Lab Comformatory Referral : {HBSAG : =0, AntiHCV : =0, HIV : =0, RPR : =0}
[INFO ] 2023-01-19 17:42:05.776 [main] StemzGPCertificatePage - Lab Comformatory Referral Count : 0
[INFO ] 2023-01-19 17:42:05.776 [main] StemzGPCertificatePage -  Lab Additional Referral : {SGOT : =0, Glucose : =0, SGPT : =2, Creatinine : =1, Hamoglobin : =0}
[INFO ] 2023-01-19 17:42:05.777 [main] StemzGPCertificatePage - Lab Additional Referral Count : 3
[INFO ] 2023-01-19 17:42:05.777 [main] StemzGPCertificatePage -  Beta Hcg Referral : {}
[INFO ] 2023-01-19 17:42:05.777 [main] StemzGPCertificatePage -  Beta Hcg Referral Count : 1
[INFO ] 2023-01-19 17:42:05.778 [main] StemzGPCertificatePage - Nurse And Stemz Gp Referral Count : 0Lab Comformatory Referral Count :0Lab Additional Referral Count : 3
[INFO ] 2023-01-19 17:42:05.778 [main] StemzGPCertificatePage - Referrals : {BMI : =false, Cardilogy : =false, Beta HCG=true, Deformatory : =false, Color Vision : =false, Vision : =false, BP : =false}
[INFO ] 2023-01-19 17:42:15.143 [main] GpModuleStepDefinition - Role Section: STEMZ GP
[INFO ] 2023-01-19 17:42:23.435 [main] GpModuleStepDefinition - Choose The Counter Is: 
[INFO ] 2023-01-19 17:42:33.513 [main] StemzGPCertificatePage - Physician Worklist : 
[INFO ] 2023-01-19 17:42:39.649 [main] StemzGPCertificatePage - Referral to be Reported
[INFO ] 2023-01-19 17:42:55.561 [main] StemzGPCertificatePage -  Total Nurse Referral Count :
[INFO ] 2023-01-19 17:42:55.562 [main] StemzGPCertificatePage - Referral Document : 
[INFO ] 2023-01-19 17:42:55.562 [main] StemzGPCertificatePage - Total Referral Count :0
[INFO ] 2023-01-19 17:42:55.563 [main] AdditionalLabTest - Total Referral Count :3
[INFO ] 2023-01-19 17:42:59.591 [main] AdditionalLabTest - Document Type 1 : General Medicine
[INFO ] 2023-01-19 17:43:03.759 [main] AdditionalLabTest - Approval Status : Accept
[INFO ] 2023-01-19 17:43:07.933 [main] AdditionalLabTest - Approval status updated successfully
[INFO ] 2023-01-19 17:43:11.116 [main] AdditionalLabTest - Close Referral Sucessfully
[INFO ] 2023-01-19 17:43:13.171 [main] AdditionalLabTest - Referral Closed  Sucessfully
[INFO ] 2023-01-19 17:43:48.747 [main] GpModuleStepDefinition - Role Section: STEMZ GP
[INFO ] 2023-01-19 17:43:57.000 [main] GpModuleStepDefinition - Choose The Counter Is: 
[INFO ] 2023-01-19 17:44:07.076 [main] Test2 - Physician Worklist : 
[INFO ] 2023-01-19 17:44:13.191 [main] Test2 - Referral to be Reported
[INFO ] 2023-01-19 17:53:44.342 [main] GROStepDefinition - Glosys Automation Script 2.0 Run In :  MicrosoftEdge Browser
[INFO ] 2023-01-19 17:53:48.993 [main] GROStepDefinition - Start Time  = 1674131028993
[INFO ] 2023-01-19 17:53:49.002 [main] GROStepDefinition - Case:5: Enter The Correct Username And Password
[INFO ] 2023-01-19 17:53:49.092 [main] GROStepDefinition - Username: venkat
[INFO ] 2023-01-19 17:53:49.195 [main] GROStepDefinition - Password: xOET6k1gUY
[INFO ] 2023-01-19 17:53:53.841 [main] GROStepDefinition - Role Section: GRO
[INFO ] 2023-01-19 17:54:48.924 [main] GpModuleStepDefinition - Start Time  = 1674131088924
[INFO ] 2023-01-19 17:55:10.000 [main] LabJuniorStepDefinition - Start Time  = 1674131110000
[INFO ] 2023-01-19 17:55:32.075 [main] LabSeniorStepDefinition - Start Time  = 1674131132075
[INFO ] 2023-01-19 17:55:54.156 [main] LabSupervisorStepDefinition - Start Time  = 1674131154156
[INFO ] 2023-01-19 17:58:00.453 [main] GROStepDefinition - Glosys Automation Script 2.0 Run In :  MicrosoftEdge Browser
[INFO ] 2023-01-19 17:58:04.801 [main] GROStepDefinition - Start Time  = 1674131284801
[INFO ] 2023-01-19 17:58:04.806 [main] GROStepDefinition - Case:5: Enter The Correct Username And Password
[INFO ] 2023-01-19 17:58:04.897 [main] GROStepDefinition - Username: venkat
[INFO ] 2023-01-19 17:58:04.989 [main] GROStepDefinition - Password: xOET6k1gUY
[INFO ] 2023-01-19 17:58:09.770 [main] GROStepDefinition - Role Section: GRO
[INFO ] 2023-01-19 17:59:05.019 [main] GpModuleStepDefinition - Start Time  = 1674131345019
[INFO ] 2023-01-19 17:59:12.211 [main] LabJuniorStepDefinition - Start Time  = 1674131352210
[INFO ] 2023-01-19 17:59:14.256 [main] LabSeniorStepDefinition - Start Time  = 1674131354256
[INFO ] 2023-01-19 17:59:16.284 [main] LabSupervisorStepDefinition - Start Time  = 1674131356284
[INFO ] 2023-01-19 17:59:50.958 [main] GROStepDefinition - Glosys Automation Script 2.0 Run In :  MicrosoftEdge Browser
[INFO ] 2023-01-19 17:59:56.177 [main] GROStepDefinition - Start Time  = 1674131396177
[INFO ] 2023-01-19 17:59:56.192 [main] GROStepDefinition - Case:5: Enter The Correct Username And Password
[INFO ] 2023-01-19 17:59:56.385 [main] GROStepDefinition - Username: venkat
[INFO ] 2023-01-19 17:59:56.518 [main] GROStepDefinition - Password: xOET6k1gUY
[INFO ] 2023-01-19 18:00:01.249 [main] GROStepDefinition - Role Section: GRO
[INFO ] 2023-01-19 18:00:14.663 [main] GROStepDefinition - Choose The Counter is: MA Counter 01
[ERROR] 2023-01-19 18:00:14.663 [main] GROStepDefinition - New Counter is  available please add this counter  : MA Counter 01
[INFO ] 2023-01-19 18:00:16.394 [main] GROStepDefinition - Signed into the counter successfully
[INFO ] 2023-01-19 18:00:21.384 [main] GROStepDefinition - Visa Number: 998090981262
[INFO ] 2023-01-19 18:00:23.601 [main] GROStepDefinition - Biometric skip request sent successfully
[INFO ] 2023-01-19 18:00:27.710 [main] GROStepDefinition - Patient Profile Page
[INFO ] 2023-01-19 18:00:27.711 [main] GROStepDefinition - Personal Details: 
[INFO ] 2023-01-19 18:00:27.711 [main] GROStepDefinition - Visa Gender Type: Female
[INFO ] 2023-01-19 18:00:33.804 [main] GROStepDefinition - Applicant Believes Pregnant?: Maybe
[INFO ] 2023-01-19 18:00:33.805 [main] GROStepDefinition - Successfully enter the Personal information details
[INFO ] 2023-01-19 18:00:33.805 [main] GROStepDefinition - Communcation Details: 
[INFO ] 2023-01-19 18:00:34.866 [main] GROStepDefinition - Country: Philippines
[INFO ] 2023-01-19 18:00:37.298 [main] GROStepDefinition - Preferred Language to Speak: Tamil
[INFO ] 2023-01-19 18:00:38.393 [main] GROStepDefinition - Preferred Language to Read: Tamil
[INFO ] 2023-01-19 18:00:42.140 [main] GROStepDefinition - Preferred Location for Referral: Manila
[INFO ] 2023-01-19 18:00:44.287 [main] GROStepDefinition - Preferred Hospital: Manilla Hospital
[INFO ] 2023-01-19 18:00:44.288 [main] GROStepDefinition - Successfully enter The Communication Details
[INFO ] 2023-01-19 18:00:44.288 [main] GROStepDefinition - Encounter Details: 
[INFO ] 2023-01-19 18:00:47.791 [main] GROStepDefinition - SMS Alert Number: 9790000000
[INFO ] 2023-01-19 18:00:47.841 [main] GROStepDefinition - Job Position : Pharmacist
[INFO ] 2023-01-19 18:00:47.886 [main] GROStepDefinition - Is Job applicable of Driving: false
[INFO ] 2023-01-19 18:00:47.888 [main] GROStepDefinition - Successfully enter The Encounter details
[INFO ] 2023-01-19 18:00:58.298 [main] GROStepDefinition - APPLICANT CONSENT AND DECLARATION FORM
[INFO ] 2023-01-19 18:00:58.298 [main] GROStepDefinition - Applicant Details Created Successflly
[INFO ] 2023-01-19 18:00:58.298 [main] GROStepDefinition - Place Order Page
[INFO ] 2023-01-19 18:00:58.409 [main] GROStepDefinition - Token Genarated :   Token no (NND018) generated successfully
[INFO ] 2023-01-19 18:00:58.410 [main] GROStepDefinition - Visa Gender Type: Female - MaybeXray Page Not Allowed
[INFO ] 2023-01-19 18:00:58.410 [main] GROStepDefinition - Token : NND018
[INFO ] 2023-01-19 18:01:03.597 [main] GROStepDefinition -  Generate Service Recipt
[INFO ] 2023-01-19 18:01:03.600 [main] GROStepDefinition - Capture Identify Page:
[INFO ] 2023-01-19 18:01:03.600 [main] GROStepDefinition - Vaccination Document Status Condition is: No
[INFO ] 2023-01-19 18:01:03.600 [main] GROStepDefinition - Referral Document Status Condition is: No
[INFO ] 2023-01-19 18:01:06.930 [main] GROStepDefinition - Applicant identity details updated successfully
[INFO ] 2023-01-19 18:01:09.099 [main] GROStepDefinition - GRO Module Feedback Collected
[INFO ] 2023-01-19 18:01:21.728 [main] CommonDefinition - Logout Successfully
[INFO ] 2023-01-19 18:01:23.739 [main] GROStepDefinition - GRO Runing Time:
[INFO ] 2023-01-19 18:01:23.740 [main] CommonDefinition - Total Time Mints = Mints: 1 mints  27 seconds
[INFO ] 2023-01-19 18:01:23.740 [main] CommonDefinition -  Total Time  Seconds = 87 seconds
[INFO ] 2023-01-19 18:01:26.941 [main] NurseModuleStepDefinition - Start Time  = 1674131483810
[INFO ] 2023-01-19 18:01:28.161 [main] NurseModuleStepDefinition - Nurse Module
[INFO ] 2023-01-19 18:01:33.416 [main] NurseModuleStepDefinition - Role Section: Nurse
[INFO ] 2023-01-19 18:01:43.720 [main] NurseModuleStepDefinition - Choose The Counter Is: MA Counter 03
[INFO ] 2023-01-19 18:01:54.576 [main] NurseTokenVerify - Nurse Module Token : NND004
[INFO ] 2023-01-19 18:01:54.577 [main] NurseTokenVerify - Token Lenght For Nurse String : 04
[INFO ] 2023-01-19 18:01:54.577 [main] NurseTokenVerify -  Nurse Current Token Number Next Token In Last Two Number 4
[INFO ] 2023-01-19 18:01:54.578 [main] NurseTokenVerify - Gro Token for String 18
[INFO ] 2023-01-19 18:01:54.578 [main] NurseTokenVerify - Gro Token Last Two Number  In Int: 18
[INFO ] 2023-01-19 18:01:54.578 [main] NurseTokenVerify - Nurse Token : 4 -- Gro Token  :18
[INFO ] 2023-01-19 18:02:03.554 [main] NurseTokenVerify - Nurse Module  Loop Token : NND007
[INFO ] 2023-01-19 18:02:03.555 [main] NurseTokenVerify - Get The Loop Next Token For Nurse  7
[INFO ] 2023-01-19 18:02:03.555 [main] NurseTokenVerify - Nurse Token : 7-- Gro Token  :18
[INFO ] 2023-01-19 18:02:12.383 [main] NurseTokenVerify - Nurse Module  Loop Token : NND017
[INFO ] 2023-01-19 18:02:12.383 [main] NurseTokenVerify - Get The Loop Next Token For Nurse  17
[INFO ] 2023-01-19 18:02:12.383 [main] NurseTokenVerify - Nurse Token : 17-- Gro Token  :18
[INFO ] 2023-01-19 18:02:19.588 [main] GpModuleStepDefinition - Start Time  = 1674131539588
[INFO ] 2023-01-19 18:02:40.661 [main] LabJuniorStepDefinition - Start Time  = 1674131560661
[INFO ] 2023-01-19 18:03:02.840 [main] LabSeniorStepDefinition - Start Time  = 1674131582840
[INFO ] 2023-01-19 18:03:11.076 [main] LabSupervisorStepDefinition - Start Time  = 1674131591076
[INFO ] 2023-01-19 18:03:29.386 [main] GROStepDefinition - Glosys Automation Script 2.0 Run In :  MicrosoftEdge Browser
[INFO ] 2023-01-19 18:04:16.158 [main] GROStepDefinition - Start Time  = 1674131656158
[INFO ] 2023-01-19 18:04:16.169 [main] GROStepDefinition - Case:5: Enter The Correct Username And Password
[INFO ] 2023-01-19 18:04:27.432 [main] GpModuleStepDefinition - Start Time  = 1674131667432
[INFO ] 2023-01-19 18:04:28.457 [main] LabJuniorStepDefinition - Start Time  = 1674131668457
[INFO ] 2023-01-19 18:04:46.121 [main] GROStepDefinition - Glosys Automation Script 2.0 Run In :  MicrosoftEdge Browser
[INFO ] 2023-01-19 18:04:56.099 [main] GROStepDefinition - Start Time  = 1674131696099
[INFO ] 2023-01-19 18:04:56.114 [main] GROStepDefinition - Case:5: Enter The Correct Username And Password
[INFO ] 2023-01-19 18:04:56.265 [main] GROStepDefinition - Username: venkat
[INFO ] 2023-01-19 18:04:56.385 [main] GROStepDefinition - Password: xOET6k1gUY
[INFO ] 2023-01-19 18:05:01.989 [main] GROStepDefinition - Role Section: GRO
[INFO ] 2023-01-19 18:05:15.499 [main] GROStepDefinition - Choose The Counter is: MA Counter 01
[ERROR] 2023-01-19 18:05:15.499 [main] GROStepDefinition - New Counter is  available please add this counter  : MA Counter 01
[INFO ] 2023-01-19 18:05:17.225 [main] GROStepDefinition - Signed into the counter successfully
[INFO ] 2023-01-19 18:05:22.229 [main] GROStepDefinition - Visa Number: 998090981264
[INFO ] 2023-01-19 18:05:24.451 [main] GROStepDefinition - Biometric skip request sent successfully
[INFO ] 2023-01-19 18:05:28.540 [main] GROStepDefinition - Patient Profile Page
[INFO ] 2023-01-19 18:05:28.541 [main] GROStepDefinition - Personal Details: 
[INFO ] 2023-01-19 18:05:28.542 [main] GROStepDefinition - Visa Gender Type: Female
[INFO ] 2023-01-19 18:05:34.822 [main] GROStepDefinition - Applicant Believes Pregnant?: Maybe
[INFO ] 2023-01-19 18:05:34.822 [main] GROStepDefinition - Successfully enter the Personal information details
[INFO ] 2023-01-19 18:05:34.823 [main] GROStepDefinition - Communcation Details: 
[INFO ] 2023-01-19 18:05:35.896 [main] GROStepDefinition - Country: Philippines
[INFO ] 2023-01-19 18:05:38.319 [main] GROStepDefinition - Preferred Language to Speak: Tamil
[INFO ] 2023-01-19 18:05:39.475 [main] GROStepDefinition - Preferred Language to Read: Tamil
[INFO ] 2023-01-19 18:05:43.199 [main] GROStepDefinition - Preferred Location for Referral: Manila
[INFO ] 2023-01-19 18:05:45.343 [main] GROStepDefinition - Preferred Hospital: Manilla Hospital
[INFO ] 2023-01-19 18:05:45.344 [main] GROStepDefinition - Successfully enter The Communication Details
[INFO ] 2023-01-19 18:05:45.345 [main] GROStepDefinition - Encounter Details: 
[INFO ] 2023-01-19 18:05:48.892 [main] GROStepDefinition - SMS Alert Number: 9790000000
[INFO ] 2023-01-19 18:05:48.919 [main] GROStepDefinition - Job Position : Pharmacist
[INFO ] 2023-01-19 18:05:48.942 [main] GROStepDefinition - Is Job applicable of Driving: false
[INFO ] 2023-01-19 18:05:48.942 [main] GROStepDefinition - Successfully enter The Encounter details
[INFO ] 2023-01-19 18:05:59.351 [main] GROStepDefinition - APPLICANT CONSENT AND DECLARATION FORM
[INFO ] 2023-01-19 18:05:59.352 [main] GROStepDefinition - Applicant Details Created Successflly
[INFO ] 2023-01-19 18:05:59.352 [main] GROStepDefinition - Place Order Page
[INFO ] 2023-01-19 18:05:59.390 [main] GROStepDefinition - Token Genarated :   Token no (NND019) generated successfully
[INFO ] 2023-01-19 18:05:59.390 [main] GROStepDefinition - Visa Gender Type: Female - MaybeXray Page Not Allowed
[INFO ] 2023-01-19 18:05:59.390 [main] GROStepDefinition - Token : NND019
