[INFO ] 2023-01-20 14:41:47.069 [main] GROStepDefinition - Glosys Automation Script 2.0 Run In :  MicrosoftEdge Browser
[INFO ] 2023-01-20 14:42:03.522 [main] GROStepDefinition - Start Time  = 1674205923522
[INFO ] 2023-01-20 14:42:03.537 [main] GROStepDefinition - Case:5: Enter The Correct Username And Password
[INFO ] 2023-01-20 14:42:03.688 [main] GROStepDefinition - Username: venkat
[INFO ] 2023-01-20 14:42:03.787 [main] GROStepDefinition - Password: xOET6k1gUY
[INFO ] 2023-01-20 14:43:10.417 [main] GROStepDefinition - Glosys Automation Script 2.0 Run In :  MicrosoftEdge Browser
[INFO ] 2023-01-20 14:43:19.838 [main] GROStepDefinition - Start Time  = 1674205999838
[INFO ] 2023-01-20 14:43:19.843 [main] GROStepDefinition - Case:5: Enter The Correct Username And Password
[INFO ] 2023-01-20 14:43:19.930 [main] GROStepDefinition - Username: venkat
[INFO ] 2023-01-20 14:43:20.019 [main] GROStepDefinition - Password: xOET6k1gUY
[INFO ] 2023-01-20 14:43:25.553 [main] GROStepDefinition - Role Section: GRO
[INFO ] 2023-01-20 14:43:38.884 [main] GROStepDefinition - Choose The Counter is: MA Counter 02
[ERROR] 2023-01-20 14:43:38.884 [main] GROStepDefinition - New Counter is  available please add this counter  : MA Counter 02
[INFO ] 2023-01-20 14:43:40.557 [main] GROStepDefinition - Signed into the counter successfully
[INFO ] 2023-01-20 14:43:45.406 [main] GROStepDefinition - Visa Number: 998090981288
[INFO ] 2023-01-20 14:43:47.548 [main] GROStepDefinition - Biometric skip request sent successfully
[INFO ] 2023-01-20 14:43:51.627 [main] GROStepDefinition - Patient Profile Page
[INFO ] 2023-01-20 14:43:51.628 [main] GROStepDefinition - Personal Details: 
[INFO ] 2023-01-20 14:43:51.628 [main] GROStepDefinition - Visa Gender Type: Female
[INFO ] 2023-01-20 14:43:57.620 [main] GROStepDefinition - Applicant Believes Pregnant?: Maybe
[INFO ] 2023-01-20 14:43:57.620 [main] GROStepDefinition - Successfully enter the Personal information details
[INFO ] 2023-01-20 14:43:57.620 [main] GROStepDefinition - Communcation Details: 
[INFO ] 2023-01-20 14:43:58.679 [main] GROStepDefinition - Country: Philippines
[INFO ] 2023-01-20 14:44:01.006 [main] GROStepDefinition - Preferred Language to Speak: Tamil
[INFO ] 2023-01-20 14:44:02.017 [main] GROStepDefinition - Preferred Language to Read: Tamil
[INFO ] 2023-01-20 14:44:05.707 [main] GROStepDefinition - Preferred Location for Referral: Manila
[INFO ] 2023-01-20 14:44:07.917 [main] GROStepDefinition - Preferred Hospital: Manilla Hospital
[INFO ] 2023-01-20 14:44:07.917 [main] GROStepDefinition - Successfully enter The Communication Details
[INFO ] 2023-01-20 14:44:07.917 [main] GROStepDefinition - Encounter Details: 
[INFO ] 2023-01-20 14:44:11.299 [main] GROStepDefinition - SMS Alert Number: 9790000000
[INFO ] 2023-01-20 14:44:11.368 [main] GROStepDefinition - Job Position : Pharmacist
[INFO ] 2023-01-20 14:44:11.390 [main] GROStepDefinition - Is Job applicable of Driving: false
[INFO ] 2023-01-20 14:44:11.390 [main] GROStepDefinition - Successfully enter The Encounter details
[INFO ] 2023-01-20 14:44:21.550 [main] GROStepDefinition - APPLICANT CONSENT AND DECLARATION FORM
[INFO ] 2023-01-20 14:44:21.550 [main] GROStepDefinition - Applicant Details Created Successflly
[INFO ] 2023-01-20 14:44:21.551 [main] GROStepDefinition - Place Order Page
[INFO ] 2023-01-20 14:44:21.649 [main] GROStepDefinition - Token Genarated :   Token no (NND025) generated successfully
[INFO ] 2023-01-20 14:44:21.649 [main] GROStepDefinition - Visa Gender Type: Female - MaybeXray Page Not Allowed
[INFO ] 2023-01-20 14:44:21.649 [main] GROStepDefinition - Token : NND025
[INFO ] 2023-01-20 14:44:26.810 [main] GROStepDefinition -  Generate Service Recipt
[INFO ] 2023-01-20 14:44:26.814 [main] GROStepDefinition - Capture Identify Page:
[INFO ] 2023-01-20 14:44:26.815 [main] GROStepDefinition - Vaccination Document Status Condition is: No
[INFO ] 2023-01-20 14:44:26.815 [main] GROStepDefinition - Referral Document Status Condition is: No
[INFO ] 2023-01-20 14:44:30.024 [main] GROStepDefinition - Applicant identity details updated successfully
[INFO ] 2023-01-20 14:44:32.178 [main] GROStepDefinition - GRO Module Feedback Collected
[INFO ] 2023-01-20 14:44:44.685 [main] CommonDefinition - Logout Successfully
[INFO ] 2023-01-20 14:44:46.695 [main] GROStepDefinition - GRO Runing Time:
[INFO ] 2023-01-20 14:44:46.696 [main] CommonDefinition - Total Time Mints = Mints: 1 mints  26 seconds
[INFO ] 2023-01-20 14:44:46.696 [main] CommonDefinition -  Total Time  Seconds = 86 seconds
[INFO ] 2023-01-20 14:44:49.886 [main] NurseModuleStepDefinition - Start Time  = 1674206086763
[INFO ] 2023-01-20 14:44:51.039 [main] NurseModuleStepDefinition - Nurse Module
[INFO ] 2023-01-20 14:44:56.217 [main] NurseModuleStepDefinition - Role Section: Nurse
[INFO ] 2023-01-20 14:45:06.210 [main] NurseModuleStepDefinition - Choose The Counter Is: philipinesnurse2 02
[INFO ] 2023-01-20 14:45:18.055 [main] GpModuleStepDefinition - Start Time  = 1674206118055
[INFO ] 2023-01-20 14:45:19.094 [main] LabJuniorStepDefinition - Start Time  = 1674206119094
[INFO ] 2023-01-20 14:45:32.752 [main] GROStepDefinition - Glosys Automation Script 2.0 Run In :  MicrosoftEdge Browser
[INFO ] 2023-01-20 14:45:42.672 [main] GROStepDefinition - Start Time  = 1674206142672
[INFO ] 2023-01-20 14:45:42.685 [main] GROStepDefinition - Case:5: Enter The Correct Username And Password
[INFO ] 2023-01-20 14:45:42.798 [main] GROStepDefinition - Username: venkat
[INFO ] 2023-01-20 14:45:42.894 [main] GROStepDefinition - Password: xOET6k1gUY
[INFO ] 2023-01-20 14:45:47.671 [main] GROStepDefinition - Role Section: GRO
[INFO ] 2023-01-20 14:46:00.930 [main] GROStepDefinition - Choose The Counter is: MA Counter 01
[ERROR] 2023-01-20 14:46:00.930 [main] GROStepDefinition - New Counter is  available please add this counter  : MA Counter 01
[INFO ] 2023-01-20 14:46:02.653 [main] GROStepDefinition - Signed into the counter successfully
[INFO ] 2023-01-20 14:46:07.450 [main] GROStepDefinition - Visa Number: 998090981289
[INFO ] 2023-01-20 14:46:09.601 [main] GROStepDefinition - Biometric skip request sent successfully
[INFO ] 2023-01-20 14:46:13.787 [main] GROStepDefinition - Patient Profile Page
[INFO ] 2023-01-20 14:46:13.787 [main] GROStepDefinition - Personal Details: 
[INFO ] 2023-01-20 14:46:13.787 [main] GROStepDefinition - Visa Gender Type: Female
[INFO ] 2023-01-20 14:46:19.650 [main] GROStepDefinition - Applicant Believes Pregnant?: Maybe
[INFO ] 2023-01-20 14:46:19.650 [main] GROStepDefinition - Successfully enter the Personal information details
[INFO ] 2023-01-20 14:46:19.651 [main] GROStepDefinition - Communcation Details: 
[INFO ] 2023-01-20 14:46:20.727 [main] GROStepDefinition - Country: Philippines
[INFO ] 2023-01-20 14:46:23.007 [main] GROStepDefinition - Preferred Language to Speak: Tamil
[INFO ] 2023-01-20 14:46:24.086 [main] GROStepDefinition - Preferred Language to Read: Tamil
[INFO ] 2023-01-20 14:46:27.759 [main] GROStepDefinition - Preferred Location for Referral: Manila
[INFO ] 2023-01-20 14:46:29.828 [main] GROStepDefinition - Preferred Hospital: Manilla Hospital
[INFO ] 2023-01-20 14:46:29.828 [main] GROStepDefinition - Successfully enter The Communication Details
[INFO ] 2023-01-20 14:46:29.829 [main] GROStepDefinition - Encounter Details: 
[INFO ] 2023-01-20 14:46:33.188 [main] GROStepDefinition - SMS Alert Number: 9790000000
[INFO ] 2023-01-20 14:46:33.215 [main] GROStepDefinition - Job Position : Pharmacist
[INFO ] 2023-01-20 14:46:33.234 [main] GROStepDefinition - Is Job applicable of Driving: false
[INFO ] 2023-01-20 14:46:33.234 [main] GROStepDefinition - Successfully enter The Encounter details
[INFO ] 2023-01-20 14:46:50.265 [main] GROStepDefinition - APPLICANT CONSENT AND DECLARATION FORM
[INFO ] 2023-01-20 14:46:50.265 [main] GROStepDefinition - Applicant Details Created Successflly
[INFO ] 2023-01-20 14:46:50.266 [main] GROStepDefinition - Place Order Page
[INFO ] 2023-01-20 14:46:50.371 [main] GROStepDefinition - Token Genarated :   Token no (NND026) generated successfully
[INFO ] 2023-01-20 14:46:50.371 [main] GROStepDefinition - Visa Gender Type: Female - MaybeXray Page Not Allowed
[INFO ] 2023-01-20 14:46:50.371 [main] GROStepDefinition - Token : NND026
[INFO ] 2023-01-20 14:46:55.527 [main] GROStepDefinition -  Generate Service Recipt
[INFO ] 2023-01-20 14:46:55.530 [main] GROStepDefinition - Capture Identify Page:
[INFO ] 2023-01-20 14:46:55.530 [main] GROStepDefinition - Vaccination Document Status Condition is: No
[INFO ] 2023-01-20 14:46:55.530 [main] GROStepDefinition - Referral Document Status Condition is: No
[INFO ] 2023-01-20 14:46:58.736 [main] GROStepDefinition - Applicant identity details updated successfully
[INFO ] 2023-01-20 14:47:00.840 [main] GROStepDefinition - GRO Module Feedback Collected
[INFO ] 2023-01-20 14:47:13.354 [main] CommonDefinition - Logout Successfully
[INFO ] 2023-01-20 14:47:15.354 [main] GROStepDefinition - GRO Runing Time:
[INFO ] 2023-01-20 14:47:15.355 [main] CommonDefinition - Total Time Mints = Mints: 1 mints  32 seconds
[INFO ] 2023-01-20 14:47:15.356 [main] CommonDefinition -  Total Time  Seconds = 92 seconds
[INFO ] 2023-01-20 14:47:18.563 [main] NurseModuleStepDefinition - Start Time  = 1674206235428
[INFO ] 2023-01-20 14:47:19.699 [main] NurseModuleStepDefinition - Nurse Module
[INFO ] 2023-01-20 14:47:24.963 [main] NurseModuleStepDefinition - Role Section: Nurse
[INFO ] 2023-01-20 14:47:35.000 [main] NurseModuleStepDefinition - Choose The Counter Is: philipinesnurse1 01
[INFO ] 2023-01-20 14:47:45.625 [main] NurseTokenVerify - Nurse Module Token : 
[INFO ] 2023-01-20 14:47:45.672 [main] GpModuleStepDefinition - Start Time  = 1674206265672
[INFO ] 2023-01-20 14:48:06.765 [main] LabJuniorStepDefinition - Start Time  = 1674206286765
[INFO ] 2023-01-20 14:48:28.802 [main] LabSeniorStepDefinition - Start Time  = 1674206308802
[INFO ] 2023-01-20 14:48:47.318 [main] LabSupervisorStepDefinition - Start Time  = 1674206327318
[INFO ] 2023-01-20 16:03:14.435 [main] GROStepDefinition - Glosys Automation Script 2.0 Run In :  MicrosoftEdge Browser
[INFO ] 2023-01-20 16:04:20.896 [main] GROStepDefinition - Start Time  = 1674210860896
[INFO ] 2023-01-20 16:04:20.901 [main] GROStepDefinition - Case:5: Enter The Correct Username And Password
[INFO ] 2023-01-20 16:04:24.012 [main] GpModuleStepDefinition - Start Time  = 1674210864011
[INFO ] 2023-01-20 16:04:25.063 [main] LabJuniorStepDefinition - Start Time  = 1674210865063
[INFO ] 2023-01-20 16:04:27.077 [main] LabSeniorStepDefinition - Start Time  = 1674210867077
[INFO ] 2023-01-20 16:50:44.757 [main] GROStepDefinition - Glosys Automation Script 2.0 Run In :  MicrosoftEdge Browser
[INFO ] 2023-01-20 16:50:58.391 [main] GROStepDefinition - Start Time  = 1674213658391
[INFO ] 2023-01-20 16:50:58.402 [main] GROStepDefinition - Case:5: Enter The Correct Username And Password
[INFO ] 2023-01-20 16:50:58.545 [main] GROStepDefinition - Username: venkat
[INFO ] 2023-01-20 16:50:58.650 [main] GROStepDefinition - Password: xOET6k1gUY
[INFO ] 2023-01-20 16:51:03.371 [main] GROStepDefinition - Role Section: GRO
[INFO ] 2023-01-20 16:51:17.112 [main] GROStepDefinition - Choose The Counter is: MA Counter 01
[ERROR] 2023-01-20 16:51:17.113 [main] GROStepDefinition - New Counter is  available please add this counter  : MA Counter 01
[INFO ] 2023-01-20 16:51:18.919 [main] GROStepDefinition - Signed into the counter successfully
[INFO ] 2023-01-20 16:51:23.896 [main] GROStepDefinition - Visa Number: 998090981303
[INFO ] 2023-01-20 16:51:26.124 [main] GROStepDefinition - Biometric skip request sent successfully
[INFO ] 2023-01-20 16:51:30.197 [main] GROStepDefinition - Patient Profile Page
[INFO ] 2023-01-20 16:51:30.197 [main] GROStepDefinition - Personal Details: 
[INFO ] 2023-01-20 16:51:30.198 [main] GROStepDefinition - Visa Gender Type: Female
[INFO ] 2023-01-20 16:51:36.485 [main] GROStepDefinition - Applicant Believes Pregnant?: Maybe
[INFO ] 2023-01-20 16:51:36.485 [main] GROStepDefinition - Successfully enter the Personal information details
[INFO ] 2023-01-20 16:51:36.486 [main] GROStepDefinition - Communcation Details: 
[INFO ] 2023-01-20 16:51:37.572 [main] GROStepDefinition - Country: Philippines
[INFO ] 2023-01-20 16:51:40.058 [main] GROStepDefinition - Preferred Language to Speak: Tamil
[INFO ] 2023-01-20 16:51:41.203 [main] GROStepDefinition - Preferred Language to Read: Tamil
[INFO ] 2023-01-20 16:51:44.917 [main] GROStepDefinition - Preferred Location for Referral: Manila
[INFO ] 2023-01-20 16:51:47.120 [main] GROStepDefinition - Preferred Hospital: Manilla Hospital
[INFO ] 2023-01-20 16:51:47.120 [main] GROStepDefinition - Successfully enter The Communication Details
[INFO ] 2023-01-20 16:51:47.120 [main] GROStepDefinition - Encounter Details: 
[INFO ] 2023-01-20 16:51:50.587 [main] GROStepDefinition - SMS Alert Number: 9790000000
[INFO ] 2023-01-20 16:51:50.645 [main] GROStepDefinition - Job Position : Pharmacist
[INFO ] 2023-01-20 16:51:50.685 [main] GROStepDefinition - Is Job applicable of Driving: false
[INFO ] 2023-01-20 16:51:50.686 [main] GROStepDefinition - Successfully enter The Encounter details
[INFO ] 2023-01-20 16:52:01.087 [main] GROStepDefinition - APPLICANT CONSENT AND DECLARATION FORM
[INFO ] 2023-01-20 16:52:01.088 [main] GROStepDefinition - Applicant Details Created Successflly
[INFO ] 2023-01-20 16:52:01.088 [main] GROStepDefinition - Place Order Page
[INFO ] 2023-01-20 16:52:01.181 [main] GROStepDefinition - Token Genarated :   Token no (NND032) generated successfully
[INFO ] 2023-01-20 16:52:01.181 [main] GROStepDefinition - Visa Gender Type: Female - MaybeXray Page Not Allowed
[INFO ] 2023-01-20 16:52:01.181 [main] GROStepDefinition - Token : NND032
[INFO ] 2023-01-20 16:52:06.440 [main] GROStepDefinition -  Generate Service Recipt
[INFO ] 2023-01-20 16:52:06.443 [main] GROStepDefinition - Capture Identify Page:
[INFO ] 2023-01-20 16:52:06.443 [main] GROStepDefinition - Vaccination Document Status Condition is: No
[INFO ] 2023-01-20 16:52:06.444 [main] GROStepDefinition - Referral Document Status Condition is: No
[INFO ] 2023-01-20 16:52:09.629 [main] GROStepDefinition - Applicant identity details updated successfully
[INFO ] 2023-01-20 16:52:11.906 [main] GROStepDefinition - GRO Module Feedback Collected
[INFO ] 2023-01-20 16:52:24.601 [main] CommonDefinition - Logout Successfully
[INFO ] 2023-01-20 16:52:26.610 [main] GROStepDefinition - GRO Runing Time:
[INFO ] 2023-01-20 16:52:26.611 [main] CommonDefinition - Total Time Mints = Mints: 1 mints  28 seconds
[INFO ] 2023-01-20 16:52:26.612 [main] CommonDefinition -  Total Time  Seconds = 88 seconds
[INFO ] 2023-01-20 16:52:29.846 [main] NurseModuleStepDefinition - Start Time  = 1674213746679
[INFO ] 2023-01-20 16:52:31.054 [main] NurseModuleStepDefinition - Nurse Module
[INFO ] 2023-01-20 16:52:36.335 [main] NurseModuleStepDefinition - Role Section: Nurse
[INFO ] 2023-01-20 16:52:46.607 [main] NurseModuleStepDefinition - Choose The Counter Is: philipinesnurse1 01
[INFO ] 2023-01-20 16:52:59.083 [main] NurseTokenVerify - Nurse Module Token : NND004
[INFO ] 2023-01-20 16:52:59.083 [main] NurseTokenVerify - Token Lenght For Nurse String : 04
[INFO ] 2023-01-20 16:52:59.084 [main] NurseTokenVerify -  Nurse Current Token Number Next Token In Last Two Number 4
[INFO ] 2023-01-20 16:52:59.084 [main] NurseTokenVerify - Gro Token for String 32
[INFO ] 2023-01-20 16:52:59.084 [main] NurseTokenVerify - Gro Token Last Two Number  In Int: 32
[INFO ] 2023-01-20 16:52:59.084 [main] NurseTokenVerify - Nurse Token : 4 -- Gro Token  :32
[INFO ] 2023-01-20 16:53:07.844 [main] NurseTokenVerify - Nurse Module  Loop Token : NND005
[INFO ] 2023-01-20 16:53:07.844 [main] NurseTokenVerify - Get The Loop Next Token For Nurse  5
[INFO ] 2023-01-20 16:53:07.844 [main] NurseTokenVerify - Nurse Token : 5-- Gro Token  :32
[INFO ] 2023-01-20 16:53:16.460 [main] NurseTokenVerify - Nurse Module  Loop Token : NND026
[INFO ] 2023-01-20 16:53:16.460 [main] NurseTokenVerify - Get The Loop Next Token For Nurse  26
[INFO ] 2023-01-20 16:53:16.461 [main] NurseTokenVerify - Nurse Token : 26-- Gro Token  :32
[INFO ] 2023-01-20 16:53:25.328 [main] NurseTokenVerify - Nurse Module  Loop Token : NND027
[INFO ] 2023-01-20 16:53:25.329 [main] NurseTokenVerify - Get The Loop Next Token For Nurse  27
[INFO ] 2023-01-20 16:53:25.329 [main] NurseTokenVerify - Nurse Token : 27-- Gro Token  :32
[INFO ] 2023-01-20 16:53:33.903 [main] NurseTokenVerify - Nurse Module  Loop Token : NND001
[INFO ] 2023-01-20 16:53:33.904 [main] NurseTokenVerify - Get The Loop Next Token For Nurse  1
[INFO ] 2023-01-20 16:53:33.904 [main] NurseTokenVerify - Nurse Token : 1-- Gro Token  :32
[INFO ] 2023-01-20 16:53:42.665 [main] NurseTokenVerify - Nurse Module  Loop Token : NND025
[INFO ] 2023-01-20 16:53:42.666 [main] NurseTokenVerify - Get The Loop Next Token For Nurse  25
[INFO ] 2023-01-20 16:53:42.666 [main] NurseTokenVerify - Nurse Token : 25-- Gro Token  :32
[INFO ] 2023-01-20 16:53:51.390 [main] NurseTokenVerify - Nurse Module  Loop Token : NND028
[INFO ] 2023-01-20 16:53:51.390 [main] NurseTokenVerify - Get The Loop Next Token For Nurse  28
[INFO ] 2023-01-20 16:53:51.391 [main] NurseTokenVerify - Nurse Token : 28-- Gro Token  :32
[INFO ] 2023-01-20 16:54:00.151 [main] NurseTokenVerify - Nurse Module  Loop Token : NNDX029
[INFO ] 2023-01-20 16:54:00.151 [main] NurseTokenVerify - Get The Loop Next Token For Nurse  29
[INFO ] 2023-01-20 16:54:00.152 [main] NurseTokenVerify - Nurse Token : 29-- Gro Token  :32
[INFO ] 2023-01-20 16:54:08.896 [main] NurseTokenVerify - Nurse Module  Loop Token : NND032
[INFO ] 2023-01-20 16:54:08.897 [main] NurseTokenVerify - Get The Loop Next Token For Nurse  32
[INFO ] 2023-01-20 16:54:08.897 [main] NurseTokenVerify - Nurse Token : 32-- Gro Token  :32
[INFO ] 2023-01-20 16:54:10.071 [main] NurseTokenVerify - Successfully Verified The Token
[INFO ] 2023-01-20 16:54:12.340 [main] NurseModuleStepDefinition - Record Vitals:
[INFO ] 2023-01-20 16:54:16.168 [main] NurseModuleStepDefinition - Height: 160
[INFO ] 2023-01-20 16:54:16.521 [main] NurseModuleStepDefinition - Weight: 60
[INFO ] 2023-01-20 16:54:18.029 [main] NurseModuleStepDefinition - Successfully enter the Body Mass Index
[INFO ] 2023-01-20 16:54:21.059 [main] NurseModuleStepDefinition - Vision (R): 6/6
[INFO ] 2023-01-20 16:54:24.012 [main] NurseModuleStepDefinition - Vision (L): 6/6
[INFO ] 2023-01-20 16:54:24.012 [main] NurseModuleStepDefinition - Successfully enter the Vision Module
[INFO ] 2023-01-20 16:54:26.016 [main] NurseModuleStepDefinition - Job Describtion : Pharmacist
[INFO ] 2023-01-20 16:54:26.951 [main] NurseModuleStepDefinition -  Nurse Assign The Systolic Pressure Value: 120
[INFO ] 2023-01-20 16:54:27.822 [main] NurseModuleStepDefinition -  Nurse Assign The Diastolic Pressure Value: 80
[INFO ] 2023-01-20 16:54:29.096 [main] NurseModuleStepDefinition - Successfully enter the Other Module
[INFO ] 2023-01-20 16:54:29.096 [main] NurseModuleStepDefinition - New applicant vitals details created successfully
[INFO ] 2023-01-20 16:54:29.097 [main] NurseModuleStepDefinition - Speciman Genaration :
[INFO ] 2023-01-20 16:54:32.461 [main] NurseModuleStepDefinition - Order ID : 3829
[INFO ] 2023-01-20 16:54:32.461 [main] NurseModuleStepDefinition - Plasma Specimen Number: Yet to be Generated
[INFO ] 2023-01-20 16:54:32.461 [main] NurseModuleStepDefinition - Serum Specimen Number: Yet to be Generated
[INFO ] 2023-01-20 16:54:32.461 [main] NurseModuleStepDefinition - Whole Blood Specimen Number: Yet to be Generated
[INFO ] 2023-01-20 16:54:48.680 [main] NurseModuleStepDefinition - Speciman Genarated Successfully
[INFO ] 2023-01-20 16:54:48.680 [main] NurseModuleStepDefinition - Speciman Collection :
[INFO ] 2023-01-20 16:54:50.975 [main] NurseModuleStepDefinition - Plasma Specimen Number: BLP2018374469: Generated
[INFO ] 2023-01-20 16:54:50.976 [main] NurseModuleStepDefinition - Serum Specimen Number: BLS2013076453: Generated
[INFO ] 2023-01-20 16:54:50.976 [main] NurseModuleStepDefinition - Whole Blood Specimen Number: WBL2000317508: Generated
[INFO ] 2023-01-20 16:54:53.620 [main] NurseModuleStepDefinition - Speciman Collected Successfully
[INFO ] 2023-01-20 16:54:53.621 [main] NurseModuleStepDefinition - Vaccination: 
[INFO ] 2023-01-20 16:54:57.844 [main] NurseModuleStepDefinition - Nurse Module Feedback collected successfully
[INFO ] 2023-01-20 16:55:03.846 [main] NurseModuleStepDefinition - Sample Outgoing
[INFO ] 2023-01-20 16:55:12.381 [main] NurseModuleStepDefinition - Plasma Specimen Number: BLP2018374469
[INFO ] 2023-01-20 16:55:12.381 [main] NurseModuleStepDefinition - Serum Specimen Number: BLS2013076453
[INFO ] 2023-01-20 16:55:12.382 [main] NurseModuleStepDefinition - Whole Blood Specimen Number: WBL2000317508
[INFO ] 2023-01-20 16:55:12.382 [main] NurseModuleStepDefinition - Scan Specimen Number
[INFO ] 2023-01-20 16:55:15.209 [main] NurseModuleStepDefinition - Successfully scan the Plasma Specimen Number: BLP2018374469
[INFO ] 2023-01-20 16:55:17.617 [main] NurseModuleStepDefinition - Successfully scan the Serum Specimen Number: BLS2013076453
[INFO ] 2023-01-20 16:55:19.906 [main] NurseModuleStepDefinition - Suceessfully scan the Whole Blood Specimen Number: WBL2000317508
[INFO ] 2023-01-20 16:55:19.907 [main] NurseModuleStepDefinition - Lab Technician and GRO Information
[INFO ] 2023-01-20 16:55:23.942 [main] NurseModuleStepDefinition - Lab Tech Name: Lab Technician Glossys
[INFO ] 2023-01-20 16:55:25.885 [main] NurseModuleStepDefinition - GRO Name: GRO Glossys
[INFO ] 2023-01-20 16:55:27.110 [main] NurseModuleStepDefinition -  Sample's Sent to LAB successfully
[INFO ] 2023-01-20 16:55:35.656 [main] CommonDefinition - Logout Successfully
[INFO ] 2023-01-20 16:55:37.670 [main] NurseModuleStepDefinition - Nurse Runing Time:
[INFO ] 2023-01-20 16:55:37.670 [main] CommonDefinition - Total Time Mints = Mints: 3 mints  10 seconds
[INFO ] 2023-01-20 16:55:37.672 [main] CommonDefinition -  Total Time  Seconds = 190 seconds
[INFO ] 2023-01-20 16:55:37.716 [main] GpModuleStepDefinition - Start Time  = 1674213937716
[INFO ] 2023-01-20 16:55:38.833 [main] GpModuleStepDefinition - Username: venkat
[INFO ] 2023-01-20 16:55:39.949 [main] GpModuleStepDefinition - Password: xOET6k1gUY
[INFO ] 2023-01-20 16:55:41.061 [main] GpModuleStepDefinition - Stemz GP Module
[INFO ] 2023-01-20 16:55:44.357 [main] GpModuleStepDefinition - Role Section: STEMZ GP
[INFO ] 2023-01-20 16:55:52.865 [main] GpModuleStepDefinition - Choose The Counter Is: 
[INFO ] 2023-01-20 16:56:04.112 [main] NurseTokenVerify - Nurse Module Token : ND008
[INFO ] 2023-01-20 16:56:04.112 [main] NurseTokenVerify - Token Lenght For Nurse String : 08
[INFO ] 2023-01-20 16:56:04.113 [main] NurseTokenVerify -  Nurse Current Token Number Next Token In Last Two Number 8
[INFO ] 2023-01-20 16:56:04.113 [main] NurseTokenVerify - Gro Token for String 32
[INFO ] 2023-01-20 16:56:04.113 [main] NurseTokenVerify - Gro Token Last Two Number  In Int: 32
[INFO ] 2023-01-20 16:56:04.113 [main] NurseTokenVerify - Nurse Token : 8 -- Gro Token  :32
[INFO ] 2023-01-20 16:56:12.546 [main] NurseTokenVerify - Nurse Module  Loop Token : ND015
[INFO ] 2023-01-20 16:56:12.547 [main] NurseTokenVerify - Get The Loop Next Token For Nurse  15
[INFO ] 2023-01-20 16:56:12.547 [main] NurseTokenVerify - Nurse Token : 15-- Gro Token  :32
[INFO ] 2023-01-20 16:56:20.829 [main] NurseTokenVerify - Nurse Module  Loop Token : NND023
[INFO ] 2023-01-20 16:56:20.829 [main] NurseTokenVerify - Get The Loop Next Token For Nurse  23
[INFO ] 2023-01-20 16:56:20.830 [main] NurseTokenVerify - Nurse Token : 23-- Gro Token  :32
[INFO ] 2023-01-20 16:56:29.138 [main] NurseTokenVerify - Nurse Module  Loop Token : NND032
[INFO ] 2023-01-20 16:56:29.139 [main] NurseTokenVerify - Get The Loop Next Token For Nurse  32
[INFO ] 2023-01-20 16:56:29.139 [main] NurseTokenVerify - Nurse Token : 32-- Gro Token  :32
[INFO ] 2023-01-20 16:56:30.309 [main] NurseTokenVerify - Successfully Verified The Token
[INFO ] 2023-01-20 16:56:32.568 [main] GpModuleStepDefinition - Gp Consulation Process
[INFO ] 2023-01-20 16:56:42.870 [main] GpModuleStepDefinition - Stemz Gp Assign The AbNormal Blood Pressure Value: 120
[INFO ] 2023-01-20 16:56:44.333 [main] GpModuleStepDefinition -  Stemz Gp Assign The Diastolic Pressure Value: 80
[INFO ] 2023-01-20 16:56:45.337 [main] GpModuleStepDefinition - Consulation
[INFO ] 2023-01-20 16:56:51.034 [main] GpModuleStepDefinition - Preset: Normal
[INFO ] 2023-01-20 16:56:53.055 [main] GpModuleStepDefinition - Medical History: No
[INFO ] 2023-01-20 16:56:54.358 [main] GpModuleStepDefinition - Pervious Illness: No
[INFO ] 2023-01-20 16:56:55.509 [main] GpModuleStepDefinition - Your Meals In Last 10 Hours: No
[INFO ] 2023-01-20 16:56:56.900 [main] GpModuleStepDefinition - Psychiatric Or Neurological Disorder: No
[INFO ] 2023-01-20 16:56:59.330 [main] GpModuleStepDefinition - Comments: Okay
[INFO ] 2023-01-20 16:57:06.701 [main] GpModuleStepDefinition - Consultation details updated successfully
[INFO ] 2023-01-20 16:57:14.514 [main] GpModuleStepDefinition - Stemz GP Feedback collected successfully
[INFO ] 2023-01-20 16:57:28.079 [main] CommonDefinition - Logout Successfully
[INFO ] 2023-01-20 16:57:30.091 [main] GpModuleStepDefinition - Stemz Gp Run Time : 
[INFO ] 2023-01-20 16:57:30.092 [main] CommonDefinition - Total Time Mints = Mints: 1 mints  52 seconds
[INFO ] 2023-01-20 16:57:30.092 [main] CommonDefinition -  Total Time  Seconds = 112 seconds
[INFO ] 2023-01-20 16:57:30.095 [main] GpModuleStepDefinition - 88219
[INFO ] 2023-01-20 16:57:30.096 [main] GpModuleStepDefinition - 190991
[INFO ] 2023-01-20 16:57:30.096 [main] GpModuleStepDefinition - Female Applicant & Pregnant :Maybe
[INFO ] 2023-01-20 16:57:30.134 [main] LabJuniorStepDefinition - Start Time  = 1674214050134
[INFO ] 2023-01-20 16:57:34.619 [main] LabJuniorStepDefinition - Lab Junior Module
[INFO ] 2023-01-20 16:57:37.863 [main] LabJuniorStepDefinition - Role Section: Lab Junior
[INFO ] 2023-01-20 16:57:43.255 [main] LabJuniorStepDefinition - Specimen Inscan Process
[INFO ] 2023-01-20 16:57:59.026 [main] LabJuniorStepDefinition - Plasma Specimen Number: BLP2018374469
[INFO ] 2023-01-20 16:57:59.681 [main] LabJuniorStepDefinition - Successfully Scan Plasma Specimen Number
[INFO ] 2023-01-20 16:58:01.635 [main] LabJuniorStepDefinition - Serum Specimen Number: BLS2013076453
[INFO ] 2023-01-20 16:58:02.264 [main] LabJuniorStepDefinition - Successfully Scan Serum Specimen Number
[INFO ] 2023-01-20 16:58:04.242 [main] LabJuniorStepDefinition - Whole Blood Specimen Number: WBL2000317508
[INFO ] 2023-01-20 16:58:04.992 [main] LabJuniorStepDefinition - Successfully Scan Whole Blood Number
[INFO ] 2023-01-20 16:58:06.069 [main] LabJuniorStepDefinition - Lab ID: 1427
[INFO ] 2023-01-20 16:58:09.888 [main] LabJuniorStepDefinition - Specimen inscan details saved successfully
[INFO ] 2023-01-20 16:58:09.889 [main] LabJuniorStepDefinition - Lab Work List
[INFO ] 2023-01-20 16:58:09.889 [main] LabJuniorStepDefinition - Gender Type: Female
[INFO ] 2023-01-20 16:58:32.886 [main] LabJuniorWorkList - Haemoglobin: 11
[INFO ] 2023-01-20 16:58:39.655 [main] LabJuniorWorkList - Blood Group: O Positive
[INFO ] 2023-01-20 16:58:46.503 [main] LabJuniorWorkList - HIV: Negative
[INFO ] 2023-01-20 16:58:54.240 [main] LabJuniorWorkList - Anti HCV: Positive
[INFO ] 2023-01-20 16:59:00.050 [main] LabJuniorWorkList - HBsAg: Positive
[INFO ] 2023-01-20 16:59:02.405 [main] LabJuniorWorkList - SGOT Trigger Status :false
[INFO ] 2023-01-20 16:59:02.405 [main] LabJuniorWorkList - SGOT Referral Count :0
[INFO ] 2023-01-20 16:59:03.685 [main] LabJuniorWorkList - SGOT: 22
[INFO ] 2023-01-20 16:59:06.075 [main] LabJuniorWorkList - SGPT Trigger Status :false
[INFO ] 2023-01-20 16:59:06.076 [main] LabJuniorWorkList - SGPT Referral Count :0
[INFO ] 2023-01-20 16:59:07.395 [main] LabJuniorWorkList - SGPT: 44
[INFO ] 2023-01-20 16:59:12.691 [main] LabJuniorWorkList - Creatinine Trigger Status :false
[INFO ] 2023-01-20 16:59:12.691 [main] LabJuniorWorkList - Creatinine Referral Count :0
[INFO ] 2023-01-20 16:59:13.986 [main] LabJuniorWorkList - Creatinine: 1
[INFO ] 2023-01-20 16:59:18.717 [main] LabJuniorWorkList - RPR: Reactive
[INFO ] 2023-01-20 16:59:23.471 [main] LabJuniorWorkList - BEta HC: Negative
[INFO ] 2023-01-20 16:59:25.822 [main] LabJuniorWorkList - Glucose Trigger Status :false
[INFO ] 2023-01-20 16:59:25.823 [main] LabJuniorWorkList - Glucose Referral Count :0
[INFO ] 2023-01-20 16:59:25.823 [main] LabJuniorWorkList - Glucose: 80
[INFO ] 2023-01-20 16:59:30.227 [main] LabJuniorWorkList - Result submitted for authorization successfully
[INFO ] 2023-01-20 16:59:42.011 [main] CommonDefinition - Logout Successfully
[INFO ] 2023-01-20 16:59:44.016 [main] LabJuniorStepDefinition - Lab Junior Runing Time:
[INFO ] 2023-01-20 16:59:44.017 [main] CommonDefinition - Total Time Mints = Mints: 2 mints  13 seconds
[INFO ] 2023-01-20 16:59:44.017 [main] CommonDefinition -  Total Time  Seconds = 133 seconds
[INFO ] 2023-01-20 16:59:44.057 [main] LabSeniorStepDefinition - Start Time  = 1674214184057
[INFO ] 2023-01-20 16:59:48.472 [main] LabSeniorStepDefinition - Lab Senior Module
[INFO ] 2023-01-20 16:59:51.721 [main] LabSeniorStepDefinition - Role Section: Lab Senior
[INFO ] 2023-01-20 16:59:58.158 [main] LabSeniorStepDefinition - Result Entry Review
[INFO ] 2023-01-20 17:00:04.017 [main] LabSeniorStepDefinition - Lab ID: 1427
[INFO ] 2023-01-20 17:00:17.377 [main] LabSeniorStepDefinition - Lab Senior First Review
[INFO ] 2023-01-20 17:00:17.377 [main] LabSeniorStepDefinition - Gender Type: Female
[INFO ] 2023-01-20 17:00:18.535 [main] LabSeniorStepDefinition - Haemoglobin: 11 = Reviewed
[INFO ] 2023-01-20 17:00:19.174 [main] LabSeniorStepDefinition - Blood Group: O Positive = Reviewed
[INFO ] 2023-01-20 17:00:19.884 [main] LabSeniorStepDefinition - HIV: Negative = Reviewed
[INFO ] 2023-01-20 17:00:20.522 [main] LabSeniorStepDefinition - Anti HCV: Positive = Reviewed
[INFO ] 2023-01-20 17:00:21.178 [main] LabSeniorStepDefinition - HBsAg: Positive = Reviewed
[INFO ] 2023-01-20 17:00:21.900 [main] LabSeniorStepDefinition - SGOT: 22 = Reviewed
[INFO ] 2023-01-20 17:00:24.329 [main] LabSeniorStepDefinition - SGPT: 44 = Reviewed
[INFO ] 2023-01-20 17:00:24.985 [main] LabSeniorStepDefinition - Creatinine: 1 = Reviewed
[INFO ] 2023-01-20 17:00:25.737 [main] LabSeniorStepDefinition - RPR: Reactive = Reviewed
[INFO ] 2023-01-20 17:00:26.456 [main] LabSeniorStepDefinition - BEta HC: Negative = Reviewed
[INFO ] 2023-01-20 17:00:27.251 [main] LabSeniorStepDefinition - Glucose: 80 = Reviewed
[INFO ] 2023-01-20 17:00:28.804 [main] LabSeniorStepDefinition - Result submitted for authorization successfully
[INFO ] 2023-01-20 17:00:35.565 [main] CommonDefinition - Logout Successfully
[INFO ] 2023-01-20 17:00:37.570 [main] LabSeniorStepDefinition - Lab Senior Runing Time:
[INFO ] 2023-01-20 17:00:37.571 [main] CommonDefinition - Total Time Mints = Mints: 0 mints  53 seconds
[INFO ] 2023-01-20 17:00:37.571 [main] CommonDefinition -  Total Time  Seconds = 53 seconds
[INFO ] 2023-01-20 17:00:37.592 [main] LabSupervisorStepDefinition - Start Time  = 1674214237592
[INFO ] 2023-01-20 17:00:41.988 [main] LabSupervisorStepDefinition - Lab Supervisor Module
[INFO ] 2023-01-20 17:00:45.611 [main] LabSupervisorStepDefinition - Role Section: Lab Supervisor
[INFO ] 2023-01-20 17:00:50.985 [main] LabSupervisorStepDefinition - Pathalogist Worklist :
[INFO ] 2023-01-20 17:00:56.852 [main] LabSupervisorStepDefinition - Lab ID: 1427
[INFO ] 2023-01-20 17:01:06.618 [main] LabSupervisorStepDefinition - Result Entry :
[INFO ] 2023-01-20 17:01:07.630 [main] LabSupervisorStepDefinition - Lab Supervisor Authorize in Result Entry :
[INFO ] 2023-01-20 17:01:07.630 [main] LabSupervisorStepDefinition - Gender Type: Female
[INFO ] 2023-01-20 17:01:07.631 [main] LabSupervisorStepDefinition - Hemoglobin: 11 = Authorized
[INFO ] 2023-01-20 17:01:07.631 [main] LabSupervisorStepDefinition - Blood Group: O Positive = Authorized
[INFO ] 2023-01-20 17:01:07.632 [main] LabSupervisorStepDefinition - HIV: Negative = Authorized
[INFO ] 2023-01-20 17:01:07.632 [main] LabSupervisorStepDefinition - Anti HCV: Positive = Authorized
[INFO ] 2023-01-20 17:01:07.633 [main] LabSupervisorStepDefinition - HBsAg: Positive = Authorized
[INFO ] 2023-01-20 17:01:09.669 [main] LabSupervisorStepDefinition - SGOT: 22 = Authorized
[INFO ] 2023-01-20 17:01:09.670 [main] LabSupervisorStepDefinition - SGPT: 44 = Authorized
[INFO ] 2023-01-20 17:01:09.670 [main] LabSupervisorStepDefinition - Creatinine: 1 = Authorized
[INFO ] 2023-01-20 17:01:09.670 [main] LabSupervisorStepDefinition - RPR: Reactive = Authorized
[INFO ] 2023-01-20 17:01:09.671 [main] LabSupervisorStepDefinition - BEta HC: Negative = Authorized
[INFO ] 2023-01-20 17:01:09.671 [main] LabSupervisorStepDefinition - Glucose: 80 = Authorized
[INFO ] 2023-01-20 17:01:14.462 [main] LabSupervisorStepDefinition - Results authorized successfully!
[INFO ] 2023-01-20 17:01:21.098 [main] CommonDefinition - Logout Successfully
[INFO ] 2023-01-20 17:01:23.110 [main] LabSupervisorStepDefinition - Log out For Supervisor
[INFO ] 2023-01-20 17:01:23.111 [main] LabSupervisorStepDefinition - Lab Supervisor Runing Time:
[INFO ] 2023-01-20 17:01:23.111 [main] CommonDefinition - Total Time Mints = Mints: 0 mints  45 seconds
[INFO ] 2023-01-20 17:01:23.112 [main] CommonDefinition -  Total Time  Seconds = 45 seconds
[INFO ] 2023-01-20 17:01:26.298 [main] NurseModuleStepDefinition - Start Time  = 1674214283127
[INFO ] 2023-01-20 17:01:27.517 [main] NurseModuleStepDefinition - Nurse Module
[INFO ] 2023-01-20 17:01:32.791 [main] NurseModuleStepDefinition - Role Section: Nurse
[INFO ] 2023-01-20 17:01:38.570 [main] GROReferralTokenVerify - null
[INFO ] 2023-01-20 17:08:41.630 [main] GROStepDefinition - Glosys Automation Script 2.0 Run In :  MicrosoftEdge Browser
[INFO ] 2023-01-20 17:08:47.184 [main] GROStepDefinition - Start Time  = 1674214727184
[INFO ] 2023-01-20 17:08:47.194 [main] GROStepDefinition - Case:5: Enter The Correct Username And Password
[INFO ] 2023-01-20 17:08:47.377 [main] GROStepDefinition - Username: venkat
[INFO ] 2023-01-20 17:08:47.494 [main] GROStepDefinition - Password: xOET6k1gUY
[INFO ] 2023-01-20 17:08:52.317 [main] GROStepDefinition - Role Section: GRO
[INFO ] 2023-01-20 17:09:05.643 [main] GROStepDefinition - Choose The Counter is: MA Counter 01
[ERROR] 2023-01-20 17:09:05.643 [main] GROStepDefinition - New Counter is  available please add this counter  : MA Counter 01
[INFO ] 2023-01-20 17:09:07.341 [main] GROStepDefinition - Signed into the counter successfully
[INFO ] 2023-01-20 17:09:11.695 [main] GROStepDefinition - Visa Number: 998090981304
[INFO ] 2023-01-20 17:09:13.941 [main] GROStepDefinition - Biometric skip request sent successfully
[INFO ] 2023-01-20 17:09:18.020 [main] GROStepDefinition - Patient Profile Page
[INFO ] 2023-01-20 17:09:18.020 [main] GROStepDefinition - Personal Details: 
[INFO ] 2023-01-20 17:09:18.020 [main] GROStepDefinition - Visa Gender Type: Female
[INFO ] 2023-01-20 17:09:24.218 [main] GROStepDefinition - Applicant Believes Pregnant?: Maybe
[INFO ] 2023-01-20 17:09:24.218 [main] GROStepDefinition - Successfully enter the Personal information details
[INFO ] 2023-01-20 17:09:24.219 [main] GROStepDefinition - Communcation Details: 
[INFO ] 2023-01-20 17:09:25.303 [main] GROStepDefinition - Country: Philippines
[INFO ] 2023-01-20 17:09:27.652 [main] GROStepDefinition - Preferred Language to Speak: Tamil
[INFO ] 2023-01-20 17:09:28.804 [main] GROStepDefinition - Preferred Language to Read: Tamil
[INFO ] 2023-01-20 17:09:32.625 [main] GROStepDefinition - Preferred Location for Referral: Manila
[INFO ] 2023-01-20 17:09:34.924 [main] GROStepDefinition - Preferred Hospital: Manilla Hospital
[INFO ] 2023-01-20 17:09:34.924 [main] GROStepDefinition - Successfully enter The Communication Details
[INFO ] 2023-01-20 17:09:34.924 [main] GROStepDefinition - Encounter Details: 
[INFO ] 2023-01-20 17:09:38.492 [main] GROStepDefinition - SMS Alert Number: 9790000000
[INFO ] 2023-01-20 17:09:38.525 [main] GROStepDefinition - Job Position : Pharmacist
[INFO ] 2023-01-20 17:09:38.554 [main] GROStepDefinition - Is Job applicable of Driving: false
[INFO ] 2023-01-20 17:09:38.554 [main] GROStepDefinition - Successfully enter The Encounter details
[INFO ] 2023-01-20 17:09:55.666 [main] GROStepDefinition - APPLICANT CONSENT AND DECLARATION FORM
[INFO ] 2023-01-20 17:09:55.667 [main] GROStepDefinition - Applicant Details Created Successflly
[INFO ] 2023-01-20 17:09:55.669 [main] GROStepDefinition - Place Order Page
[INFO ] 2023-01-20 17:09:55.773 [main] GROStepDefinition - Token Genarated :   Token no (NND033) generated successfully
[INFO ] 2023-01-20 17:09:55.774 [main] GROStepDefinition - Visa Gender Type: Female - MaybeXray Page Not Allowed
[INFO ] 2023-01-20 17:09:55.774 [main] GROStepDefinition - Token : NND033
[INFO ] 2023-01-20 17:10:01.022 [main] GROStepDefinition -  Generate Service Recipt
[INFO ] 2023-01-20 17:10:01.024 [main] GROStepDefinition - Capture Identify Page:
[INFO ] 2023-01-20 17:10:01.024 [main] GROStepDefinition - Vaccination Document Status Condition is: No
[INFO ] 2023-01-20 17:10:01.024 [main] GROStepDefinition - Referral Document Status Condition is: No
[INFO ] 2023-01-20 17:10:04.253 [main] GROStepDefinition - Applicant identity details updated successfully
[INFO ] 2023-01-20 17:10:06.477 [main] GROStepDefinition - GRO Module Feedback Collected
[INFO ] 2023-01-20 17:10:19.035 [main] CommonDefinition - Logout Successfully
[INFO ] 2023-01-20 17:10:21.048 [main] GROStepDefinition - GRO Runing Time:
[INFO ] 2023-01-20 17:10:21.048 [main] CommonDefinition - Total Time Mints = Mints: 1 mints  33 seconds
[INFO ] 2023-01-20 17:10:21.049 [main] CommonDefinition -  Total Time  Seconds = 93 seconds
[INFO ] 2023-01-20 17:10:24.281 [main] NurseModuleStepDefinition - Start Time  = 1674214821102
[INFO ] 2023-01-20 17:10:25.441 [main] NurseModuleStepDefinition - Nurse Module
[INFO ] 2023-01-20 17:10:30.760 [main] NurseModuleStepDefinition - Role Section: Nurse
[INFO ] 2023-01-20 17:10:40.845 [main] NurseModuleStepDefinition - Choose The Counter Is: philipinesnurse1 01
[INFO ] 2023-01-20 17:10:51.436 [main] NurseTokenVerify - Nurse Module Token : NND004
[INFO ] 2023-01-20 17:10:51.437 [main] NurseTokenVerify - Token Lenght For Nurse String : 04
[INFO ] 2023-01-20 17:10:51.437 [main] NurseTokenVerify -  Nurse Current Token Number Next Token In Last Two Number 4
[INFO ] 2023-01-20 17:10:51.437 [main] NurseTokenVerify - Gro Token for String 33
[INFO ] 2023-01-20 17:10:51.438 [main] NurseTokenVerify - Gro Token Last Two Number  In Int: 33
[INFO ] 2023-01-20 17:10:51.438 [main] NurseTokenVerify - Nurse Token : 4 -- Gro Token  :33
[INFO ] 2023-01-20 17:10:59.743 [main] NurseTokenVerify - Nurse Module  Loop Token : NND005
[INFO ] 2023-01-20 17:10:59.744 [main] NurseTokenVerify - Get The Loop Next Token For Nurse  5
[INFO ] 2023-01-20 17:10:59.744 [main] NurseTokenVerify - Nurse Token : 5-- Gro Token  :33
[INFO ] 2023-01-20 17:11:08.012 [main] NurseTokenVerify - Nurse Module  Loop Token : NND026
[INFO ] 2023-01-20 17:11:08.013 [main] NurseTokenVerify - Get The Loop Next Token For Nurse  26
[INFO ] 2023-01-20 17:11:08.014 [main] NurseTokenVerify - Nurse Token : 26-- Gro Token  :33
[INFO ] 2023-01-20 17:11:16.267 [main] NurseTokenVerify - Nurse Module  Loop Token : NND027
[INFO ] 2023-01-20 17:11:16.267 [main] NurseTokenVerify - Get The Loop Next Token For Nurse  27
[INFO ] 2023-01-20 17:11:16.268 [main] NurseTokenVerify - Nurse Token : 27-- Gro Token  :33
[INFO ] 2023-01-20 17:11:24.586 [main] NurseTokenVerify - Nurse Module  Loop Token : NND001
[INFO ] 2023-01-20 17:11:24.587 [main] NurseTokenVerify - Get The Loop Next Token For Nurse  1
[INFO ] 2023-01-20 17:11:24.587 [main] NurseTokenVerify - Nurse Token : 1-- Gro Token  :33
[INFO ] 2023-01-20 17:11:32.950 [main] NurseTokenVerify - Nurse Module  Loop Token : NND025
[INFO ] 2023-01-20 17:11:32.951 [main] NurseTokenVerify - Get The Loop Next Token For Nurse  25
[INFO ] 2023-01-20 17:11:32.952 [main] NurseTokenVerify - Nurse Token : 25-- Gro Token  :33
[INFO ] 2023-01-20 17:11:41.183 [main] NurseTokenVerify - Nurse Module  Loop Token : NND028
[INFO ] 2023-01-20 17:11:41.183 [main] NurseTokenVerify - Get The Loop Next Token For Nurse  28
[INFO ] 2023-01-20 17:11:41.184 [main] NurseTokenVerify - Nurse Token : 28-- Gro Token  :33
[INFO ] 2023-01-20 17:11:49.472 [main] NurseTokenVerify - Nurse Module  Loop Token : NNDX029
[INFO ] 2023-01-20 17:11:49.473 [main] NurseTokenVerify - Get The Loop Next Token For Nurse  29
[INFO ] 2023-01-20 17:11:49.473 [main] NurseTokenVerify - Nurse Token : 29-- Gro Token  :33
[INFO ] 2023-01-20 17:11:57.677 [main] NurseTokenVerify - Nurse Module  Loop Token : NND033
[INFO ] 2023-01-20 17:11:57.677 [main] NurseTokenVerify - Get The Loop Next Token For Nurse  33
[INFO ] 2023-01-20 17:11:57.678 [main] NurseTokenVerify - Nurse Token : 33-- Gro Token  :33
[INFO ] 2023-01-20 17:11:58.860 [main] NurseTokenVerify - Successfully Verified The Token
[INFO ] 2023-01-20 17:12:01.088 [main] NurseModuleStepDefinition - Record Vitals:
[INFO ] 2023-01-20 17:12:04.780 [main] NurseModuleStepDefinition - Height: 160
[INFO ] 2023-01-20 17:12:05.135 [main] NurseModuleStepDefinition - Weight: 60
[INFO ] 2023-01-20 17:12:06.644 [main] NurseModuleStepDefinition - Successfully enter the Body Mass Index
[INFO ] 2023-01-20 17:12:09.586 [main] NurseModuleStepDefinition - Vision (R): 6/6
[INFO ] 2023-01-20 17:12:12.536 [main] NurseModuleStepDefinition - Vision (L): 6/6
[INFO ] 2023-01-20 17:12:12.537 [main] NurseModuleStepDefinition - Successfully enter the Vision Module
[INFO ] 2023-01-20 17:12:14.548 [main] NurseModuleStepDefinition - Job Describtion : Pharmacist
[INFO ] 2023-01-20 17:12:15.478 [main] NurseModuleStepDefinition -  Nurse Assign The Systolic Pressure Value: 120
[INFO ] 2023-01-20 17:12:16.335 [main] NurseModuleStepDefinition -  Nurse Assign The Diastolic Pressure Value: 80
[INFO ] 2023-01-20 17:12:17.640 [main] NurseModuleStepDefinition - Successfully enter the Other Module
[INFO ] 2023-01-20 17:12:17.640 [main] NurseModuleStepDefinition - New applicant vitals details created successfully
[INFO ] 2023-01-20 17:12:17.641 [main] NurseModuleStepDefinition - Speciman Genaration :
[INFO ] 2023-01-20 17:12:21.043 [main] NurseModuleStepDefinition - Order ID : 3830
[INFO ] 2023-01-20 17:12:21.043 [main] NurseModuleStepDefinition - Plasma Specimen Number: Yet to be Generated
[INFO ] 2023-01-20 17:12:21.043 [main] NurseModuleStepDefinition - Serum Specimen Number: Yet to be Generated
[INFO ] 2023-01-20 17:12:21.043 [main] NurseModuleStepDefinition - Whole Blood Specimen Number: Yet to be Generated
[INFO ] 2023-01-20 17:12:37.264 [main] NurseModuleStepDefinition - Speciman Genarated Successfully
[INFO ] 2023-01-20 17:12:37.264 [main] NurseModuleStepDefinition - Speciman Collection :
[INFO ] 2023-01-20 17:12:39.035 [main] NurseModuleStepDefinition - Plasma Specimen Number: BLP2005602187: Generated
[INFO ] 2023-01-20 17:12:39.035 [main] NurseModuleStepDefinition - Serum Specimen Number: BLS2027589122: Generated
[INFO ] 2023-01-20 17:12:39.036 [main] NurseModuleStepDefinition - Whole Blood Specimen Number: WBL2047592097: Generated
[INFO ] 2023-01-20 17:12:41.684 [main] NurseModuleStepDefinition - Speciman Collected Successfully
[INFO ] 2023-01-20 17:12:41.685 [main] NurseModuleStepDefinition - Vaccination: 
[INFO ] 2023-01-20 17:12:45.833 [main] NurseModuleStepDefinition - Nurse Module Feedback collected successfully
[INFO ] 2023-01-20 17:12:51.843 [main] NurseModuleStepDefinition - Sample Outgoing
[INFO ] 2023-01-20 17:13:00.228 [main] NurseModuleStepDefinition - Plasma Specimen Number: BLP2005602187
[INFO ] 2023-01-20 17:13:00.228 [main] NurseModuleStepDefinition - Serum Specimen Number: BLS2027589122
[INFO ] 2023-01-20 17:13:00.229 [main] NurseModuleStepDefinition - Whole Blood Specimen Number: WBL2047592097
[INFO ] 2023-01-20 17:13:00.230 [main] NurseModuleStepDefinition - Scan Specimen Number
[INFO ] 2023-01-20 17:13:03.083 [main] NurseModuleStepDefinition - Successfully scan the Plasma Specimen Number: BLP2005602187
[INFO ] 2023-01-20 17:13:05.544 [main] NurseModuleStepDefinition - Successfully scan the Serum Specimen Number: BLS2027589122
[INFO ] 2023-01-20 17:13:07.829 [main] NurseModuleStepDefinition - Suceessfully scan the Whole Blood Specimen Number: WBL2047592097
[INFO ] 2023-01-20 17:13:07.830 [main] NurseModuleStepDefinition - Lab Technician and GRO Information
[INFO ] 2023-01-20 17:13:11.810 [main] NurseModuleStepDefinition - Lab Tech Name: Lab Technician Glossys
[INFO ] 2023-01-20 17:13:13.804 [main] NurseModuleStepDefinition - GRO Name: GRO Glossys
[INFO ] 2023-01-20 17:13:15.061 [main] NurseModuleStepDefinition -  Sample's Sent to LAB successfully
[INFO ] 2023-01-20 17:13:23.697 [main] CommonDefinition - Logout Successfully
[INFO ] 2023-01-20 17:13:25.698 [main] NurseModuleStepDefinition - Nurse Runing Time:
[INFO ] 2023-01-20 17:13:25.699 [main] CommonDefinition - Total Time Mints = Mints: 3 mints  4 seconds
[INFO ] 2023-01-20 17:13:25.699 [main] CommonDefinition -  Total Time  Seconds = 184 seconds
[INFO ] 2023-01-20 17:13:25.740 [main] GpModuleStepDefinition - Start Time  = 1674215005740
[INFO ] 2023-01-20 17:13:26.868 [main] GpModuleStepDefinition - Username: venkat
[INFO ] 2023-01-20 17:13:28.044 [main] GpModuleStepDefinition - Password: xOET6k1gUY
[INFO ] 2023-01-20 17:13:29.175 [main] GpModuleStepDefinition - Stemz GP Module
[INFO ] 2023-01-20 17:13:32.462 [main] GpModuleStepDefinition - Role Section: STEMZ GP
[INFO ] 2023-01-20 17:13:40.977 [main] GpModuleStepDefinition - Choose The Counter Is: 
[INFO ] 2023-01-20 17:13:52.260 [main] NurseTokenVerify - Nurse Module Token : ND008
[INFO ] 2023-01-20 17:13:52.260 [main] NurseTokenVerify - Token Lenght For Nurse String : 08
[INFO ] 2023-01-20 17:13:52.261 [main] NurseTokenVerify -  Nurse Current Token Number Next Token In Last Two Number 8
[INFO ] 2023-01-20 17:13:52.261 [main] NurseTokenVerify - Gro Token for String 33
[INFO ] 2023-01-20 17:13:52.261 [main] NurseTokenVerify - Gro Token Last Two Number  In Int: 33
[INFO ] 2023-01-20 17:13:52.261 [main] NurseTokenVerify - Nurse Token : 8 -- Gro Token  :33
[INFO ] 2023-01-20 17:14:00.691 [main] NurseTokenVerify - Nurse Module  Loop Token : ND015
[INFO ] 2023-01-20 17:14:00.691 [main] NurseTokenVerify - Get The Loop Next Token For Nurse  15
[INFO ] 2023-01-20 17:14:00.692 [main] NurseTokenVerify - Nurse Token : 15-- Gro Token  :33
[INFO ] 2023-01-20 17:14:08.995 [main] NurseTokenVerify - Nurse Module  Loop Token : NND023
[INFO ] 2023-01-20 17:14:08.995 [main] NurseTokenVerify - Get The Loop Next Token For Nurse  23
[INFO ] 2023-01-20 17:14:08.996 [main] NurseTokenVerify - Nurse Token : 23-- Gro Token  :33
[INFO ] 2023-01-20 17:14:17.272 [main] NurseTokenVerify - Nurse Module  Loop Token : NND033
[INFO ] 2023-01-20 17:14:17.272 [main] NurseTokenVerify - Get The Loop Next Token For Nurse  33
[INFO ] 2023-01-20 17:14:17.272 [main] NurseTokenVerify - Nurse Token : 33-- Gro Token  :33
[INFO ] 2023-01-20 17:14:18.495 [main] NurseTokenVerify - Successfully Verified The Token
[INFO ] 2023-01-20 17:14:20.746 [main] GpModuleStepDefinition - Gp Consulation Process
[INFO ] 2023-01-20 17:14:31.016 [main] GpModuleStepDefinition - Stemz Gp Assign The AbNormal Blood Pressure Value: 120
[INFO ] 2023-01-20 17:14:32.438 [main] GpModuleStepDefinition -  Stemz Gp Assign The Diastolic Pressure Value: 80
[INFO ] 2023-01-20 17:14:33.445 [main] GpModuleStepDefinition - Consulation
[INFO ] 2023-01-20 17:14:39.066 [main] GpModuleStepDefinition - Preset: Normal
[INFO ] 2023-01-20 17:14:41.087 [main] GpModuleStepDefinition - Medical History: No
[INFO ] 2023-01-20 17:14:42.338 [main] GpModuleStepDefinition - Pervious Illness: No
[INFO ] 2023-01-20 17:14:43.558 [main] GpModuleStepDefinition - Your Meals In Last 10 Hours: No
[INFO ] 2023-01-20 17:14:44.810 [main] GpModuleStepDefinition - Psychiatric Or Neurological Disorder: No
[INFO ] 2023-01-20 17:14:47.239 [main] GpModuleStepDefinition - Comments: Okay
[INFO ] 2023-01-20 17:14:54.713 [main] GpModuleStepDefinition - Consultation details updated successfully
[INFO ] 2023-01-20 17:15:02.452 [main] GpModuleStepDefinition - Stemz GP Feedback collected successfully
[INFO ] 2023-01-20 17:15:16.094 [main] CommonDefinition - Logout Successfully
[INFO ] 2023-01-20 17:15:18.100 [main] GpModuleStepDefinition - Stemz Gp Run Time : 
[INFO ] 2023-01-20 17:15:18.100 [main] CommonDefinition - Total Time Mints = Mints: 1 mints  52 seconds
[INFO ] 2023-01-20 17:15:18.100 [main] CommonDefinition -  Total Time  Seconds = 112 seconds
[INFO ] 2023-01-20 17:15:18.102 [main] GpModuleStepDefinition - 93863
[INFO ] 2023-01-20 17:15:18.102 [main] GpModuleStepDefinition - 184596
[INFO ] 2023-01-20 17:15:18.102 [main] GpModuleStepDefinition - Female Applicant & Pregnant :Maybe
[INFO ] 2023-01-20 17:15:18.129 [main] LabJuniorStepDefinition - Start Time  = 1674215118129
[INFO ] 2023-01-20 17:15:22.548 [main] LabJuniorStepDefinition - Lab Junior Module
[INFO ] 2023-01-20 17:15:25.819 [main] LabJuniorStepDefinition - Role Section: Lab Junior
[INFO ] 2023-01-20 17:15:31.237 [main] LabJuniorStepDefinition - Specimen Inscan Process
[INFO ] 2023-01-20 17:15:47.205 [main] LabJuniorStepDefinition - Plasma Specimen Number: BLP2005602187
[INFO ] 2023-01-20 17:15:48.029 [main] LabJuniorStepDefinition - Successfully Scan Plasma Specimen Number
[INFO ] 2023-01-20 17:15:50.244 [main] LabJuniorStepDefinition - Serum Specimen Number: BLS2027589122
[INFO ] 2023-01-20 17:15:50.993 [main] LabJuniorStepDefinition - Successfully Scan Serum Specimen Number
[INFO ] 2023-01-20 17:15:53.291 [main] LabJuniorStepDefinition - Whole Blood Specimen Number: WBL2047592097
[INFO ] 2023-01-20 17:15:54.145 [main] LabJuniorStepDefinition - Successfully Scan Whole Blood Number
[INFO ] 2023-01-20 17:15:55.209 [main] LabJuniorStepDefinition - Lab ID: 1428
[INFO ] 2023-01-20 17:15:59.034 [main] LabJuniorStepDefinition - Specimen inscan details saved successfully
[INFO ] 2023-01-20 17:15:59.035 [main] LabJuniorStepDefinition - Lab Work List
[INFO ] 2023-01-20 17:15:59.035 [main] LabJuniorStepDefinition - Gender Type: Female
[INFO ] 2023-01-20 17:16:21.991 [main] LabJuniorWorkList - Haemoglobin: 11
[INFO ] 2023-01-20 17:16:28.869 [main] LabJuniorWorkList - Blood Group: O Positive
[INFO ] 2023-01-20 17:16:35.657 [main] LabJuniorWorkList - HIV: Negative
[INFO ] 2023-01-20 17:16:43.469 [main] LabJuniorWorkList - Anti HCV: Positive
[INFO ] 2023-01-20 17:16:49.372 [main] LabJuniorWorkList - HBsAg: Positive
[INFO ] 2023-01-20 17:16:51.669 [main] LabJuniorWorkList - SGOT Trigger Status :false
[INFO ] 2023-01-20 17:16:51.669 [main] LabJuniorWorkList - SGOT Referral Count :0
[INFO ] 2023-01-20 17:16:53.030 [main] LabJuniorWorkList - SGOT: 22
[INFO ] 2023-01-20 17:16:55.456 [main] LabJuniorWorkList - SGPT Trigger Status :false
[INFO ] 2023-01-20 17:16:55.456 [main] LabJuniorWorkList - SGPT Referral Count :0
[INFO ] 2023-01-20 17:16:56.748 [main] LabJuniorWorkList - SGPT: 44
[INFO ] 2023-01-20 17:17:02.061 [main] LabJuniorWorkList - Creatinine Trigger Status :false
[INFO ] 2023-01-20 17:17:02.061 [main] LabJuniorWorkList - Creatinine Referral Count :0
[INFO ] 2023-01-20 17:17:03.397 [main] LabJuniorWorkList - Creatinine: 1
[INFO ] 2023-01-20 17:17:08.125 [main] LabJuniorWorkList - RPR: Reactive
[INFO ] 2023-01-20 17:17:12.996 [main] LabJuniorWorkList - BEta HC: Negative
[INFO ] 2023-01-20 17:17:15.341 [main] LabJuniorWorkList - Glucose Trigger Status :false
[INFO ] 2023-01-20 17:17:15.342 [main] LabJuniorWorkList - Glucose Referral Count :0
[INFO ] 2023-01-20 17:17:15.342 [main] LabJuniorWorkList - Glucose: 80
[INFO ] 2023-01-20 17:17:19.964 [main] LabJuniorWorkList - Result submitted for authorization successfully
[INFO ] 2023-01-20 17:17:31.594 [main] CommonDefinition - Logout Successfully
[INFO ] 2023-01-20 17:17:33.606 [main] LabJuniorStepDefinition - Lab Junior Runing Time:
[INFO ] 2023-01-20 17:17:33.607 [main] CommonDefinition - Total Time Mints = Mints: 2 mints  15 seconds
[INFO ] 2023-01-20 17:17:33.607 [main] CommonDefinition -  Total Time  Seconds = 135 seconds
[INFO ] 2023-01-20 17:17:33.637 [main] LabSeniorStepDefinition - Start Time  = 1674215253637
[INFO ] 2023-01-20 17:17:38.061 [main] LabSeniorStepDefinition - Lab Senior Module
[INFO ] 2023-01-20 17:17:41.323 [main] LabSeniorStepDefinition - Role Section: Lab Senior
[INFO ] 2023-01-20 17:17:47.682 [main] LabSeniorStepDefinition - Result Entry Review
[INFO ] 2023-01-20 17:17:53.511 [main] LabSeniorStepDefinition - Lab ID: 1428
[INFO ] 2023-01-20 17:18:06.982 [main] LabSeniorStepDefinition - Lab Senior First Review
[INFO ] 2023-01-20 17:18:06.982 [main] LabSeniorStepDefinition - Gender Type: Female
[INFO ] 2023-01-20 17:18:08.183 [main] LabSeniorStepDefinition - Haemoglobin: 11 = Reviewed
[INFO ] 2023-01-20 17:18:08.948 [main] LabSeniorStepDefinition - Blood Group: O Positive = Reviewed
[INFO ] 2023-01-20 17:18:09.644 [main] LabSeniorStepDefinition - HIV: Negative = Reviewed
[INFO ] 2023-01-20 17:18:10.339 [main] LabSeniorStepDefinition - Anti HCV: Positive = Reviewed
[INFO ] 2023-01-20 17:18:11.084 [main] LabSeniorStepDefinition - HBsAg: Positive = Reviewed
[INFO ] 2023-01-20 17:18:11.776 [main] LabSeniorStepDefinition - SGOT: 22 = Reviewed
[INFO ] 2023-01-20 17:18:14.121 [main] LabSeniorStepDefinition - SGPT: 44 = Reviewed
[INFO ] 2023-01-20 17:18:14.925 [main] LabSeniorStepDefinition - Creatinine: 1 = Reviewed
[INFO ] 2023-01-20 17:18:15.607 [main] LabSeniorStepDefinition - RPR: Reactive = Reviewed
[INFO ] 2023-01-20 17:18:16.300 [main] LabSeniorStepDefinition - BEta HC: Negative = Reviewed
[INFO ] 2023-01-20 17:18:17.086 [main] LabSeniorStepDefinition - Glucose: 80 = Reviewed
[INFO ] 2023-01-20 17:18:18.556 [main] LabSeniorStepDefinition - Result submitted for authorization successfully
[INFO ] 2023-01-20 17:18:25.215 [main] CommonDefinition - Logout Successfully
[INFO ] 2023-01-20 17:18:27.228 [main] LabSeniorStepDefinition - Lab Senior Runing Time:
[INFO ] 2023-01-20 17:18:27.228 [main] CommonDefinition - Total Time Mints = Mints: 0 mints  53 seconds
[INFO ] 2023-01-20 17:18:27.229 [main] CommonDefinition -  Total Time  Seconds = 53 seconds
[INFO ] 2023-01-20 17:18:27.248 [main] LabSupervisorStepDefinition - Start Time  = 1674215307248
[INFO ] 2023-01-20 17:18:31.658 [main] LabSupervisorStepDefinition - Lab Supervisor Module
[INFO ] 2023-01-20 17:18:35.263 [main] LabSupervisorStepDefinition - Role Section: Lab Supervisor
[INFO ] 2023-01-20 17:18:40.658 [main] LabSupervisorStepDefinition - Pathalogist Worklist :
[INFO ] 2023-01-20 17:18:46.428 [main] LabSupervisorStepDefinition - Lab ID: 1428
[INFO ] 2023-01-20 17:18:56.160 [main] LabSupervisorStepDefinition - Result Entry :
[INFO ] 2023-01-20 17:18:57.166 [main] LabSupervisorStepDefinition - Lab Supervisor Authorize in Result Entry :
[INFO ] 2023-01-20 17:18:57.167 [main] LabSupervisorStepDefinition - Gender Type: Female
[INFO ] 2023-01-20 17:18:57.167 [main] LabSupervisorStepDefinition - Hemoglobin: 11 = Authorized
[INFO ] 2023-01-20 17:18:57.168 [main] LabSupervisorStepDefinition - Blood Group: O Positive = Authorized
[INFO ] 2023-01-20 17:18:57.168 [main] LabSupervisorStepDefinition - HIV: Negative = Authorized
[INFO ] 2023-01-20 17:18:57.169 [main] LabSupervisorStepDefinition - Anti HCV: Positive = Authorized
[INFO ] 2023-01-20 17:18:57.169 [main] LabSupervisorStepDefinition - HBsAg: Positive = Authorized
[INFO ] 2023-01-20 17:18:59.202 [main] LabSupervisorStepDefinition - SGOT: 22 = Authorized
[INFO ] 2023-01-20 17:18:59.202 [main] LabSupervisorStepDefinition - SGPT: 44 = Authorized
[INFO ] 2023-01-20 17:18:59.203 [main] LabSupervisorStepDefinition - Creatinine: 1 = Authorized
[INFO ] 2023-01-20 17:18:59.203 [main] LabSupervisorStepDefinition - RPR: Reactive = Authorized
[INFO ] 2023-01-20 17:18:59.203 [main] LabSupervisorStepDefinition - BEta HC: Negative = Authorized
[INFO ] 2023-01-20 17:18:59.203 [main] LabSupervisorStepDefinition - Glucose: 80 = Authorized
[INFO ] 2023-01-20 17:19:04.025 [main] LabSupervisorStepDefinition - Results authorized successfully!
[INFO ] 2023-01-20 17:19:10.655 [main] CommonDefinition - Logout Successfully
[INFO ] 2023-01-20 17:19:12.659 [main] LabSupervisorStepDefinition - Log out For Supervisor
[INFO ] 2023-01-20 17:19:12.659 [main] LabSupervisorStepDefinition - Lab Supervisor Runing Time:
[INFO ] 2023-01-20 17:19:12.660 [main] CommonDefinition - Total Time Mints = Mints: 0 mints  45 seconds
[INFO ] 2023-01-20 17:19:12.660 [main] CommonDefinition -  Total Time  Seconds = 45 seconds
[INFO ] 2023-01-20 17:19:15.777 [main] NurseModuleStepDefinition - Start Time  = 1674215352664
[INFO ] 2023-01-20 17:19:16.996 [main] NurseModuleStepDefinition - Nurse Module
[INFO ] 2023-01-20 17:19:22.263 [main] NurseModuleStepDefinition - Role Section: Nurse
[INFO ] 2023-01-20 17:19:27.668 [main] GROReferralTokenVerify - null
[INFO ] 2023-01-20 17:24:47.039 [main] GROStepDefinition - Glosys Automation Script 2.0 Run In :  MicrosoftEdge Browser
[INFO ] 2023-01-20 17:24:52.159 [main] GROStepDefinition - Start Time  = 1674215692159
[INFO ] 2023-01-20 17:24:52.172 [main] GROStepDefinition - Case:5: Enter The Correct Username And Password
[INFO ] 2023-01-20 17:24:52.397 [main] GROStepDefinition - Username: venkat
[INFO ] 2023-01-20 17:24:52.522 [main] GROStepDefinition - Password: xOET6k1gUY
[INFO ] 2023-01-20 17:24:57.364 [main] GROStepDefinition - Role Section: GRO
[INFO ] 2023-01-20 17:25:10.661 [main] GROStepDefinition - Choose The Counter is: MA Counter 01
[ERROR] 2023-01-20 17:25:10.662 [main] GROStepDefinition - New Counter is  available please add this counter  : MA Counter 01
[INFO ] 2023-01-20 17:25:12.300 [main] GROStepDefinition - Signed into the counter successfully
[INFO ] 2023-01-20 17:25:16.665 [main] GROStepDefinition - Visa Number: 998090981305
[INFO ] 2023-01-20 17:25:18.842 [main] GROStepDefinition - Biometric skip request sent successfully
[INFO ] 2023-01-20 17:26:06.163 [main] GpModuleStepDefinition - Start Time  = 1674215766162
[INFO ] 2023-01-20 17:26:27.261 [main] LabJuniorStepDefinition - Start Time  = 1674215787261
[INFO ] 2023-01-20 17:26:49.328 [main] LabSeniorStepDefinition - Start Time  = 1674215809328
[INFO ] 2023-01-20 17:27:11.393 [main] LabSupervisorStepDefinition - Start Time  = 1674215831393
[INFO ] 2023-01-20 17:27:43.304 [main] GpModuleStepDefinition - Role Section: STEMZ GP
[INFO ] 2023-01-20 17:27:51.969 [main] GpModuleStepDefinition - Choose The Counter Is: 
[INFO ] 2023-01-20 17:28:02.310 [main] Test2 - Physician Worklist : 
[INFO ] 2023-01-20 17:28:08.602 [main] Test2 - Referral to be Reported
[INFO ] 2023-01-20 18:24:57.628 [main] GROStepDefinition - Glosys Automation Script 2.0 Run In :  MicrosoftEdge Browser
[INFO ] 2023-01-20 18:25:06.949 [main] GROStepDefinition - Start Time  = 1674219306949
[INFO ] 2023-01-20 18:25:06.963 [main] GROStepDefinition - Case:5: Enter The Correct Username And Password
[INFO ] 2023-01-20 18:25:07.129 [main] GROStepDefinition - Username: venkat
[INFO ] 2023-01-20 18:25:07.297 [main] GROStepDefinition - Password: xOET6k1gUY
[INFO ] 2023-01-20 18:25:15.194 [main] GROStepDefinition - Role Section: GRO
[INFO ] 2023-01-20 18:25:28.724 [main] GROStepDefinition - Choose The Counter is: MA Counter 02
[ERROR] 2023-01-20 18:25:28.724 [main] GROStepDefinition - New Counter is  available please add this counter  : MA Counter 02
[INFO ] 2023-01-20 18:25:30.477 [main] GROStepDefinition - Signed into the counter successfully
[INFO ] 2023-01-20 18:25:35.551 [main] GROStepDefinition - Visa Number: 998090981306
[INFO ] 2023-01-20 18:25:37.772 [main] GROStepDefinition - Biometric skip request sent successfully
[INFO ] 2023-01-20 18:25:41.840 [main] GROStepDefinition - Patient Profile Page
[INFO ] 2023-01-20 18:25:41.840 [main] GROStepDefinition - Personal Details: 
[INFO ] 2023-01-20 18:25:41.840 [main] GROStepDefinition - Visa Gender Type: Female
[INFO ] 2023-01-20 18:25:47.972 [main] GROStepDefinition - Applicant Believes Pregnant?: Maybe
[INFO ] 2023-01-20 18:25:47.972 [main] GROStepDefinition - Successfully enter the Personal information details
[INFO ] 2023-01-20 18:25:47.973 [main] GROStepDefinition - Communcation Details: 
[INFO ] 2023-01-20 18:25:49.064 [main] GROStepDefinition - Country: Philippines
[INFO ] 2023-01-20 18:25:51.539 [main] GROStepDefinition - Preferred Language to Speak: Tamil
[INFO ] 2023-01-20 18:25:52.779 [main] GROStepDefinition - Preferred Language to Read: Tamil
[INFO ] 2023-01-20 18:25:56.489 [main] GROStepDefinition - Preferred Location for Referral: Manila
[INFO ] 2023-01-20 18:25:58.759 [main] GROStepDefinition - Preferred Hospital: Manilla Hospital
[INFO ] 2023-01-20 18:25:58.759 [main] GROStepDefinition - Successfully enter The Communication Details
[INFO ] 2023-01-20 18:25:58.759 [main] GROStepDefinition - Encounter Details: 
[INFO ] 2023-01-20 18:26:02.477 [main] GROStepDefinition - SMS Alert Number: 9790000000
[INFO ] 2023-01-20 18:26:02.506 [main] GROStepDefinition - Job Position : Pharmacist
[INFO ] 2023-01-20 18:26:02.534 [main] GROStepDefinition - Is Job applicable of Driving: false
[INFO ] 2023-01-20 18:26:02.535 [main] GROStepDefinition - Successfully enter The Encounter details
[INFO ] 2023-01-20 18:26:12.975 [main] GROStepDefinition - APPLICANT CONSENT AND DECLARATION FORM
[INFO ] 2023-01-20 18:26:12.976 [main] GROStepDefinition - Applicant Details Created Successflly
[INFO ] 2023-01-20 18:26:12.977 [main] GROStepDefinition - Place Order Page
[INFO ] 2023-01-20 18:26:16.135 [main] GpModuleStepDefinition - Start Time  = 1674219376135
[INFO ] 2023-01-20 18:26:37.224 [main] LabJuniorStepDefinition - Start Time  = 1674219397224
[INFO ] 2023-01-20 18:26:59.334 [main] LabSeniorStepDefinition - Start Time  = 1674219419334
[INFO ] 2023-01-20 18:27:19.202 [main] GROStepDefinition - Glosys Automation Script 2.0 Run In :  MicrosoftEdge Browser
[INFO ] 2023-01-20 18:27:28.906 [main] GROStepDefinition - Start Time  = 1674219448906
[INFO ] 2023-01-20 18:27:28.918 [main] GROStepDefinition - Case:5: Enter The Correct Username And Password
[INFO ] 2023-01-20 18:27:29.072 [main] GROStepDefinition - Username: venkat
[INFO ] 2023-01-20 18:27:29.313 [main] GROStepDefinition - Password: xOET6k1gUY
[INFO ] 2023-01-20 18:27:34.168 [main] GROStepDefinition - Role Section: GRO
[INFO ] 2023-01-20 18:27:47.634 [main] GROStepDefinition - Choose The Counter is: MA Counter 01
[ERROR] 2023-01-20 18:27:47.635 [main] GROStepDefinition - New Counter is  available please add this counter  : MA Counter 01
[INFO ] 2023-01-20 18:27:49.447 [main] GROStepDefinition - Signed into the counter successfully
[INFO ] 2023-01-20 18:27:54.437 [main] GROStepDefinition - Visa Number: 998090981307
[INFO ] 2023-01-20 18:27:56.686 [main] GROStepDefinition - Biometric skip request sent successfully
[INFO ] 2023-01-20 18:28:00.900 [main] GROStepDefinition - Patient Profile Page
[INFO ] 2023-01-20 18:28:00.900 [main] GROStepDefinition - Personal Details: 
[INFO ] 2023-01-20 18:28:00.901 [main] GROStepDefinition - Visa Gender Type: Female
[INFO ] 2023-01-20 18:28:07.048 [main] GROStepDefinition - Applicant Believes Pregnant?: Maybe
[INFO ] 2023-01-20 18:28:07.048 [main] GROStepDefinition - Successfully enter the Personal information details
[INFO ] 2023-01-20 18:28:07.049 [main] GROStepDefinition - Communcation Details: 
[INFO ] 2023-01-20 18:28:08.119 [main] GROStepDefinition - Country: Philippines
[INFO ] 2023-01-20 18:28:10.589 [main] GROStepDefinition - Preferred Language to Speak: Tamil
[INFO ] 2023-01-20 18:28:11.811 [main] GROStepDefinition - Preferred Language to Read: Tamil
[INFO ] 2023-01-20 18:28:15.550 [main] GROStepDefinition - Preferred Location for Referral: Manila
[INFO ] 2023-01-20 18:28:17.843 [main] GROStepDefinition - Preferred Hospital: Manilla Hospital
[INFO ] 2023-01-20 18:28:17.843 [main] GROStepDefinition - Successfully enter The Communication Details
[INFO ] 2023-01-20 18:28:17.843 [main] GROStepDefinition - Encounter Details: 
[INFO ] 2023-01-20 18:28:21.598 [main] GROStepDefinition - SMS Alert Number: 9790000000
[INFO ] 2023-01-20 18:28:21.641 [main] GROStepDefinition - Job Position : Pharmacist
[INFO ] 2023-01-20 18:28:21.683 [main] GROStepDefinition - Is Job applicable of Driving: false
[INFO ] 2023-01-20 18:28:21.684 [main] GROStepDefinition - Successfully enter The Encounter details
[INFO ] 2023-01-20 18:28:32.119 [main] GROStepDefinition - APPLICANT CONSENT AND DECLARATION FORM
[INFO ] 2023-01-20 18:28:32.119 [main] GROStepDefinition - Applicant Details Created Successflly
[INFO ] 2023-01-20 18:28:32.120 [main] GROStepDefinition - Place Order Page
[INFO ] 2023-01-20 18:28:32.298 [main] GROStepDefinition - Token Genarated :   Token no (NND036) generated successfully
[INFO ] 2023-01-20 18:28:32.298 [main] GROStepDefinition - Visa Gender Type: Female - MaybeXray Page Not Allowed
[INFO ] 2023-01-20 18:28:32.298 [main] GROStepDefinition - Token : NND036
[INFO ] 2023-01-20 18:28:37.499 [main] GROStepDefinition -  Generate Service Recipt
[INFO ] 2023-01-20 18:28:37.503 [main] GROStepDefinition - Capture Identify Page:
[INFO ] 2023-01-20 18:28:37.503 [main] GROStepDefinition - Vaccination Document Status Condition is: No
[INFO ] 2023-01-20 18:28:37.504 [main] GROStepDefinition - Referral Document Status Condition is: No
[INFO ] 2023-01-20 18:28:40.800 [main] GROStepDefinition - Applicant identity details updated successfully
[INFO ] 2023-01-20 18:28:42.951 [main] GROStepDefinition - GRO Module Feedback Collected
[INFO ] 2023-01-20 18:28:55.545 [main] CommonDefinition - Logout Successfully
[INFO ] 2023-01-20 18:28:57.558 [main] GROStepDefinition - GRO Runing Time:
[INFO ] 2023-01-20 18:28:57.559 [main] CommonDefinition - Total Time Mints = Mints: 1 mints  28 seconds
[INFO ] 2023-01-20 18:28:57.560 [main] CommonDefinition -  Total Time  Seconds = 88 seconds
[INFO ] 2023-01-20 18:29:00.784 [main] NurseModuleStepDefinition - Start Time  = 1674219537630
[INFO ] 2023-01-20 18:29:01.990 [main] NurseModuleStepDefinition - Nurse Module
[INFO ] 2023-01-20 18:29:11.211 [main] NurseModuleStepDefinition - Role Section: Nurse
[INFO ] 2023-01-20 18:29:27.784 [main] NurseModuleStepDefinition - Choose The Counter Is: philipinesnurse2 02
[INFO ] 2023-01-20 18:29:32.028 [main] GpModuleStepDefinition - Start Time  = 1674219572028
[INFO ] 2023-01-20 18:30:10.079 [main] GROStepDefinition - Glosys Automation Script 2.0 Run In :  MicrosoftEdge Browser
[INFO ] 2023-01-20 18:30:32.951 [main] GROStepDefinition - Start Time  = 1674219632951
[INFO ] 2023-01-20 18:30:32.959 [main] GROStepDefinition - Case:5: Enter The Correct Username And Password
[INFO ] 2023-01-20 18:30:33.085 [main] GROStepDefinition - Username: venkat
[INFO ] 2023-01-20 18:30:33.212 [main] GROStepDefinition - Password: xOET6k1gUY
[INFO ] 2023-01-20 18:30:38.508 [main] GROStepDefinition - Role Section: GRO
[INFO ] 2023-01-20 18:31:46.072 [main] GpModuleStepDefinition - Start Time  = 1674219706072
[INFO ] 2023-01-20 18:32:07.178 [main] LabJuniorStepDefinition - Start Time  = 1674219727178
[INFO ] 2023-01-20 18:32:09.257 [main] LabSeniorStepDefinition - Start Time  = 1674219729257
[INFO ] 2023-01-20 18:32:11.287 [main] LabSupervisorStepDefinition - Start Time  = 1674219731287
[INFO ] 2023-01-20 18:32:28.075 [main] GROStepDefinition - Glosys Automation Script 2.0 Run In :  MicrosoftEdge Browser
[INFO ] 2023-01-20 18:33:06.995 [main] GROStepDefinition - Start Time  = 1674219786995
[INFO ] 2023-01-20 18:33:07.008 [main] GROStepDefinition - Case:5: Enter The Correct Username And Password
[INFO ] 2023-01-20 18:33:07.167 [main] GROStepDefinition - Username: venkat
[INFO ] 2023-01-20 18:33:07.290 [main] GROStepDefinition - Password: xOET6k1gUY
[INFO ] 2023-01-20 18:33:14.863 [main] GROStepDefinition - Role Section: GRO
[INFO ] 2023-01-20 18:33:30.722 [main] GROStepDefinition - Choose The Counter is: MA Counter 02
[ERROR] 2023-01-20 18:33:30.722 [main] GROStepDefinition - New Counter is  available please add this counter  : MA Counter 02
[INFO ] 2023-01-20 18:33:53.417 [main] GROStepDefinition - Glosys Automation Script 2.0 Run In :  MicrosoftEdge Browser
[INFO ] 2023-01-20 18:34:34.057 [main] GROStepDefinition - Start Time  = 1674219874057
[INFO ] 2023-01-20 18:34:34.066 [main] GROStepDefinition - Case:5: Enter The Correct Username And Password
[INFO ] 2023-01-20 18:34:52.414 [main] GROStepDefinition - Glosys Automation Script 2.0 Run In :  MicrosoftEdge Browser
[INFO ] 2023-01-20 18:35:52.318 [main] GROStepDefinition - Start Time  = 1674219952318
[INFO ] 2023-01-20 18:35:52.327 [main] GROStepDefinition - Case:5: Enter The Correct Username And Password
[INFO ] 2023-01-20 18:35:52.511 [main] GROStepDefinition - Username: venkat
[INFO ] 2023-01-20 18:35:52.635 [main] GROStepDefinition - Password: xOET6k1gUY
[INFO ] 2023-01-20 18:36:05.704 [main] GROStepDefinition - Role Section: GRO
[INFO ] 2023-01-20 18:36:29.648 [main] GROStepDefinition - Choose The Counter is: MA Counter 02
[ERROR] 2023-01-20 18:36:29.649 [main] GROStepDefinition - New Counter is  available please add this counter  : MA Counter 02
[INFO ] 2023-01-20 18:37:10.623 [main] GROStepDefinition - Glosys Automation Script 2.0 Run In :  MicrosoftEdge Browser
[INFO ] 2023-01-20 18:39:08.988 [main] GROStepDefinition - Start Time  = 1674220148987
[INFO ] 2023-01-20 18:39:08.996 [main] GROStepDefinition - Case:5: Enter The Correct Username And Password
